=~=~=~=~=~=~=~=~=~=~=~= PuTTY log 2021.07.30 23:27:57 =~=~=~=~=~=~=~=~=~=~=~=



    ------------------------------------------------------------------------
    JOHN FLUKE MFG. CO., INC.     S/N 4670009        5700A CALIBRATION CHECK
    PRINTED ON 30.07.21 AT 19:13:13 5700A  S/N 4670009
    ------------------------------------------------------------------------
    ------------------------------------------------------------------------
                                MODULES PRESENT
    ------------------------------------------------------------------------
    Software Revision JA*
    Switching Matrix
    DC Volt Module  
    AC Volt Module  
    220V Module     
    1100V/2A Module 
    Current Module  
    Ohms Module     
    Hires Osc Module
    Rear Panel      
    ------------------------------------------------------------------------
                   ARTIFACT CALIBRATION DATES AND TEMPERATURES
    ------------------------------------------------------------------------
    Specification Interval:     24hour

    MAIN OUTPUT:   (Most recent)  29.07.21,  23.0 Degrees C
                      (Previous)  28.07.21,  24.0 Degrees C
                      (CalCheck)  30.07.21,  22.0 Degrees C
           (Days since last cal)  1

    ZERO:          (Most recent)  29.07.21
           (Days since last cal)  1





































    ------------------------------------------------------------------------
                    EXTERNALLY CALIBRATED INTERNAL REFERENCES
    ------------------------------------------------------------------------
        REFERENCE            Most Recent          Previous       Shift (ppm)
    6.5 V DC Reference          6.529918          6.529915              0.38
    13 V  DC Reference         13.061350         13.061350              0.00
    Resistance Reference       0.9999844         0.9999845             -0.05
    1.0 Ohm Resistor           0.9996246         0.9996748            -50.18
    1.9 Ohm Resistor           1.8999896         1.8999832              3.36


    ------------------------------------------------------------------------
                            DC VOLTAGE OUTPUT SHIFTS
    ------------------------------------------------------------------------
    RANGE Point     Zero Shift       Full Scale Shift          Spec   Shift  
                                                              (+/-) (% spec)

    220 mV +FS     0.00000 mV     0.00021 mV   0.93   ppm   9.91 ppm    9.42
           -FS    -0.00000 mV    -0.00047 mV  -2.13   ppm   9.91 ppm  -21.53

      2.2V +FS   0.0000000  V   0.0000004  V   0.17   ppm   4.05 ppm    4.14
           -FS  -0.0000000  V  -0.0000030  V  -1.35   ppm   4.05 ppm  -33.27

       11V +FS   -0.000000  V    0.000001  V   0.08   ppm   3.77 ppm    2.13
           -FS    0.000000  V   -0.000014  V  -1.26   ppm   3.77 ppm  -33.30

       22V +FS    0.000000  V    0.000001  V   0.04   ppm   3.77 ppm    1.18
           -FS    0.000001  V    0.000029  V   1.30   ppm   3.77 ppm   34.38

      220V +FS     0.00001  V     0.00010  V   0.44   ppm   5.45 ppm    8.14
           -FS     0.00001  V     0.00017  V   0.78   ppm   5.45 ppm   14.25

     1100V +FS      0.0001  V      0.0014  V   1.30   ppm   7.55 ppm   17.22
           -FS      0.0000  V     -0.0001  V  -0.08   ppm   7.55 ppm   -1.02
































    ------------------------------------------------------------------------
                            AC VOLTAGE OUTPUT SHIFTS
    ------------------------------------------------------------------------
    RANGE        Point            Full Scale Shift            Spec   Shift  
                                                              (+/-) (% spec)

    2.2 mV      FS          -0.000005 mV    -0.0002 %       0.24 %     -0.10
             20.00  kHz     -0.000009 mV    -0.0004 %       0.24 %     -0.16
             50.00  kHz     -0.000002 mV    -0.0001 %       0.26 %     -0.03
            100.00  kHz      0.000001 mV     0.0001 %       0.44 %      0.01
            119.99  kHz      0.000001 mV     0.0000 %       0.79 %      0.01
            0.1200  MHz      0.000000 mV     0.0000 %       0.79 %      0.00
            0.2000  MHz      0.000002 mV     0.0001 %       0.79 %      0.01
            0.3000  MHz      0.000006 mV     0.0003 %       0.79 %      0.04
            0.4000  MHz     -0.000000 mV     0.0000 %       1.51 %      0.00
            0.5000  MHz     -0.000002 mV    -0.0001 %       1.51 %     -0.01
            0.6000  MHz     -0.000003 mV    -0.0001 %       1.66 %     -0.01
            0.7000  MHz     -0.000003 mV    -0.0001 %       1.66 %     -0.01
            0.8000  MHz     -0.000006 mV    -0.0003 %       1.66 %     -0.02
            0.9000  MHz     -0.000014 mV    -0.0006 %       1.66 %     -0.04
            1.0000  MHz     -0.000006 mV    -0.0003 %       1.66 %     -0.02
            1.1000  MHz     -0.000004 mV    -0.0002 %    NO SPEC        0.00
            1.1999  MHz     -0.000003 mV    -0.0001 %    NO SPEC        0.00

     22 mV      FS           -0.00005 mV    -2.31   ppm   372.73 ppm   -0.62
             20.00  kHz      -0.00006 mV    -2.76   ppm   372.73 ppm   -0.74
             50.00  kHz      -0.00007 mV    -3.18   ppm   612.73 ppm   -0.52
            100.00  kHz       0.00001 mV     0.0000 %       0.12 %      0.03
            119.99  kHz      -0.00001 mV     0.0000 %       0.18 %     -0.02
            0.1200  MHz      -0.00000 mV     0.0000 %       0.18 %      0.00
            0.2000  MHz       0.00004 mV     0.0002 %       0.18 %      0.10
            0.3000  MHz       0.00001 mV     0.0001 %       0.18 %      0.03
            0.4000  MHz       0.00000 mV     0.0000 %       0.29 %      0.00
            0.5000  MHz      -0.00002 mV    -0.0001 %       0.29 %     -0.03
            0.6000  MHz      -0.00009 mV    -0.0004 %       0.44 %     -0.09
            0.7000  MHz      -0.00008 mV    -0.0003 %       0.44 %     -0.08
            0.8000  MHz      -0.00062 mV    -0.0028 %       0.44 %     -0.65
            0.9000  MHz      -0.00077 mV    -0.0035 %       0.44 %     -0.81
            1.0000  MHz       0.00047 mV     0.0021 %       0.44 %      0.49
            1.1000  MHz      -0.00024 mV    -0.0011 %    NO SPEC        0.00
            1.1999  MHz      -0.00025 mV    -0.0011 %    NO SPEC        0.00

    220 mV      FS             0.0002 mV     0.75   ppm   140.45 ppm    0.54
             20.00  kHz       -0.0002 mV    -0.85   ppm   140.45 ppm   -0.61
             50.00  kHz        0.0005 mV     2.24   ppm   345.45 ppm    0.65
            100.00  kHz        0.0008 mV     3.52   ppm   886.36 ppm    0.40
            119.99  kHz        0.0008 mV     0.0003 %       0.11 %      0.32
            0.1200  MHz        0.0007 mV     0.0003 %       0.11 %      0.30
            0.2000  MHz        0.0009 mV     0.0004 %       0.11 %      0.37
            0.3000  MHz        0.0013 mV     0.0006 %       0.11 %      0.54
            0.4000  MHz        0.0006 mV     0.0003 %       0.17 %      0.17
            0.5000  MHz        0.0005 mV     0.0002 %       0.17 %      0.12
            0.6000  MHz        0.0004 mV     0.0002 %       0.35 %      0.05
            0.7000  MHz        0.0004 mV     0.0002 %       0.35 %      0.05
            0.8000  MHz        0.0001 mV     0.0000 %       0.35 %      0.01
            0.9000  MHz       -0.0007 mV    -0.0003 %       0.35 %     -0.09
            1.0000  MHz        0.0000 mV     0.0000 %       0.35 %      0.00
            1.1000  MHz        0.0002 mV     0.0001 %    NO SPEC        0.00
            1.1999  MHz        0.0004 mV     0.0002 %    NO SPEC        0.00







      2.2V      FS          -0.000000  V    -0.02   ppm    73.18 ppm   -0.03
             20.00  kHz     -0.000004  V    -1.62   ppm    73.18 ppm   -2.22
             50.00  kHz      0.000003  V     1.51   ppm   129.09 ppm    1.17
            100.00  kHz      0.000006  V     2.74   ppm   266.36 ppm    1.03
            119.99  kHz      0.000006  V     2.72   ppm   468.18 ppm    0.58
            0.1200  MHz      0.000005  V     2.42   ppm   468.18 ppm    0.52
            0.2000  MHz      0.000007  V     3.17   ppm   468.18 ppm    0.68
            0.3000  MHz      0.000011  V     5.07   ppm   468.18 ppm    1.08
            0.4000  MHz      0.000005  V     0.0002 %       0.12 %      0.18
            0.5000  MHz      0.000003  V     0.0001 %       0.12 %      0.11
            0.6000  MHz      0.000003  V     0.0001 %       0.25 %      0.05
            0.7000  MHz      0.000002  V     0.0001 %       0.25 %      0.04
            0.8000  MHz     -0.000001  V     0.0000 %       0.25 %     -0.02
            0.9000  MHz     -0.000009  V    -0.0004 %       0.25 %     -0.16
            1.0000  MHz     -0.000002  V    -0.0001 %       0.25 %     -0.03
            1.1000  MHz      0.000000  V     0.0000 %    NO SPEC        0.00
            1.1999  MHz      0.000002  V     0.0001 %    NO SPEC        0.00

       22V      FS           -0.00000  V    -0.06   ppm    73.18 ppm   -0.09
             20.00  kHz      -0.00001  V    -0.50   ppm    73.18 ppm   -0.68
             50.00  kHz      -0.00002  V    -0.93   ppm   129.09 ppm   -0.72
            100.00  kHz       0.00006  V     2.57   ppm   248.18 ppm    1.04
            119.99  kHz       0.00004  V     1.89   ppm   577.27 ppm    0.33
            0.1200  MHz       0.00005  V     2.16   ppm   577.27 ppm    0.37
            0.2000  MHz       0.00009  V     4.05   ppm   577.27 ppm    0.70
            0.3000  MHz       0.00006  V     2.71   ppm   577.27 ppm    0.47
            0.4000  MHz       0.00005  V     0.0002 %       0.14 %      0.17
            0.5000  MHz       0.00003  V     0.0001 %       0.14 %      0.10
            0.6000  MHz      -0.00004  V    -0.0002 %       0.30 %     -0.06
            0.7000  MHz      -0.00003  V    -0.0001 %       0.30 %     -0.04
            0.8000  MHz      -0.00057  V    -0.0026 %       0.30 %     -0.86
            0.9000  MHz      -0.00072  V    -0.0033 %       0.30 %     -1.09
            1.0000  MHz       0.00052  V     0.0024 %       0.30 %      0.78
            1.1000  MHz      -0.00019  V    -0.0009 %    NO SPEC        0.00
            1.1999  MHz      -0.00020  V    -0.0009 %    NO SPEC        0.00

      220V      FS            -0.0000  V    -0.06   ppm    79.55 ppm   -0.08
             5.000  kHz       -0.0003  V    -1.53   ppm    79.55 ppm   -1.92
            10.000  kHz        0.0001  V     0.50   ppm    79.55 ppm    0.63
             20.00  kHz       -0.0008  V    -3.42   ppm    79.55 ppm   -4.30
             50.00  kHz       -0.0002  V    -0.95   ppm   218.18 ppm   -0.44
            100.00  kHz        0.0012  V     5.41   ppm   545.45 ppm    0.99
            119.99  kHz       -0.0013  V    -0.0006 %       0.20 %     -0.30
            0.1200  MHz       -0.0002  V    -0.0001 %       0.20 %     -0.04
            0.2000  MHz       -0.0013  V    -0.0006 %       0.20 %     -0.29
            0.3000  MHz       -0.0024  V    -0.0011 %       0.20 %     -0.54
            0.4000  MHz       -0.0006  V    -0.0003 %       0.55 %     -0.05
            0.5000  MHz       -0.0015  V    -0.0007 %       0.55 %     -0.12
            0.6000  MHz       -0.0072  V    -0.0033 %       1.30 %     -0.25
            0.7000  MHz       -0.0045  V    -0.0021 %       1.30 %     -0.16
            0.8000  MHz       -0.0006  V    -0.0003 %       1.30 %     -0.02
            0.9000  MHz       -0.0072  V    -0.0033 %       1.30 %     -0.25
            1.0000  MHz       -0.0074  V    -0.0034 %       1.30 %     -0.26

     1100V      FS             -0.000  V    -0.16   ppm    78.64 ppm   -0.20
            0.3000  kHz         0.001  V     1.10   ppm    78.64 ppm    1.40
            0.5000  kHz        -0.004  V    -3.45   ppm    78.64 ppm   -4.39
            0.7000  kHz        -0.001  V    -0.98   ppm    78.64 ppm   -1.24
            1.0000  kHz         0.002  V     1.87   ppm    78.64 ppm    2.37







    ------------------------------------------------------------------------
                            DC CURRENT OUTPUT SHIFTS
    ------------------------------------------------------------------------
    RANGE Point     Zero Shift       Full Scale Shift          Spec   Shift  
                                                              (+/-) (% spec)

    220 uA +FS      0.0000 uA      0.0000 uA   0.09   ppm  90.45 ppm    0.11
           -FS      0.0000 uA      0.0003 uA   1.25   ppm  90.45 ppm    1.39

    2.2 mA +FS    0.000000 mA    0.000002 mA   0.98   ppm  49.55 ppm    1.99
           -FS   -0.000000 mA    0.000001 mA   0.39   ppm  49.55 ppm    0.78

     22 mA +FS     0.00000 mA     0.00001 mA   0.26   ppm  49.55 ppm    0.53
           -FS     0.00000 mA     0.00003 mA   1.14   ppm  49.55 ppm    2.31

    220 mA +FS      0.0000 mA     -0.0004 mA  -1.81   ppm  69.23 ppm   -2.61
           -FS      0.0000 mA      0.0007 mA   3.35   ppm  69.23 ppm    4.84

      2.2A +FS   -0.000000  A   -0.000004  A  -1.85   ppm 137.04 ppm   -1.35
           -FS   -0.000000  A    0.000006  A   2.88   ppm 137.04 ppm    2.10














































    ------------------------------------------------------------------------
                            AC CURRENT OUTPUT SHIFTS
    ------------------------------------------------------------------------
    RANGE        Point            Full Scale Shift            Spec   Shift  
                                                              (+/-) (% spec)

    220 uA      FS             -0.000 uA    -0.01   ppm   210.91 ppm    0.00
            0.5000  kHz         0.000 uA     0.27   ppm   210.91 ppm    0.13
            1.0000  kHz        -0.001 uA    -2.32   ppm   210.91 ppm   -1.10
             2.000  kHz         0.000 uA     0.40   ppm   727.27 ppm    0.06
             5.000  kHz        -0.000 uA    -0.66   ppm   727.27 ppm   -0.09
             7.000  kHz         0.000 uA     0.0001 %       0.20 %      0.04
            10.000  kHz         0.000 uA     0.0001 %       0.20 %      0.05

    2.2 mA      FS            0.00000 mA     0.89   ppm   138.18 ppm    0.65
            0.5000  kHz       0.00001 mA     3.15   ppm   138.18 ppm    2.28
            1.0000  kHz      -0.00000 mA    -1.17   ppm   138.18 ppm   -0.84
             2.000  kHz      -0.00000 mA    -1.14   ppm   727.27 ppm   -0.16
             5.000  kHz       0.00000 mA     1.55   ppm   727.27 ppm    0.21
             7.000  kHz       0.00001 mA     0.0004 %       0.20 %      0.19
            10.000  kHz      -0.00000 mA     0.0000 %       0.20 %      0.00

     22 mA      FS             0.0000 mA     0.17   ppm   138.18 ppm    0.12
            0.5000  kHz        0.0000 mA     2.19   ppm   138.18 ppm    1.59
            1.0000  kHz       -0.0000 mA    -1.06   ppm   138.18 ppm   -0.77
             2.000  kHz        0.0000 mA     0.43   ppm   727.27 ppm    0.06
             5.000  kHz       -0.0000 mA    -0.81   ppm   727.27 ppm   -0.11
             7.000  kHz        0.0001 mA     0.0003 %       0.20 %      0.13
            10.000  kHz       -0.0000 mA    -0.0001 %       0.20 %     -0.03

    220 mA      FS             -0.000 mA    -2.01   ppm   138.18 ppm   -1.46
            0.5000  kHz        -0.001 mA    -4.78   ppm   138.18 ppm   -3.46
            1.0000  kHz         0.000 mA     1.62   ppm   138.18 ppm    1.17
             2.000  kHz         0.000 mA     0.52   ppm   727.27 ppm    0.07
             5.000  kHz        -0.000 mA    -1.47   ppm   727.27 ppm   -0.20
             7.000  kHz        -0.001 mA    -0.0003 %       0.20 %     -0.14
            10.000  kHz        -0.001 mA    -0.0004 %       0.20 %     -0.18

      2.2A      FS           -0.00000  A    -1.81   ppm   618.18 ppm   -0.29
            0.5000  kHz       0.00000  A     0.33   ppm   618.18 ppm    0.05
            1.0000  kHz      -0.00001  A    -3.03   ppm   618.18 ppm   -0.49
             2.000  kHz      -0.00000  A    -1.52   ppm   745.45 ppm   -0.20
             5.000  kHz      -0.00001  A    -2.72   ppm   745.45 ppm   -0.37
             7.000  kHz       0.00000  A     0.0001 %       0.81 %      0.01
            10.000  kHz      -0.00001  A    -0.0003 %       0.81 %     -0.03





















    ------------------------------------------------------------------------
                            RESISTANCE OUTPUT SHIFTS
    ------------------------------------------------------------------------
            Point             Full Scale Shift                Spec   Shift  
                                                              (+/-) (% spec)

     0.0000000  Ohm      0.0000000  Ohm   0.00   Ohm         0.00 Ohm    0.00
     0.9996748  Ohm     -0.0000502  Ohm -50.18   ppm        85.00 ppm  -59.03
     1.8999832  Ohm      0.0000064  Ohm   3.36   ppm        85.00 ppm    3.95
     10.000216  Ohm       0.000015  Ohm   1.46   ppm        26.00 ppm    5.60
     19.003411  Ohm       0.000020  Ohm   1.04   ppm        24.00 ppm    4.34
     100.00420  Ohm       -0.00001  Ohm  -0.09   ppm        15.00 ppm   -0.59
     190.00044  Ohm        0.00018  Ohm   0.95   ppm        15.00 ppm    6.32
     0.9999374 kOhm     -0.0000003 kOhm  -0.30   ppm        11.00 ppm   -2.69
     1.8998920 kOhm     -0.0000011 kOhm  -0.60   ppm        11.00 ppm   -5.49
     10.000355 kOhm      -0.000003 kOhm  -0.35   ppm         9.00 ppm   -3.88
     18.999538 kOhm      -0.000006 kOhm  -0.31   ppm         9.00 ppm   -3.43
      99.99777 kOhm       -0.00003 kOhm  -0.25   ppm        11.00 ppm   -2.31
     189.99283 kOhm        0.00011 kOhm   0.58   ppm        11.00 ppm    5.32
     0.9999009 MOhm     -0.0000014 MOhm  -1.43   ppm        16.00 ppm   -8.94
     1.8998395 MOhm      0.0000028 MOhm   1.48   ppm        17.00 ppm    8.71
      9.998521 MOhm       0.000009 MOhm   0.94   ppm        33.00 ppm    2.84
     18.999461 MOhm       0.000033 MOhm   1.71   ppm        43.00 ppm    3.98
     100.00722 MOhm        0.00008 MOhm   0.83   ppm       110.00 ppm    0.76







































