=~=~=~=~=~=~=~=~=~=~=~= PuTTY log 2021.08.03 19:00:30 =~=~=~=~=~=~=~=~=~=~=~=



    ------------------------------------------------------------------------
    JOHN FLUKE MFG. CO., INC.     S/N 4670009        5700A CALIBRATION CHECK
    PRINTED ON  3.08.21 AT 14:45:40 5700A  S/N 4670009
    ------------------------------------------------------------------------
    ------------------------------------------------------------------------
                                MODULES PRESENT
    ------------------------------------------------------------------------
    Software Revision JA*
    Switching Matrix
    DC Volt Module  
    AC Volt Module  
    220V Module     
    1100V/2A Module 
    Current Module  
    Ohms Module     
    Hires Osc Module
    Rear Panel      
    ------------------------------------------------------------------------
                   ARTIFACT CALIBRATION DATES AND TEMPERATURES
    ------------------------------------------------------------------------
    Specification Interval:     24hour

    MAIN OUTPUT:   (Most recent)   3.08.21,  24.0 Degrees C
                      (Previous)   3.08.21,  24.0 Degrees C
                      (CalCheck)   3.08.21,  24.0 Degrees C
           (Days since last cal)  0

    ZERO:          (Most recent)   3.08.21
           (Days since last cal)  0





































    ------------------------------------------------------------------------
                    EXTERNALLY CALIBRATED INTERNAL REFERENCES
    ------------------------------------------------------------------------
        REFERENCE            Most Recent          Previous       Shift (ppm)
    6.5 V DC Reference          6.529900          6.529900              0.00
    13 V  DC Reference         13.061328         13.061325              0.20
    Resistance Reference       0.9999841         0.9999841              0.00
    1.0 Ohm Resistor           0.9996175         0.9996200             -2.48
    1.9 Ohm Resistor           1.8999685         1.8999736             -2.72


    ------------------------------------------------------------------------
                            DC VOLTAGE OUTPUT SHIFTS
    ------------------------------------------------------------------------
    RANGE Point     Zero Shift       Full Scale Shift          Spec   Shift  
                                                              (+/-) (% spec)

    220 mV +FS     0.00000 mV    -0.00015 mV  -0.66   ppm   9.91 ppm   -6.68
           -FS     0.00001 mV     0.00010 mV   0.45   ppm   9.91 ppm    4.56

      2.2V +FS   0.0000000  V   0.0000000  V   0.00   ppm   4.05 ppm    0.00
           -FS   0.0000001  V  -0.0000005  V  -0.21   ppm   4.05 ppm   -5.18

       11V +FS    0.000000  V    0.000000  V   0.00   ppm   3.77 ppm    0.00
           -FS    0.000000  V   -0.000002  V  -0.21   ppm   3.77 ppm   -5.56

       22V +FS    0.000000  V    0.000008  V   0.37   ppm   3.77 ppm    9.87
           -FS    0.000000  V   -0.000008  V  -0.37   ppm   3.77 ppm   -9.83

      220V +FS    -0.00001  V     0.00022  V   1.02   ppm   5.45 ppm   18.68
           -FS     0.00000  V    -0.00018  V  -0.81   ppm   5.45 ppm  -14.83

     1100V +FS     -0.0000  V      0.0002  V   0.21   ppm   7.55 ppm    2.78
           -FS      0.0000  V      0.0000  V   0.00   ppm   7.55 ppm    0.00
































    ------------------------------------------------------------------------
                            AC VOLTAGE OUTPUT SHIFTS
    ------------------------------------------------------------------------
    RANGE        Point            Full Scale Shift            Spec   Shift  
                                                              (+/-) (% spec)

    2.2 mV      FS          -0.000004 mV    -0.0002 %       0.24 %     -0.07
             20.00  kHz     -0.000007 mV    -0.0003 %       0.24 %     -0.14
             50.00  kHz     -0.000002 mV    -0.0001 %       0.26 %     -0.04
            100.00  kHz     -0.000001 mV    -0.0001 %       0.44 %     -0.01
            119.99  kHz     -0.000004 mV    -0.0002 %       0.79 %     -0.02
            0.1200  MHz     -0.000005 mV    -0.0002 %       0.79 %     -0.03
            0.2000  MHz     -0.000004 mV    -0.0002 %       0.79 %     -0.02
            0.3000  MHz     -0.000007 mV    -0.0003 %       0.79 %     -0.04
            0.4000  MHz     -0.000006 mV    -0.0003 %       1.51 %     -0.02
            0.5000  MHz     -0.000008 mV    -0.0003 %       1.51 %     -0.02
            0.6000  MHz     -0.000017 mV    -0.0008 %       1.66 %     -0.05
            0.7000  MHz     -0.000015 mV    -0.0007 %       1.66 %     -0.04
            0.8000  MHz     -0.000020 mV    -0.0009 %       1.66 %     -0.05
            0.9000  MHz     -0.000022 mV    -0.0010 %       1.66 %     -0.06
            1.0000  MHz     -0.000028 mV    -0.0013 %       1.66 %     -0.08
            1.1000  MHz     -0.000034 mV    -0.0015 %    NO SPEC        0.00
            1.1999  MHz     -0.000040 mV    -0.0018 %    NO SPEC        0.00

     22 mV      FS           -0.00006 mV    -2.60   ppm   372.73 ppm   -0.70
             20.00  kHz      -0.00005 mV    -2.32   ppm   372.73 ppm   -0.62
             50.00  kHz      -0.00010 mV    -4.42   ppm   612.73 ppm   -0.72
            100.00  kHz      -0.00005 mV    -0.0002 %       0.12 %     -0.21
            119.99  kHz      -0.00004 mV    -0.0002 %       0.18 %     -0.10
            0.1200  MHz      -0.00004 mV    -0.0002 %       0.18 %     -0.10
            0.2000  MHz      -0.00005 mV    -0.0002 %       0.18 %     -0.14
            0.3000  MHz      -0.00011 mV    -0.0005 %       0.18 %     -0.29
            0.4000  MHz      -0.00009 mV    -0.0004 %       0.29 %     -0.14
            0.5000  MHz      -0.00013 mV    -0.0006 %       0.29 %     -0.21
            0.6000  MHz      -0.00017 mV    -0.0008 %       0.44 %     -0.17
            0.7000  MHz      -0.00083 mV    -0.0038 %       0.44 %     -0.87
            0.8000  MHz      -0.00022 mV    -0.0010 %       0.44 %     -0.23
            0.9000  MHz      -0.00025 mV    -0.0011 %       0.44 %     -0.26
            1.0000  MHz      -0.00035 mV    -0.0016 %       0.44 %     -0.37
            1.1000  MHz      -0.00043 mV    -0.0019 %    NO SPEC        0.00
            1.1999  MHz      -0.00047 mV    -0.0021 %    NO SPEC        0.00

    220 mV      FS             0.0001 mV     0.35   ppm   140.45 ppm    0.25
             20.00  kHz       -0.0003 mV    -1.28   ppm   140.45 ppm   -0.91
             50.00  kHz        0.0002 mV     0.92   ppm   345.45 ppm    0.27
            100.00  kHz        0.0003 mV     1.41   ppm   886.36 ppm    0.16
            119.99  kHz        0.0001 mV     0.0000 %       0.11 %      0.02
            0.1200  MHz       -0.0000 mV     0.0000 %       0.11 %     -0.02
            0.2000  MHz        0.0001 mV     0.0000 %       0.11 %      0.03
            0.3000  MHz       -0.0003 mV    -0.0001 %       0.11 %     -0.13
            0.4000  MHz       -0.0001 mV    -0.0001 %       0.17 %     -0.03
            0.5000  MHz       -0.0003 mV    -0.0001 %       0.17 %     -0.08
            0.6000  MHz       -0.0013 mV    -0.0006 %       0.35 %     -0.17
            0.7000  MHz       -0.0011 mV    -0.0005 %       0.35 %     -0.14
            0.8000  MHz       -0.0016 mV    -0.0007 %       0.35 %     -0.21
            0.9000  MHz       -0.0017 mV    -0.0008 %       0.35 %     -0.23
            1.0000  MHz       -0.0024 mV    -0.0011 %       0.35 %     -0.31
            1.1000  MHz       -0.0029 mV    -0.0013 %    NO SPEC        0.00
            1.1999  MHz       -0.0036 mV    -0.0016 %    NO SPEC        0.00







      2.2V      FS           0.000002  V     1.01   ppm    73.18 ppm    1.38
             20.00  kHz     -0.000001  V    -0.62   ppm    73.18 ppm   -0.84
             50.00  kHz      0.000003  V     1.59   ppm   129.09 ppm    1.23
            100.00  kHz      0.000005  V     2.07   ppm   266.36 ppm    0.78
            119.99  kHz      0.000002  V     0.90   ppm   468.18 ppm    0.19
            0.1200  MHz      0.000001  V     0.50   ppm   468.18 ppm    0.11
            0.2000  MHz      0.000002  V     0.93   ppm   468.18 ppm    0.20
            0.3000  MHz     -0.000002  V    -0.72   ppm   468.18 ppm   -0.15
            0.4000  MHz      0.000000  V     0.0000 %       0.12 %      0.01
            0.5000  MHz     -0.000002  V    -0.0001 %       0.12 %     -0.06
            0.6000  MHz     -0.000012  V    -0.0005 %       0.25 %     -0.22
            0.7000  MHz     -0.000009  V    -0.0004 %       0.25 %     -0.17
            0.8000  MHz     -0.000014  V    -0.0006 %       0.25 %     -0.26
            0.9000  MHz     -0.000016  V    -0.0007 %       0.25 %     -0.30
            1.0000  MHz     -0.000022  V    -0.0010 %       0.25 %     -0.41
            1.1000  MHz     -0.000028  V    -0.0013 %    NO SPEC        0.00
            1.1999  MHz     -0.000034  V    -0.0016 %    NO SPEC        0.00

       22V      FS            0.00000  V     0.07   ppm    73.18 ppm    0.09
             20.00  kHz       0.00001  V     0.35   ppm    73.18 ppm    0.48
             50.00  kHz      -0.00004  V    -1.75   ppm   129.09 ppm   -1.36
            100.00  kHz       0.00001  V     0.25   ppm   248.18 ppm    0.10
            119.99  kHz       0.00002  V     0.95   ppm   577.27 ppm    0.17
            0.1200  MHz       0.00002  V     0.97   ppm   577.27 ppm    0.17
            0.2000  MHz       0.00001  V     0.26   ppm   577.27 ppm    0.04
            0.3000  MHz      -0.00006  V    -2.51   ppm   577.27 ppm   -0.44
            0.4000  MHz      -0.00003  V    -0.0001 %       0.14 %     -0.09
            0.5000  MHz      -0.00008  V    -0.0003 %       0.14 %     -0.24
            0.6000  MHz      -0.00011  V    -0.0005 %       0.30 %     -0.16
            0.7000  MHz      -0.00077  V    -0.0035 %       0.30 %     -1.17
            0.8000  MHz      -0.00016  V    -0.0007 %       0.30 %     -0.24
            0.9000  MHz      -0.00019  V    -0.0009 %       0.30 %     -0.29
            1.0000  MHz      -0.00029  V    -0.0013 %       0.30 %     -0.44
            1.1000  MHz      -0.00037  V    -0.0017 %    NO SPEC        0.00
            1.1999  MHz      -0.00041  V    -0.0019 %    NO SPEC        0.00

      220V      FS             0.0002  V     1.01   ppm    79.55 ppm    1.27
             5.000  kHz       -0.0001  V    -0.34   ppm    79.55 ppm   -0.42
            10.000  kHz        0.0010  V     4.50   ppm    79.55 ppm    5.65
             20.00  kHz       -0.0004  V    -2.02   ppm    79.55 ppm   -2.54
             50.00  kHz        0.0003  V     1.46   ppm   218.18 ppm    0.67
            100.00  kHz       -0.0006  V    -2.69   ppm   545.45 ppm   -0.49
            119.99  kHz        0.0009  V     0.0004 %       0.20 %      0.20
            0.1200  MHz        0.0000  V     0.0000 %       0.20 %      0.01
            0.2000  MHz       -0.0018  V    -0.0008 %       0.20 %     -0.42
            0.3000  MHz       -0.0041  V    -0.0019 %       0.20 %     -0.93
            0.4000  MHz       -0.0049  V    -0.0022 %       0.55 %     -0.40
            0.5000  MHz       -0.0074  V    -0.0034 %       0.55 %     -0.61
            0.6000  MHz       -0.0089  V    -0.0040 %       1.30 %     -0.31
            0.7000  MHz       -0.0109  V    -0.0050 %       1.30 %     -0.38
            0.8000  MHz       -0.0202  V    -0.0092 %       1.30 %     -0.71
            0.9000  MHz       -0.0259  V    -0.0118 %       1.30 %     -0.91
            1.0000  MHz       -0.0377  V    -0.0172 %       1.30 %     -1.32

     1100V      FS              0.000  V     0.13   ppm    78.64 ppm    0.17
            0.3000  kHz         0.001  V     0.75   ppm    78.64 ppm    0.95
            0.5000  kHz         0.000  V     0.25   ppm    78.64 ppm    0.32
            0.7000  kHz        -0.000  V    -0.27   ppm    78.64 ppm   -0.34
            1.0000  kHz        -0.001  V    -1.31   ppm    78.64 ppm   -1.67







    ------------------------------------------------------------------------
                            DC CURRENT OUTPUT SHIFTS
    ------------------------------------------------------------------------
    RANGE Point     Zero Shift       Full Scale Shift          Spec   Shift  
                                                              (+/-) (% spec)

    220 uA +FS      0.0001 uA      0.0000 uA   0.19   ppm  90.45 ppm    0.21
           -FS      0.0001 uA      0.0002 uA   0.98   ppm  90.45 ppm    1.08

    2.2 mA +FS    0.000001 mA    0.000004 mA   1.65   ppm  49.55 ppm    3.32
           -FS    0.000001 mA   -0.000002 mA  -1.08   ppm  49.55 ppm   -2.19

     22 mA +FS     0.00000 mA     0.00004 mA   1.59   ppm  49.55 ppm    3.21
           -FS     0.00000 mA    -0.00003 mA  -1.42   ppm  49.55 ppm   -2.87

    220 mA +FS      0.0000 mA      0.0005 mA   2.35   ppm  69.23 ppm    3.39
           -FS      0.0000 mA     -0.0005 mA  -2.08   ppm  69.23 ppm   -3.00

      2.2A +FS    0.000000  A    0.000003  A   1.38   ppm 137.04 ppm    1.01
           -FS    0.000000  A   -0.000003  A  -1.27   ppm 137.04 ppm   -0.93














































    ------------------------------------------------------------------------
                            AC CURRENT OUTPUT SHIFTS
    ------------------------------------------------------------------------
    RANGE        Point            Full Scale Shift            Spec   Shift  
                                                              (+/-) (% spec)

    220 uA      FS             -0.000 uA    -0.70   ppm   210.91 ppm   -0.33
            0.5000  kHz        -0.001 uA    -2.69   ppm   210.91 ppm   -1.28
            1.0000  kHz         0.000 uA     2.02   ppm   210.91 ppm    0.96
             2.000  kHz        -0.001 uA    -2.56   ppm   727.27 ppm   -0.35
             5.000  kHz        -0.001 uA    -4.40   ppm   727.27 ppm   -0.60
             7.000  kHz        -0.000 uA    -0.0002 %       0.20 %     -0.11
            10.000  kHz         0.000 uA     0.0000 %       0.20 %      0.02

    2.2 mA      FS            0.00000 mA     1.06   ppm   138.18 ppm    0.77
            0.5000  kHz       0.00000 mA     0.69   ppm   138.18 ppm    0.50
            1.0000  kHz       0.00001 mA     2.39   ppm   138.18 ppm    1.73
             2.000  kHz       0.00000 mA     1.37   ppm   727.27 ppm    0.19
             5.000  kHz      -0.00000 mA    -0.65   ppm   727.27 ppm   -0.09
             7.000  kHz       0.00000 mA     0.0002 %       0.20 %      0.08
            10.000  kHz      -0.00000 mA    -0.0001 %       0.20 %     -0.03

     22 mA      FS             0.0000 mA     1.20   ppm   138.18 ppm    0.87
            0.5000  kHz       -0.0000 mA    -1.45   ppm   138.18 ppm   -1.05
            1.0000  kHz        0.0000 mA     1.24   ppm   138.18 ppm    0.90
             2.000  kHz       -0.0000 mA    -1.25   ppm   727.27 ppm   -0.17
             5.000  kHz        0.0001 mA     3.98   ppm   727.27 ppm    0.55
             7.000  kHz        0.0001 mA     0.0004 %       0.20 %      0.18
            10.000  kHz        0.0000 mA     0.0002 %       0.20 %      0.10

    220 mA      FS              0.000 mA     1.91   ppm   138.18 ppm    1.38
            0.5000  kHz        -0.000 mA    -1.14   ppm   138.18 ppm   -0.83
            1.0000  kHz         0.000 mA     0.05   ppm   138.18 ppm    0.04
             2.000  kHz         0.000 mA     1.84   ppm   727.27 ppm    0.25
             5.000  kHz         0.001 mA     2.40   ppm   727.27 ppm    0.33
             7.000  kHz        -0.001 mA    -0.0003 %       0.20 %     -0.13
            10.000  kHz         0.000 mA     0.0001 %       0.20 %      0.05

      2.2A      FS            0.00000  A     1.02   ppm   618.18 ppm    0.17
            0.5000  kHz      -0.00000  A    -1.63   ppm   618.18 ppm   -0.26
            1.0000  kHz       0.00000  A     1.06   ppm   618.18 ppm    0.17
             2.000  kHz      -0.00000  A    -1.43   ppm   745.45 ppm   -0.19
             5.000  kHz       0.00001  A     3.80   ppm   745.45 ppm    0.51
             7.000  kHz       0.00001  A     0.0003 %       0.81 %      0.04
            10.000  kHz       0.00000  A     0.0002 %       0.81 %      0.02





















    ------------------------------------------------------------------------
                            RESISTANCE OUTPUT SHIFTS
    ------------------------------------------------------------------------
            Point             Full Scale Shift                Spec   Shift  
                                                              (+/-) (% spec)

     0.0000000  Ohm      0.0000000  Ohm   0.00   Ohm         0.00 Ohm    0.00
     0.9996200  Ohm     -0.0000025  Ohm  -2.48   ppm        85.00 ppm   -2.92
     1.8999736  Ohm     -0.0000052  Ohm  -2.72   ppm        85.00 ppm   -3.20
     10.000243  Ohm      -0.000027  Ohm  -2.67   ppm        26.00 ppm  -10.25
     19.003447  Ohm      -0.000004  Ohm  -0.20   ppm        24.00 ppm   -0.84
     100.00430  Ohm       -0.00014  Ohm  -1.40   ppm        15.00 ppm   -9.36
     190.00050  Ohm        0.00018  Ohm   0.96   ppm        15.00 ppm    6.43
     0.9999371 kOhm     -0.0000010 kOhm  -1.02   ppm        11.00 ppm   -9.28
     1.8998902 kOhm      0.0000003 kOhm   0.14   ppm        11.00 ppm    1.29
     10.000350 kOhm       0.000000 kOhm   0.02   ppm         9.00 ppm    0.25
     18.999523 kOhm       0.000007 kOhm   0.35   ppm         9.00 ppm    3.90
      99.99767 kOhm        0.00001 kOhm   0.12   ppm        11.00 ppm    1.12
     189.99266 kOhm        0.00016 kOhm   0.82   ppm        11.00 ppm    7.49
     0.9998989 MOhm      0.0000000 MOhm   0.04   ppm        16.00 ppm    0.28
     1.8998414 MOhm     -0.0000015 MOhm  -0.80   ppm        17.00 ppm   -4.73
      9.998481 MOhm       0.000021 MOhm   2.15   ppm        33.00 ppm    6.51
     18.999441 MOhm       0.000020 MOhm   1.07   ppm        43.00 ppm    2.49
     100.00698 MOhm        0.00014 MOhm   1.43   ppm       110.00 ppm    1.30







































