=~=~=~=~=~=~=~=~=~=~=~= PuTTY log 2021.05.16 14:55:29 =~=~=~=~=~=~=~=~=~=~=~=



    ------------------------------------------------------------------------
    JOHN FLUKE MFG. CO., INC.     S/N 4670009        5700A CALIBRATION CHECK
    PRINTED ON 16.05.21 AT 10:42:23 5700A  S/N 4670009
    ------------------------------------------------------------------------
    ------------------------------------------------------------------------
                                MODULES PRESENT
    ------------------------------------------------------------------------
    Software Revision JA*
    Switching Matrix
    DC Volt Module  
    AC Volt Module  
    220V Module     
    1100V/2A Module 
    Current Module  
    Ohms Module     
    Hires Osc Module
    Rear Panel      
    ------------------------------------------------------------------------
                   ARTIFACT CALIBRATION DATES AND TEMPERATURES
    ------------------------------------------------------------------------
    Specification Interval:     24hour

    MAIN OUTPUT:   (Most recent)   4.12.20,  21.4 Degrees C
                      (Previous)  24.10.20,  23.9 Degrees C
                      (CalCheck)  16.05.21,  22.0 Degrees C
           (Days since last cal)  163

    ZERO:          (Most recent)  23.01.21
           (Days since last cal)  113





































    ------------------------------------------------------------------------
                    EXTERNALLY CALIBRATED INTERNAL REFERENCES
    ------------------------------------------------------------------------
        REFERENCE            Most Recent          Previous       Shift (ppm)
    6.5 V DC Reference          6.529863          6.529896             -5.13
    13 V  DC Reference         13.061245         13.061307             -4.72
    Resistance Reference       0.9999754         0.9999748              0.59
    1.0 Ohm Resistor           0.9996046         0.9995930             11.54
    1.9 Ohm Resistor           1.8999827         1.8999326             26.34


    ------------------------------------------------------------------------
                            DC VOLTAGE OUTPUT SHIFTS
    ------------------------------------------------------------------------
    RANGE Point     Zero Shift       Full Scale Shift          Spec   Shift  
                                                              (+/-) (% spec)

    220 mV +FS    -0.00018 mV    -0.00188 mV  -8.53   ppm   9.91 ppm  -86.13
           -FS    -0.00018 mV     0.00147 mV   6.70   ppm   9.91 ppm   67.66

      2.2V +FS  -0.0000006  V  -0.0000131  V  -5.96   ppm   4.05 ppm -147.31
           -FS  -0.0000006  V   0.0000116  V   5.26   ppm   4.05 ppm  130.10

       11V +FS    0.000000  V   -0.000056  V  -5.13   ppm   3.77 ppm -135.90
           -FS   -0.000000  V    0.000055  V   4.96   ppm   3.77 ppm  131.60

       22V +FS    0.000001  V   -0.000104  V  -4.73   ppm   3.77 ppm -125.44
           -FS   -0.000001  V    0.000111  V   5.06   ppm   3.77 ppm  134.03

      220V +FS     0.00003  V    -0.00087  V  -3.95   ppm   5.45 ppm  -72.41
           -FS     0.00003  V     0.00099  V   4.51   ppm   5.45 ppm   82.72

     1100V +FS     -0.0001  V     -0.0054  V  -4.95   ppm   7.55 ppm  -65.59
           -FS     -0.0000  V      0.0056  V   5.11   ppm   7.55 ppm   67.79
































    ------------------------------------------------------------------------
                            AC VOLTAGE OUTPUT SHIFTS
    ------------------------------------------------------------------------
    RANGE        Point            Full Scale Shift            Spec   Shift  
                                                              (+/-) (% spec)

    2.2 mV      FS          -0.000011 mV    -0.0005 %       0.24 %     -0.21
             20.00  kHz     -0.000009 mV    -0.0004 %       0.24 %     -0.16
             50.00  kHz     -0.000012 mV    -0.0006 %       0.26 %     -0.21
            100.00  kHz     -0.000014 mV    -0.0006 %       0.44 %     -0.14
            119.99  kHz     -0.000012 mV    -0.0005 %       0.79 %     -0.07
            0.1200  MHz     -0.000009 mV    -0.0004 %       0.79 %     -0.05
            0.2000  MHz     -0.000016 mV    -0.0007 %       0.79 %     -0.09
            0.3000  MHz     -0.000008 mV    -0.0004 %       0.79 %     -0.04
            0.4000  MHz     -0.000005 mV    -0.0002 %       1.51 %     -0.01
            0.5000  MHz     -0.000000 mV     0.0000 %       1.51 %      0.00
            0.6000  MHz      0.000003 mV     0.0001 %       1.66 %      0.01
            0.7000  MHz      0.000010 mV     0.0005 %       1.66 %      0.03
            0.8000  MHz      0.000015 mV     0.0007 %       1.66 %      0.04
            0.9000  MHz      0.000026 mV     0.0012 %       1.66 %      0.07
            1.0000  MHz      0.000035 mV     0.0016 %       1.66 %      0.10
            1.1000  MHz      0.000035 mV     0.0016 %    NO SPEC        0.00
            1.1999  MHz      0.000048 mV     0.0022 %    NO SPEC        0.00

     22 mV      FS           -0.00005 mV    -2.49   ppm   372.73 ppm   -0.67
             20.00  kHz      -0.00003 mV    -1.49   ppm   372.73 ppm   -0.40
             50.00  kHz      -0.00010 mV    -4.38   ppm   612.73 ppm   -0.71
            100.00  kHz      -0.00011 mV    -0.0005 %       0.12 %     -0.43
            119.99  kHz      -0.00009 mV    -0.0004 %       0.18 %     -0.24
            0.1200  MHz      -0.00007 mV    -0.0003 %       0.18 %     -0.17
            0.2000  MHz      -0.00004 mV    -0.0002 %       0.18 %     -0.11
            0.3000  MHz      -0.00010 mV    -0.0005 %       0.18 %     -0.25
            0.4000  MHz      -0.00009 mV    -0.0004 %       0.29 %     -0.14
            0.5000  MHz      -0.00007 mV    -0.0003 %       0.29 %     -0.10
            0.6000  MHz       0.00001 mV     0.0001 %       0.44 %      0.02
            0.7000  MHz       0.00015 mV     0.0007 %       0.44 %      0.16
            0.8000  MHz       0.00019 mV     0.0009 %       0.44 %      0.20
            0.9000  MHz       0.00022 mV     0.0010 %       0.44 %      0.23
            1.0000  MHz       0.00017 mV     0.0008 %       0.44 %      0.18
            1.1000  MHz       0.00023 mV     0.0010 %    NO SPEC        0.00
            1.1999  MHz       0.00069 mV     0.0031 %    NO SPEC        0.00

    220 mV      FS            -0.0021 mV    -9.69   ppm   140.45 ppm   -6.90
             20.00  kHz       -0.0019 mV    -8.44   ppm   140.45 ppm   -6.01
             50.00  kHz       -0.0022 mV   -10.14   ppm   345.45 ppm   -2.93
            100.00  kHz       -0.0024 mV   -10.73   ppm   886.36 ppm   -1.21
            119.99  kHz       -0.0022 mV    -0.0010 %       0.11 %     -0.93
            0.1200  MHz       -0.0019 mV    -0.0008 %       0.11 %     -0.78
            0.2000  MHz       -0.0026 mV    -0.0012 %       0.11 %     -1.10
            0.3000  MHz       -0.0018 mV    -0.0008 %       0.11 %     -0.75
            0.4000  MHz       -0.0015 mV    -0.0007 %       0.17 %     -0.40
            0.5000  MHz       -0.0010 mV    -0.0005 %       0.17 %     -0.27
            0.6000  MHz       -0.0007 mV    -0.0003 %       0.35 %     -0.09
            0.7000  MHz        0.0000 mV     0.0000 %       0.35 %      0.00
            0.8000  MHz        0.0005 mV     0.0002 %       0.35 %      0.07
            0.9000  MHz        0.0016 mV     0.0007 %       0.35 %      0.22
            1.0000  MHz        0.0025 mV     0.0011 %       0.35 %      0.33
            1.1000  MHz        0.0025 mV     0.0012 %    NO SPEC        0.00
            1.1999  MHz        0.0038 mV     0.0017 %    NO SPEC        0.00







      2.2V      FS          -0.000017  V    -7.87   ppm    73.18 ppm  -10.76
             20.00  kHz     -0.000015  V    -6.73   ppm    73.18 ppm   -9.19
             50.00  kHz     -0.000019  V    -8.47   ppm   129.09 ppm   -6.56
            100.00  kHz     -0.000020  V    -9.00   ppm   266.36 ppm   -3.38
            119.99  kHz     -0.000018  V    -8.26   ppm   468.18 ppm   -1.76
            0.1200  MHz     -0.000015  V    -6.68   ppm   468.18 ppm   -1.43
            0.2000  MHz     -0.000022  V   -10.06   ppm   468.18 ppm   -2.15
            0.3000  MHz     -0.000014  V    -6.29   ppm   468.18 ppm   -1.34
            0.4000  MHz     -0.000011  V    -0.0005 %       0.12 %     -0.42
            0.5000  MHz     -0.000006  V    -0.0003 %       0.12 %     -0.24
            0.6000  MHz     -0.000003  V    -0.0001 %       0.25 %     -0.06
            0.7000  MHz      0.000004  V     0.0002 %       0.25 %      0.07
            0.8000  MHz      0.000009  V     0.0004 %       0.25 %      0.17
            0.9000  MHz      0.000020  V     0.0009 %       0.25 %      0.38
            1.0000  MHz      0.000029  V     0.0013 %       0.25 %      0.53
            1.1000  MHz      0.000029  V     0.0013 %    NO SPEC        0.00
            1.1999  MHz      0.000042  V     0.0019 %    NO SPEC        0.00

       22V      FS           -0.00012  V    -5.29   ppm    73.18 ppm   -7.22
             20.00  kHz      -0.00009  V    -4.20   ppm    73.18 ppm   -5.74
             50.00  kHz      -0.00016  V    -7.18   ppm   129.09 ppm   -5.56
            100.00  kHz      -0.00017  V    -7.71   ppm   248.18 ppm   -3.11
            119.99  kHz      -0.00016  V    -7.06   ppm   577.27 ppm   -1.22
            0.1200  MHz      -0.00013  V    -5.80   ppm   577.27 ppm   -1.01
            0.2000  MHz      -0.00010  V    -4.70   ppm   577.27 ppm   -0.81
            0.3000  MHz      -0.00016  V    -7.39   ppm   577.27 ppm   -1.28
            0.4000  MHz      -0.00015  V    -0.0007 %       0.14 %     -0.48
            0.5000  MHz      -0.00013  V    -0.0006 %       0.14 %     -0.41
            0.6000  MHz      -0.00005  V    -0.0002 %       0.30 %     -0.07
            0.7000  MHz       0.00009  V     0.0004 %       0.30 %      0.13
            0.8000  MHz       0.00013  V     0.0006 %       0.30 %      0.19
            0.9000  MHz       0.00016  V     0.0007 %       0.30 %      0.24
            1.0000  MHz       0.00011  V     0.0005 %       0.30 %      0.16
            1.1000  MHz       0.00017  V     0.0008 %    NO SPEC        0.00
            1.1999  MHz       0.00062  V     0.0028 %    NO SPEC        0.00

      220V      FS            -0.0023  V   -10.31   ppm    79.55 ppm  -12.96
             5.000  kHz       -0.0023  V   -10.30   ppm    79.55 ppm  -12.95
            10.000  kHz       -0.0025  V   -11.21   ppm    79.55 ppm  -14.10
             20.00  kHz       -0.0022  V    -9.77   ppm    79.55 ppm  -12.29
             50.00  kHz       -0.0012  V    -5.68   ppm   218.18 ppm   -2.60
            100.00  kHz       -0.0007  V    -3.26   ppm   545.45 ppm   -0.60
            119.99  kHz       -0.0008  V    -0.0004 %       0.20 %     -0.18
            0.1200  MHz       -0.0019  V    -0.0009 %       0.20 %     -0.43
            0.2000  MHz       -0.0064  V    -0.0029 %       0.20 %     -1.46
            0.3000  MHz       -0.0081  V    -0.0037 %       0.20 %     -1.84
            0.4000  MHz       -0.0088  V    -0.0040 %       0.55 %     -0.72
            0.5000  MHz       -0.0017  V    -0.0008 %       0.55 %     -0.14
            0.6000  MHz        0.0002  V     0.0001 %       1.30 %      0.01
            0.7000  MHz       -0.0263  V    -0.0120 %       1.30 %     -0.92
            0.8000  MHz        0.0049  V     0.0022 %       1.30 %      0.17
            0.9000  MHz        0.0547  V     0.0249 %       1.30 %      1.91
            1.0000  MHz        0.0601  V     0.0273 %       1.30 %      2.10

     1100V      FS             -0.006  V    -5.44   ppm    78.64 ppm   -6.92
            0.3000  kHz        -0.005  V    -4.89   ppm    78.64 ppm   -6.22
            0.5000  kHz        -0.005  V    -4.82   ppm    78.64 ppm   -6.13
            0.7000  kHz        -0.007  V    -6.15   ppm    78.64 ppm   -7.82
            1.0000  kHz        -0.006  V    -5.70   ppm    78.64 ppm   -7.25







    ------------------------------------------------------------------------
                            DC CURRENT OUTPUT SHIFTS
    ------------------------------------------------------------------------
    RANGE Point     Zero Shift       Full Scale Shift          Spec   Shift  
                                                              (+/-) (% spec)

    220 uA +FS      0.0005 uA     -0.0011 uA  -4.89   ppm  90.45 ppm   -5.41
           -FS      0.0005 uA      0.0022 uA   9.85   ppm  90.45 ppm   10.89

    2.2 mA +FS    0.000004 mA   -0.000011 mA  -5.12   ppm  49.55 ppm  -10.34
           -FS    0.000004 mA    0.000019 mA   8.62   ppm  49.55 ppm   17.39

     22 mA +FS     0.00004 mA    -0.00013 mA  -5.88   ppm  49.55 ppm  -11.86
           -FS     0.00004 mA     0.00021 mA   9.73   ppm  49.55 ppm   19.65

    220 mA +FS      0.0004 mA     -0.0014 mA  -6.30   ppm  69.23 ppm   -9.10
           -FS      0.0004 mA      0.0022 mA  10.10   ppm  69.23 ppm   14.60

      2.2A +FS    0.000006  A   -0.000009  A  -4.27   ppm 137.04 ppm   -3.12
           -FS    0.000006  A    0.000023  A  10.39   ppm 137.04 ppm    7.58














































    ------------------------------------------------------------------------
                            AC CURRENT OUTPUT SHIFTS
    ------------------------------------------------------------------------
    RANGE        Point            Full Scale Shift            Spec   Shift  
                                                              (+/-) (% spec)

    220 uA      FS             -0.002 uA    -7.71   ppm   210.91 ppm   -3.66
            0.5000  kHz        -0.002 uA   -11.08   ppm   210.91 ppm   -5.25
            1.0000  kHz        -0.002 uA   -10.21   ppm   210.91 ppm   -4.84
             2.000  kHz        -0.002 uA    -8.46   ppm   727.27 ppm   -1.16
             5.000  kHz        -0.001 uA    -6.00   ppm   727.27 ppm   -0.82
             7.000  kHz        -0.002 uA    -0.0009 %       0.20 %     -0.44
            10.000  kHz        -0.002 uA    -0.0009 %       0.20 %     -0.48

    2.2 mA      FS           -0.00002 mA    -7.24   ppm   138.18 ppm   -5.24
            0.5000  kHz      -0.00001 mA    -6.76   ppm   138.18 ppm   -4.89
            1.0000  kHz      -0.00001 mA    -5.00   ppm   138.18 ppm   -3.62
             2.000  kHz      -0.00001 mA    -5.32   ppm   727.27 ppm   -0.73
             5.000  kHz      -0.00001 mA    -3.18   ppm   727.27 ppm   -0.44
             7.000  kHz      -0.00001 mA    -0.0007 %       0.20 %     -0.33
            10.000  kHz      -0.00002 mA    -0.0007 %       0.20 %     -0.36

     22 mA      FS            -0.0002 mA    -8.20   ppm   138.18 ppm   -5.93
            0.5000  kHz       -0.0003 mA   -11.87   ppm   138.18 ppm   -8.59
            1.0000  kHz       -0.0002 mA    -9.02   ppm   138.18 ppm   -6.52
             2.000  kHz       -0.0002 mA    -8.42   ppm   727.27 ppm   -1.16
             5.000  kHz       -0.0002 mA    -9.74   ppm   727.27 ppm   -1.34
             7.000  kHz       -0.0002 mA    -0.0008 %       0.20 %     -0.40
            10.000  kHz       -0.0003 mA    -0.0012 %       0.20 %     -0.63

    220 mA      FS             -0.002 mA    -8.53   ppm   138.18 ppm   -6.18
            0.5000  kHz        -0.002 mA    -7.01   ppm   138.18 ppm   -5.07
            1.0000  kHz        -0.002 mA    -9.25   ppm   138.18 ppm   -6.69
             2.000  kHz        -0.003 mA   -11.39   ppm   727.27 ppm   -1.57
             5.000  kHz        -0.002 mA    -8.13   ppm   727.27 ppm   -1.12
             7.000  kHz        -0.003 mA    -0.0014 %       0.20 %     -0.70
            10.000  kHz        -0.002 mA    -0.0008 %       0.20 %     -0.42

      2.2A      FS           -0.00002  A    -7.66   ppm   618.18 ppm   -1.24
            0.5000  kHz      -0.00003  A   -11.48   ppm   618.18 ppm   -1.86
            1.0000  kHz      -0.00002  A    -8.49   ppm   618.18 ppm   -1.37
             2.000  kHz      -0.00002  A    -7.91   ppm   745.45 ppm   -1.06
             5.000  kHz      -0.00002  A    -9.27   ppm   745.45 ppm   -1.24
             7.000  kHz      -0.00002  A    -0.0007 %       0.81 %     -0.09
            10.000  kHz      -0.00003  A    -0.0012 %       0.81 %     -0.15





















    ------------------------------------------------------------------------
                            RESISTANCE OUTPUT SHIFTS
    ------------------------------------------------------------------------
            Point             Full Scale Shift                Spec   Shift  
                                                              (+/-) (% spec)

     0.0000000  Ohm      0.0000000  Ohm   0.00   Ohm         0.00 Ohm    0.00
     0.9995930  Ohm      0.0000115  Ohm  11.54   ppm        85.00 ppm   13.58
     1.8999326  Ohm      0.0000500  Ohm  26.34   ppm        85.00 ppm   30.99
     10.000082  Ohm       0.000017  Ohm   1.72   ppm        26.00 ppm    6.60
     19.003141  Ohm       0.000073  Ohm   3.83   ppm        24.00 ppm   15.96
     100.00306  Ohm        0.00017  Ohm   1.71   ppm        15.00 ppm   11.40
     189.99857  Ohm        0.00043  Ohm   2.25   ppm        15.00 ppm   14.99
     0.9999282 kOhm      0.0000010 kOhm   0.98   ppm        11.00 ppm    8.90
     1.8998715 kOhm      0.0000018 kOhm   0.92   ppm        11.00 ppm    8.37
     10.000266 kOhm       0.000001 kOhm   0.10   ppm         9.00 ppm    1.11
     18.999352 kOhm       0.000002 kOhm   0.08   ppm         9.00 ppm    0.92
      99.99680 kOhm       -0.00005 kOhm  -0.54   ppm        11.00 ppm   -4.95
     189.99128 kOhm       -0.00015 kOhm  -0.77   ppm        11.00 ppm   -7.00
     0.9998914 MOhm     -0.0000006 MOhm  -0.64   ppm        16.00 ppm   -3.99
     1.8998289 MOhm     -0.0000044 MOhm  -2.30   ppm        17.00 ppm  -13.51
      9.998427 MOhm       0.000004 MOhm   0.40   ppm        33.00 ppm    1.22
     18.999391 MOhm      -0.000028 MOhm  -1.49   ppm        43.00 ppm   -3.47
     100.00585 MOhm       -0.00004 MOhm  -0.44   ppm       110.00 ppm   -0.40







































