=~=~=~=~=~=~=~=~=~=~=~= PuTTY log 2021.08.13 13:17:49 =~=~=~=~=~=~=~=~=~=~=~=



    ------------------------------------------------------------------------
    JOHN FLUKE MFG. CO., INC.     S/N 4670009        5700A CALIBRATION CHECK
    PRINTED ON 13.08.21 AT  9:02:47 5700A  S/N 4670009
    ------------------------------------------------------------------------
    ------------------------------------------------------------------------
                                MODULES PRESENT
    ------------------------------------------------------------------------
    Software Revision JA*
    Switching Matrix
    DC Volt Module  
    AC Volt Module  
    220V Module     
    1100V/2A Module 
    Current Module  
    Ohms Module     
    Hires Osc Module
    Rear Panel      
    ------------------------------------------------------------------------
                   ARTIFACT CALIBRATION DATES AND TEMPERATURES
    ------------------------------------------------------------------------
    Specification Interval:     24hour

    MAIN OUTPUT:   (Most recent)   5.08.21,  23.0 Degrees C
                      (Previous)   4.08.21,  24.0 Degrees C
                      (CalCheck)  13.08.21,  23.6 Degrees C
           (Days since last cal)  8

    ZERO:          (Most recent)   5.08.21
           (Days since last cal)  8





































    ------------------------------------------------------------------------
                    EXTERNALLY CALIBRATED INTERNAL REFERENCES
    ------------------------------------------------------------------------
        REFERENCE            Most Recent          Previous       Shift (ppm)
    6.5 V DC Reference          6.529899          6.529902             -0.49
    13 V  DC Reference         13.061317         13.061329             -0.90
    Resistance Reference       0.9999838         0.9999840             -0.11
    1.0 Ohm Resistor           0.9996187         0.9996120              6.66
    1.9 Ohm Resistor           1.8999659         1.8999564              5.01


    ------------------------------------------------------------------------
                            DC VOLTAGE OUTPUT SHIFTS
    ------------------------------------------------------------------------
    RANGE Point     Zero Shift       Full Scale Shift          Spec   Shift  
                                                              (+/-) (% spec)

    220 mV +FS     0.00001 mV    -0.00078 mV  -3.53   ppm   9.91 ppm  -35.61
           -FS    -0.00001 mV     0.00076 mV   3.45   ppm   9.91 ppm   34.80

      2.2V +FS  -0.0000002  V  -0.0000015  V  -0.68   ppm   4.05 ppm  -16.85
           -FS  -0.0000003  V   0.0000007  V   0.31   ppm   4.05 ppm    7.69

       11V +FS    0.000000  V   -0.000006  V  -0.55   ppm   3.77 ppm  -14.59
           -FS   -0.000000  V    0.000005  V   0.44   ppm   3.77 ppm   11.69

       22V +FS    0.000000  V   -0.000016  V  -0.71   ppm   3.77 ppm  -18.92
           -FS    0.000000  V    0.000011  V   0.49   ppm   3.77 ppm   13.00

      220V +FS     0.00001  V    -0.00022  V  -1.02   ppm   5.45 ppm  -18.68
           -FS    -0.00000  V     0.00025  V   1.13   ppm   5.45 ppm   20.64

     1100V +FS      0.0001  V     -0.0005  V  -0.41   ppm   7.55 ppm   -5.46
           -FS     -0.0000  V      0.0006  V   0.52   ppm   7.55 ppm    6.88
































    ------------------------------------------------------------------------
                            AC VOLTAGE OUTPUT SHIFTS
    ------------------------------------------------------------------------
    RANGE        Point            Full Scale Shift            Spec   Shift  
                                                              (+/-) (% spec)

    2.2 mV      FS           0.000005 mV     0.0002 %       0.24 %      0.09
             20.00  kHz      0.000008 mV     0.0004 %       0.24 %      0.15
             50.00  kHz      0.000006 mV     0.0003 %       0.26 %      0.10
            100.00  kHz      0.000007 mV     0.0003 %       0.44 %      0.07
            119.99  kHz      0.000006 mV     0.0003 %       0.79 %      0.04
            0.1200  MHz      0.000009 mV     0.0004 %       0.79 %      0.05
            0.2000  MHz      0.000022 mV     0.0010 %       0.79 %      0.13
            0.3000  MHz      0.000028 mV     0.0013 %       0.79 %      0.16
            0.4000  MHz      0.000024 mV     0.0011 %       1.51 %      0.07
            0.5000  MHz      0.000033 mV     0.0015 %       1.51 %      0.10
            0.6000  MHz      0.000045 mV     0.0021 %       1.66 %      0.12
            0.7000  MHz      0.000053 mV     0.0024 %       1.66 %      0.14
            0.8000  MHz      0.000069 mV     0.0031 %       1.66 %      0.19
            0.9000  MHz      0.000075 mV     0.0034 %       1.66 %      0.21
            1.0000  MHz      0.000104 mV     0.0047 %       1.66 %      0.28
            1.1000  MHz      0.000116 mV     0.0053 %    NO SPEC        0.00
            1.1999  MHz      0.000136 mV     0.0062 %    NO SPEC        0.00

     22 mV      FS            0.00009 mV     4.01   ppm   372.73 ppm    1.08
             20.00  kHz       0.00012 mV     5.29   ppm   372.73 ppm    1.42
             50.00  kHz       0.00009 mV     3.89   ppm   612.73 ppm    0.63
            100.00  kHz       0.00008 mV     0.0004 %       0.12 %      0.32
            119.99  kHz       0.00009 mV     0.0004 %       0.18 %      0.22
            0.1200  MHz       0.00007 mV     0.0003 %       0.18 %      0.17
            0.2000  MHz       0.00016 mV     0.0007 %       0.18 %      0.42
            0.3000  MHz       0.00022 mV     0.0010 %       0.18 %      0.55
            0.4000  MHz       0.00030 mV     0.0014 %       0.29 %      0.48
            0.5000  MHz       0.00036 mV     0.0016 %       0.29 %      0.56
            0.6000  MHz       0.00047 mV     0.0021 %       0.44 %      0.49
            0.7000  MHz       0.00092 mV     0.0042 %       0.44 %      0.96
            0.8000  MHz       0.00013 mV     0.0006 %       0.44 %      0.14
            0.9000  MHz       0.00017 mV     0.0008 %       0.44 %      0.17
            1.0000  MHz       0.00132 mV     0.0060 %       0.44 %      1.38
            1.1000  MHz       0.00129 mV     0.0059 %    NO SPEC        0.00
            1.1999  MHz       0.00131 mV     0.0059 %    NO SPEC        0.00

    220 mV      FS            -0.0012 mV    -5.53   ppm   140.45 ppm   -3.94
             20.00  kHz       -0.0009 mV    -4.09   ppm   140.45 ppm   -2.91
             50.00  kHz       -0.0011 mV    -5.17   ppm   345.45 ppm   -1.50
            100.00  kHz       -0.0010 mV    -4.76   ppm   886.36 ppm   -0.54
            119.99  kHz       -0.0011 mV    -0.0005 %       0.11 %     -0.45
            0.1200  MHz       -0.0008 mV    -0.0004 %       0.11 %     -0.34
            0.2000  MHz        0.0005 mV     0.0002 %       0.11 %      0.23
            0.3000  MHz        0.0011 mV     0.0005 %       0.11 %      0.47
            0.4000  MHz        0.0006 mV     0.0003 %       0.17 %      0.17
            0.5000  MHz        0.0016 mV     0.0007 %       0.17 %      0.42
            0.6000  MHz        0.0028 mV     0.0013 %       0.35 %      0.37
            0.7000  MHz        0.0036 mV     0.0016 %       0.35 %      0.47
            0.8000  MHz        0.0052 mV     0.0024 %       0.35 %      0.68
            0.9000  MHz        0.0058 mV     0.0027 %       0.35 %      0.77
            1.0000  MHz        0.0087 mV     0.0039 %       0.35 %      1.14
            1.1000  MHz        0.0099 mV     0.0045 %    NO SPEC        0.00
            1.1999  MHz        0.0119 mV     0.0054 %    NO SPEC        0.00







      2.2V      FS          -0.000006  V    -2.52   ppm    73.18 ppm   -3.45
             20.00  kHz     -0.000002  V    -1.08   ppm    73.18 ppm   -1.47
             50.00  kHz     -0.000005  V    -2.13   ppm   129.09 ppm   -1.65
            100.00  kHz     -0.000004  V    -1.75   ppm   266.36 ppm   -0.66
            119.99  kHz     -0.000004  V    -1.83   ppm   468.18 ppm   -0.39
            0.1200  MHz     -0.000001  V    -0.65   ppm   468.18 ppm   -0.14
            0.2000  MHz      0.000012  V     5.46   ppm   468.18 ppm    1.17
            0.3000  MHz      0.000018  V     8.04   ppm   468.18 ppm    1.72
            0.4000  MHz      0.000013  V     0.0006 %       0.12 %      0.50
            0.5000  MHz      0.000022  V     0.0010 %       0.12 %      0.85
            0.6000  MHz      0.000035  V     0.0016 %       0.25 %      0.65
            0.7000  MHz      0.000042  V     0.0019 %       0.25 %      0.78
            0.8000  MHz      0.000058  V     0.0027 %       0.25 %      1.08
            0.9000  MHz      0.000065  V     0.0030 %       0.25 %      1.20
            1.0000  MHz      0.000093  V     0.0042 %       0.25 %      1.72
            1.1000  MHz      0.000105  V     0.0048 %    NO SPEC        0.00
            1.1999  MHz      0.000126  V     0.0057 %    NO SPEC        0.00

       22V      FS           -0.00002  V    -0.73   ppm    73.18 ppm   -0.99
             20.00  kHz       0.00001  V     0.56   ppm    73.18 ppm    0.77
             50.00  kHz      -0.00002  V    -0.85   ppm   129.09 ppm   -0.66
            100.00  kHz      -0.00002  V    -0.99   ppm   248.18 ppm   -0.40
            119.99  kHz      -0.00002  V    -0.79   ppm   577.27 ppm   -0.14
            0.1200  MHz      -0.00004  V    -1.83   ppm   577.27 ppm   -0.32
            0.2000  MHz       0.00006  V     2.65   ppm   577.27 ppm    0.46
            0.3000  MHz       0.00011  V     5.07   ppm   577.27 ppm    0.88
            0.4000  MHz       0.00020  V     0.0009 %       0.14 %      0.64
            0.5000  MHz       0.00025  V     0.0011 %       0.14 %      0.80
            0.6000  MHz       0.00037  V     0.0017 %       0.30 %      0.55
            0.7000  MHz       0.00082  V     0.0037 %       0.30 %      1.24
            0.8000  MHz       0.00003  V     0.0001 %       0.30 %      0.05
            0.9000  MHz       0.00006  V     0.0003 %       0.30 %      0.09
            1.0000  MHz       0.00122  V     0.0055 %       0.30 %      1.84
            1.1000  MHz       0.00119  V     0.0054 %    NO SPEC        0.00
            1.1999  MHz       0.00120  V     0.0055 %    NO SPEC        0.00

      220V      FS            -0.0005  V    -2.50   ppm    79.55 ppm   -3.14
             5.000  kHz       -0.0010  V    -4.41   ppm    79.55 ppm   -5.55
            10.000  kHz       -0.0008  V    -3.85   ppm    79.55 ppm   -4.84
             20.00  kHz       -0.0003  V    -1.48   ppm    79.55 ppm   -1.86
             50.00  kHz        0.0004  V     1.89   ppm   218.18 ppm    0.87
            100.00  kHz       -0.0000  V    -0.04   ppm   545.45 ppm   -0.01
            119.99  kHz        0.0004  V     0.0002 %       0.20 %      0.08
            0.1200  MHz        0.0003  V     0.0001 %       0.20 %      0.07
            0.2000  MHz       -0.0020  V    -0.0009 %       0.20 %     -0.46
            0.3000  MHz        0.0032  V     0.0015 %       0.20 %      0.73
            0.4000  MHz        0.0067  V     0.0030 %       0.55 %      0.55
            0.5000  MHz        0.0116  V     0.0053 %       0.55 %      0.96
            0.6000  MHz        0.0184  V     0.0084 %       1.30 %      0.64
            0.7000  MHz        0.0330  V     0.0150 %       1.30 %      1.15
            0.8000  MHz        0.0146  V     0.0066 %       1.30 %      0.51
            0.9000  MHz        0.0174  V     0.0079 %       1.30 %      0.61
            1.0000  MHz        0.0232  V     0.0105 %       1.30 %      0.81

     1100V      FS             -0.001  V    -0.88   ppm    78.64 ppm   -1.12
            0.3000  kHz        -0.003  V    -2.64   ppm    78.64 ppm   -3.36
            0.5000  kHz         0.002  V     1.60   ppm    78.64 ppm    2.04
            0.7000  kHz        -0.000  V    -0.15   ppm    78.64 ppm   -0.19
            1.0000  kHz        -0.000  V    -0.25   ppm    78.64 ppm   -0.32







    ------------------------------------------------------------------------
                            DC CURRENT OUTPUT SHIFTS
    ------------------------------------------------------------------------
    RANGE Point     Zero Shift       Full Scale Shift          Spec   Shift  
                                                              (+/-) (% spec)

    220 uA +FS     -0.0003 uA     -0.0004 uA  -1.87   ppm  90.45 ppm   -2.07
           -FS     -0.0003 uA     -0.0003 uA  -1.20   ppm  90.45 ppm   -1.33

    2.2 mA +FS   -0.000002 mA   -0.000002 mA  -0.92   ppm  49.55 ppm   -1.86
           -FS   -0.000002 mA   -0.000002 mA  -0.74   ppm  49.55 ppm   -1.50

     22 mA +FS    -0.00001 mA     0.00004 mA   1.77   ppm  49.55 ppm    3.58
           -FS    -0.00001 mA    -0.00007 mA  -3.24   ppm  49.55 ppm   -6.53

    220 mA +FS     -0.0001 mA      0.0005 mA   2.21   ppm  69.23 ppm    3.19
           -FS     -0.0001 mA     -0.0007 mA  -3.35   ppm  69.23 ppm   -4.84

      2.2A +FS   -0.000003  A    0.000008  A   3.47   ppm 137.04 ppm    2.54
           -FS   -0.000003  A   -0.000015  A  -6.65   ppm 137.04 ppm   -4.85














































    ------------------------------------------------------------------------
                            AC CURRENT OUTPUT SHIFTS
    ------------------------------------------------------------------------
    RANGE        Point            Full Scale Shift            Spec   Shift  
                                                              (+/-) (% spec)

    220 uA      FS             -0.000 uA    -0.45   ppm   210.91 ppm   -0.22
            0.5000  kHz         0.000 uA     1.36   ppm   210.91 ppm    0.65
            1.0000  kHz        -0.000 uA    -0.28   ppm   210.91 ppm   -0.13
             2.000  kHz        -0.000 uA    -0.76   ppm   727.27 ppm   -0.10
             5.000  kHz        -0.000 uA    -0.80   ppm   727.27 ppm   -0.11
             7.000  kHz        -0.000 uA    -0.0002 %       0.20 %     -0.11
            10.000  kHz        -0.001 uA    -0.0003 %       0.20 %     -0.14

    2.2 mA      FS           -0.00000 mA    -0.19   ppm   138.18 ppm   -0.14
            0.5000  kHz      -0.00000 mA    -1.05   ppm   138.18 ppm   -0.76
            1.0000  kHz      -0.00001 mA    -2.53   ppm   138.18 ppm   -1.83
             2.000  kHz       0.00001 mA     2.31   ppm   727.27 ppm    0.32
             5.000  kHz       0.00000 mA     0.40   ppm   727.27 ppm    0.06
             7.000  kHz       0.00000 mA     0.0002 %       0.20 %      0.10
            10.000  kHz      -0.00001 mA    -0.0004 %       0.20 %     -0.20

     22 mA      FS             0.0001 mA     2.42   ppm   138.18 ppm    1.75
            0.5000  kHz        0.0001 mA     4.46   ppm   138.18 ppm    3.22
            1.0000  kHz       -0.0000 mA    -0.17   ppm   138.18 ppm   -0.12
             2.000  kHz       -0.0000 mA    -0.18   ppm   727.27 ppm   -0.02
             5.000  kHz        0.0001 mA     5.26   ppm   727.27 ppm    0.72
             7.000  kHz        0.0001 mA     0.0004 %       0.20 %      0.20
            10.000  kHz        0.0000 mA     0.0000 %       0.20 %      0.02

    220 mA      FS              0.001 mA     2.66   ppm   138.18 ppm    1.92
            0.5000  kHz        -0.000 mA    -0.48   ppm   138.18 ppm   -0.35
            1.0000  kHz         0.000 mA     1.48   ppm   138.18 ppm    1.07
             2.000  kHz         0.000 mA     0.39   ppm   727.27 ppm    0.05
             5.000  kHz         0.001 mA     3.79   ppm   727.27 ppm    0.52
             7.000  kHz         0.000 mA     0.0000 %       0.20 %      0.03
            10.000  kHz         0.001 mA     0.0004 %       0.20 %      0.19

      2.2A      FS            0.00001  A     4.93   ppm   618.18 ppm    0.80
            0.5000  kHz       0.00002  A     7.05   ppm   618.18 ppm    1.14
            1.0000  kHz       0.00001  A     2.35   ppm   618.18 ppm    0.38
             2.000  kHz       0.00001  A     2.36   ppm   745.45 ppm    0.32
             5.000  kHz       0.00002  A     7.77   ppm   745.45 ppm    1.04
             7.000  kHz       0.00001  A     0.0006 %       0.81 %      0.08
            10.000  kHz       0.00001  A     0.0003 %       0.81 %      0.04





















    ------------------------------------------------------------------------
                            RESISTANCE OUTPUT SHIFTS
    ------------------------------------------------------------------------
            Point             Full Scale Shift                Spec   Shift  
                                                              (+/-) (% spec)

     0.0000000  Ohm      0.0000000  Ohm   0.00   Ohm         0.00 Ohm    0.00
     0.9996120  Ohm      0.0000067  Ohm   6.66   ppm        85.00 ppm    7.83
     1.8999564  Ohm      0.0000095  Ohm   5.01   ppm        85.00 ppm    5.89
     10.000225  Ohm      -0.000025  Ohm  -2.51   ppm        26.00 ppm   -9.65
     19.003450  Ohm      -0.000015  Ohm  -0.77   ppm        24.00 ppm   -3.22
     100.00421  Ohm       -0.00019  Ohm  -1.90   ppm        15.00 ppm  -12.64
     190.00073  Ohm       -0.00025  Ohm  -1.32   ppm        15.00 ppm   -8.81
     0.9999365 kOhm      0.0000001 kOhm   0.13   ppm        11.00 ppm    1.14
     1.8998904 kOhm     -0.0000003 kOhm  -0.16   ppm        11.00 ppm   -1.47
     10.000347 kOhm       0.000004 kOhm   0.43   ppm         9.00 ppm    4.83
     18.999523 kOhm       0.000001 kOhm   0.07   ppm         9.00 ppm    0.82
      99.99762 kOhm        0.00010 kOhm   1.01   ppm        11.00 ppm    9.17
     189.99261 kOhm        0.00017 kOhm   0.89   ppm        11.00 ppm    8.13
     0.9998988 MOhm      0.0000007 MOhm   0.72   ppm        16.00 ppm    4.49
     1.8998393 MOhm      0.0000002 MOhm   0.13   ppm        17.00 ppm    0.76
      9.998508 MOhm      -0.000006 MOhm  -0.59   ppm        33.00 ppm   -1.79
     18.999444 MOhm       0.000030 MOhm   1.58   ppm        43.00 ppm    3.68
     100.00751 MOhm       -0.00068 MOhm  -6.83   ppm       110.00 ppm   -6.21







































