=~=~=~=~=~=~=~=~=~=~=~= PuTTY log 2021.07.31 09:06:41 =~=~=~=~=~=~=~=~=~=~=~=



    ------------------------------------------------------------------------
    JOHN FLUKE MFG. CO., INC.     S/N 4670009        5700A CALIBRATION CHECK
    PRINTED ON 31.07.21 AT  4:51:57 5700A  S/N 4670009
    ------------------------------------------------------------------------
    ------------------------------------------------------------------------
                                MODULES PRESENT
    ------------------------------------------------------------------------
    Software Revision JA*
    Switching Matrix
    DC Volt Module  
    AC Volt Module  
    220V Module     
    1100V/2A Module 
    Current Module  
    Ohms Module     
    Hires Osc Module
    Rear Panel      
    ------------------------------------------------------------------------
                   ARTIFACT CALIBRATION DATES AND TEMPERATURES
    ------------------------------------------------------------------------
    Specification Interval:     24hour

    MAIN OUTPUT:   (Most recent)  30.07.21,  22.0 Degrees C
                      (Previous)  29.07.21,  23.0 Degrees C
                      (CalCheck)  31.07.21,  24.0 Degrees C
           (Days since last cal)  1

    ZERO:          (Most recent)  30.07.21
           (Days since last cal)  1





































    ------------------------------------------------------------------------
                    EXTERNALLY CALIBRATED INTERNAL REFERENCES
    ------------------------------------------------------------------------

                     USED AS CHECK STANDARDS FOR THIS REPORT


    ------------------------------------------------------------------------
                            DC VOLTAGE OUTPUT SHIFTS
    ------------------------------------------------------------------------
    RANGE Point     Zero Shift       Full Scale Shift          Spec   Shift  
                                                              (+/-) (% spec)

    220 mV +FS     0.00006 mV     0.00034 mV   1.56   ppm   9.91 ppm   15.69
           -FS     0.00007 mV    -0.00021 mV  -0.93   ppm   9.91 ppm   -9.43

      2.2V +FS  -0.0000001  V  -0.0000017  V  -0.79   ppm   4.05 ppm  -19.60
           -FS   0.0000001  V   0.0000018  V   0.80   ppm   4.05 ppm   19.89

       11V +FS    0.000000  V   -0.000008  V  -0.73   ppm   3.77 ppm  -19.47
           -FS    0.000000  V    0.000009  V   0.80   ppm   3.77 ppm   21.33

       22V +FS   -0.000000  V   -0.000002  V  -0.07   ppm   3.77 ppm   -1.82
           -FS    0.000000  V    0.000001  V   0.06   ppm   3.77 ppm    1.57

      220V +FS    -0.00002  V     0.00039  V   1.78   ppm   5.45 ppm   32.59
           -FS    -0.00001  V    -0.00041  V  -1.84   ppm   5.45 ppm  -33.78

     1100V +FS     -0.0001  V      0.0014  V   1.24   ppm   7.55 ppm   16.45
           -FS     -0.0000  V     -0.0014  V  -1.31   ppm   7.55 ppm  -17.33




































    ------------------------------------------------------------------------
                            AC VOLTAGE OUTPUT SHIFTS
    ------------------------------------------------------------------------
    RANGE        Point            Full Scale Shift            Spec   Shift  
                                                              (+/-) (% spec)

    2.2 mV      FS           0.000012 mV     0.0005 %       0.24 %      0.23
             20.00  kHz      0.000015 mV     0.0007 %       0.24 %      0.29
             50.00  kHz      0.000008 mV     0.0004 %       0.26 %      0.14
            100.00  kHz      0.000001 mV     0.0001 %       0.44 %      0.01
            119.99  kHz      0.000001 mV     0.0000 %       0.79 %      0.00
            0.1200  MHz     -0.000005 mV    -0.0002 %       0.79 %     -0.03
            0.2000  MHz     -0.000035 mV    -0.0016 %       0.79 %     -0.20
            0.3000  MHz     -0.000050 mV    -0.0023 %       0.79 %     -0.29
            0.4000  MHz     -0.000043 mV    -0.0019 %       1.51 %     -0.13
            0.5000  MHz     -0.000065 mV    -0.0030 %       1.51 %     -0.20
            0.6000  MHz     -0.000091 mV    -0.0041 %       1.66 %     -0.25
            0.7000  MHz     -0.000126 mV    -0.0057 %       1.66 %     -0.34
            0.8000  MHz     -0.000155 mV    -0.0070 %       1.66 %     -0.42
            0.9000  MHz     -0.000189 mV    -0.0086 %       1.66 %     -0.52
            1.0000  MHz     -0.000249 mV    -0.0113 %       1.66 %     -0.68
            1.1000  MHz     -0.000299 mV    -0.0136 %    NO SPEC        0.00
            1.1999  MHz     -0.000354 mV    -0.0161 %    NO SPEC        0.00

     22 mV      FS            0.00009 mV     4.08   ppm   372.73 ppm    1.09
             20.00  kHz       0.00009 mV     4.26   ppm   372.73 ppm    1.14
             50.00  kHz       0.00008 mV     3.60   ppm   612.73 ppm    0.59
            100.00  kHz       0.00004 mV     0.0002 %       0.12 %      0.15
            119.99  kHz      -0.00003 mV    -0.0002 %       0.18 %     -0.08
            0.1200  MHz      -0.00007 mV    -0.0003 %       0.18 %     -0.19
            0.2000  MHz      -0.00018 mV    -0.0008 %       0.18 %     -0.45
            0.3000  MHz      -0.00025 mV    -0.0011 %       0.18 %     -0.64
            0.4000  MHz      -0.00042 mV    -0.0019 %       0.29 %     -0.67
            0.5000  MHz      -0.00054 mV    -0.0025 %       0.29 %     -0.86
            0.6000  MHz      -0.00069 mV    -0.0031 %       0.44 %     -0.72
            0.7000  MHz      -0.00097 mV    -0.0044 %       0.44 %     -1.01
            0.8000  MHz      -0.00089 mV    -0.0040 %       0.44 %     -0.92
            0.9000  MHz      -0.00098 mV    -0.0045 %       0.44 %     -1.02
            1.0000  MHz      -0.00175 mV    -0.0080 %       0.44 %     -1.83
            1.1000  MHz      -0.00280 mV    -0.0127 %    NO SPEC        0.00
            1.1999  MHz      -0.00302 mV    -0.0137 %    NO SPEC        0.00

    220 mV      FS             0.0006 mV     2.93   ppm   140.45 ppm    2.08
             20.00  kHz        0.0010 mV     4.33   ppm   140.45 ppm    3.09
             50.00  kHz        0.0003 mV     1.17   ppm   345.45 ppm    0.34
            100.00  kHz       -0.0004 mV    -1.84   ppm   886.36 ppm   -0.21
            119.99  kHz       -0.0005 mV    -0.0002 %       0.11 %     -0.20
            0.1200  MHz       -0.0011 mV    -0.0005 %       0.11 %     -0.46
            0.2000  MHz       -0.0040 mV    -0.0018 %       0.11 %     -1.71
            0.3000  MHz       -0.0056 mV    -0.0025 %       0.11 %     -2.35
            0.4000  MHz       -0.0048 mV    -0.0022 %       0.17 %     -1.30
            0.5000  MHz       -0.0071 mV    -0.0032 %       0.17 %     -1.91
            0.6000  MHz       -0.0096 mV    -0.0044 %       0.35 %     -1.26
            0.7000  MHz       -0.0131 mV    -0.0060 %       0.35 %     -1.73
            0.8000  MHz       -0.0161 mV    -0.0073 %       0.35 %     -2.11
            0.9000  MHz       -0.0194 mV    -0.0088 %       0.35 %     -2.56
            1.0000  MHz       -0.0254 mV    -0.0115 %       0.35 %     -3.34
            1.1000  MHz       -0.0304 mV    -0.0138 %    NO SPEC        0.00
            1.1999  MHz       -0.0359 mV    -0.0163 %    NO SPEC        0.00







      2.2V      FS           0.000002  V     0.88   ppm    73.18 ppm    1.20
             20.00  kHz      0.000005  V     2.28   ppm    73.18 ppm    3.12
             50.00  kHz     -0.000002  V    -0.93   ppm   129.09 ppm   -0.72
            100.00  kHz     -0.000009  V    -3.88   ppm   266.36 ppm   -1.46
            119.99  kHz     -0.000009  V    -4.15   ppm   468.18 ppm   -0.89
            0.1200  MHz     -0.000015  V    -6.94   ppm   468.18 ppm   -1.48
            0.2000  MHz     -0.000045  V   -20.39   ppm   468.18 ppm   -4.36
            0.3000  MHz     -0.000060  V   -27.24   ppm   468.18 ppm   -5.82
            0.4000  MHz     -0.000053  V    -0.0024 %       0.12 %     -2.03
            0.5000  MHz     -0.000075  V    -0.0034 %       0.12 %     -2.89
            0.6000  MHz     -0.000100  V    -0.0046 %       0.25 %     -1.86
            0.7000  MHz     -0.000136  V    -0.0062 %       0.25 %     -2.51
            0.8000  MHz     -0.000165  V    -0.0075 %       0.25 %     -3.06
            0.9000  MHz     -0.000199  V    -0.0090 %       0.25 %     -3.68
            1.0000  MHz     -0.000258  V    -0.0117 %       0.25 %     -4.79
            1.1000  MHz     -0.000309  V    -0.0140 %    NO SPEC        0.00
            1.1999  MHz     -0.000364  V    -0.0165 %    NO SPEC        0.00

       22V      FS           -0.00001  V    -0.43   ppm    73.18 ppm   -0.59
             20.00  kHz      -0.00001  V    -0.27   ppm    73.18 ppm   -0.36
             50.00  kHz      -0.00002  V    -0.91   ppm   129.09 ppm   -0.71
            100.00  kHz      -0.00006  V    -2.79   ppm   248.18 ppm   -1.12
            119.99  kHz      -0.00013  V    -6.02   ppm   577.27 ppm   -1.04
            0.1200  MHz      -0.00017  V    -7.85   ppm   577.27 ppm   -1.36
            0.2000  MHz      -0.00028  V   -12.56   ppm   577.27 ppm   -2.18
            0.3000  MHz      -0.00035  V   -15.99   ppm   577.27 ppm   -2.77
            0.4000  MHz      -0.00052  V    -0.0024 %       0.14 %     -1.65
            0.5000  MHz      -0.00064  V    -0.0029 %       0.14 %     -2.04
            0.6000  MHz      -0.00079  V    -0.0036 %       0.30 %     -1.20
            0.7000  MHz      -0.00107  V    -0.0049 %       0.30 %     -1.62
            0.8000  MHz      -0.00099  V    -0.0045 %       0.30 %     -1.49
            0.9000  MHz      -0.00108  V    -0.0049 %       0.30 %     -1.63
            1.0000  MHz      -0.00185  V    -0.0084 %       0.30 %     -2.80
            1.1000  MHz      -0.00290  V    -0.0132 %    NO SPEC        0.00
            1.1999  MHz      -0.00312  V    -0.0142 %    NO SPEC        0.00

      220V      FS             0.0011  V     4.89   ppm    79.55 ppm    6.15
             5.000  kHz        0.0011  V     4.79   ppm    79.55 ppm    6.02
            10.000  kHz        0.0024  V    10.74   ppm    79.55 ppm   13.50
             20.00  kHz        0.0009  V     4.09   ppm    79.55 ppm    5.14
             50.00  kHz       -0.0007  V    -3.12   ppm   218.18 ppm   -1.43
            100.00  kHz       -0.0026  V   -11.63   ppm   545.45 ppm   -2.13
            119.99  kHz       -0.0028  V    -0.0013 %       0.20 %     -0.63
            0.1200  MHz       -0.0026  V    -0.0012 %       0.20 %     -0.59
            0.2000  MHz       -0.0059  V    -0.0027 %       0.20 %     -1.35
            0.3000  MHz       -0.0201  V    -0.0091 %       0.20 %     -4.57
            0.4000  MHz       -0.0342  V    -0.0155 %       0.55 %     -2.83
            0.5000  MHz       -0.0495  V    -0.0225 %       0.55 %     -4.09
            0.6000  MHz       -0.0616  V    -0.0280 %       1.30 %     -2.15
            0.7000  MHz       -0.0829  V    -0.0377 %       1.30 %     -2.90
            0.8000  MHz       -0.1056  V    -0.0480 %       1.30 %     -3.69
            0.9000  MHz       -0.1298  V    -0.0590 %       1.30 %     -4.54
            1.0000  MHz       -0.1583  V    -0.0719 %       1.30 %     -5.53

     1100V      FS              0.002  V     1.95   ppm    78.64 ppm    2.48
            0.3000  kHz         0.004  V     3.24   ppm    78.64 ppm    4.13
            0.5000  kHz         0.005  V     4.40   ppm    78.64 ppm    5.60
            0.7000  kHz         0.004  V     3.31   ppm    78.64 ppm    4.21
            1.0000  kHz         0.003  V     2.83   ppm    78.64 ppm    3.60







    ------------------------------------------------------------------------
                            DC CURRENT OUTPUT SHIFTS
    ------------------------------------------------------------------------
    RANGE Point     Zero Shift       Full Scale Shift          Spec   Shift  
                                                              (+/-) (% spec)

    220 uA +FS      0.0003 uA      0.0000 uA   0.20   ppm  90.45 ppm    0.22
           -FS      0.0003 uA      0.0006 uA   2.58   ppm  90.45 ppm    2.86

    2.2 mA +FS    0.000002 mA   -0.000004 mA  -2.01   ppm  49.55 ppm   -4.06
           -FS    0.000002 mA    0.000008 mA   3.56   ppm  49.55 ppm    7.19

     22 mA +FS     0.00001 mA    -0.00004 mA  -1.75   ppm  49.55 ppm   -3.54
           -FS     0.00001 mA     0.00006 mA   2.56   ppm  49.55 ppm    5.17

    220 mA +FS      0.0001 mA      0.0000 mA   0.15   ppm  69.23 ppm    0.22
           -FS      0.0001 mA      0.0002 mA   0.75   ppm  69.23 ppm    1.09

      2.2A +FS    0.000000  A    0.000001  A   0.52   ppm 137.04 ppm    0.38
           -FS    0.000000  A   -0.000001  A  -0.36   ppm 137.04 ppm   -0.26














































    ------------------------------------------------------------------------
                            AC CURRENT OUTPUT SHIFTS
    ------------------------------------------------------------------------
    RANGE        Point            Full Scale Shift            Spec   Shift  
                                                              (+/-) (% spec)

    220 uA      FS             -0.000 uA    -1.58   ppm   210.91 ppm   -0.75
            0.5000  kHz        -0.001 uA    -4.03   ppm   210.91 ppm   -1.91
            1.0000  kHz         0.000 uA     2.16   ppm   210.91 ppm    1.02
             2.000  kHz        -0.000 uA    -1.61   ppm   727.27 ppm   -0.22
             5.000  kHz        -0.000 uA    -0.30   ppm   727.27 ppm   -0.04
             7.000  kHz         0.000 uA     0.0001 %       0.20 %      0.03
            10.000  kHz         0.001 uA     0.0003 %       0.20 %      0.14

    2.2 mA      FS           -0.00001 mA    -3.20   ppm   138.18 ppm   -2.31
            0.5000  kHz      -0.00001 mA    -5.42   ppm   138.18 ppm   -3.92
            1.0000  kHz      -0.00000 mA    -2.12   ppm   138.18 ppm   -1.54
             2.000  kHz      -0.00000 mA    -1.66   ppm   727.27 ppm   -0.23
             5.000  kHz      -0.00001 mA    -3.82   ppm   727.27 ppm   -0.52
             7.000  kHz      -0.00000 mA    -0.0002 %       0.20 %     -0.11
            10.000  kHz      -0.00000 mA    -0.0001 %       0.20 %     -0.07

     22 mA      FS            -0.0001 mA    -2.59   ppm   138.18 ppm   -1.87
            0.5000  kHz       -0.0001 mA    -4.13   ppm   138.18 ppm   -2.99
            1.0000  kHz       -0.0000 mA    -1.72   ppm   138.18 ppm   -1.24
             2.000  kHz       -0.0001 mA    -2.33   ppm   727.27 ppm   -0.32
             5.000  kHz        0.0001 mA     3.32   ppm   727.27 ppm    0.46
             7.000  kHz       -0.0001 mA    -0.0003 %       0.20 %     -0.13
            10.000  kHz       -0.0000 mA     0.0000 %       0.20 %     -0.02

    220 mA      FS             -0.000 mA    -0.67   ppm   138.18 ppm   -0.49
            0.5000  kHz         0.000 mA     0.24   ppm   138.18 ppm    0.17
            1.0000  kHz        -0.000 mA    -2.08   ppm   138.18 ppm   -1.50
             2.000  kHz         0.000 mA     1.17   ppm   727.27 ppm    0.16
             5.000  kHz         0.000 mA     0.96   ppm   727.27 ppm    0.13
             7.000  kHz        -0.000 mA     0.0000 %       0.20 %     -0.01
            10.000  kHz        -0.001 mA    -0.0004 %       0.20 %     -0.21

      2.2A      FS            0.00000  A     0.08   ppm   618.18 ppm    0.01
            0.5000  kHz      -0.00000  A    -1.60   ppm   618.18 ppm   -0.26
            1.0000  kHz       0.00000  A     0.93   ppm   618.18 ppm    0.15
             2.000  kHz       0.00000  A     0.30   ppm   745.45 ppm    0.04
             5.000  kHz       0.00001  A     6.01   ppm   745.45 ppm    0.81
             7.000  kHz       0.00000  A     0.0000 %       0.81 %      0.00
            10.000  kHz       0.00001  A     0.0002 %       0.81 %      0.03





















    ------------------------------------------------------------------------
                            RESISTANCE OUTPUT SHIFTS
    ------------------------------------------------------------------------
            Point             Full Scale Shift                Spec   Shift  
                                                              (+/-) (% spec)

     0.0000000  Ohm      0.0000000  Ohm   0.00   Ohm         0.00 Ohm    0.00
     0.9996246  Ohm      0.0000000  Ohm   0.00   ppm        85.00 ppm    0.00
     1.8999896  Ohm      0.0000000  Ohm   0.00   ppm        85.00 ppm    0.00
     10.000230  Ohm      -0.000018  Ohm  -1.81   ppm        26.00 ppm   -6.96
     19.003431  Ohm       0.000026  Ohm   1.38   ppm        24.00 ppm    5.77
     100.00419  Ohm       -0.00003  Ohm  -0.30   ppm        15.00 ppm   -1.99
     190.00062  Ohm        0.00020  Ohm   1.06   ppm        15.00 ppm    7.09
     0.9999371 kOhm      0.0000002 kOhm   0.22   ppm        11.00 ppm    2.01
     1.8998908 kOhm     -0.0000001 kOhm  -0.04   ppm        11.00 ppm   -0.38
     10.000352 kOhm       0.000003 kOhm   0.27   ppm         9.00 ppm    2.94
     18.999532 kOhm      -0.000003 kOhm  -0.17   ppm         9.00 ppm   -1.84
      99.99774 kOhm       -0.00004 kOhm  -0.45   ppm        11.00 ppm   -4.06
     189.99294 kOhm       -0.00011 kOhm  -0.60   ppm        11.00 ppm   -5.43
     0.9998995 MOhm     -0.0000002 MOhm  -0.20   ppm        16.00 ppm   -1.22
     1.8998423 MOhm     -0.0000046 MOhm  -2.42   ppm        17.00 ppm  -14.24
      9.998530 MOhm      -0.000034 MOhm  -3.44   ppm        33.00 ppm  -10.44
     18.999494 MOhm      -0.000150 MOhm  -7.89   ppm        43.00 ppm  -18.34
     100.00730 MOhm        0.00043 MOhm   4.31   ppm       110.00 ppm    3.92







































