=~=~=~=~=~=~=~=~=~=~=~= PuTTY log 2021.04.09 14:33:49 =~=~=~=~=~=~=~=~=~=~=~=



    ------------------------------------------------------------------------
    JOHN FLUKE MFG. CO., INC.     S/N 4670009        5700A CALIBRATION CHECK
    PRINTED ON  9.04.21 AT 11:21:36 5700A  S/N 4670009
    ------------------------------------------------------------------------
    ------------------------------------------------------------------------
                                MODULES PRESENT
    ------------------------------------------------------------------------
    Software Revision JA*
    Switching Matrix
    DC Volt Module  
    AC Volt Module  
    220V Module     
    1100V/2A Module 
    Current Module  
    Ohms Module     
    Hires Osc Module
    Rear Panel      
    ------------------------------------------------------------------------
                   ARTIFACT CALIBRATION DATES AND TEMPERATURES
    ------------------------------------------------------------------------
    Specification Interval:     24hour

    MAIN OUTPUT:   (Most recent)   4.12.20,  21.4 Degrees C
                      (Previous)  24.10.20,  23.9 Degrees C
                      (CalCheck)   9.04.21,  27.1 Degrees C
           (Days since last cal)  126

    ZERO:          (Most recent)  23.01.21
           (Days since last cal)  76





































    ------------------------------------------------------------------------
                    EXTERNALLY CALIBRATED INTERNAL REFERENCES
    ------------------------------------------------------------------------

                     USED AS CHECK STANDARDS FOR THIS REPORT


    ------------------------------------------------------------------------
                            DC VOLTAGE OUTPUT SHIFTS
    ------------------------------------------------------------------------
    RANGE Point     Zero Shift       Full Scale Shift          Spec   Shift  
                                                              (+/-) (% spec)

    220 mV +FS    -0.00032 mV     0.00003 mV   0.12   ppm   9.91 ppm    1.16
           -FS    -0.00032 mV    -0.00065 mV  -2.95   ppm   9.91 ppm  -29.81

      2.2V +FS  -0.0000014  V  -0.0000013  V  -0.60   ppm   4.05 ppm  -14.91
           -FS  -0.0000014  V  -0.0000015  V  -0.66   ppm   4.05 ppm  -16.31

       11V +FS    0.000000  V   -0.000006  V  -0.56   ppm   3.77 ppm  -14.80
           -FS   -0.000000  V    0.000006  V   0.59   ppm   3.77 ppm   15.64

       22V +FS    0.000000  V    0.000008  V   0.36   ppm   3.77 ppm    9.64
           -FS   -0.000000  V   -0.000008  V  -0.37   ppm   3.77 ppm   -9.70

      220V +FS     0.00002  V     0.00026  V   1.20   ppm   5.45 ppm   22.07
           -FS     0.00003  V    -0.00021  V  -0.94   ppm   5.45 ppm  -17.17

     1100V +FS     -0.0000  V     -0.0007  V  -0.62   ppm   7.55 ppm   -8.26
           -FS     -0.0000  V      0.0007  V   0.59   ppm   7.55 ppm    7.87




































    ------------------------------------------------------------------------
                            AC VOLTAGE OUTPUT SHIFTS
    ------------------------------------------------------------------------
    RANGE        Point            Full Scale Shift            Spec   Shift  
                                                              (+/-) (% spec)

    2.2 mV      FS           0.000007 mV     0.0003 %       0.24 %      0.14
             20.00  kHz      0.000007 mV     0.0003 %       0.24 %      0.14
             50.00  kHz      0.000006 mV     0.0003 %       0.26 %      0.10
            100.00  kHz     -0.000002 mV    -0.0001 %       0.44 %     -0.02
            119.99  kHz      0.000001 mV     0.0000 %       0.79 %      0.00
            0.1200  MHz     -0.000001 mV     0.0000 %       0.79 %      0.00
            0.2000  MHz     -0.000018 mV    -0.0008 %       0.79 %     -0.10
            0.3000  MHz     -0.000022 mV    -0.0010 %       0.79 %     -0.13
            0.4000  MHz     -0.000038 mV    -0.0017 %       1.51 %     -0.11
            0.5000  MHz     -0.000047 mV    -0.0021 %       1.51 %     -0.14
            0.6000  MHz     -0.000065 mV    -0.0030 %       1.66 %     -0.18
            0.7000  MHz     -0.000081 mV    -0.0037 %       1.66 %     -0.22
            0.8000  MHz     -0.000101 mV    -0.0046 %       1.66 %     -0.28
            0.9000  MHz     -0.000118 mV    -0.0054 %       1.66 %     -0.32
            1.0000  MHz     -0.000162 mV    -0.0074 %       1.66 %     -0.44
            1.1000  MHz     -0.000181 mV    -0.0082 %    NO SPEC        0.00
            1.1999  MHz     -0.000212 mV    -0.0097 %    NO SPEC        0.00

     22 mV      FS            0.00009 mV     4.28   ppm   372.73 ppm    1.15
             20.00  kHz       0.00005 mV     2.40   ppm   372.73 ppm    0.64
             50.00  kHz       0.00006 mV     2.69   ppm   612.73 ppm    0.44
            100.00  kHz      -0.00005 mV    -0.0002 %       0.12 %     -0.19
            119.99  kHz      -0.00004 mV    -0.0002 %       0.18 %     -0.10
            0.1200  MHz      -0.00003 mV    -0.0001 %       0.18 %     -0.07
            0.2000  MHz       0.00032 mV     0.0015 %       0.18 %      0.82
            0.3000  MHz      -0.00074 mV    -0.0034 %       0.18 %     -1.88
            0.4000  MHz      -0.00052 mV    -0.0024 %       0.29 %     -0.83
            0.5000  MHz      -0.00061 mV    -0.0028 %       0.29 %     -0.97
            0.6000  MHz      -0.00083 mV    -0.0038 %       0.44 %     -0.87
            0.7000  MHz      -0.00089 mV    -0.0041 %       0.44 %     -0.93
            0.8000  MHz      -0.00049 mV    -0.0022 %       0.44 %     -0.51
            0.9000  MHz      -0.00118 mV    -0.0054 %       0.44 %     -1.23
            1.0000  MHz      -0.00166 mV    -0.0075 %       0.44 %     -1.73
            1.1000  MHz      -0.00214 mV    -0.0097 %    NO SPEC        0.00
            1.1999  MHz      -0.00250 mV    -0.0114 %    NO SPEC        0.00

    220 mV      FS             0.0000 mV     0.22   ppm   140.45 ppm    0.15
             20.00  kHz        0.0000 mV     0.21   ppm   140.45 ppm    0.15
             50.00  kHz       -0.0001 mV    -0.56   ppm   345.45 ppm   -0.16
            100.00  kHz       -0.0009 mV    -3.91   ppm   886.36 ppm   -0.44
            119.99  kHz       -0.0006 mV    -0.0003 %       0.11 %     -0.26
            0.1200  MHz       -0.0007 mV    -0.0003 %       0.11 %     -0.31
            0.2000  MHz       -0.0025 mV    -0.0011 %       0.11 %     -1.04
            0.3000  MHz       -0.0029 mV    -0.0013 %       0.11 %     -1.21
            0.4000  MHz       -0.0045 mV    -0.0020 %       0.17 %     -1.21
            0.5000  MHz       -0.0053 mV    -0.0024 %       0.17 %     -1.44
            0.6000  MHz       -0.0072 mV    -0.0033 %       0.35 %     -0.95
            0.7000  MHz       -0.0087 mV    -0.0040 %       0.35 %     -1.15
            0.8000  MHz       -0.0108 mV    -0.0049 %       0.35 %     -1.42
            0.9000  MHz       -0.0125 mV    -0.0057 %       0.35 %     -1.64
            1.0000  MHz       -0.0169 mV    -0.0077 %       0.35 %     -2.23
            1.1000  MHz       -0.0188 mV    -0.0085 %    NO SPEC        0.00
            1.1999  MHz       -0.0219 mV    -0.0100 %    NO SPEC        0.00







      2.2V      FS          -0.000004  V    -1.59   ppm    73.18 ppm   -2.17
             20.00  kHz     -0.000004  V    -1.60   ppm    73.18 ppm   -2.19
             50.00  kHz     -0.000005  V    -2.33   ppm   129.09 ppm   -1.81
            100.00  kHz     -0.000013  V    -5.71   ppm   266.36 ppm   -2.14
            119.99  kHz     -0.000010  V    -4.56   ppm   468.18 ppm   -0.97
            0.1200  MHz     -0.000011  V    -5.14   ppm   468.18 ppm   -1.10
            0.2000  MHz     -0.000029  V   -13.03   ppm   468.18 ppm   -2.78
            0.3000  MHz     -0.000033  V   -14.83   ppm   468.18 ppm   -3.17
            0.4000  MHz     -0.000049  V    -0.0022 %       0.12 %     -1.88
            0.5000  MHz     -0.000057  V    -0.0026 %       0.12 %     -2.21
            0.6000  MHz     -0.000076  V    -0.0035 %       0.25 %     -1.41
            0.7000  MHz     -0.000091  V    -0.0042 %       0.25 %     -1.69
            0.8000  MHz     -0.000112  V    -0.0051 %       0.25 %     -2.07
            0.9000  MHz     -0.000129  V    -0.0058 %       0.25 %     -2.38
            1.0000  MHz     -0.000173  V    -0.0079 %       0.25 %     -3.21
            1.1000  MHz     -0.000191  V    -0.0087 %    NO SPEC        0.00
            1.1999  MHz     -0.000223  V    -0.0101 %    NO SPEC        0.00

       22V      FS           -0.00001  V    -0.59   ppm    73.18 ppm   -0.81
             20.00  kHz      -0.00005  V    -2.48   ppm    73.18 ppm   -3.39
             50.00  kHz      -0.00005  V    -2.18   ppm   129.09 ppm   -1.69
            100.00  kHz      -0.00015  V    -7.04   ppm   248.18 ppm   -2.84
            119.99  kHz      -0.00015  V    -6.73   ppm   577.27 ppm   -1.17
            0.1200  MHz      -0.00014  V    -6.21   ppm   577.27 ppm   -1.08
            0.2000  MHz       0.00022  V     9.78   ppm   577.27 ppm    1.69
            0.3000  MHz      -0.00084  V   -38.36   ppm   577.27 ppm   -6.65
            0.4000  MHz      -0.00063  V    -0.0029 %       0.14 %     -2.00
            0.5000  MHz      -0.00072  V    -0.0033 %       0.14 %     -2.29
            0.6000  MHz      -0.00094  V    -0.0043 %       0.30 %     -1.42
            0.7000  MHz      -0.00100  V    -0.0046 %       0.30 %     -1.51
            0.8000  MHz      -0.00060  V    -0.0027 %       0.30 %     -0.91
            0.9000  MHz      -0.00128  V    -0.0058 %       0.30 %     -1.94
            1.0000  MHz      -0.00176  V    -0.0080 %       0.30 %     -2.66
            1.1000  MHz      -0.00225  V    -0.0102 %    NO SPEC        0.00
            1.1999  MHz      -0.00261  V    -0.0119 %    NO SPEC        0.00

      220V      FS            -0.0010  V    -4.49   ppm    79.55 ppm   -5.64
             5.000  kHz       -0.0020  V    -9.09   ppm    79.55 ppm  -11.43
            10.000  kHz       -0.0009  V    -4.04   ppm    79.55 ppm   -5.07
             20.00  kHz       -0.0018  V    -8.22   ppm    79.55 ppm  -10.33
             50.00  kHz       -0.0010  V    -4.47   ppm   218.18 ppm   -2.05
            100.00  kHz       -0.0042  V   -19.08   ppm   545.45 ppm   -3.50
            119.99  kHz       -0.0045  V    -0.0020 %       0.20 %     -1.02
            0.1200  MHz       -0.0060  V    -0.0027 %       0.20 %     -1.37
            0.2000  MHz       -0.0152  V    -0.0069 %       0.20 %     -3.46
            0.3000  MHz       -0.0282  V    -0.0128 %       0.20 %     -6.41
            0.4000  MHz       -0.0416  V    -0.0189 %       0.55 %     -3.44
            0.5000  MHz       -0.0543  V    -0.0247 %       0.55 %     -4.49
            0.6000  MHz       -0.0665  V    -0.0302 %       1.30 %     -2.32
            0.7000  MHz       -0.0756  V    -0.0344 %       1.30 %     -2.64
            0.8000  MHz       -0.0898  V    -0.0408 %       1.30 %     -3.14
            0.9000  MHz       -0.1294  V    -0.0588 %       1.30 %     -4.52
            1.0000  MHz       -0.1666  V    -0.0757 %       1.30 %     -5.82

     1100V      FS             -0.001  V    -0.62   ppm    78.64 ppm   -0.79
            0.3000  kHz        -0.002  V    -1.97   ppm    78.64 ppm   -2.50
            0.5000  kHz         0.003  V     2.59   ppm    78.64 ppm    3.30
            0.7000  kHz        -0.003  V    -2.57   ppm    78.64 ppm   -3.26
            1.0000  kHz        -0.002  V    -1.55   ppm    78.64 ppm   -1.98







    ------------------------------------------------------------------------
                            DC CURRENT OUTPUT SHIFTS
    ------------------------------------------------------------------------
    RANGE Point     Zero Shift       Full Scale Shift          Spec   Shift  
                                                              (+/-) (% spec)

    220 uA +FS      0.0004 uA      0.0001 uA   0.23   ppm  90.45 ppm    0.26
           -FS      0.0004 uA      0.0008 uA   3.52   ppm  90.45 ppm    3.90

    2.2 mA +FS    0.000002 mA   -0.000000 mA  -0.15   ppm  49.55 ppm   -0.31
           -FS    0.000002 mA    0.000004 mA   1.71   ppm  49.55 ppm    3.46

     22 mA +FS     0.00001 mA    -0.00002 mA  -1.05   ppm  49.55 ppm   -2.13
           -FS     0.00001 mA     0.00005 mA   2.23   ppm  49.55 ppm    4.49

    220 mA +FS      0.0001 mA     -0.0000 mA  -0.19   ppm  69.23 ppm   -0.27
           -FS      0.0002 mA      0.0003 mA   1.52   ppm  69.23 ppm    2.20

      2.2A +FS    0.000001  A   -0.000004  A  -1.62   ppm 137.04 ppm   -1.18
           -FS    0.000002  A    0.000007  A   3.01   ppm 137.04 ppm    2.19














































    ------------------------------------------------------------------------
                            AC CURRENT OUTPUT SHIFTS
    ------------------------------------------------------------------------
    RANGE        Point            Full Scale Shift            Spec   Shift  
                                                              (+/-) (% spec)

    220 uA      FS             -0.001 uA    -2.59   ppm   210.91 ppm   -1.23
            0.5000  kHz        -0.001 uA    -2.35   ppm   210.91 ppm   -1.11
            1.0000  kHz        -0.001 uA    -3.72   ppm   210.91 ppm   -1.76
             2.000  kHz        -0.000 uA    -2.22   ppm   727.27 ppm   -0.31
             5.000  kHz        -0.000 uA    -0.60   ppm   727.27 ppm   -0.08
             7.000  kHz        -0.001 uA    -0.0002 %       0.20 %     -0.12
            10.000  kHz        -0.001 uA    -0.0005 %       0.20 %     -0.23

    2.2 mA      FS           -0.00000 mA    -1.92   ppm   138.18 ppm   -1.39
            0.5000  kHz      -0.00001 mA    -3.43   ppm   138.18 ppm   -2.48
            1.0000  kHz      -0.00001 mA    -3.07   ppm   138.18 ppm   -2.22
             2.000  kHz      -0.00001 mA    -2.36   ppm   727.27 ppm   -0.32
             5.000  kHz       0.00000 mA     0.79   ppm   727.27 ppm    0.11
             7.000  kHz      -0.00000 mA     0.0000 %       0.20 %     -0.01
            10.000  kHz      -0.00000 mA    -0.0001 %       0.20 %     -0.04

     22 mA      FS            -0.0001 mA    -2.64   ppm   138.18 ppm   -1.91
            0.5000  kHz       -0.0001 mA    -5.15   ppm   138.18 ppm   -3.73
            1.0000  kHz       -0.0001 mA    -4.31   ppm   138.18 ppm   -3.12
             2.000  kHz       -0.0000 mA    -0.07   ppm   727.27 ppm   -0.01
             5.000  kHz       -0.0001 mA    -5.75   ppm   727.27 ppm   -0.79
             7.000  kHz       -0.0000 mA    -0.0001 %       0.20 %     -0.04
            10.000  kHz       -0.0001 mA    -0.0005 %       0.20 %     -0.26

    220 mA      FS             -0.000 mA    -1.82   ppm   138.18 ppm   -1.31
            0.5000  kHz         0.000 mA     0.59   ppm   138.18 ppm    0.42
            1.0000  kHz        -0.000 mA    -0.47   ppm   138.18 ppm   -0.34
             2.000  kHz        -0.001 mA    -3.45   ppm   727.27 ppm   -0.47
             5.000  kHz        -0.000 mA    -1.39   ppm   727.27 ppm   -0.19
             7.000  kHz        -0.001 mA    -0.0007 %       0.20 %     -0.34
            10.000  kHz        -0.001 mA    -0.0005 %       0.20 %     -0.26

      2.2A      FS           -0.00001  A    -3.27   ppm   618.18 ppm   -0.53
            0.5000  kHz      -0.00001  A    -5.88   ppm   618.18 ppm   -0.95
            1.0000  kHz      -0.00001  A    -4.95   ppm   618.18 ppm   -0.80
             2.000  kHz      -0.00000  A    -0.72   ppm   745.45 ppm   -0.10
             5.000  kHz      -0.00001  A    -6.43   ppm   745.45 ppm   -0.86
             7.000  kHz      -0.00000  A    -0.0001 %       0.81 %     -0.02
            10.000  kHz      -0.00001  A    -0.0006 %       0.81 %     -0.07





















    ------------------------------------------------------------------------
                            RESISTANCE OUTPUT SHIFTS
    ------------------------------------------------------------------------
            Point             Full Scale Shift                Spec   Shift  
                                                              (+/-) (% spec)

     0.0000000  Ohm      0.0000000  Ohm   0.00   Ohm         0.00 Ohm    0.00
     0.9995930  Ohm      0.0000000  Ohm   0.00   ppm        85.00 ppm    0.00
     1.8999326  Ohm      0.0000000  Ohm   0.00   ppm        85.00 ppm    0.00
     10.000082  Ohm      -0.000009  Ohm  -0.85   ppm        26.00 ppm   -3.27
     19.003141  Ohm      -0.000008  Ohm  -0.45   ppm        24.00 ppm   -1.86
     100.00306  Ohm        0.00010  Ohm   0.98   ppm        15.00 ppm    6.56
     189.99857  Ohm        0.00024  Ohm   1.24   ppm        15.00 ppm    8.25
     0.9999282 kOhm      0.0000004 kOhm   0.37   ppm        11.00 ppm    3.40
     1.8998715 kOhm      0.0000004 kOhm   0.23   ppm        11.00 ppm    2.06
     10.000266 kOhm      -0.000007 kOhm  -0.67   ppm         9.00 ppm   -7.45
     18.999352 kOhm      -0.000014 kOhm  -0.74   ppm         9.00 ppm   -8.21
      99.99680 kOhm       -0.00008 kOhm  -0.81   ppm        11.00 ppm   -7.35
     189.99128 kOhm       -0.00011 kOhm  -0.60   ppm        11.00 ppm   -5.50
     0.9998914 MOhm     -0.0000023 MOhm  -2.31   ppm        16.00 ppm  -14.43
     1.8998289 MOhm     -0.0000057 MOhm  -3.01   ppm        17.00 ppm  -17.69
      9.998427 MOhm      -0.000020 MOhm  -1.97   ppm        33.00 ppm   -5.98
     18.999391 MOhm      -0.000076 MOhm  -4.00   ppm        43.00 ppm   -9.31
     100.00585 MOhm       -0.00045 MOhm  -4.47   ppm       110.00 ppm   -4.06







































