=~=~=~=~=~=~=~=~=~=~=~= PuTTY log 2021.07.28 19:41:47 =~=~=~=~=~=~=~=~=~=~=~=



    ------------------------------------------------------------------------
    JOHN FLUKE MFG. CO., INC.     S/N 4670009        5700A CALIBRATION CHECK
    PRINTED ON 28.07.21 AT 15:27:06 5700A  S/N 4670009
    ------------------------------------------------------------------------
    ------------------------------------------------------------------------
                                MODULES PRESENT
    ------------------------------------------------------------------------
    Software Revision JA*
    Switching Matrix
    DC Volt Module  
    AC Volt Module  
    220V Module     
    1100V/2A Module 
    Current Module  
    Ohms Module     
    Hires Osc Module
    Rear Panel      
    ------------------------------------------------------------------------
                   ARTIFACT CALIBRATION DATES AND TEMPERATURES
    ------------------------------------------------------------------------
    Specification Interval:     24hour

    MAIN OUTPUT:   (Most recent)  28.07.21,  24.0 Degrees C
                      (Previous)  19.07.21,  24.0 Degrees C
                      (CalCheck)  28.07.21,  24.0 Degrees C
           (Days since last cal)  0

    ZERO:          (Most recent)  28.07.21
           (Days since last cal)  0





































    ------------------------------------------------------------------------
                    EXTERNALLY CALIBRATED INTERNAL REFERENCES
    ------------------------------------------------------------------------
        REFERENCE            Most Recent          Previous       Shift (ppm)
    6.5 V DC Reference          6.529915          6.529897              2.80
    13 V  DC Reference         13.061354         13.061316              2.96
    Resistance Reference       0.9999842         0.9999843             -0.05
    1.0 Ohm Resistor           0.9996278         0.9996209              6.88
    1.9 Ohm Resistor           1.8999628         1.8999864            -12.38


    ------------------------------------------------------------------------
                            DC VOLTAGE OUTPUT SHIFTS
    ------------------------------------------------------------------------
    RANGE Point     Zero Shift       Full Scale Shift          Spec   Shift  
                                                              (+/-) (% spec)

    220 mV +FS    -0.00004 mV     0.00008 mV   0.34   ppm   9.91 ppm    3.47
           -FS    -0.00004 mV     0.00085 mV   3.87   ppm   9.91 ppm   39.09

      2.2V +FS  -0.0000006  V   0.0000065  V   2.96   ppm   4.05 ppm   73.25
           -FS  -0.0000006  V   0.0000024  V   1.10   ppm   4.05 ppm   27.11

       11V +FS    0.000000  V    0.000036  V   3.23   ppm   3.77 ppm   85.55
           -FS    0.000000  V    0.000015  V   1.36   ppm   3.77 ppm   36.08

       22V +FS    0.000000  V    0.000063  V   2.84   ppm   3.77 ppm   75.32
           -FS    0.000000  V   -0.000001  V  -0.07   ppm   3.77 ppm   -1.74

      220V +FS    -0.00004  V    -0.00055  V  -2.51   ppm   5.45 ppm  -45.93
           -FS    -0.00004  V    -0.00053  V  -2.42   ppm   5.45 ppm  -44.34

     1100V +FS      0.0000  V     -0.0033  V  -2.98   ppm   7.55 ppm  -39.45
           -FS     -0.0000  V     -0.0018  V  -1.61   ppm   7.55 ppm  -21.36
































    ------------------------------------------------------------------------
                            AC VOLTAGE OUTPUT SHIFTS
    ------------------------------------------------------------------------
    RANGE        Point            Full Scale Shift            Spec   Shift  
                                                              (+/-) (% spec)

    2.2 mV      FS          -0.000005 mV    -0.0002 %       0.24 %     -0.09
             20.00  kHz     -0.000000 mV     0.0000 %       0.24 %     -0.01
             50.00  kHz      0.000000 mV     0.0000 %       0.26 %      0.01
            100.00  kHz      0.000002 mV     0.0001 %       0.44 %      0.02
            119.99  kHz      0.000004 mV     0.0002 %       0.79 %      0.02
            0.1200  MHz      0.000011 mV     0.0005 %       0.79 %      0.06
            0.2000  MHz      0.000038 mV     0.0017 %       0.79 %      0.22
            0.3000  MHz      0.000086 mV     0.0039 %       0.79 %      0.50
            0.4000  MHz      0.000090 mV     0.0041 %       1.51 %      0.27
            0.5000  MHz      0.000083 mV     0.0038 %       1.51 %      0.25
            0.6000  MHz      0.000110 mV     0.0050 %       1.66 %      0.30
            0.7000  MHz      0.000148 mV     0.0067 %       1.66 %      0.40
            0.8000  MHz      0.000195 mV     0.0088 %       1.66 %      0.53
            0.9000  MHz      0.000234 mV     0.0106 %       1.66 %      0.64
            1.0000  MHz      0.000292 mV     0.0133 %       1.66 %      0.80
            1.1000  MHz      0.000354 mV     0.0161 %    NO SPEC        0.00
            1.1999  MHz      0.000415 mV     0.0189 %    NO SPEC        0.00

     22 mV      FS           -0.00005 mV    -2.10   ppm   372.73 ppm   -0.56
             20.00  kHz      -0.00003 mV    -1.51   ppm   372.73 ppm   -0.40
             50.00  kHz      -0.00001 mV    -0.32   ppm   612.73 ppm   -0.05
            100.00  kHz       0.00012 mV     0.0006 %       0.12 %      0.48
            119.99  kHz       0.00014 mV     0.0006 %       0.18 %      0.35
            0.1200  MHz       0.00023 mV     0.0010 %       0.18 %      0.58
            0.2000  MHz       0.00049 mV     0.0022 %       0.18 %      1.26
            0.3000  MHz       0.00061 mV     0.0028 %       0.18 %      1.57
            0.4000  MHz       0.00056 mV     0.0026 %       0.29 %      0.89
            0.5000  MHz       0.00077 mV     0.0035 %       0.29 %      1.22
            0.6000  MHz       0.00104 mV     0.0047 %       0.44 %      1.08
            0.7000  MHz       0.00118 mV     0.0054 %       0.44 %      1.23
            0.8000  MHz       0.00167 mV     0.0076 %       0.44 %      1.74
            0.9000  MHz       0.00147 mV     0.0067 %       0.44 %      1.53
            1.0000  MHz       0.00287 mV     0.0131 %       0.44 %      2.99
            1.1000  MHz       0.00368 mV     0.0167 %    NO SPEC        0.00
            1.1999  MHz       0.00376 mV     0.0171 %    NO SPEC        0.00

    220 mV      FS             0.0001 mV     0.24   ppm   140.45 ppm    0.17
             20.00  kHz        0.0005 mV     2.21   ppm   140.45 ppm    1.58
             50.00  kHz        0.0006 mV     2.51   ppm   345.45 ppm    0.73
            100.00  kHz        0.0007 mV     3.06   ppm   886.36 ppm    0.35
            119.99  kHz        0.0009 mV     0.0004 %       0.11 %      0.38
            0.1200  MHz        0.0016 mV     0.0007 %       0.11 %      0.66
            0.2000  MHz        0.0043 mV     0.0020 %       0.11 %      1.83
            0.3000  MHz        0.0092 mV     0.0042 %       0.11 %      3.87
            0.4000  MHz        0.0095 mV     0.0043 %       0.17 %      2.57
            0.5000  MHz        0.0088 mV     0.0040 %       0.17 %      2.37
            0.6000  MHz        0.0115 mV     0.0052 %       0.35 %      1.52
            0.7000  MHz        0.0153 mV     0.0070 %       0.35 %      2.01
            0.8000  MHz        0.0200 mV     0.0091 %       0.35 %      2.63
            0.9000  MHz        0.0239 mV     0.0109 %       0.35 %      3.14
            1.0000  MHz        0.0297 mV     0.0135 %       0.35 %      3.91
            1.1000  MHz        0.0359 mV     0.0163 %    NO SPEC        0.00
            1.1999  MHz        0.0420 mV     0.0191 %    NO SPEC        0.00







      2.2V      FS           0.000006  V     2.94   ppm    73.18 ppm    4.01
             20.00  kHz      0.000011  V     4.91   ppm    73.18 ppm    6.71
             50.00  kHz      0.000011  V     5.21   ppm   129.09 ppm    4.03
            100.00  kHz      0.000013  V     5.76   ppm   266.36 ppm    2.16
            119.99  kHz      0.000015  V     6.83   ppm   468.18 ppm    1.46
            0.1200  MHz      0.000022  V     9.83   ppm   468.18 ppm    2.10
            0.2000  MHz      0.000049  V    22.35   ppm   468.18 ppm    4.77
            0.3000  MHz      0.000098  V    44.33   ppm   468.18 ppm    9.47
            0.4000  MHz      0.000101  V     0.0046 %       0.12 %      3.88
            0.5000  MHz      0.000094  V     0.0043 %       0.12 %      3.60
            0.6000  MHz      0.000121  V     0.0055 %       0.25 %      2.25
            0.7000  MHz      0.000159  V     0.0072 %       0.25 %      2.94
            0.8000  MHz      0.000206  V     0.0093 %       0.25 %      3.81
            0.9000  MHz      0.000245  V     0.0111 %       0.25 %      4.53
            1.0000  MHz      0.000303  V     0.0138 %       0.25 %      5.62
            1.1000  MHz      0.000365  V     0.0166 %    NO SPEC        0.00
            1.1999  MHz      0.000426  V     0.0194 %    NO SPEC        0.00

       22V      FS            0.00006  V     2.94   ppm    73.18 ppm    4.01
             20.00  kHz       0.00008  V     3.53   ppm    73.18 ppm    4.83
             50.00  kHz       0.00010  V     4.72   ppm   129.09 ppm    3.66
            100.00  kHz       0.00023  V    10.67   ppm   248.18 ppm    4.30
            119.99  kHz       0.00025  V    11.22   ppm   577.27 ppm    1.94
            0.1200  MHz       0.00034  V    15.41   ppm   577.27 ppm    2.67
            0.2000  MHz       0.00060  V    27.47   ppm   577.27 ppm    4.76
            0.3000  MHz       0.00072  V    32.94   ppm   577.27 ppm    5.71
            0.4000  MHz       0.00067  V     0.0031 %       0.14 %      2.14
            0.5000  MHz       0.00088  V     0.0040 %       0.14 %      2.81
            0.6000  MHz       0.00115  V     0.0052 %       0.30 %      1.74
            0.7000  MHz       0.00129  V     0.0059 %       0.30 %      1.95
            0.8000  MHz       0.00178  V     0.0081 %       0.30 %      2.69
            0.9000  MHz       0.00158  V     0.0072 %       0.30 %      2.39
            1.0000  MHz       0.00298  V     0.0136 %       0.30 %      4.51
            1.1000  MHz       0.00379  V     0.0172 %    NO SPEC        0.00
            1.1999  MHz       0.00387  V     0.0176 %    NO SPEC        0.00

      220V      FS             0.0006  V     2.94   ppm    79.55 ppm    3.69
             5.000  kHz        0.0006  V     2.94   ppm    79.55 ppm    3.69
            10.000  kHz        0.0011  V     4.96   ppm    79.55 ppm    6.23
             20.00  kHz       -0.0001  V    -0.32   ppm    79.55 ppm   -0.40
             50.00  kHz        0.0012  V     5.63   ppm   218.18 ppm    2.58
            100.00  kHz        0.0008  V     3.50   ppm   545.45 ppm    0.64
            119.99  kHz        0.0005  V     0.0002 %       0.20 %      0.11
            0.1200  MHz        0.0020  V     0.0009 %       0.20 %      0.44
            0.2000  MHz       -0.0001  V    -0.0001 %       0.20 %     -0.03
            0.3000  MHz        0.0016  V     0.0007 %       0.20 %      0.36
            0.4000  MHz        0.0017  V     0.0008 %       0.55 %      0.14
            0.5000  MHz        0.0019  V     0.0008 %       0.55 %      0.15
            0.6000  MHz        0.0066  V     0.0030 %       1.30 %      0.23
            0.7000  MHz       -0.0060  V    -0.0027 %       1.30 %     -0.21
            0.8000  MHz        0.0012  V     0.0005 %       1.30 %      0.04
            0.9000  MHz       -0.0061  V    -0.0028 %       1.30 %     -0.21
            1.0000  MHz       -0.0049  V    -0.0022 %       1.30 %     -0.17

     1100V      FS              0.001  V     1.03   ppm    78.64 ppm    1.31
            0.3000  kHz         0.006  V     5.19   ppm    78.64 ppm    6.60
            0.5000  kHz         0.004  V     3.77   ppm    78.64 ppm    4.80
            0.7000  kHz        -0.000  V    -0.19   ppm    78.64 ppm   -0.24
            1.0000  kHz         0.002  V     1.38   ppm    78.64 ppm    1.76







    ------------------------------------------------------------------------
                            DC CURRENT OUTPUT SHIFTS
    ------------------------------------------------------------------------
    RANGE Point     Zero Shift       Full Scale Shift          Spec   Shift  
                                                              (+/-) (% spec)

    220 uA +FS     -0.0005 uA      0.0004 uA   1.90   ppm  90.45 ppm    2.10
           -FS     -0.0005 uA     -0.0007 uA  -3.40   ppm  90.45 ppm   -3.76

    2.2 mA +FS   -0.000002 mA    0.000010 mA   4.32   ppm  49.55 ppm    8.73
           -FS   -0.000002 mA   -0.000007 mA  -3.16   ppm  49.55 ppm   -6.38

     22 mA +FS    -0.00000 mA     0.00018 mA   8.33   ppm  49.55 ppm   16.82
           -FS    -0.00000 mA    -0.00013 mA  -5.92   ppm  49.55 ppm  -11.95

    220 mA +FS     -0.0000 mA      0.0020 mA   9.23   ppm  69.23 ppm   13.33
           -FS     -0.0000 mA     -0.0015 mA  -6.79   ppm  69.23 ppm   -9.81

      2.2A +FS   -0.000001  A    0.000027  A  12.48   ppm 137.04 ppm    9.11
           -FS   -0.000001  A   -0.000024  A -10.86   ppm 137.04 ppm   -7.93














































    ------------------------------------------------------------------------
                            AC CURRENT OUTPUT SHIFTS
    ------------------------------------------------------------------------
    RANGE        Point            Full Scale Shift            Spec   Shift  
                                                              (+/-) (% spec)

    220 uA      FS              0.001 uA     4.13   ppm   210.91 ppm    1.96
            0.5000  kHz         0.001 uA     2.71   ppm   210.91 ppm    1.28
            1.0000  kHz         0.001 uA     4.00   ppm   210.91 ppm    1.90
             2.000  kHz         0.001 uA     2.48   ppm   727.27 ppm    0.34
             5.000  kHz        -0.000 uA    -1.68   ppm   727.27 ppm   -0.23
             7.000  kHz        -0.000 uA     0.0000 %       0.20 %     -0.02
            10.000  kHz        -0.001 uA    -0.0005 %       0.20 %     -0.25

    2.2 mA      FS            0.00001 mA     5.22   ppm   138.18 ppm    3.78
            0.5000  kHz       0.00002 mA     7.29   ppm   138.18 ppm    5.28
            1.0000  kHz       0.00001 mA     6.23   ppm   138.18 ppm    4.51
             2.000  kHz       0.00001 mA     5.43   ppm   727.27 ppm    0.75
             5.000  kHz       0.00001 mA     5.83   ppm   727.27 ppm    0.80
             7.000  kHz       0.00001 mA     0.0003 %       0.20 %      0.13
            10.000  kHz       0.00001 mA     0.0006 %       0.20 %      0.32

     22 mA      FS             0.0002 mA     8.61   ppm   138.18 ppm    6.23
            0.5000  kHz        0.0002 mA    10.69   ppm   138.18 ppm    7.74
            1.0000  kHz        0.0001 mA     5.90   ppm   138.18 ppm    4.27
             2.000  kHz        0.0001 mA     6.69   ppm   727.27 ppm    0.92
             5.000  kHz        0.0002 mA    10.43   ppm   727.27 ppm    1.43
             7.000  kHz        0.0001 mA     0.0005 %       0.20 %      0.25
            10.000  kHz        0.0002 mA     0.0008 %       0.20 %      0.39

    220 mA      FS              0.002 mA     9.49   ppm   138.18 ppm    6.87
            0.5000  kHz         0.003 mA    11.65   ppm   138.18 ppm    8.43
            1.0000  kHz         0.002 mA    11.35   ppm   138.18 ppm    8.21
             2.000  kHz         0.003 mA    11.51   ppm   727.27 ppm    1.58
             5.000  kHz         0.002 mA     7.93   ppm   727.27 ppm    1.09
             7.000  kHz         0.003 mA     0.0015 %       0.20 %      0.74
            10.000  kHz         0.004 mA     0.0017 %       0.20 %      0.85

      2.2A      FS            0.00003  A    13.15   ppm   618.18 ppm    2.13
            0.5000  kHz       0.00003  A    15.24   ppm   618.18 ppm    2.46
            1.0000  kHz       0.00002  A    10.44   ppm   618.18 ppm    1.69
             2.000  kHz       0.00002  A    11.23   ppm   745.45 ppm    1.51
             5.000  kHz       0.00003  A    14.97   ppm   745.45 ppm    2.01
             7.000  kHz       0.00002  A     0.0009 %       0.81 %      0.12
            10.000  kHz       0.00003  A     0.0012 %       0.81 %      0.15





















    ------------------------------------------------------------------------
                            RESISTANCE OUTPUT SHIFTS
    ------------------------------------------------------------------------
            Point             Full Scale Shift                Spec   Shift  
                                                              (+/-) (% spec)

     0.0000000  Ohm      0.0000000  Ohm   0.00   Ohm         0.00 Ohm    0.00
     0.9996209  Ohm      0.0000069  Ohm   6.88   ppm        85.00 ppm    8.09
     1.8999864  Ohm     -0.0000235  Ohm -12.38   ppm        85.00 ppm  -14.56
     10.000234  Ohm      -0.000028  Ohm  -2.79   ppm        26.00 ppm  -10.73
     19.003464  Ohm      -0.000048  Ohm  -2.51   ppm        24.00 ppm  -10.47
     100.00429  Ohm       -0.00024  Ohm  -2.36   ppm        15.00 ppm  -15.75
     190.00059  Ohm       -0.00011  Ohm  -0.59   ppm        15.00 ppm   -3.90
     0.9999374 kOhm     -0.0000005 kOhm  -0.49   ppm        11.00 ppm   -4.45
     1.8998908 kOhm      0.0000017 kOhm   0.88   ppm        11.00 ppm    7.96
     10.000352 kOhm       0.000000 kOhm   0.02   ppm         9.00 ppm    0.17
     18.999530 kOhm       0.000013 kOhm   0.68   ppm         9.00 ppm    7.51
      99.99764 kOhm        0.00012 kOhm   1.17   ppm        11.00 ppm   10.67
     189.99269 kOhm        0.00005 kOhm   0.26   ppm        11.00 ppm    2.34
     0.9998990 MOhm      0.0000008 MOhm   0.84   ppm        16.00 ppm    5.26
     1.8998404 MOhm     -0.0000018 MOhm  -0.95   ppm        17.00 ppm   -5.61
      9.998510 MOhm       0.000023 MOhm   2.27   ppm        33.00 ppm    6.88
     18.999452 MOhm      -0.000031 MOhm  -1.65   ppm        43.00 ppm   -3.84
     100.00729 MOhm       -0.00000 MOhm  -0.05   ppm       110.00 ppm   -0.04







































  