=~=~=~=~=~=~=~=~=~=~=~= PuTTY log 2021.08.04 08:37:15 =~=~=~=~=~=~=~=~=~=~=~=



    ------------------------------------------------------------------------
    JOHN FLUKE MFG. CO., INC.     S/N 4670009        5700A CALIBRATION CHECK
    PRINTED ON  4.08.21 AT  4:22:24 5700A  S/N 4670009
    ------------------------------------------------------------------------
    ------------------------------------------------------------------------
                                MODULES PRESENT
    ------------------------------------------------------------------------
    Software Revision JA*
    Switching Matrix
    DC Volt Module  
    AC Volt Module  
    220V Module     
    1100V/2A Module 
    Current Module  
    Ohms Module     
    Hires Osc Module
    Rear Panel      
    ------------------------------------------------------------------------
                   ARTIFACT CALIBRATION DATES AND TEMPERATURES
    ------------------------------------------------------------------------
    Specification Interval:     24hour

    MAIN OUTPUT:   (Most recent)   3.08.21,  24.0 Degrees C
                      (Previous)   3.08.21,  24.0 Degrees C
                      (CalCheck)   4.08.21,  24.0 Degrees C
           (Days since last cal)  1

    ZERO:          (Most recent)   3.08.21
           (Days since last cal)  1





































    ------------------------------------------------------------------------
                    EXTERNALLY CALIBRATED INTERNAL REFERENCES
    ------------------------------------------------------------------------
        REFERENCE            Most Recent          Previous       Shift (ppm)
    6.5 V DC Reference          6.529902          6.529900              0.41
    13 V  DC Reference         13.061325         13.061325              0.00
    Resistance Reference       0.9999839         0.9999841             -0.16
    1.0 Ohm Resistor           0.9996148         0.9996200             -5.19
    1.9 Ohm Resistor           1.8999618         1.8999736             -6.22


    ------------------------------------------------------------------------
                            DC VOLTAGE OUTPUT SHIFTS
    ------------------------------------------------------------------------
    RANGE Point     Zero Shift       Full Scale Shift          Spec   Shift  
                                                              (+/-) (% spec)

    220 mV +FS     0.00000 mV    -0.00000 mV   0.00   ppm   9.91 ppm   -0.02
           -FS     0.00000 mV     0.00001 mV   0.03   ppm   9.91 ppm    0.26

      2.2V +FS   0.0000002  V   0.0000016  V   0.72   ppm   4.05 ppm   17.80
           -FS   0.0000002  V  -0.0000011  V  -0.51   ppm   4.05 ppm  -12.69

       11V +FS    0.000000  V    0.000000  V   0.00   ppm   3.77 ppm    0.00
           -FS    0.000000  V    0.000000  V   0.02   ppm   3.77 ppm    0.61

       22V +FS    0.000000  V    0.000010  V   0.47   ppm   3.77 ppm   12.53
           -FS    0.000000  V   -0.000010  V  -0.47   ppm   3.77 ppm  -12.49

      220V +FS     0.00000  V     0.00044  V   2.01   ppm   5.45 ppm   36.79
           -FS     0.00000  V    -0.00045  V  -2.03   ppm   5.45 ppm  -37.21

     1100V +FS      0.0000  V      0.0012  V   1.11   ppm   7.55 ppm   14.76
           -FS      0.0000  V     -0.0013  V  -1.14   ppm   7.55 ppm  -15.07
































    ------------------------------------------------------------------------
                            AC VOLTAGE OUTPUT SHIFTS
    ------------------------------------------------------------------------
    RANGE        Point            Full Scale Shift            Spec   Shift  
                                                              (+/-) (% spec)

    2.2 mV      FS          -0.000006 mV    -0.0003 %       0.24 %     -0.12
             20.00  kHz     -0.000010 mV    -0.0004 %       0.24 %     -0.18
             50.00  kHz     -0.000005 mV    -0.0002 %       0.26 %     -0.10
            100.00  kHz     -0.000005 mV    -0.0002 %       0.44 %     -0.05
            119.99  kHz     -0.000004 mV    -0.0002 %       0.79 %     -0.02
            0.1200  MHz     -0.000004 mV    -0.0002 %       0.79 %     -0.03
            0.2000  MHz     -0.000009 mV    -0.0004 %       0.79 %     -0.05
            0.3000  MHz     -0.000013 mV    -0.0006 %       0.79 %     -0.07
            0.4000  MHz     -0.000016 mV    -0.0007 %       1.51 %     -0.05
            0.5000  MHz     -0.000022 mV    -0.0010 %       1.51 %     -0.07
            0.6000  MHz     -0.000033 mV    -0.0015 %       1.66 %     -0.09
            0.7000  MHz     -0.000043 mV    -0.0020 %       1.66 %     -0.12
            0.8000  MHz     -0.000056 mV    -0.0025 %       1.66 %     -0.15
            0.9000  MHz     -0.000062 mV    -0.0028 %       1.66 %     -0.17
            1.0000  MHz     -0.000076 mV    -0.0035 %       1.66 %     -0.21
            1.1000  MHz     -0.000080 mV    -0.0036 %    NO SPEC        0.00
            1.1999  MHz     -0.000098 mV    -0.0045 %    NO SPEC        0.00

     22 mV      FS           -0.00008 mV    -3.84   ppm   372.73 ppm   -1.03
             20.00  kHz      -0.00008 mV    -3.86   ppm   372.73 ppm   -1.04
             50.00  kHz      -0.00014 mV    -6.23   ppm   612.73 ppm   -1.02
            100.00  kHz       0.00001 mV     0.0001 %       0.12 %      0.06
            119.99  kHz       0.00000 mV     0.0000 %       0.18 %      0.01
            0.1200  MHz       0.00001 mV     0.0000 %       0.18 %      0.01
            0.2000  MHz      -0.00007 mV    -0.0003 %       0.18 %     -0.17
            0.3000  MHz      -0.00016 mV    -0.0007 %       0.18 %     -0.40
            0.4000  MHz      -0.00021 mV    -0.0010 %       0.29 %     -0.34
            0.5000  MHz      -0.00025 mV    -0.0012 %       0.29 %     -0.40
            0.6000  MHz      -0.00034 mV    -0.0016 %       0.44 %     -0.36
            0.7000  MHz      -0.00060 mV    -0.0027 %       0.44 %     -0.62
            0.8000  MHz      -0.00058 mV    -0.0026 %       0.44 %     -0.61
            0.9000  MHz      -0.00076 mV    -0.0035 %       0.44 %     -0.79
            1.0000  MHz      -0.00063 mV    -0.0029 %       0.44 %     -0.66
            1.1000  MHz      -0.00096 mV    -0.0043 %    NO SPEC        0.00
            1.1999  MHz      -0.00113 mV    -0.0051 %    NO SPEC        0.00

    220 mV      FS             0.0001 mV     0.26   ppm   140.45 ppm    0.18
             20.00  kHz       -0.0003 mV    -1.17   ppm   140.45 ppm   -0.83
             50.00  kHz        0.0001 mV     0.67   ppm   345.45 ppm    0.20
            100.00  kHz        0.0002 mV     0.92   ppm   886.36 ppm    0.10
            119.99  kHz        0.0003 mV     0.0002 %       0.11 %      0.14
            0.1200  MHz        0.0002 mV     0.0001 %       0.11 %      0.11
            0.2000  MHz       -0.0002 mV    -0.0001 %       0.11 %     -0.07
            0.3000  MHz       -0.0006 mV    -0.0003 %       0.11 %     -0.25
            0.4000  MHz       -0.0009 mV    -0.0004 %       0.17 %     -0.26
            0.5000  MHz       -0.0015 mV    -0.0007 %       0.17 %     -0.40
            0.6000  MHz       -0.0026 mV    -0.0012 %       0.35 %     -0.35
            0.7000  MHz       -0.0036 mV    -0.0017 %       0.35 %     -0.48
            0.8000  MHz       -0.0049 mV    -0.0022 %       0.35 %     -0.65
            0.9000  MHz       -0.0055 mV    -0.0025 %       0.35 %     -0.72
            1.0000  MHz       -0.0069 mV    -0.0031 %       0.35 %     -0.91
            1.1000  MHz       -0.0073 mV    -0.0033 %    NO SPEC        0.00
            1.1999  MHz       -0.0091 mV    -0.0042 %    NO SPEC        0.00







      2.2V      FS           0.000002  V     0.89   ppm    73.18 ppm    1.21
             20.00  kHz     -0.000001  V    -0.54   ppm    73.18 ppm   -0.74
             50.00  kHz      0.000003  V     1.30   ppm   129.09 ppm    1.01
            100.00  kHz      0.000003  V     1.55   ppm   266.36 ppm    0.58
            119.99  kHz      0.000005  V     2.18   ppm   468.18 ppm    0.47
            0.1200  MHz      0.000004  V     1.76   ppm   468.18 ppm    0.38
            0.2000  MHz     -0.000000  V    -0.13   ppm   468.18 ppm   -0.03
            0.3000  MHz     -0.000004  V    -2.02   ppm   468.18 ppm   -0.43
            0.4000  MHz     -0.000008  V    -0.0004 %       0.12 %     -0.31
            0.5000  MHz     -0.000013  V    -0.0006 %       0.12 %     -0.51
            0.6000  MHz     -0.000025  V    -0.0011 %       0.25 %     -0.46
            0.7000  MHz     -0.000035  V    -0.0016 %       0.25 %     -0.65
            0.8000  MHz     -0.000048  V    -0.0022 %       0.25 %     -0.88
            0.9000  MHz     -0.000054  V    -0.0024 %       0.25 %     -0.99
            1.0000  MHz     -0.000068  V    -0.0031 %       0.25 %     -1.25
            1.1000  MHz     -0.000071  V    -0.0032 %    NO SPEC        0.00
            1.1999  MHz     -0.000090  V    -0.0041 %    NO SPEC        0.00

       22V      FS           -0.00000  V    -0.04   ppm    73.18 ppm   -0.06
             20.00  kHz      -0.00000  V    -0.07   ppm    73.18 ppm   -0.09
             50.00  kHz      -0.00005  V    -2.44   ppm   129.09 ppm   -1.89
            100.00  kHz       0.00010  V     4.47   ppm   248.18 ppm    1.80
            119.99  kHz       0.00009  V     3.90   ppm   577.27 ppm    0.68
            0.1200  MHz       0.00009  V     4.02   ppm   577.27 ppm    0.70
            0.2000  MHz       0.00002  V     0.83   ppm   577.27 ppm    0.14
            0.3000  MHz      -0.00007  V    -3.38   ppm   577.27 ppm   -0.58
            0.4000  MHz      -0.00013  V    -0.0006 %       0.14 %     -0.41
            0.5000  MHz      -0.00017  V    -0.0008 %       0.14 %     -0.55
            0.6000  MHz      -0.00026  V    -0.0012 %       0.30 %     -0.39
            0.7000  MHz      -0.00052  V    -0.0023 %       0.30 %     -0.78
            0.8000  MHz      -0.00050  V    -0.0023 %       0.30 %     -0.75
            0.9000  MHz      -0.00068  V    -0.0031 %       0.30 %     -1.02
            1.0000  MHz      -0.00055  V    -0.0025 %       0.30 %     -0.83
            1.1000  MHz      -0.00087  V    -0.0040 %    NO SPEC        0.00
            1.1999  MHz      -0.00104  V    -0.0047 %    NO SPEC        0.00

      220V      FS             0.0002  V     0.89   ppm    79.55 ppm    1.12
             5.000  kHz       -0.0005  V    -2.48   ppm    79.55 ppm   -3.12
            10.000  kHz        0.0000  V     0.21   ppm    79.55 ppm    0.27
             20.00  kHz       -0.0004  V    -1.70   ppm    79.55 ppm   -2.13
             50.00  kHz        0.0010  V     4.48   ppm   218.18 ppm    2.05
            100.00  kHz       -0.0010  V    -4.50   ppm   545.45 ppm   -0.83
            119.99  kHz        0.0009  V     0.0004 %       0.20 %      0.20
            0.1200  MHz        0.0013  V     0.0006 %       0.20 %      0.29
            0.2000  MHz        0.0081  V     0.0037 %       0.20 %      1.85
            0.3000  MHz        0.0054  V     0.0024 %       0.20 %      1.22
            0.4000  MHz        0.0145  V     0.0066 %       0.55 %      1.20
            0.5000  MHz        0.0245  V     0.0111 %       0.55 %      2.02
            0.6000  MHz        0.0380  V     0.0173 %       1.30 %      1.33
            0.7000  MHz        0.0603  V     0.0274 %       1.30 %      2.11
            0.8000  MHz        0.0601  V     0.0273 %       1.30 %      2.10
            0.9000  MHz        0.0739  V     0.0336 %       1.30 %      2.59
            1.0000  MHz        0.0924  V     0.0420 %       1.30 %      3.23

     1100V      FS              0.001  V     1.05   ppm    78.64 ppm    1.33
            0.3000  kHz         0.001  V     1.22   ppm    78.64 ppm    1.55
            0.5000  kHz         0.002  V     1.81   ppm    78.64 ppm    2.30
            0.7000  kHz         0.002  V     1.97   ppm    78.64 ppm    2.50
            1.0000  kHz         0.003  V     3.07   ppm    78.64 ppm    3.91







    ------------------------------------------------------------------------
                            DC CURRENT OUTPUT SHIFTS
    ------------------------------------------------------------------------
    RANGE Point     Zero Shift       Full Scale Shift          Spec   Shift  
                                                              (+/-) (% spec)

    220 uA +FS      0.0001 uA     -0.0001 uA  -0.32   ppm  90.45 ppm   -0.36
           -FS      0.0001 uA      0.0003 uA   1.41   ppm  90.45 ppm    1.56

    2.2 mA +FS    0.000001 mA    0.000004 mA   1.94   ppm  49.55 ppm    3.91
           -FS    0.000001 mA   -0.000002 mA  -1.08   ppm  49.55 ppm   -2.17

     22 mA +FS     0.00000 mA     0.00005 mA   2.14   ppm  49.55 ppm    4.31
           -FS     0.00000 mA    -0.00004 mA  -1.89   ppm  49.55 ppm   -3.82

    220 mA +FS      0.0001 mA      0.0006 mA   2.59   ppm  69.23 ppm    3.74
           -FS      0.0001 mA     -0.0005 mA  -2.11   ppm  69.23 ppm   -3.05

      2.2A +FS    0.000001  A    0.000008  A   3.80   ppm 137.04 ppm    2.77
           -FS    0.000001  A   -0.000007  A  -3.30   ppm 137.04 ppm   -2.40














































    ------------------------------------------------------------------------
                            AC CURRENT OUTPUT SHIFTS
    ------------------------------------------------------------------------
    RANGE        Point            Full Scale Shift            Spec   Shift  
                                                              (+/-) (% spec)

    220 uA      FS             -0.000 uA    -1.38   ppm   210.91 ppm   -0.66
            0.5000  kHz        -0.000 uA    -1.00   ppm   210.91 ppm   -0.47
            1.0000  kHz         0.000 uA     1.68   ppm   210.91 ppm    0.80
             2.000  kHz        -0.001 uA    -3.07   ppm   727.27 ppm   -0.42
             5.000  kHz        -0.001 uA    -2.41   ppm   727.27 ppm   -0.33
             7.000  kHz        -0.001 uA    -0.0002 %       0.20 %     -0.12
            10.000  kHz        -0.000 uA    -0.0001 %       0.20 %     -0.03

    2.2 mA      FS            0.00000 mA     0.99   ppm   138.18 ppm    0.72
            0.5000  kHz       0.00001 mA     3.24   ppm   138.18 ppm    2.35
            1.0000  kHz       0.00000 mA     1.24   ppm   138.18 ppm    0.90
             2.000  kHz       0.00000 mA     1.73   ppm   727.27 ppm    0.24
             5.000  kHz      -0.00000 mA    -0.32   ppm   727.27 ppm   -0.04
             7.000  kHz       0.00000 mA     0.0000 %       0.20 %      0.01
            10.000  kHz       0.00001 mA     0.0004 %       0.20 %      0.21

     22 mA      FS             0.0000 mA     1.50   ppm   138.18 ppm    1.08
            0.5000  kHz       -0.0000 mA    -1.40   ppm   138.18 ppm   -1.01
            1.0000  kHz        0.0001 mA     2.47   ppm   138.18 ppm    1.79
             2.000  kHz       -0.0000 mA    -0.28   ppm   727.27 ppm   -0.04
             5.000  kHz        0.0001 mA     2.46   ppm   727.27 ppm    0.34
             7.000  kHz        0.0000 mA     0.0002 %       0.20 %      0.11
            10.000  kHz        0.0001 mA     0.0003 %       0.20 %      0.14

    220 mA      FS              0.000 mA     1.83   ppm   138.18 ppm    1.33
            0.5000  kHz        -0.000 mA    -1.68   ppm   138.18 ppm   -1.21
            1.0000  kHz        -0.000 mA    -0.45   ppm   138.18 ppm   -0.33
             2.000  kHz         0.000 mA     2.06   ppm   727.27 ppm    0.28
             5.000  kHz         0.001 mA     3.05   ppm   727.27 ppm    0.42
             7.000  kHz         0.000 mA     0.0002 %       0.20 %      0.11
            10.000  kHz         0.000 mA     0.0001 %       0.20 %      0.06

      2.2A      FS            0.00001  A     3.03   ppm   618.18 ppm    0.49
            0.5000  kHz       0.00000  A     0.13   ppm   618.18 ppm    0.02
            1.0000  kHz       0.00001  A     4.00   ppm   618.18 ppm    0.65
             2.000  kHz       0.00000  A     1.25   ppm   745.45 ppm    0.17
             5.000  kHz       0.00001  A     3.99   ppm   745.45 ppm    0.54
             7.000  kHz       0.00001  A     0.0004 %       0.81 %      0.04
            10.000  kHz       0.00001  A     0.0004 %       0.81 %      0.05





















    ------------------------------------------------------------------------
                            RESISTANCE OUTPUT SHIFTS
    ------------------------------------------------------------------------
            Point             Full Scale Shift                Spec   Shift  
                                                              (+/-) (% spec)

     0.0000000  Ohm      0.0000000  Ohm   0.00   Ohm         0.00 Ohm    0.00
     0.9996200  Ohm     -0.0000052  Ohm  -5.19   ppm        85.00 ppm   -6.11
     1.8999736  Ohm     -0.0000118  Ohm  -6.22   ppm        85.00 ppm   -7.32
     10.000243  Ohm      -0.000030  Ohm  -2.98   ppm        26.00 ppm  -11.45
     19.003447  Ohm      -0.000009  Ohm  -0.49   ppm        24.00 ppm   -2.05
     100.00430  Ohm       -0.00009  Ohm  -0.89   ppm        15.00 ppm   -5.91
     190.00050  Ohm        0.00004  Ohm   0.23   ppm        15.00 ppm    1.52
     0.9999371 kOhm     -0.0000007 kOhm  -0.74   ppm        11.00 ppm   -6.72
     1.8998902 kOhm     -0.0000001 kOhm  -0.08   ppm        11.00 ppm   -0.69
     10.000350 kOhm      -0.000002 kOhm  -0.19   ppm         9.00 ppm   -2.12
     18.999523 kOhm      -0.000001 kOhm  -0.05   ppm         9.00 ppm   -0.52
      99.99767 kOhm        0.00000 kOhm   0.01   ppm        11.00 ppm    0.10
     189.99266 kOhm        0.00007 kOhm   0.39   ppm        11.00 ppm    3.53
     0.9998989 MOhm     -0.0000005 MOhm  -0.49   ppm        16.00 ppm   -3.09
     1.8998414 MOhm     -0.0000031 MOhm  -1.65   ppm        17.00 ppm   -9.72
      9.998481 MOhm       0.000009 MOhm   0.87   ppm        33.00 ppm    2.65
     18.999441 MOhm      -0.000033 MOhm  -1.72   ppm        43.00 ppm   -4.00
     100.00698 MOhm        0.00045 MOhm   4.55   ppm       110.00 ppm    4.13







































