=~=~=~=~=~=~=~=~=~=~=~= PuTTY log 2021.07.19 11:05:05 =~=~=~=~=~=~=~=~=~=~=~=



    ------------------------------------------------------------------------
    JOHN FLUKE MFG. CO., INC.     S/N 4670009        5700A CALIBRATION CHECK
    PRINTED ON 19.07.21 AT  6:50:36 5700A  S/N 4670009
    ------------------------------------------------------------------------
    ------------------------------------------------------------------------
                                MODULES PRESENT
    ------------------------------------------------------------------------
    Software Revision JA*
    Switching Matrix
    DC Volt Module  
    AC Volt Module  
    220V Module     
    1100V/2A Module 
    Current Module  
    Ohms Module     
    Hires Osc Module
    Rear Panel      
    ------------------------------------------------------------------------
                   ARTIFACT CALIBRATION DATES AND TEMPERATURES
    ------------------------------------------------------------------------
    Specification Interval:     24hour

    MAIN OUTPUT:   (Most recent)  15.07.21,  26.1 Degrees C
                      (Previous)  16.05.21,  22.0 Degrees C
                      (CalCheck)  19.07.21,  24.0 Degrees C
           (Days since last cal)  4

    ZERO:          (Most recent)  18.07.21
           (Days since last cal)  1





































    ------------------------------------------------------------------------
                    EXTERNALLY CALIBRATED INTERNAL REFERENCES
    ------------------------------------------------------------------------
        REFERENCE            Most Recent          Previous       Shift (ppm)
    6.5 V DC Reference          6.529893          6.529890              0.34
    13 V  DC Reference         13.061313         13.061309              0.28
    Resistance Reference       0.9999867         0.9999916             -4.91
    1.0 Ohm Resistor           0.9996818         0.9996814              0.45
    1.9 Ohm Resistor           1.9004352         1.9002716             86.07


    ------------------------------------------------------------------------
                            DC VOLTAGE OUTPUT SHIFTS
    ------------------------------------------------------------------------
    RANGE Point     Zero Shift       Full Scale Shift          Spec   Shift  
                                                              (+/-) (% spec)

    220 mV +FS     0.00001 mV    -0.00069 mV  -3.13   ppm   9.91 ppm  -31.57
           -FS    -0.00000 mV     0.00069 mV   3.12   ppm   9.91 ppm   31.44

      2.2V +FS   0.0000001  V  -0.0000037  V  -1.70   ppm   4.05 ppm  -41.95
           -FS  -0.0000000  V   0.0000037  V   1.69   ppm   4.05 ppm   41.83

       11V +FS    0.000000  V    0.000000  V   0.01   ppm   3.77 ppm    0.27
           -FS   -0.000000  V   -0.000000  V  -0.01   ppm   3.77 ppm   -0.32

       22V +FS    0.000001  V   -0.000051  V  -2.33   ppm   3.77 ppm  -61.83
           -FS   -0.000001  V    0.000051  V   2.32   ppm   3.77 ppm   61.51

      220V +FS     0.00004  V    -0.00015  V  -0.70   ppm   5.45 ppm  -12.87
           -FS     0.00002  V     0.00020  V   0.91   ppm   5.45 ppm   16.60

     1100V +FS      0.0001  V      0.0023  V   2.10   ppm   7.55 ppm   27.83
           -FS     -0.0000  V     -0.0023  V  -2.10   ppm   7.55 ppm  -27.85
































    ------------------------------------------------------------------------
                            AC VOLTAGE OUTPUT SHIFTS
    ------------------------------------------------------------------------
    RANGE        Point            Full Scale Shift            Spec   Shift  
                                                              (+/-) (% spec)

    2.2 mV      FS          -0.000026 mV    -0.0012 %       0.24 %     -0.50
             20.00  kHz     -0.000025 mV    -0.0011 %       0.24 %     -0.47
             50.00  kHz     -0.000024 mV    -0.0011 %       0.26 %     -0.42
            100.00  kHz     -0.000020 mV    -0.0009 %       0.44 %     -0.20
            119.99  kHz     -0.000016 mV    -0.0007 %       0.79 %     -0.09
            0.1200  MHz     -0.000010 mV    -0.0005 %       0.79 %     -0.06
            0.2000  MHz      0.000005 mV     0.0002 %       0.79 %      0.03
            0.3000  MHz      0.000001 mV     0.0000 %       0.79 %      0.00
            0.4000  MHz      0.000010 mV     0.0005 %       1.51 %      0.03
            0.5000  MHz      0.000028 mV     0.0013 %       1.51 %      0.09
            0.6000  MHz      0.000038 mV     0.0017 %       1.66 %      0.10
            0.7000  MHz      0.000060 mV     0.0027 %       1.66 %      0.16
            0.8000  MHz      0.000078 mV     0.0035 %       1.66 %      0.21
            0.9000  MHz      0.000080 mV     0.0036 %       1.66 %      0.22
            1.0000  MHz      0.000128 mV     0.0058 %       1.66 %      0.35
            1.1000  MHz      0.000143 mV     0.0065 %    NO SPEC        0.00
            1.1999  MHz      0.000177 mV     0.0080 %    NO SPEC        0.00

     22 mV      FS           -0.00022 mV   -10.20   ppm   372.73 ppm   -2.74
             20.00  kHz      -0.00021 mV    -9.37   ppm   372.73 ppm   -2.51
             50.00  kHz      -0.00017 mV    -7.73   ppm   612.73 ppm   -1.26
            100.00  kHz       0.00000 mV     0.0000 %       0.12 %      0.00
            119.99  kHz       0.00004 mV     0.0002 %       0.18 %      0.10
            0.1200  MHz       0.00010 mV     0.0005 %       0.18 %      0.26
            0.2000  MHz       0.00021 mV     0.0010 %       0.18 %      0.54
            0.3000  MHz      -0.00008 mV    -0.0004 %       0.18 %     -0.20
            0.4000  MHz       0.00034 mV     0.0016 %       0.29 %      0.55
            0.5000  MHz      -0.00017 mV    -0.0008 %       0.29 %     -0.27
            0.6000  MHz       0.00050 mV     0.0023 %       0.44 %      0.52
            0.7000  MHz       0.00076 mV     0.0035 %       0.44 %      0.80
            0.8000  MHz       0.00129 mV     0.0058 %       0.44 %      1.34
            0.9000  MHz       0.00085 mV     0.0038 %       0.44 %      0.88
            1.0000  MHz       0.00143 mV     0.0065 %       0.44 %      1.49
            1.1000  MHz       0.00156 mV     0.0071 %    NO SPEC        0.00
            1.1999  MHz       0.00151 mV     0.0069 %    NO SPEC        0.00

    220 mV      FS            -0.0014 mV    -6.46   ppm   140.45 ppm   -4.60
             20.00  kHz       -0.0013 mV    -5.89   ppm   140.45 ppm   -4.19
             50.00  kHz       -0.0012 mV    -5.66   ppm   345.45 ppm   -1.64
            100.00  kHz       -0.0008 mV    -3.55   ppm   886.36 ppm   -0.40
            119.99  kHz       -0.0004 mV    -0.0002 %       0.11 %     -0.16
            0.1200  MHz        0.0002 mV     0.0001 %       0.11 %      0.08
            0.2000  MHz        0.0017 mV     0.0008 %       0.11 %      0.70
            0.3000  MHz        0.0013 mV     0.0006 %       0.11 %      0.54
            0.4000  MHz        0.0022 mV     0.0010 %       0.17 %      0.59
            0.5000  MHz        0.0040 mV     0.0018 %       0.17 %      1.09
            0.6000  MHz        0.0049 mV     0.0022 %       0.35 %      0.65
            0.7000  MHz        0.0071 mV     0.0032 %       0.35 %      0.94
            0.8000  MHz        0.0090 mV     0.0041 %       0.35 %      1.18
            0.9000  MHz        0.0092 mV     0.0042 %       0.35 %      1.21
            1.0000  MHz        0.0140 mV     0.0064 %       0.35 %      1.84
            1.1000  MHz        0.0155 mV     0.0070 %    NO SPEC        0.00
            1.1999  MHz        0.0189 mV     0.0086 %    NO SPEC        0.00







      2.2V      FS          -0.000004  V    -1.82   ppm    73.18 ppm   -2.49
             20.00  kHz     -0.000003  V    -1.24   ppm    73.18 ppm   -1.70
             50.00  kHz     -0.000002  V    -0.97   ppm   129.09 ppm   -0.76
            100.00  kHz      0.000002  V     1.08   ppm   266.36 ppm    0.41
            119.99  kHz      0.000006  V     2.86   ppm   468.18 ppm    0.61
            0.1200  MHz      0.000012  V     5.46   ppm   468.18 ppm    1.17
            0.2000  MHz      0.000027  V    12.22   ppm   468.18 ppm    2.61
            0.3000  MHz      0.000023  V    10.34   ppm   468.18 ppm    2.21
            0.4000  MHz      0.000032  V     0.0015 %       0.12 %      1.23
            0.5000  MHz      0.000051  V     0.0023 %       0.12 %      1.94
            0.6000  MHz      0.000060  V     0.0027 %       0.25 %      1.11
            0.7000  MHz      0.000082  V     0.0037 %       0.25 %      1.51
            0.8000  MHz      0.000100  V     0.0045 %       0.25 %      1.85
            0.9000  MHz      0.000102  V     0.0046 %       0.25 %      1.89
            1.0000  MHz      0.000150  V     0.0068 %       0.25 %      2.78
            1.1000  MHz      0.000165  V     0.0075 %    NO SPEC        0.00
            1.1999  MHz      0.000199  V     0.0090 %    NO SPEC        0.00

       22V      FS           -0.00000  V    -0.20   ppm    73.18 ppm   -0.28
             20.00  kHz       0.00001  V     0.65   ppm    73.18 ppm    0.89
             50.00  kHz       0.00005  V     2.27   ppm   129.09 ppm    1.76
            100.00  kHz       0.00022  V    10.05   ppm   248.18 ppm    4.05
            119.99  kHz       0.00026  V    11.73   ppm   577.27 ppm    2.03
            0.1200  MHz       0.00032  V    14.57   ppm   577.27 ppm    2.52
            0.2000  MHz       0.00043  V    19.63   ppm   577.27 ppm    3.40
            0.3000  MHz       0.00014  V     6.51   ppm   577.27 ppm    1.13
            0.4000  MHz       0.00057  V     0.0026 %       0.14 %      1.80
            0.5000  MHz       0.00005  V     0.0002 %       0.14 %      0.17
            0.6000  MHz       0.00072  V     0.0033 %       0.30 %      1.08
            0.7000  MHz       0.00098  V     0.0045 %       0.30 %      1.49
            0.8000  MHz       0.00151  V     0.0068 %       0.30 %      2.28
            0.9000  MHz       0.00107  V     0.0048 %       0.30 %      1.61
            1.0000  MHz       0.00165  V     0.0075 %       0.30 %      2.50
            1.1000  MHz       0.00178  V     0.0081 %    NO SPEC        0.00
            1.1999  MHz       0.00173  V     0.0079 %    NO SPEC        0.00

      220V      FS            -0.0011  V    -5.06   ppm    79.55 ppm   -6.36
             5.000  kHz       -0.0019  V    -8.55   ppm    79.55 ppm  -10.75
            10.000  kHz       -0.0014  V    -6.18   ppm    79.55 ppm   -7.77
             20.00  kHz       -0.0008  V    -3.70   ppm    79.55 ppm   -4.65
             50.00  kHz       -0.0017  V    -7.61   ppm   218.18 ppm   -3.49
            100.00  kHz       -0.0004  V    -2.01   ppm   545.45 ppm   -0.37
            119.99  kHz        0.0013  V     0.0006 %       0.20 %      0.29
            0.1200  MHz        0.0014  V     0.0006 %       0.20 %      0.31
            0.2000  MHz        0.0032  V     0.0015 %       0.20 %      0.73
            0.3000  MHz        0.0065  V     0.0030 %       0.20 %      1.48
            0.4000  MHz        0.0098  V     0.0044 %       0.55 %      0.81
            0.5000  MHz        0.0153  V     0.0070 %       0.55 %      1.27
            0.6000  MHz        0.0403  V     0.0183 %       1.30 %      1.41
            0.7000  MHz        0.0400  V     0.0182 %       1.30 %      1.40
            0.8000  MHz        0.0172  V     0.0078 %       1.30 %      0.60
            0.9000  MHz        0.0252  V     0.0114 %       1.30 %      0.88
            1.0000  MHz        0.0206  V     0.0093 %       1.30 %      0.72

     1100V      FS              0.002  V     1.67   ppm    78.64 ppm    2.12
            0.3000  kHz         0.000  V     0.16   ppm    78.64 ppm    0.21
            0.5000  kHz         0.003  V     2.57   ppm    78.64 ppm    3.27
            0.7000  kHz         0.004  V     3.59   ppm    78.64 ppm    4.56
            1.0000  kHz        -0.000  V    -0.14   ppm    78.64 ppm   -0.18







    ------------------------------------------------------------------------
                            DC CURRENT OUTPUT SHIFTS
    ------------------------------------------------------------------------
    RANGE Point     Zero Shift       Full Scale Shift          Spec   Shift  
                                                              (+/-) (% spec)

    220 uA +FS      0.0004 uA      0.0007 uA   2.98   ppm  90.45 ppm    3.29
           -FS      0.0004 uA      0.0001 uA   0.58   ppm  90.45 ppm    0.64

    2.2 mA +FS    0.000001 mA    0.000008 mA   3.85   ppm  49.55 ppm    7.76
           -FS    0.000001 mA   -0.000006 mA  -2.90   ppm  49.55 ppm   -5.85

     22 mA +FS     0.00001 mA     0.00017 mA   7.51   ppm  49.55 ppm   15.16
           -FS     0.00001 mA    -0.00015 mA  -6.63   ppm  49.55 ppm  -13.39

    220 mA +FS      0.0001 mA      0.0011 mA   5.05   ppm  69.23 ppm    7.29
           -FS      0.0001 mA     -0.0009 mA  -4.29   ppm  69.23 ppm   -6.19

      2.2A +FS    0.000004  A    0.000026  A  11.68   ppm 137.04 ppm    8.52
           -FS    0.000004  A   -0.000018  A  -8.31   ppm 137.04 ppm   -6.07














































    ------------------------------------------------------------------------
                            AC CURRENT OUTPUT SHIFTS
    ------------------------------------------------------------------------
    RANGE        Point            Full Scale Shift            Spec   Shift  
                                                              (+/-) (% spec)

    220 uA      FS              0.001 uA     3.34   ppm   210.91 ppm    1.58
            0.5000  kHz         0.001 uA     3.97   ppm   210.91 ppm    1.88
            1.0000  kHz         0.001 uA     2.79   ppm   210.91 ppm    1.32
             2.000  kHz         0.000 uA     1.12   ppm   727.27 ppm    0.15
             5.000  kHz         0.000 uA     1.25   ppm   727.27 ppm    0.17
             7.000  kHz        -0.000 uA    -0.0001 %       0.20 %     -0.06
            10.000  kHz        -0.002 uA    -0.0007 %       0.20 %     -0.35

    2.2 mA      FS            0.00001 mA     5.57   ppm   138.18 ppm    4.03
            0.5000  kHz       0.00001 mA     5.92   ppm   138.18 ppm    4.29
            1.0000  kHz       0.00001 mA     6.13   ppm   138.18 ppm    4.44
             2.000  kHz       0.00001 mA     5.31   ppm   727.27 ppm    0.73
             5.000  kHz       0.00001 mA     6.51   ppm   727.27 ppm    0.90
             7.000  kHz       0.00001 mA     0.0004 %       0.20 %      0.22
            10.000  kHz       0.00001 mA     0.0003 %       0.20 %      0.17

     22 mA      FS             0.0002 mA     9.16   ppm   138.18 ppm    6.63
            0.5000  kHz        0.0001 mA     4.92   ppm   138.18 ppm    3.56
            1.0000  kHz        0.0002 mA    10.10   ppm   138.18 ppm    7.31
             2.000  kHz        0.0002 mA    11.26   ppm   727.27 ppm    1.55
             5.000  kHz        0.0002 mA     9.06   ppm   727.27 ppm    1.25
             7.000  kHz        0.0002 mA     0.0009 %       0.20 %      0.45
            10.000  kHz        0.0002 mA     0.0009 %       0.20 %      0.48

    220 mA      FS              0.001 mA     6.80   ppm   138.18 ppm    4.92
            0.5000  kHz         0.001 mA     6.17   ppm   138.18 ppm    4.46
            1.0000  kHz         0.001 mA     6.39   ppm   138.18 ppm    4.62
             2.000  kHz         0.002 mA     6.91   ppm   727.27 ppm    0.95
             5.000  kHz         0.002 mA     7.09   ppm   727.27 ppm    0.97
             7.000  kHz         0.002 mA     0.0008 %       0.20 %      0.40
            10.000  kHz         0.002 mA     0.0009 %       0.20 %      0.45

      2.2A      FS            0.00003  A    12.12   ppm   618.18 ppm    1.96
            0.5000  kHz       0.00002  A     7.93   ppm   618.18 ppm    1.28
            1.0000  kHz       0.00003  A    12.97   ppm   618.18 ppm    2.10
             2.000  kHz       0.00003  A    14.15   ppm   745.45 ppm    1.90
             5.000  kHz       0.00003  A    11.99   ppm   745.45 ppm    1.61
             7.000  kHz       0.00003  A     0.0012 %       0.81 %      0.15
            10.000  kHz       0.00003  A     0.0012 %       0.81 %      0.15





















    ------------------------------------------------------------------------
                            RESISTANCE OUTPUT SHIFTS
    ------------------------------------------------------------------------
            Point             Full Scale Shift                Spec   Shift  
                                                              (+/-) (% spec)

     0.0000000  Ohm      0.0000000  Ohm   0.00   Ohm         0.00 Ohm    0.00
     0.9996814  Ohm      0.0000004  Ohm   0.45   ppm        85.00 ppm    0.53
     1.9002716  Ohm      0.0001636  Ohm  86.07   ppm        85.00 ppm  101.26
     10.000290  Ohm      -0.000055  Ohm  -5.48   ppm        26.00 ppm  -21.08
     19.003572  Ohm      -0.000054  Ohm  -2.82   ppm        24.00 ppm  -11.77
     100.00504  Ohm       -0.00058  Ohm  -5.78   ppm        15.00 ppm  -38.55
     190.00204  Ohm       -0.00080  Ohm  -4.20   ppm        15.00 ppm  -28.01
     0.9999443 kOhm     -0.0000046 kOhm  -4.64   ppm        11.00 ppm  -42.17
     1.8999041 kOhm     -0.0000089 kOhm  -4.67   ppm        11.00 ppm  -42.48
     10.000426 kOhm      -0.000049 kOhm  -4.86   ppm         9.00 ppm  -53.97
     18.999663 kOhm      -0.000094 kOhm  -4.93   ppm         9.00 ppm  -54.78
      99.99846 kOhm       -0.00051 kOhm  -5.05   ppm        11.00 ppm  -45.95
     189.99404 kOhm       -0.00097 kOhm  -5.12   ppm        11.00 ppm  -46.56
     0.9999044 MOhm     -0.0000042 MOhm  -4.24   ppm        16.00 ppm  -26.52
     1.8998470 MOhm     -0.0000110 MOhm  -5.80   ppm        17.00 ppm  -34.12
      9.998355 MOhm       0.000062 MOhm   6.21   ppm        33.00 ppm   18.83
     18.998998 MOhm       0.000115 MOhm   6.03   ppm        43.00 ppm   14.02
     100.00949 MOhm       -0.00134 MOhm -13.40   ppm       110.00 ppm  -12.18







































