=~=~=~=~=~=~=~=~=~=~=~= PuTTY log 2021.10.14 16:14:16 =~=~=~=~=~=~=~=~=~=~=~=



    ------------------------------------------------------------------------
    JOHN FLUKE MFG. CO., INC.     S/N 4670009        5700A CALIBRATION CHECK
    PRINTED ON 14.10.21 AT 11:57:54 5700A  S/N 4670009
    ------------------------------------------------------------------------
    ------------------------------------------------------------------------
                                MODULES PRESENT
    ------------------------------------------------------------------------
    Software Revision JA*
    Switching Matrix
    DC Volt Module  
    AC Volt Module  
    220V Module     
    1100V/2A Module 
    Current Module  
    Ohms Module     
    Hires Osc Module
    Rear Panel      
    ------------------------------------------------------------------------
                   ARTIFACT CALIBRATION DATES AND TEMPERATURES
    ------------------------------------------------------------------------
    Specification Interval:     24hour

    MAIN OUTPUT:   (Most recent)  20.09.21,  23.3 Degrees C
                      (Previous)  13.08.21,  23.6 Degrees C
                      (CalCheck)  13.10.21,  22.3 Degrees C
           (Days since last cal)  24

    ZERO:          (Most recent)  20.09.21
           (Days since last cal)  24





































    ------------------------------------------------------------------------
                    EXTERNALLY CALIBRATED INTERNAL REFERENCES
    ------------------------------------------------------------------------
        REFERENCE            Most Recent          Previous       Shift (ppm)
    6.5 V DC Reference          6.530127          6.529899             34.82
    13 V  DC Reference         13.061780         13.061317             35.44
    Resistance Reference       0.9999885         0.9999835              5.02
    1.0 Ohm Resistor           0.9996186         0.9996140              4.66
    1.9 Ohm Resistor           1.8999670         1.8999597              3.89


    ------------------------------------------------------------------------
                            DC VOLTAGE OUTPUT SHIFTS
    ------------------------------------------------------------------------
    RANGE Point     Zero Shift       Full Scale Shift          Spec   Shift  
                                                              (+/-) (% spec)

    220 mV +FS    -0.00011 mV     0.00754 mV  34.25   ppm   9.91 ppm  345.68
           -FS    -0.00010 mV     0.00812 mV  36.93   ppm   9.91 ppm  372.69

      2.2V +FS  -0.0000004  V   0.0000753  V  34.23   ppm   4.05 ppm  846.25
           -FS  -0.0000002  V   0.0000827  V  37.61   ppm   4.05 ppm  929.63

       11V +FS    0.000000  V    0.000381  V  34.64   ppm   3.77 ppm  918.27
           -FS    0.000000  V    0.000412  V  37.42   ppm   3.77 ppm  991.79

       22V +FS    0.000001  V    0.000781  V  35.48   ppm   3.77 ppm  940.53
           -FS   -0.000001  V    0.000816  V  37.08   ppm   3.77 ppm  982.87

      220V +FS    -0.00001  V    -0.00768  V -34.93   ppm   5.45 ppm -640.36
           -FS     0.00000  V    -0.00818  V -37.18   ppm   5.45 ppm -681.61

     1100V +FS     -0.0001  V     -0.0400  V -36.33   ppm   7.55 ppm -481.48
           -FS      0.0000  V     -0.0393  V -35.73   ppm   7.55 ppm -473.51
































    ------------------------------------------------------------------------
                            AC VOLTAGE OUTPUT SHIFTS
    ------------------------------------------------------------------------
    RANGE        Point            Full Scale Shift            Spec   Shift  
                                                              (+/-) (% spec)

    2.2 mV      FS           0.000078 mV     0.0035 %       0.24 %      1.48
             20.00  kHz      0.000077 mV     0.0035 %       0.24 %      1.47
             50.00  kHz      0.000074 mV     0.0034 %       0.26 %      1.29
            100.00  kHz      0.000080 mV     0.0037 %       0.44 %      0.82
            119.99  kHz      0.000080 mV     0.0036 %       0.79 %      0.46
            0.1200  MHz      0.000083 mV     0.0038 %       0.79 %      0.48
            0.2000  MHz      0.000087 mV     0.0040 %       0.79 %      0.50
            0.3000  MHz      0.000092 mV     0.0042 %       0.79 %      0.53
            0.4000  MHz      0.000090 mV     0.0041 %       1.51 %      0.27
            0.5000  MHz      0.000093 mV     0.0042 %       1.51 %      0.28
            0.6000  MHz      0.000099 mV     0.0045 %       1.66 %      0.27
            0.7000  MHz      0.000105 mV     0.0048 %       1.66 %      0.29
            0.8000  MHz      0.000115 mV     0.0052 %       1.66 %      0.31
            0.9000  MHz      0.000124 mV     0.0056 %       1.66 %      0.34
            1.0000  MHz      0.000128 mV     0.0058 %       1.66 %      0.35
            1.1000  MHz      0.000133 mV     0.0060 %    NO SPEC        0.00
            1.1999  MHz      0.000144 mV     0.0066 %    NO SPEC        0.00

     22 mV      FS            0.00079 mV    35.99   ppm   372.73 ppm    9.65
             20.00  kHz       0.00075 mV    33.94   ppm   372.73 ppm    9.11
             50.00  kHz       0.00076 mV    34.44   ppm   612.73 ppm    5.62
            100.00  kHz       0.00084 mV     0.0038 %       0.12 %      3.27
            119.99  kHz       0.00082 mV     0.0037 %       0.18 %      2.10
            0.1200  MHz       0.00087 mV     0.0040 %       0.18 %      2.22
            0.2000  MHz       0.00087 mV     0.0039 %       0.18 %      2.21
            0.3000  MHz       0.00082 mV     0.0037 %       0.18 %      2.08
            0.4000  MHz       0.00077 mV     0.0035 %       0.29 %      1.22
            0.5000  MHz       0.00081 mV     0.0037 %       0.29 %      1.28
            0.6000  MHz       0.00082 mV     0.0037 %       0.44 %      0.86
            0.7000  MHz       0.00077 mV     0.0035 %       0.44 %      0.80
            0.8000  MHz       0.00028 mV     0.0013 %       0.44 %      0.29
            0.9000  MHz       0.00038 mV     0.0017 %       0.44 %      0.40
            1.0000  MHz       0.00107 mV     0.0049 %       0.44 %      1.12
            1.1000  MHz       0.00103 mV     0.0047 %    NO SPEC        0.00
            1.1999  MHz       0.00098 mV     0.0044 %    NO SPEC        0.00

    220 mV      FS             0.0075 mV    34.22   ppm   140.45 ppm   24.37
             20.00  kHz        0.0074 mV    33.85   ppm   140.45 ppm   24.10
             50.00  kHz        0.0072 mV    32.70   ppm   345.45 ppm    9.46
            100.00  kHz        0.0078 mV    35.49   ppm   886.36 ppm    4.00
            119.99  kHz        0.0078 mV     0.0035 %       0.11 %      3.27
            0.1200  MHz        0.0081 mV     0.0037 %       0.11 %      3.42
            0.2000  MHz        0.0085 mV     0.0039 %       0.11 %      3.59
            0.3000  MHz        0.0090 mV     0.0041 %       0.11 %      3.80
            0.4000  MHz        0.0088 mV     0.0040 %       0.17 %      2.38
            0.5000  MHz        0.0091 mV     0.0041 %       0.17 %      2.47
            0.6000  MHz        0.0096 mV     0.0044 %       0.35 %      1.27
            0.7000  MHz        0.0103 mV     0.0047 %       0.35 %      1.36
            0.8000  MHz        0.0113 mV     0.0051 %       0.35 %      1.48
            0.9000  MHz        0.0122 mV     0.0055 %       0.35 %      1.60
            1.0000  MHz        0.0125 mV     0.0057 %       0.35 %      1.65
            1.1000  MHz        0.0131 mV     0.0059 %    NO SPEC        0.00
            1.1999  MHz        0.0142 mV     0.0065 %    NO SPEC        0.00







      2.2V      FS           0.000075  V    33.87   ppm    73.18 ppm   46.29
             20.00  kHz      0.000074  V    33.50   ppm    73.18 ppm   45.78
             50.00  kHz      0.000071  V    32.31   ppm   129.09 ppm   25.03
            100.00  kHz      0.000077  V    35.15   ppm   266.36 ppm   13.20
            119.99  kHz      0.000077  V    34.92   ppm   468.18 ppm    7.46
            0.1200  MHz      0.000080  V    36.40   ppm   468.18 ppm    7.78
            0.2000  MHz      0.000084  V    38.35   ppm   468.18 ppm    8.19
            0.3000  MHz      0.000089  V    40.54   ppm   468.18 ppm    8.66
            0.4000  MHz      0.000087  V     0.0040 %       0.12 %      3.36
            0.5000  MHz      0.000090  V     0.0041 %       0.12 %      3.48
            0.6000  MHz      0.000096  V     0.0044 %       0.25 %      1.77
            0.7000  MHz      0.000103  V     0.0047 %       0.25 %      1.90
            0.8000  MHz      0.000112  V     0.0051 %       0.25 %      2.07
            0.9000  MHz      0.000121  V     0.0055 %       0.25 %      2.24
            1.0000  MHz      0.000125  V     0.0057 %       0.25 %      2.31
            1.1000  MHz      0.000130  V     0.0059 %    NO SPEC        0.00
            1.1999  MHz      0.000141  V     0.0064 %    NO SPEC        0.00

       22V      FS            0.00076  V    34.63   ppm    73.18 ppm   47.32
             20.00  kHz       0.00072  V    32.65   ppm    73.18 ppm   44.61
             50.00  kHz       0.00073  V    33.08   ppm   129.09 ppm   25.63
            100.00  kHz       0.00081  V    36.81   ppm   248.18 ppm   14.83
            119.99  kHz       0.00079  V    36.00   ppm   577.27 ppm    6.24
            0.1200  MHz       0.00084  V    38.25   ppm   577.27 ppm    6.63
            0.2000  MHz       0.00084  V    37.98   ppm   577.27 ppm    6.58
            0.3000  MHz       0.00079  V    35.69   ppm   577.27 ppm    6.18
            0.4000  MHz       0.00074  V     0.0034 %       0.14 %      2.35
            0.5000  MHz       0.00078  V     0.0035 %       0.14 %      2.47
            0.6000  MHz       0.00079  V     0.0036 %       0.30 %      1.20
            0.7000  MHz       0.00074  V     0.0034 %       0.30 %      1.12
            0.8000  MHz       0.00025  V     0.0011 %       0.30 %      0.37
            0.9000  MHz       0.00035  V     0.0016 %       0.30 %      0.53
            1.0000  MHz       0.00104  V     0.0047 %       0.30 %      1.58
            1.1000  MHz       0.00100  V     0.0045 %    NO SPEC        0.00
            1.1999  MHz       0.00095  V     0.0043 %    NO SPEC        0.00

      220V      FS             0.0080  V    36.35   ppm    79.55 ppm   45.70
             5.000  kHz        0.0088  V    39.85   ppm    79.55 ppm   50.10
            10.000  kHz        0.0083  V    37.93   ppm    79.55 ppm   47.69
             20.00  kHz        0.0085  V    38.60   ppm    79.55 ppm   48.52
             50.00  kHz        0.0088  V    39.93   ppm   218.18 ppm   18.30
            100.00  kHz        0.0075  V    34.12   ppm   545.45 ppm    6.26
            119.99  kHz        0.0093  V     0.0042 %       0.20 %      2.10
            0.1200  MHz        0.0079  V     0.0036 %       0.20 %      1.79
            0.2000  MHz        0.0082  V     0.0037 %       0.20 %      1.87
            0.3000  MHz        0.0113  V     0.0051 %       0.20 %      2.56
            0.4000  MHz        0.0146  V     0.0066 %       0.55 %      1.21
            0.5000  MHz        0.0193  V     0.0088 %       0.55 %      1.59
            0.6000  MHz        0.0207  V     0.0094 %       1.30 %      0.72
            0.7000  MHz        0.0187  V     0.0085 %       1.30 %      0.65
            0.8000  MHz        0.0309  V     0.0141 %       1.30 %      1.08
            0.9000  MHz        0.0384  V     0.0174 %       1.30 %      1.34
            1.0000  MHz        0.0464  V     0.0211 %       1.30 %      1.62

     1100V      FS              0.039  V    35.72   ppm    78.64 ppm   45.42
            0.3000  kHz         0.040  V    36.52   ppm    78.64 ppm   46.44
            0.5000  kHz         0.038  V    34.55   ppm    78.64 ppm   43.93
            0.7000  kHz         0.041  V    37.38   ppm    78.64 ppm   47.53
            1.0000  kHz         0.041  V    37.35   ppm    78.64 ppm   47.50







    ------------------------------------------------------------------------
                            DC CURRENT OUTPUT SHIFTS
    ------------------------------------------------------------------------
    RANGE Point     Zero Shift       Full Scale Shift          Spec   Shift  
                                                              (+/-) (% spec)

    220 uA +FS      0.0000 uA      0.0068 uA  30.74   ppm  90.45 ppm   33.98
           -FS      0.0000 uA      0.0092 uA  41.94   ppm  90.45 ppm   46.37

    2.2 mA +FS    0.000000 mA    0.000067 mA  30.28   ppm  49.55 ppm   61.11
           -FS    0.000000 mA    0.000094 mA  42.61   ppm  49.55 ppm   86.01

     22 mA +FS     0.00001 mA     0.00066 mA  29.87   ppm  49.55 ppm   60.29
           -FS     0.00001 mA     0.00096 mA  43.52   ppm  49.55 ppm   87.85

    220 mA +FS      0.0000 mA      0.0072 mA  32.70   ppm  69.23 ppm   47.24
           -FS      0.0000 mA      0.0089 mA  40.28   ppm  69.23 ppm   58.18

      2.2A +FS    0.000003  A    0.000079  A  35.78   ppm 137.04 ppm   26.11
           -FS    0.000003  A    0.000087  A  39.75   ppm 137.04 ppm   29.01














































    ------------------------------------------------------------------------
                            AC CURRENT OUTPUT SHIFTS
    ------------------------------------------------------------------------
    RANGE        Point            Full Scale Shift            Spec   Shift  
                                                              (+/-) (% spec)

    220 uA      FS              0.007 uA    29.81   ppm   210.91 ppm   14.14
            0.5000  kHz         0.006 uA    28.89   ppm   210.91 ppm   13.70
            1.0000  kHz         0.006 uA    29.42   ppm   210.91 ppm   13.95
             2.000  kHz         0.007 uA    30.43   ppm   727.27 ppm    4.18
             5.000  kHz         0.007 uA    33.49   ppm   727.27 ppm    4.60
             7.000  kHz         0.006 uA     0.0028 %       0.20 %      1.43
            10.000  kHz         0.007 uA     0.0033 %       0.20 %      1.68

    2.2 mA      FS            0.00006 mA    29.33   ppm   138.18 ppm   21.23
            0.5000  kHz       0.00007 mA    29.79   ppm   138.18 ppm   21.56
            1.0000  kHz       0.00007 mA    31.68   ppm   138.18 ppm   22.93
             2.000  kHz       0.00007 mA    32.01   ppm   727.27 ppm    4.40
             5.000  kHz       0.00006 mA    27.30   ppm   727.27 ppm    3.75
             7.000  kHz       0.00006 mA     0.0029 %       0.20 %      1.49
            10.000  kHz       0.00007 mA     0.0030 %       0.20 %      1.52

     22 mA      FS             0.0006 mA    28.66   ppm   138.18 ppm   20.74
            0.5000  kHz        0.0007 mA    31.27   ppm   138.18 ppm   22.63
            1.0000  kHz        0.0006 mA    26.84   ppm   138.18 ppm   19.42
             2.000  kHz        0.0006 mA    28.76   ppm   727.27 ppm    3.95
             5.000  kHz        0.0006 mA    28.18   ppm   727.27 ppm    3.87
             7.000  kHz        0.0006 mA     0.0028 %       0.20 %      1.46
            10.000  kHz        0.0007 mA     0.0030 %       0.20 %      1.54

    220 mA      FS              0.007 mA    31.66   ppm   138.18 ppm   22.91
            0.5000  kHz         0.007 mA    31.12   ppm   138.18 ppm   22.52
            1.0000  kHz         0.006 mA    29.38   ppm   138.18 ppm   21.27
             2.000  kHz         0.007 mA    32.66   ppm   727.27 ppm    4.49
             5.000  kHz         0.007 mA    30.54   ppm   727.27 ppm    4.20
             7.000  kHz         0.007 mA     0.0032 %       0.20 %      1.63
            10.000  kHz         0.007 mA     0.0031 %       0.20 %      1.57

      2.2A      FS            0.00007  A    33.47   ppm   618.18 ppm    5.41
            0.5000  kHz       0.00008  A    36.13   ppm   618.18 ppm    5.84
            1.0000  kHz       0.00007  A    31.64   ppm   618.18 ppm    5.12
             2.000  kHz       0.00007  A    33.54   ppm   745.45 ppm    4.50
             5.000  kHz       0.00007  A    33.01   ppm   745.45 ppm    4.43
             7.000  kHz       0.00007  A     0.0033 %       0.81 %      0.41
            10.000  kHz       0.00008  A     0.0035 %       0.81 %      0.43





















    ------------------------------------------------------------------------
                            RESISTANCE OUTPUT SHIFTS
    ------------------------------------------------------------------------
            Point             Full Scale Shift                Spec   Shift  
                                                              (+/-) (% spec)

     0.0000000  Ohm      0.0000000  Ohm   0.00   Ohm         0.00 Ohm    0.00
     0.9996140  Ohm      0.0000047  Ohm   4.66   ppm        85.00 ppm    5.48
     1.8999597  Ohm      0.0000074  Ohm   3.89   ppm        85.00 ppm    4.58
     10.000221  Ohm       0.000037  Ohm   3.66   ppm        26.00 ppm   14.08
     19.003441  Ohm       0.000127  Ohm   6.67   ppm        24.00 ppm   27.81
     100.00406  Ohm        0.00051  Ohm   5.05   ppm        15.00 ppm   33.68
     190.00055  Ohm        0.00096  Ohm   5.03   ppm        15.00 ppm   33.54
     0.9999362 kOhm      0.0000048 kOhm   4.77   ppm        11.00 ppm   43.33
     1.8998891 kOhm      0.0000096 kOhm   5.05   ppm        11.00 ppm   45.92
     10.000347 kOhm       0.000046 kOhm   4.58   ppm         9.00 ppm   50.91
     18.999512 kOhm       0.000098 kOhm   5.17   ppm         9.00 ppm   57.41
      99.99764 kOhm        0.00052 kOhm   5.21   ppm        11.00 ppm   47.32
     189.99260 kOhm        0.00102 kOhm   5.34   ppm        11.00 ppm   48.57
     0.9998994 MOhm      0.0000052 MOhm   5.23   ppm        16.00 ppm   32.68
     1.8998382 MOhm      0.0000108 MOhm   5.67   ppm        17.00 ppm   33.32
      9.998519 MOhm       0.000049 MOhm   4.92   ppm        33.00 ppm   14.91
     18.999470 MOhm       0.000081 MOhm   4.28   ppm        43.00 ppm    9.95
     100.00672 MOhm        0.00106 MOhm  10.55   ppm       110.00 ppm    9.59







































