=~=~=~=~=~=~=~=~=~=~=~= PuTTY log 2021.03.03 10:16:38 =~=~=~=~=~=~=~=~=~=~=~=



    ------------------------------------------------------------------------
    JOHN FLUKE MFG. CO., INC.     S/N 4670009        5700A CALIBRATION CHECK
    PRINTED ON  3.03.21 AT  8:05:15 5700A  S/N 4670009
    ------------------------------------------------------------------------
    ------------------------------------------------------------------------
                                MODULES PRESENT
    ------------------------------------------------------------------------
    Software Revision JA*
    Switching Matrix
    DC Volt Module  
    AC Volt Module  
    220V Module     
    1100V/2A Module 
    Current Module  
    Ohms Module     
    Hires Osc Module
    Rear Panel      
    ------------------------------------------------------------------------
                   ARTIFACT CALIBRATION DATES AND TEMPERATURES
    ------------------------------------------------------------------------
    Specification Interval:     24hour

    MAIN OUTPUT:   (Most recent)   4.12.20,  21.4 Degrees C
                      (Previous)  24.10.20,  23.9 Degrees C
                      (CalCheck)   2.03.21,  21.1 Degrees C
           (Days since last cal)  89

    ZERO:          (Most recent)  23.01.21
           (Days since last cal)  39





































    ------------------------------------------------------------------------
                    EXTERNALLY CALIBRATED INTERNAL REFERENCES
    ------------------------------------------------------------------------

                     USED AS CHECK STANDARDS FOR THIS REPORT


    ------------------------------------------------------------------------
                            DC VOLTAGE OUTPUT SHIFTS
    ------------------------------------------------------------------------
    RANGE Point     Zero Shift       Full Scale Shift          Spec   Shift  
                                                              (+/-) (% spec)

    220 mV +FS    -0.00025 mV     0.00013 mV   0.59   ppm   9.91 ppm    5.93
           -FS    -0.00024 mV    -0.00061 mV  -2.77   ppm   9.91 ppm  -27.91

      2.2V +FS  -0.0000010  V   0.0000002  V   0.07   ppm   4.05 ppm    1.85
           -FS  -0.0000010  V  -0.0000022  V  -0.99   ppm   4.05 ppm  -24.39

       11V +FS    0.000000  V    0.000000  V   0.03   ppm   3.77 ppm    0.78
           -FS   -0.000000  V    0.000000  V   0.00   ppm   3.77 ppm    0.12

       22V +FS    0.000001  V    0.000019  V   0.87   ppm   3.77 ppm   23.08
           -FS   -0.000000  V   -0.000018  V  -0.84   ppm   3.77 ppm  -22.21

      220V +FS     0.00003  V     0.00029  V   1.31   ppm   5.45 ppm   24.07
           -FS     0.00003  V    -0.00022  V  -0.99   ppm   5.45 ppm  -18.17

     1100V +FS     -0.0001  V     -0.0000  V  -0.04   ppm   7.55 ppm   -0.55
           -FS     -0.0000  V      0.0000  V   0.01   ppm   7.55 ppm    0.14




































    ------------------------------------------------------------------------
                            AC VOLTAGE OUTPUT SHIFTS
    ------------------------------------------------------------------------
    RANGE        Point            Full Scale Shift            Spec   Shift  
                                                              (+/-) (% spec)

    2.2 mV      FS           0.000005 mV     0.0002 %       0.24 %      0.10
             20.00  kHz      0.000003 mV     0.0001 %       0.24 %      0.06
             50.00  kHz      0.000002 mV     0.0001 %       0.26 %      0.04
            100.00  kHz      0.000003 mV     0.0001 %       0.44 %      0.03
            119.99  kHz      0.000003 mV     0.0001 %       0.79 %      0.02
            0.1200  MHz      0.000004 mV     0.0002 %       0.79 %      0.02
            0.2000  MHz     -0.000006 mV    -0.0003 %       0.79 %     -0.04
            0.3000  MHz      0.000000 mV     0.0000 %       0.79 %      0.00
            0.4000  MHz     -0.000011 mV    -0.0005 %       1.51 %     -0.03
            0.5000  MHz     -0.000004 mV    -0.0002 %       1.51 %     -0.01
            0.6000  MHz     -0.000006 mV    -0.0003 %       1.66 %     -0.02
            0.7000  MHz     -0.000008 mV    -0.0004 %       1.66 %     -0.02
            0.8000  MHz     -0.000005 mV    -0.0002 %       1.66 %     -0.01
            0.9000  MHz     -0.000006 mV    -0.0003 %       1.66 %     -0.02
            1.0000  MHz     -0.000000 mV     0.0000 %       1.66 %      0.00
            1.1000  MHz     -0.000003 mV    -0.0001 %    NO SPEC        0.00
            1.1999  MHz     -0.000002 mV    -0.0001 %    NO SPEC        0.00

     22 mV      FS            0.00010 mV     4.51   ppm   372.73 ppm    1.21
             20.00  kHz       0.00009 mV     4.12   ppm   372.73 ppm    1.11
             50.00  kHz       0.00009 mV     4.26   ppm   612.73 ppm    0.69
            100.00  kHz       0.00011 mV     0.0005 %       0.12 %      0.41
            119.99  kHz       0.00010 mV     0.0004 %       0.18 %      0.25
            0.1200  MHz       0.00008 mV     0.0004 %       0.18 %      0.21
            0.2000  MHz       0.00008 mV     0.0004 %       0.18 %      0.21
            0.3000  MHz       0.00004 mV     0.0002 %       0.18 %      0.09
            0.4000  MHz       0.00002 mV     0.0001 %       0.29 %      0.04
            0.5000  MHz       0.00008 mV     0.0004 %       0.29 %      0.13
            0.6000  MHz       0.00004 mV     0.0002 %       0.44 %      0.04
            0.7000  MHz       0.00018 mV     0.0008 %       0.44 %      0.19
            0.8000  MHz       0.00086 mV     0.0039 %       0.44 %      0.89
            0.9000  MHz       0.00030 mV     0.0014 %       0.44 %      0.31
            1.0000  MHz       0.00032 mV     0.0014 %       0.44 %      0.33
            1.1000  MHz       0.00040 mV     0.0018 %    NO SPEC        0.00
            1.1999  MHz       0.00042 mV     0.0019 %    NO SPEC        0.00

    220 mV      FS            -0.0003 mV    -1.18   ppm   140.45 ppm   -0.84
             20.00  kHz       -0.0004 mV    -1.95   ppm   140.45 ppm   -1.39
             50.00  kHz       -0.0005 mV    -2.43   ppm   345.45 ppm   -0.70
            100.00  kHz       -0.0005 mV    -2.20   ppm   886.36 ppm   -0.25
            119.99  kHz       -0.0004 mV    -0.0002 %       0.11 %     -0.18
            0.1200  MHz       -0.0003 mV    -0.0002 %       0.11 %     -0.15
            0.2000  MHz       -0.0014 mV    -0.0006 %       0.11 %     -0.58
            0.3000  MHz       -0.0007 mV    -0.0003 %       0.11 %     -0.31
            0.4000  MHz       -0.0018 mV    -0.0008 %       0.17 %     -0.50
            0.5000  MHz       -0.0011 mV    -0.0005 %       0.17 %     -0.30
            0.6000  MHz       -0.0013 mV    -0.0006 %       0.35 %     -0.18
            0.7000  MHz       -0.0016 mV    -0.0007 %       0.35 %     -0.21
            0.8000  MHz       -0.0013 mV    -0.0006 %       0.35 %     -0.16
            0.9000  MHz       -0.0014 mV    -0.0006 %       0.35 %     -0.18
            1.0000  MHz       -0.0008 mV    -0.0004 %       0.35 %     -0.10
            1.1000  MHz       -0.0011 mV    -0.0005 %    NO SPEC        0.00
            1.1999  MHz       -0.0010 mV    -0.0004 %    NO SPEC        0.00







      2.2V      FS          -0.000006  V    -2.61   ppm    73.18 ppm   -3.56
             20.00  kHz     -0.000007  V    -3.39   ppm    73.18 ppm   -4.63
             50.00  kHz     -0.000008  V    -3.81   ppm   129.09 ppm   -2.95
            100.00  kHz     -0.000008  V    -3.62   ppm   266.36 ppm   -1.36
            119.99  kHz     -0.000007  V    -3.33   ppm   468.18 ppm   -0.71
            0.1200  MHz     -0.000007  V    -3.06   ppm   468.18 ppm   -0.65
            0.2000  MHz     -0.000017  V    -7.62   ppm   468.18 ppm   -1.63
            0.3000  MHz     -0.000010  V    -4.72   ppm   468.18 ppm   -1.01
            0.4000  MHz     -0.000021  V    -0.0010 %       0.12 %     -0.82
            0.5000  MHz     -0.000014  V    -0.0006 %       0.12 %     -0.55
            0.6000  MHz     -0.000017  V    -0.0008 %       0.25 %     -0.31
            0.7000  MHz     -0.000019  V    -0.0009 %       0.25 %     -0.35
            0.8000  MHz     -0.000016  V    -0.0007 %       0.25 %     -0.29
            0.9000  MHz     -0.000017  V    -0.0008 %       0.25 %     -0.31
            1.0000  MHz     -0.000011  V    -0.0005 %       0.25 %     -0.20
            1.1000  MHz     -0.000014  V    -0.0006 %    NO SPEC        0.00
            1.1999  MHz     -0.000013  V    -0.0006 %    NO SPEC        0.00

       22V      FS           -0.00001  V    -0.36   ppm    73.18 ppm   -0.49
             20.00  kHz      -0.00002  V    -0.76   ppm    73.18 ppm   -1.04
             50.00  kHz      -0.00001  V    -0.62   ppm   129.09 ppm   -0.48
            100.00  kHz      -0.00000  V     0.00   ppm   248.18 ppm    0.00
            119.99  kHz      -0.00001  V    -0.39   ppm   577.27 ppm   -0.07
            0.1200  MHz      -0.00002  V    -1.10   ppm   577.27 ppm   -0.19
            0.2000  MHz      -0.00003  V    -1.15   ppm   577.27 ppm   -0.20
            0.3000  MHz      -0.00007  V    -3.20   ppm   577.27 ppm   -0.55
            0.4000  MHz      -0.00008  V    -0.0004 %       0.14 %     -0.26
            0.5000  MHz      -0.00003  V    -0.0001 %       0.14 %     -0.09
            0.6000  MHz      -0.00007  V    -0.0003 %       0.30 %     -0.10
            0.7000  MHz       0.00008  V     0.0003 %       0.30 %      0.11
            0.8000  MHz       0.00075  V     0.0034 %       0.30 %      1.14
            0.9000  MHz       0.00019  V     0.0009 %       0.30 %      0.29
            1.0000  MHz       0.00021  V     0.0010 %       0.30 %      0.32
            1.1000  MHz       0.00029  V     0.0013 %    NO SPEC        0.00
            1.1999  MHz       0.00032  V     0.0014 %    NO SPEC        0.00

      220V      FS            -0.0006  V    -2.56   ppm    79.55 ppm   -3.22
             5.000  kHz       -0.0006  V    -2.77   ppm    79.55 ppm   -3.48
            10.000  kHz       -0.0007  V    -3.01   ppm    79.55 ppm   -3.78
             20.00  kHz       -0.0000  V    -0.10   ppm    79.55 ppm   -0.12
             50.00  kHz        0.0002  V     0.83   ppm   218.18 ppm    0.38
            100.00  kHz       -0.0012  V    -5.52   ppm   545.45 ppm   -1.01
            119.99  kHz        0.0004  V     0.0002 %       0.20 %      0.09
            0.1200  MHz       -0.0011  V    -0.0005 %       0.20 %     -0.26
            0.2000  MHz       -0.0078  V    -0.0035 %       0.20 %     -1.76
            0.3000  MHz       -0.0130  V    -0.0059 %       0.20 %     -2.95
            0.4000  MHz       -0.0256  V    -0.0116 %       0.55 %     -2.12
            0.5000  MHz       -0.0418  V    -0.0190 %       0.55 %     -3.46
            0.6000  MHz       -0.0652  V    -0.0296 %       1.30 %     -2.28
            0.7000  MHz       -0.1097  V    -0.0499 %       1.30 %     -3.84
            0.8000  MHz       -0.0934  V    -0.0424 %       1.30 %     -3.26
            0.9000  MHz       -0.1013  V    -0.0460 %       1.30 %     -3.54
            1.0000  MHz       -0.1637  V    -0.0744 %       1.30 %     -5.72

     1100V      FS             -0.001  V    -0.74   ppm    78.64 ppm   -0.94
            0.3000  kHz         0.001  V     1.03   ppm    78.64 ppm    1.31
            0.5000  kHz        -0.001  V    -0.49   ppm    78.64 ppm   -0.63
            0.7000  kHz        -0.001  V    -0.95   ppm    78.64 ppm   -1.20
            1.0000  kHz        -0.002  V    -1.57   ppm    78.64 ppm   -1.99







    ------------------------------------------------------------------------
                            DC CURRENT OUTPUT SHIFTS
    ------------------------------------------------------------------------
    RANGE Point     Zero Shift       Full Scale Shift          Spec   Shift  
                                                              (+/-) (% spec)

    220 uA +FS     -0.0001 uA     -0.0003 uA  -1.53   ppm  90.45 ppm   -1.69
           -FS     -0.0001 uA      0.0002 uA   0.70   ppm  90.45 ppm    0.78

    2.2 mA +FS   -0.000001 mA   -0.000000 mA  -0.20   ppm  49.55 ppm   -0.41
           -FS   -0.000001 mA   -0.000002 mA  -0.83   ppm  49.55 ppm   -1.68

     22 mA +FS    -0.00001 mA    -0.00004 mA  -1.82   ppm  49.55 ppm   -3.67
           -FS    -0.00001 mA     0.00002 mA   0.88   ppm  49.55 ppm    1.78

    220 mA +FS     -0.0001 mA     -0.0000 mA  -0.20   ppm  69.23 ppm   -0.28
           -FS     -0.0001 mA     -0.0002 mA  -0.96   ppm  69.23 ppm   -1.39

      2.2A +FS   -0.000008  A   -0.000005  A  -2.18   ppm 137.04 ppm   -1.59
           -FS   -0.000008  A   -0.000011  A  -4.80   ppm 137.04 ppm   -3.50














































    ------------------------------------------------------------------------
                            AC CURRENT OUTPUT SHIFTS
    ------------------------------------------------------------------------
    RANGE        Point            Full Scale Shift            Spec   Shift  
                                                              (+/-) (% spec)

    220 uA      FS             -0.001 uA    -2.34   ppm   210.91 ppm   -1.11
            0.5000  kHz        -0.001 uA    -2.34   ppm   210.91 ppm   -1.11
            1.0000  kHz        -0.000 uA    -1.31   ppm   210.91 ppm   -0.62
             2.000  kHz        -0.001 uA    -2.40   ppm   727.27 ppm   -0.33
             5.000  kHz         0.000 uA     0.94   ppm   727.27 ppm    0.13
             7.000  kHz        -0.001 uA    -0.0005 %       0.20 %     -0.24
            10.000  kHz        -0.002 uA    -0.0008 %       0.20 %     -0.40

    2.2 mA      FS           -0.00000 mA    -0.93   ppm   138.18 ppm   -0.67
            0.5000  kHz      -0.00000 mA    -0.52   ppm   138.18 ppm   -0.38
            1.0000  kHz      -0.00000 mA    -0.88   ppm   138.18 ppm   -0.64
             2.000  kHz       0.00000 mA     1.01   ppm   727.27 ppm    0.14
             5.000  kHz       0.00000 mA     1.74   ppm   727.27 ppm    0.24
             7.000  kHz      -0.00000 mA    -0.0001 %       0.20 %     -0.04
            10.000  kHz       0.00000 mA     0.0002 %       0.20 %      0.09

     22 mA      FS            -0.0001 mA    -2.61   ppm   138.18 ppm   -1.89
            0.5000  kHz       -0.0001 mA    -3.16   ppm   138.18 ppm   -2.29
            1.0000  kHz       -0.0001 mA    -2.52   ppm   138.18 ppm   -1.83
             2.000  kHz        0.0000 mA     0.01   ppm   727.27 ppm    0.00
             5.000  kHz       -0.0001 mA    -5.67   ppm   727.27 ppm   -0.78
             7.000  kHz       -0.0000 mA    -0.0001 %       0.20 %     -0.04
            10.000  kHz       -0.0001 mA    -0.0002 %       0.20 %     -0.12

    220 mA      FS             -0.000 mA    -0.83   ppm   138.18 ppm   -0.60
            0.5000  kHz         0.000 mA     1.69   ppm   138.18 ppm    1.23
            1.0000  kHz        -0.000 mA    -1.10   ppm   138.18 ppm   -0.80
             2.000  kHz        -0.000 mA    -0.51   ppm   727.27 ppm   -0.07
             5.000  kHz        -0.000 mA    -1.84   ppm   727.27 ppm   -0.25
             7.000  kHz        -0.001 mA    -0.0004 %       0.20 %     -0.23
            10.000  kHz        -0.000 mA    -0.0001 %       0.20 %     -0.03

      2.2A      FS            0.00000  A     0.05   ppm   618.18 ppm    0.01
            0.5000  kHz      -0.00000  A    -0.46   ppm   618.18 ppm   -0.07
            1.0000  kHz       0.00000  A     0.13   ppm   618.18 ppm    0.02
             2.000  kHz       0.00001  A     2.72   ppm   745.45 ppm    0.36
             5.000  kHz      -0.00001  A    -3.00   ppm   745.45 ppm   -0.40
             7.000  kHz       0.00000  A     0.0002 %       0.81 %      0.02
            10.000  kHz       0.00000  A     0.0000 %       0.81 %      0.00





















    ------------------------------------------------------------------------
                            RESISTANCE OUTPUT SHIFTS
    ------------------------------------------------------------------------
            Point             Full Scale Shift                Spec   Shift  
                                                              (+/-) (% spec)

     0.0000000  Ohm      0.0000000  Ohm   0.00   Ohm         0.00 Ohm    0.00
     0.9995930  Ohm      0.0000000  Ohm   0.00   ppm        85.00 ppm    0.00
     1.8999326  Ohm      0.0000000  Ohm   0.00   ppm        85.00 ppm    0.00
     10.000082  Ohm      -0.000007  Ohm  -0.72   ppm        26.00 ppm   -2.79
     19.003141  Ohm       0.000059  Ohm   3.09   ppm        24.00 ppm   12.89
     100.00306  Ohm        0.00007  Ohm   0.71   ppm        15.00 ppm    4.70
     189.99857  Ohm        0.00045  Ohm   2.37   ppm        15.00 ppm   15.83
     0.9999282 kOhm     -0.0000004 kOhm  -0.42   ppm        11.00 ppm   -3.79
     1.8998715 kOhm      0.0000005 kOhm   0.28   ppm        11.00 ppm    2.52
     10.000266 kOhm      -0.000004 kOhm  -0.41   ppm         9.00 ppm   -4.60
     18.999352 kOhm      -0.000011 kOhm  -0.58   ppm         9.00 ppm   -6.40
      99.99680 kOhm       -0.00007 kOhm  -0.67   ppm        11.00 ppm   -6.14
     189.99128 kOhm       -0.00024 kOhm  -1.27   ppm        11.00 ppm  -11.59
     0.9998914 MOhm     -0.0000011 MOhm  -1.05   ppm        16.00 ppm   -6.59
     1.8998289 MOhm     -0.0000043 MOhm  -2.24   ppm        17.00 ppm  -13.19
      9.998427 MOhm       0.000006 MOhm   0.60   ppm        33.00 ppm    1.83
     18.999391 MOhm      -0.000001 MOhm  -0.05   ppm        43.00 ppm   -0.11
     100.00585 MOhm       -0.00050 MOhm  -5.04   ppm       110.00 ppm   -4.58







































