=~=~=~=~=~=~=~=~=~=~=~= PuTTY log 2021.01.23 17:45:42 =~=~=~=~=~=~=~=~=~=~=~=



    ------------------------------------------------------------------------
    JOHN FLUKE MFG. CO., INC.     S/N 4670009        5700A CALIBRATION CHECK
    PRINTED ON 23.01.21 AT 15:35:16 5700A  S/N 4670009
    ------------------------------------------------------------------------
    ------------------------------------------------------------------------
                                MODULES PRESENT
    ------------------------------------------------------------------------
    Software Revision JA*
    Switching Matrix
    DC Volt Module  
    AC Volt Module  
    220V Module     
    1100V/2A Module 
    Current Module  
    Ohms Module     
    Hires Osc Module
    Rear Panel      
    ------------------------------------------------------------------------
                   ARTIFACT CALIBRATION DATES AND TEMPERATURES
    ------------------------------------------------------------------------
    Specification Interval:     24hour

    MAIN OUTPUT:   (Most recent)   4.12.20,  21.4 Degrees C
                      (Previous)  24.10.20,  23.9 Degrees C
                      (CalCheck)  23.01.21,  21.8 Degrees C
           (Days since last cal)  50

    ZERO:          (Most recent)  23.01.21
           (Days since last cal)  0





































    ------------------------------------------------------------------------
                    EXTERNALLY CALIBRATED INTERNAL REFERENCES
    ------------------------------------------------------------------------

                     USED AS CHECK STANDARDS FOR THIS REPORT


    ------------------------------------------------------------------------
                            DC VOLTAGE OUTPUT SHIFTS
    ------------------------------------------------------------------------
    RANGE Point     Zero Shift       Full Scale Shift          Spec   Shift  
                                                              (+/-) (% spec)

    220 mV +FS    -0.00012 mV    -0.00066 mV  -3.02   ppm   9.91 ppm  -30.50
           -FS    -0.00012 mV     0.00042 mV   1.92   ppm   9.91 ppm   19.39

      2.2V +FS  -0.0000005  V  -0.0000016  V  -0.73   ppm   4.05 ppm  -17.95
           -FS  -0.0000005  V   0.0000006  V   0.29   ppm   4.05 ppm    7.21

       11V +FS    0.000000  V   -0.000000  V   0.00   ppm   3.77 ppm   -0.07
           -FS   -0.000000  V    0.000000  V   0.00   ppm   3.77 ppm    0.03

       22V +FS    0.000000  V    0.000004  V   0.18   ppm   3.77 ppm    4.70
           -FS   -0.000000  V   -0.000004  V  -0.20   ppm   3.77 ppm   -5.22

      220V +FS     0.00001  V     0.00009  V   0.41   ppm   5.45 ppm    7.54
           -FS     0.00002  V    -0.00005  V  -0.22   ppm   5.45 ppm   -4.08

     1100V +FS     -0.0000  V     -0.0000  V  -0.02   ppm   7.55 ppm   -0.32
           -FS      0.0000  V      0.0000  V   0.03   ppm   7.55 ppm    0.36




































    ------------------------------------------------------------------------
                            AC VOLTAGE OUTPUT SHIFTS
    ------------------------------------------------------------------------
    RANGE        Point            Full Scale Shift            Spec   Shift  
                                                              (+/-) (% spec)

    2.2 mV      FS          -0.000001 mV    -0.0001 %       0.24 %     -0.02
             20.00  kHz     -0.000000 mV     0.0000 %       0.24 %     -0.01
             50.00  kHz      0.000005 mV     0.0002 %       0.26 %      0.09
            100.00  kHz      0.000005 mV     0.0002 %       0.44 %      0.05
            119.99  kHz      0.000006 mV     0.0003 %       0.79 %      0.03
            0.1200  MHz      0.000005 mV     0.0002 %       0.79 %      0.03
            0.2000  MHz     -0.000004 mV    -0.0002 %       0.79 %     -0.02
            0.3000  MHz     -0.000008 mV    -0.0004 %       0.79 %     -0.05
            0.4000  MHz     -0.000017 mV    -0.0008 %       1.51 %     -0.05
            0.5000  MHz     -0.000025 mV    -0.0011 %       1.51 %     -0.07
            0.6000  MHz     -0.000029 mV    -0.0013 %       1.66 %     -0.08
            0.7000  MHz     -0.000038 mV    -0.0017 %       1.66 %     -0.11
            0.8000  MHz     -0.000043 mV    -0.0020 %       1.66 %     -0.12
            0.9000  MHz     -0.000061 mV    -0.0028 %       1.66 %     -0.17
            1.0000  MHz     -0.000045 mV    -0.0020 %       1.66 %     -0.12
            1.1000  MHz     -0.000061 mV    -0.0028 %    NO SPEC        0.00
            1.1999  MHz     -0.000073 mV    -0.0033 %    NO SPEC        0.00

     22 mV      FS            0.00001 mV     0.39   ppm   372.73 ppm    0.10
             20.00  kHz       0.00004 mV     1.64   ppm   372.73 ppm    0.44
             50.00  kHz       0.00006 mV     2.56   ppm   612.73 ppm    0.42
            100.00  kHz       0.00008 mV     0.0004 %       0.12 %      0.33
            119.99  kHz       0.00012 mV     0.0006 %       0.18 %      0.31
            0.1200  MHz       0.00010 mV     0.0005 %       0.18 %      0.26
            0.2000  MHz       0.00015 mV     0.0007 %       0.18 %      0.38
            0.3000  MHz       0.00008 mV     0.0004 %       0.18 %      0.21
            0.4000  MHz       0.00008 mV     0.0004 %       0.29 %      0.12
            0.5000  MHz       0.00010 mV     0.0005 %       0.29 %      0.16
            0.6000  MHz      -0.00002 mV    -0.0001 %       0.44 %     -0.02
            0.7000  MHz      -0.00034 mV    -0.0016 %       0.44 %     -0.36
            0.8000  MHz       0.00007 mV     0.0003 %       0.44 %      0.07
            0.9000  MHz      -0.00001 mV     0.0000 %       0.44 %     -0.01
            1.0000  MHz      -0.00042 mV    -0.0019 %       0.44 %     -0.43
            1.1000  MHz       0.00012 mV     0.0005 %    NO SPEC        0.00
            1.1999  MHz      -0.00004 mV    -0.0002 %    NO SPEC        0.00

    220 mV      FS            -0.0006 mV    -2.89   ppm   140.45 ppm   -2.06
             20.00  kHz       -0.0006 mV    -2.54   ppm   140.45 ppm   -1.81
             50.00  kHz        0.0000 mV     0.03   ppm   345.45 ppm    0.01
            100.00  kHz       -0.0000 mV    -0.09   ppm   886.36 ppm   -0.01
            119.99  kHz        0.0001 mV     0.0000 %       0.11 %      0.04
            0.1200  MHz       -0.0001 mV     0.0000 %       0.11 %     -0.03
            0.2000  MHz       -0.0009 mV    -0.0004 %       0.11 %     -0.38
            0.3000  MHz       -0.0013 mV    -0.0006 %       0.11 %     -0.56
            0.4000  MHz       -0.0022 mV    -0.0010 %       0.17 %     -0.59
            0.5000  MHz       -0.0030 mV    -0.0014 %       0.17 %     -0.81
            0.6000  MHz       -0.0034 mV    -0.0015 %       0.35 %     -0.45
            0.7000  MHz       -0.0044 mV    -0.0020 %       0.35 %     -0.57
            0.8000  MHz       -0.0048 mV    -0.0022 %       0.35 %     -0.63
            0.9000  MHz       -0.0066 mV    -0.0030 %       0.35 %     -0.87
            1.0000  MHz       -0.0050 mV    -0.0023 %       0.35 %     -0.66
            1.1000  MHz       -0.0066 mV    -0.0030 %    NO SPEC        0.00
            1.1999  MHz       -0.0078 mV    -0.0035 %    NO SPEC        0.00







      2.2V      FS          -0.000003  V    -1.20   ppm    73.18 ppm   -1.64
             20.00  kHz     -0.000002  V    -0.86   ppm    73.18 ppm   -1.17
             50.00  kHz      0.000004  V     1.74   ppm   129.09 ppm    1.35
            100.00  kHz      0.000004  V     1.60   ppm   266.36 ppm    0.60
            119.99  kHz      0.000005  V     2.12   ppm   468.18 ppm    0.45
            0.1200  MHz      0.000003  V     1.42   ppm   468.18 ppm    0.30
            0.2000  MHz     -0.000005  V    -2.34   ppm   468.18 ppm   -0.50
            0.3000  MHz     -0.000009  V    -4.30   ppm   468.18 ppm   -0.92
            0.4000  MHz     -0.000018  V    -0.0008 %       0.12 %     -0.70
            0.5000  MHz     -0.000026  V    -0.0012 %       0.12 %     -1.01
            0.6000  MHz     -0.000030  V    -0.0014 %       0.25 %     -0.56
            0.7000  MHz     -0.000040  V    -0.0018 %       0.25 %     -0.74
            0.8000  MHz     -0.000045  V    -0.0020 %       0.25 %     -0.82
            0.9000  MHz     -0.000063  V    -0.0028 %       0.25 %     -1.16
            1.0000  MHz     -0.000046  V    -0.0021 %       0.25 %     -0.85
            1.1000  MHz     -0.000062  V    -0.0028 %    NO SPEC        0.00
            1.1999  MHz     -0.000074  V    -0.0034 %    NO SPEC        0.00

       22V      FS           -0.00001  V    -0.26   ppm    73.18 ppm   -0.36
             20.00  kHz       0.00002  V     0.98   ppm    73.18 ppm    1.34
             50.00  kHz       0.00004  V     1.90   ppm   129.09 ppm    1.47
            100.00  kHz       0.00007  V     3.17   ppm   248.18 ppm    1.28
            119.99  kHz       0.00011  V     4.94   ppm   577.27 ppm    0.86
            0.1200  MHz       0.00009  V     3.96   ppm   577.27 ppm    0.69
            0.2000  MHz       0.00013  V     6.11   ppm   577.27 ppm    1.06
            0.3000  MHz       0.00007  V     3.10   ppm   577.27 ppm    0.54
            0.4000  MHz       0.00006  V     0.0003 %       0.14 %      0.20
            0.5000  MHz       0.00009  V     0.0004 %       0.14 %      0.28
            0.6000  MHz      -0.00003  V    -0.0001 %       0.30 %     -0.05
            0.7000  MHz      -0.00036  V    -0.0016 %       0.30 %     -0.54
            0.8000  MHz       0.00006  V     0.0003 %       0.30 %      0.08
            0.9000  MHz      -0.00002  V    -0.0001 %       0.30 %     -0.03
            1.0000  MHz      -0.00043  V    -0.0020 %       0.30 %     -0.65
            1.1000  MHz       0.00010  V     0.0005 %    NO SPEC        0.00
            1.1999  MHz      -0.00006  V    -0.0003 %    NO SPEC        0.00

      220V      FS            -0.0011  V    -5.01   ppm    79.55 ppm   -6.29
             5.000  kHz       -0.0009  V    -3.99   ppm    79.55 ppm   -5.01
            10.000  kHz       -0.0015  V    -7.03   ppm    79.55 ppm   -8.84
             20.00  kHz       -0.0010  V    -4.57   ppm    79.55 ppm   -5.74
             50.00  kHz       -0.0008  V    -3.76   ppm   218.18 ppm   -1.72
            100.00  kHz       -0.0020  V    -9.03   ppm   545.45 ppm   -1.66
            119.99  kHz       -0.0009  V    -0.0004 %       0.20 %     -0.19
            0.1200  MHz       -0.0012  V    -0.0005 %       0.20 %     -0.27
            0.2000  MHz       -0.0023  V    -0.0010 %       0.20 %     -0.51
            0.3000  MHz       -0.0017  V    -0.0008 %       0.20 %     -0.40
            0.4000  MHz       -0.0001  V    -0.0001 %       0.55 %     -0.01
            0.5000  MHz        0.0041  V     0.0019 %       0.55 %      0.34
            0.6000  MHz        0.0115  V     0.0052 %       1.30 %      0.40
            0.7000  MHz        0.0284  V     0.0129 %       1.30 %      0.99
            0.8000  MHz        0.0323  V     0.0147 %       1.30 %      1.13
            0.9000  MHz        0.0281  V     0.0128 %       1.30 %      0.98
            1.0000  MHz        0.0303  V     0.0138 %       1.30 %      1.06

     1100V      FS             -0.001  V    -0.54   ppm    78.64 ppm   -0.68
            0.3000  kHz         0.001  V     0.79   ppm    78.64 ppm    1.00
            0.5000  kHz         0.002  V     2.23   ppm    78.64 ppm    2.84
            0.7000  kHz         0.000  V     0.42   ppm    78.64 ppm    0.53
            1.0000  kHz         0.001  V     0.49   ppm    78.64 ppm    0.63







    ------------------------------------------------------------------------
                            DC CURRENT OUTPUT SHIFTS
    ------------------------------------------------------------------------
    RANGE Point     Zero Shift       Full Scale Shift          Spec   Shift  
                                                              (+/-) (% spec)

    220 uA +FS     -0.0001 uA     -0.0006 uA  -2.51   ppm  90.45 ppm   -2.77
           -FS     -0.0001 uA      0.0003 uA   1.27   ppm  90.45 ppm    1.40

    2.2 mA +FS    0.000000 mA   -0.000002 mA  -0.88   ppm  49.55 ppm   -1.78
           -FS    0.000000 mA    0.000002 mA   0.92   ppm  49.55 ppm    1.85

     22 mA +FS     0.00000 mA    -0.00002 mA  -0.81   ppm  49.55 ppm   -1.64
           -FS     0.00000 mA     0.00003 mA   1.20   ppm  49.55 ppm    2.43

    220 mA +FS      0.0000 mA      0.0003 mA   1.25   ppm  69.23 ppm    1.81
           -FS      0.0000 mA     -0.0002 mA  -0.96   ppm  69.23 ppm   -1.38

      2.2A +FS   -0.000006  A    0.000002  A   0.93   ppm 137.04 ppm    0.68
           -FS   -0.000006  A   -0.000013  A  -6.12   ppm 137.04 ppm   -4.47














































    ------------------------------------------------------------------------
                            AC CURRENT OUTPUT SHIFTS
    ------------------------------------------------------------------------
    RANGE        Point            Full Scale Shift            Spec   Shift  
                                                              (+/-) (% spec)

    220 uA      FS             -0.001 uA    -2.34   ppm   210.91 ppm   -1.11
            0.5000  kHz         0.000 uA     0.41   ppm   210.91 ppm    0.19
            1.0000  kHz        -0.001 uA    -3.54   ppm   210.91 ppm   -1.68
             2.000  kHz        -0.001 uA    -3.83   ppm   727.27 ppm   -0.53
             5.000  kHz        -0.001 uA    -3.70   ppm   727.27 ppm   -0.51
             7.000  kHz        -0.002 uA    -0.0007 %       0.20 %     -0.37
            10.000  kHz        -0.002 uA    -0.0010 %       0.20 %     -0.50

    2.2 mA      FS           -0.00000 mA    -1.37   ppm   138.18 ppm   -0.99
            0.5000  kHz      -0.00001 mA    -2.87   ppm   138.18 ppm   -2.07
            1.0000  kHz      -0.00001 mA    -3.05   ppm   138.18 ppm   -2.21
             2.000  kHz      -0.00000 mA    -0.07   ppm   727.27 ppm   -0.01
             5.000  kHz       0.00000 mA     1.09   ppm   727.27 ppm    0.15
             7.000  kHz       0.00000 mA     0.0000 %       0.20 %      0.00
            10.000  kHz       0.00000 mA     0.0002 %       0.20 %      0.08

     22 mA      FS            -0.0000 mA    -1.49   ppm   138.18 ppm   -1.08
            0.5000  kHz       -0.0002 mA    -6.86   ppm   138.18 ppm   -4.97
            1.0000  kHz       -0.0000 mA    -1.86   ppm   138.18 ppm   -1.34
             2.000  kHz       -0.0000 mA    -0.57   ppm   727.27 ppm   -0.08
             5.000  kHz       -0.0001 mA    -5.01   ppm   727.27 ppm   -0.69
             7.000  kHz        0.0001 mA     0.0002 %       0.20 %      0.12
            10.000  kHz        0.0000 mA     0.0000 %       0.20 %      0.02

    220 mA      FS              0.000 mA     0.66   ppm   138.18 ppm    0.47
            0.5000  kHz         0.001 mA     3.40   ppm   138.18 ppm    2.46
            1.0000  kHz         0.000 mA     0.77   ppm   138.18 ppm    0.56
             2.000  kHz        -0.000 mA    -0.31   ppm   727.27 ppm   -0.04
             5.000  kHz         0.000 mA     1.24   ppm   727.27 ppm    0.17
             7.000  kHz        -0.000 mA    -0.0002 %       0.20 %     -0.11
            10.000  kHz        -0.000 mA    -0.0002 %       0.20 %     -0.08

      2.2A      FS            0.00001  A     3.05   ppm   618.18 ppm    0.49
            0.5000  kHz      -0.00001  A    -2.35   ppm   618.18 ppm   -0.38
            1.0000  kHz       0.00001  A     2.67   ppm   618.18 ppm    0.43
             2.000  kHz       0.00001  A     4.00   ppm   745.45 ppm    0.54
             5.000  kHz      -0.00000  A    -0.46   ppm   745.45 ppm   -0.06
             7.000  kHz       0.00002  A     0.0007 %       0.81 %      0.08
            10.000  kHz       0.00001  A     0.0005 %       0.81 %      0.06





















    ------------------------------------------------------------------------
                            RESISTANCE OUTPUT SHIFTS
    ------------------------------------------------------------------------
            Point             Full Scale Shift                Spec   Shift  
                                                              (+/-) (% spec)

     0.0000000  Ohm      0.0000000  Ohm   0.00   Ohm         0.00 Ohm    0.00
     0.9995930  Ohm      0.0000000  Ohm   0.00   ppm        85.00 ppm    0.00
     1.8999326  Ohm      0.0000000  Ohm   0.00   ppm        85.00 ppm    0.00
     10.000082  Ohm      -0.000017  Ohm  -1.67   ppm        26.00 ppm   -6.43
     19.003141  Ohm      -0.000029  Ohm  -1.54   ppm        24.00 ppm   -6.41
     100.00306  Ohm       -0.00002  Ohm  -0.21   ppm        15.00 ppm   -1.37
     189.99857  Ohm        0.00002  Ohm   0.08   ppm        15.00 ppm    0.56
     0.9999282 kOhm      0.0000007 kOhm   0.65   ppm        11.00 ppm    5.95
     1.8998715 kOhm     -0.0000007 kOhm  -0.37   ppm        11.00 ppm   -3.32
     10.000266 kOhm       0.000003 kOhm   0.32   ppm         9.00 ppm    3.53
     18.999352 kOhm      -0.000005 kOhm  -0.28   ppm         9.00 ppm   -3.16
      99.99680 kOhm        0.00002 kOhm   0.21   ppm        11.00 ppm    1.94
     189.99128 kOhm       -0.00008 kOhm  -0.41   ppm        11.00 ppm   -3.77
     0.9998914 MOhm      0.0000005 MOhm   0.55   ppm        16.00 ppm    3.43
     1.8998289 MOhm     -0.0000029 MOhm  -1.51   ppm        17.00 ppm   -8.87
      9.998427 MOhm       0.000044 MOhm   4.43   ppm        33.00 ppm   13.44
     18.999391 MOhm       0.000052 MOhm   2.71   ppm        43.00 ppm    6.31
     100.00585 MOhm       -0.00024 MOhm  -2.38   ppm       110.00 ppm   -2.16







































