=~=~=~=~=~=~=~=~=~=~=~= PuTTY log 2021.09.20 11:46:54 =~=~=~=~=~=~=~=~=~=~=~=



    ------------------------------------------------------------------------
    JOHN FLUKE MFG. CO., INC.     S/N 4670009        5700A CALIBRATION CHECK
    PRINTED ON 20.09.21 AT  7:31:03 5700A  S/N 4670009
    ------------------------------------------------------------------------
    ------------------------------------------------------------------------
                                MODULES PRESENT
    ------------------------------------------------------------------------
    Software Revision JA*
    Switching Matrix
    DC Volt Module  
    AC Volt Module  
    220V Module     
    1100V/2A Module 
    Current Module  
    Ohms Module     
    Hires Osc Module
    Rear Panel      
    ------------------------------------------------------------------------
                   ARTIFACT CALIBRATION DATES AND TEMPERATURES
    ------------------------------------------------------------------------
    Specification Interval:     24hour

    MAIN OUTPUT:   (Most recent)  13.08.21,  23.6 Degrees C
                      (Previous)   5.08.21,  23.0 Degrees C
                      (CalCheck)  20.09.21,  23.3 Degrees C
           (Days since last cal)  38

    ZERO:          (Most recent)  13.08.21
           (Days since last cal)  38





































    ------------------------------------------------------------------------
                    EXTERNALLY CALIBRATED INTERNAL REFERENCES
    ------------------------------------------------------------------------
        REFERENCE            Most Recent          Previous       Shift (ppm)
    6.5 V DC Reference          6.529899          6.529899              0.00
    13 V  DC Reference         13.061317         13.061317              0.00
    Resistance Reference       0.9999835         0.9999838             -0.39
    1.0 Ohm Resistor           0.9996140         0.9996187             -4.73
    1.9 Ohm Resistor           1.8999597         1.8999659             -3.29


    ------------------------------------------------------------------------
                            DC VOLTAGE OUTPUT SHIFTS
    ------------------------------------------------------------------------
    RANGE Point     Zero Shift       Full Scale Shift          Spec   Shift  
                                                              (+/-) (% spec)

    220 mV +FS     0.00009 mV    -0.00014 mV  -0.62   ppm   9.91 ppm   -6.23
           -FS     0.00009 mV     0.00032 mV   1.47   ppm   9.91 ppm   14.85

      2.2V +FS   0.0000003  V  -0.0000007  V  -0.34   ppm   4.05 ppm   -8.31
           -FS   0.0000003  V   0.0000015  V   0.68   ppm   4.05 ppm   16.80

       11V +FS    0.000000  V    0.000000  V   0.00   ppm   3.77 ppm    0.04
           -FS    0.000000  V    0.000001  V   0.06   ppm   3.77 ppm    1.60

       22V +FS   -0.000000  V    0.000000  V   0.00   ppm   3.77 ppm    0.05
           -FS    0.000000  V   -0.000000  V   0.00   ppm   3.77 ppm   -0.09

      220V +FS     0.00000  V    -0.00016  V  -0.74   ppm   5.45 ppm  -13.57
           -FS     0.00000  V     0.00015  V   0.68   ppm   5.45 ppm   12.43

     1100V +FS      0.0000  V     -0.0001  V  -0.06   ppm   7.55 ppm   -0.80
           -FS     -0.0000  V     -0.0000  V   0.00   ppm   7.55 ppm   -0.02
































    ------------------------------------------------------------------------
                            AC VOLTAGE OUTPUT SHIFTS
    ------------------------------------------------------------------------
    RANGE        Point            Full Scale Shift            Spec   Shift  
                                                              (+/-) (% spec)

    2.2 mV      FS          -0.000010 mV    -0.0005 %       0.24 %     -0.20
             20.00  kHz     -0.000010 mV    -0.0005 %       0.24 %     -0.19
             50.00  kHz     -0.000008 mV    -0.0003 %       0.26 %     -0.13
            100.00  kHz     -0.000008 mV    -0.0004 %       0.44 %     -0.08
            119.99  kHz     -0.000009 mV    -0.0004 %       0.79 %     -0.05
            0.1200  MHz     -0.000011 mV    -0.0005 %       0.79 %     -0.06
            0.2000  MHz     -0.000020 mV    -0.0009 %       0.79 %     -0.11
            0.3000  MHz     -0.000031 mV    -0.0014 %       0.79 %     -0.18
            0.4000  MHz     -0.000025 mV    -0.0012 %       1.51 %     -0.08
            0.5000  MHz     -0.000031 mV    -0.0014 %       1.51 %     -0.09
            0.6000  MHz     -0.000047 mV    -0.0021 %       1.66 %     -0.13
            0.7000  MHz     -0.000056 mV    -0.0026 %       1.66 %     -0.15
            0.8000  MHz     -0.000072 mV    -0.0033 %       1.66 %     -0.20
            0.9000  MHz     -0.000086 mV    -0.0039 %       1.66 %     -0.23
            1.0000  MHz     -0.000094 mV    -0.0043 %       1.66 %     -0.26
            1.1000  MHz     -0.000110 mV    -0.0050 %    NO SPEC        0.00
            1.1999  MHz     -0.000134 mV    -0.0061 %    NO SPEC        0.00

     22 mV      FS           -0.00010 mV    -4.63   ppm   372.73 ppm   -1.24
             20.00  kHz      -0.00007 mV    -2.98   ppm   372.73 ppm   -0.80
             50.00  kHz      -0.00010 mV    -4.46   ppm   612.73 ppm   -0.73
            100.00  kHz      -0.00010 mV    -0.0004 %       0.12 %     -0.38
            119.99  kHz      -0.00006 mV    -0.0003 %       0.18 %     -0.16
            0.1200  MHz      -0.00009 mV    -0.0004 %       0.18 %     -0.23
            0.2000  MHz      -0.00006 mV    -0.0003 %       0.18 %     -0.14
            0.3000  MHz      -0.00011 mV    -0.0005 %       0.18 %     -0.28
            0.4000  MHz      -0.00017 mV    -0.0008 %       0.29 %     -0.27
            0.5000  MHz      -0.00025 mV    -0.0011 %       0.29 %     -0.40
            0.6000  MHz      -0.00031 mV    -0.0014 %       0.44 %     -0.32
            0.7000  MHz      -0.00036 mV    -0.0016 %       0.44 %     -0.38
            0.8000  MHz      -0.00019 mV    -0.0009 %       0.44 %     -0.20
            0.9000  MHz      -0.00006 mV    -0.0003 %       0.44 %     -0.06
            1.0000  MHz      -0.00058 mV    -0.0026 %       0.44 %     -0.60
            1.1000  MHz      -0.00095 mV    -0.0043 %    NO SPEC        0.00
            1.1999  MHz      -0.00102 mV    -0.0046 %    NO SPEC        0.00

    220 mV      FS            -0.0001 mV    -0.55   ppm   140.45 ppm   -0.39
             20.00  kHz       -0.0001 mV    -0.42   ppm   140.45 ppm   -0.30
             50.00  kHz        0.0001 mV     0.59   ppm   345.45 ppm    0.17
            100.00  kHz        0.0001 mV     0.38   ppm   886.36 ppm    0.04
            119.99  kHz        0.0000 mV     0.0000 %       0.11 %      0.02
            0.1200  MHz       -0.0002 mV    -0.0001 %       0.11 %     -0.08
            0.2000  MHz       -0.0011 mV    -0.0005 %       0.11 %     -0.45
            0.3000  MHz       -0.0022 mV    -0.0010 %       0.11 %     -0.93
            0.4000  MHz       -0.0016 mV    -0.0007 %       0.17 %     -0.44
            0.5000  MHz       -0.0022 mV    -0.0010 %       0.17 %     -0.60
            0.6000  MHz       -0.0038 mV    -0.0017 %       0.35 %     -0.50
            0.7000  MHz       -0.0047 mV    -0.0022 %       0.35 %     -0.62
            0.8000  MHz       -0.0063 mV    -0.0029 %       0.35 %     -0.83
            0.9000  MHz       -0.0077 mV    -0.0035 %       0.35 %     -1.01
            1.0000  MHz       -0.0085 mV    -0.0039 %       0.35 %     -1.12
            1.1000  MHz       -0.0101 mV    -0.0046 %    NO SPEC        0.00
            1.1999  MHz       -0.0125 mV    -0.0057 %    NO SPEC        0.00







      2.2V      FS          -0.000000  V    -0.01   ppm    73.18 ppm   -0.01
             20.00  kHz      0.000000  V     0.11   ppm    73.18 ppm    0.16
             50.00  kHz      0.000002  V     1.12   ppm   129.09 ppm    0.87
            100.00  kHz      0.000002  V     0.92   ppm   266.36 ppm    0.35
            119.99  kHz      0.000002  V     0.71   ppm   468.18 ppm    0.15
            0.1200  MHz     -0.000001  V    -0.37   ppm   468.18 ppm   -0.08
            0.2000  MHz     -0.000010  V    -4.34   ppm   468.18 ppm   -0.93
            0.3000  MHz     -0.000021  V    -9.50   ppm   468.18 ppm   -2.03
            0.4000  MHz     -0.000015  V    -0.0007 %       0.12 %     -0.58
            0.5000  MHz     -0.000021  V    -0.0010 %       0.12 %     -0.81
            0.6000  MHz     -0.000037  V    -0.0017 %       0.25 %     -0.68
            0.7000  MHz     -0.000046  V    -0.0021 %       0.25 %     -0.85
            0.8000  MHz     -0.000062  V    -0.0028 %       0.25 %     -1.15
            0.9000  MHz     -0.000076  V    -0.0034 %       0.25 %     -1.40
            1.0000  MHz     -0.000084  V    -0.0038 %       0.25 %     -1.55
            1.1000  MHz     -0.000100  V    -0.0045 %    NO SPEC        0.00
            1.1999  MHz     -0.000124  V    -0.0056 %    NO SPEC        0.00

       22V      FS           -0.00000  V    -0.01   ppm    73.18 ppm   -0.01
             20.00  kHz       0.00004  V     1.64   ppm    73.18 ppm    2.24
             50.00  kHz       0.00000  V     0.16   ppm   129.09 ppm    0.12
            100.00  kHz       0.00000  V     0.19   ppm   248.18 ppm    0.08
            119.99  kHz       0.00004  V     1.68   ppm   577.27 ppm    0.29
            0.1200  MHz       0.00001  V     0.51   ppm   577.27 ppm    0.09
            0.2000  MHz       0.00005  V     2.06   ppm   577.27 ppm    0.36
            0.3000  MHz      -0.00001  V    -0.43   ppm   577.27 ppm   -0.08
            0.4000  MHz      -0.00007  V    -0.0003 %       0.14 %     -0.21
            0.5000  MHz      -0.00015  V    -0.0007 %       0.14 %     -0.47
            0.6000  MHz      -0.00021  V    -0.0010 %       0.30 %     -0.32
            0.7000  MHz      -0.00026  V    -0.0012 %       0.30 %     -0.39
            0.8000  MHz      -0.00009  V    -0.0004 %       0.30 %     -0.13
            0.9000  MHz       0.00005  V     0.0002 %       0.30 %      0.07
            1.0000  MHz      -0.00048  V    -0.0022 %       0.30 %     -0.72
            1.1000  MHz      -0.00085  V    -0.0039 %    NO SPEC        0.00
            1.1999  MHz      -0.00092  V    -0.0042 %    NO SPEC        0.00

      220V      FS            -0.0000  V    -0.01   ppm    79.55 ppm   -0.01
             5.000  kHz       -0.0002  V    -1.13   ppm    79.55 ppm   -1.42
            10.000  kHz        0.0002  V     0.89   ppm    79.55 ppm    1.12
             20.00  kHz        0.0002  V     1.00   ppm    79.55 ppm    1.26
             50.00  kHz       -0.0011  V    -5.07   ppm   218.18 ppm   -2.32
            100.00  kHz       -0.0008  V    -3.72   ppm   545.45 ppm   -0.68
            119.99  kHz       -0.0017  V    -0.0008 %       0.20 %     -0.39
            0.1200  MHz       -0.0048  V    -0.0022 %       0.20 %     -1.10
            0.2000  MHz       -0.0072  V    -0.0033 %       0.20 %     -1.63
            0.3000  MHz       -0.0141  V    -0.0064 %       0.20 %     -3.20
            0.4000  MHz       -0.0196  V    -0.0089 %       0.55 %     -1.62
            0.5000  MHz       -0.0290  V    -0.0132 %       0.55 %     -2.40
            0.6000  MHz       -0.0346  V    -0.0157 %       1.30 %     -1.21
            0.7000  MHz       -0.0377  V    -0.0171 %       1.30 %     -1.32
            0.8000  MHz       -0.0638  V    -0.0290 %       1.30 %     -2.23
            0.9000  MHz       -0.0754  V    -0.0343 %       1.30 %     -2.64
            1.0000  MHz       -0.0941  V    -0.0428 %       1.30 %     -3.29

     1100V      FS             -0.000  V    -0.02   ppm    78.64 ppm   -0.03
            0.3000  kHz         0.001  V     0.55   ppm    78.64 ppm    0.70
            0.5000  kHz        -0.001  V    -0.86   ppm    78.64 ppm   -1.09
            0.7000  kHz        -0.001  V    -0.79   ppm    78.64 ppm   -1.01
            1.0000  kHz        -0.001  V    -0.89   ppm    78.64 ppm   -1.13







    ------------------------------------------------------------------------
                            DC CURRENT OUTPUT SHIFTS
    ------------------------------------------------------------------------
    RANGE Point     Zero Shift       Full Scale Shift          Spec   Shift  
                                                              (+/-) (% spec)

    220 uA +FS     -0.0003 uA     -0.0002 uA  -1.11   ppm  90.45 ppm   -1.23
           -FS     -0.0002 uA     -0.0003 uA  -1.16   ppm  90.45 ppm   -1.29

    2.2 mA +FS   -0.000002 mA   -0.000000 mA  -0.09   ppm  49.55 ppm   -0.17
           -FS   -0.000002 mA   -0.000003 mA  -1.51   ppm  49.55 ppm   -3.05

     22 mA +FS    -0.00002 mA    -0.00004 mA  -1.64   ppm  49.55 ppm   -3.31
           -FS    -0.00002 mA     0.00000 mA   0.12   ppm  49.55 ppm    0.25

    220 mA +FS     -0.0002 mA     -0.0008 mA  -3.71   ppm  69.23 ppm   -5.35
           -FS     -0.0002 mA      0.0005 mA   2.19   ppm  69.23 ppm    3.16

      2.2A +FS   -0.000003  A   -0.000015  A  -6.98   ppm 137.04 ppm   -5.10
           -FS   -0.000003  A    0.000009  A   4.24   ppm 137.04 ppm    3.10














































    ------------------------------------------------------------------------
                            AC CURRENT OUTPUT SHIFTS
    ------------------------------------------------------------------------
    RANGE        Point            Full Scale Shift            Spec   Shift  
                                                              (+/-) (% spec)

    220 uA      FS              0.000 uA     0.02   ppm   210.91 ppm    0.01
            0.5000  kHz        -0.000 uA    -1.44   ppm   210.91 ppm   -0.68
            1.0000  kHz        -0.000 uA    -0.34   ppm   210.91 ppm   -0.16
             2.000  kHz        -0.000 uA    -0.71   ppm   727.27 ppm   -0.10
             5.000  kHz        -0.000 uA    -0.25   ppm   727.27 ppm   -0.03
             7.000  kHz        -0.000 uA     0.0000 %       0.20 %     -0.01
            10.000  kHz        -0.001 uA    -0.0006 %       0.20 %     -0.30

    2.2 mA      FS            0.00000 mA     0.70   ppm   138.18 ppm    0.51
            0.5000  kHz       0.00001 mA     3.05   ppm   138.18 ppm    2.20
            1.0000  kHz       0.00000 mA     2.25   ppm   138.18 ppm    1.63
             2.000  kHz      -0.00001 mA    -2.50   ppm   727.27 ppm   -0.34
             5.000  kHz       0.00001 mA     2.81   ppm   727.27 ppm    0.39
             7.000  kHz      -0.00000 mA    -0.0002 %       0.20 %     -0.10
            10.000  kHz      -0.00000 mA     0.0000 %       0.20 %      0.00

     22 mA      FS            -0.0000 mA    -0.89   ppm   138.18 ppm   -0.65
            0.5000  kHz       -0.0001 mA    -3.12   ppm   138.18 ppm   -2.25
            1.0000  kHz        0.0001 mA     2.96   ppm   138.18 ppm    2.14
             2.000  kHz       -0.0000 mA    -1.80   ppm   727.27 ppm   -0.25
             5.000  kHz       -0.0000 mA    -0.58   ppm   727.27 ppm   -0.08
             7.000  kHz       -0.0001 mA    -0.0003 %       0.20 %     -0.13
            10.000  kHz       -0.0000 mA    -0.0001 %       0.20 %     -0.04

    220 mA      FS             -0.001 mA    -2.96   ppm   138.18 ppm   -2.14
            0.5000  kHz        -0.000 mA    -2.07   ppm   138.18 ppm   -1.50
            1.0000  kHz        -0.000 mA    -0.47   ppm   138.18 ppm   -0.34
             2.000  kHz        -0.001 mA    -2.42   ppm   727.27 ppm   -0.33
             5.000  kHz        -0.001 mA    -4.62   ppm   727.27 ppm   -0.64
             7.000  kHz        -0.001 mA    -0.0005 %       0.20 %     -0.26
            10.000  kHz        -0.000 mA    -0.0002 %       0.20 %     -0.11

      2.2A      FS           -0.00001  A    -5.62   ppm   618.18 ppm   -0.91
            0.5000  kHz      -0.00002  A    -7.85   ppm   618.18 ppm   -1.27
            1.0000  kHz      -0.00000  A    -1.77   ppm   618.18 ppm   -0.29
             2.000  kHz      -0.00001  A    -6.53   ppm   745.45 ppm   -0.88
             5.000  kHz      -0.00001  A    -5.31   ppm   745.45 ppm   -0.71
             7.000  kHz      -0.00002  A    -0.0007 %       0.81 %     -0.09
            10.000  kHz      -0.00001  A    -0.0006 %       0.81 %     -0.07





















    ------------------------------------------------------------------------
                            RESISTANCE OUTPUT SHIFTS
    ------------------------------------------------------------------------
            Point             Full Scale Shift                Spec   Shift  
                                                              (+/-) (% spec)

     0.0000000  Ohm      0.0000000  Ohm   0.00   Ohm         0.00 Ohm    0.00
     0.9996187  Ohm     -0.0000047  Ohm  -4.73   ppm        85.00 ppm   -5.57
     1.8999659  Ohm     -0.0000063  Ohm  -3.29   ppm        85.00 ppm   -3.87
     10.000200  Ohm       0.000021  Ohm   2.11   ppm        26.00 ppm    8.10
     19.003436  Ohm       0.000006  Ohm   0.31   ppm        24.00 ppm    1.27
     100.00402  Ohm        0.00004  Ohm   0.41   ppm        15.00 ppm    2.76
     190.00048  Ohm        0.00007  Ohm   0.39   ppm        15.00 ppm    2.59
     0.9999366 kOhm     -0.0000005 kOhm  -0.48   ppm        11.00 ppm   -4.34
     1.8998901 kOhm     -0.0000010 kOhm  -0.52   ppm        11.00 ppm   -4.69
     10.000352 kOhm      -0.000005 kOhm  -0.49   ppm         9.00 ppm   -5.41
     18.999525 kOhm      -0.000012 kOhm  -0.65   ppm         9.00 ppm   -7.25
      99.99772 kOhm       -0.00008 kOhm  -0.83   ppm        11.00 ppm   -7.58
     189.99278 kOhm       -0.00018 kOhm  -0.97   ppm        11.00 ppm   -8.83
     0.9998995 MOhm     -0.0000001 MOhm  -0.11   ppm        16.00 ppm   -0.70
     1.8998396 MOhm     -0.0000014 MOhm  -0.74   ppm        17.00 ppm   -4.34
      9.998502 MOhm       0.000017 MOhm   1.67   ppm        33.00 ppm    5.07
     18.999474 MOhm      -0.000004 MOhm  -0.22   ppm        43.00 ppm   -0.50
     100.00683 MOhm       -0.00011 MOhm  -1.09   ppm       110.00 ppm   -0.99







































