=~=~=~=~=~=~=~=~=~=~=~= PuTTY log 2021.12.24 22:01:35 =~=~=~=~=~=~=~=~=~=~=~=



    ------------------------------------------------------------------------
    JOHN FLUKE MFG. CO., INC.     S/N 4670009        5700A CALIBRATION CHECK
    PRINTED ON 24.12.21 AT 18:43:40 5700A  S/N 4670009
    ------------------------------------------------------------------------
    ------------------------------------------------------------------------
                                MODULES PRESENT
    ------------------------------------------------------------------------
    Software Revision JA*
    Switching Matrix
    DC Volt Module  
    AC Volt Module  
    220V Module     
    1100V/2A Module 
    Current Module  
    Ohms Module     
    Hires Osc Module
    Rear Panel      
    ------------------------------------------------------------------------
                   ARTIFACT CALIBRATION DATES AND TEMPERATURES
    ------------------------------------------------------------------------
    Specification Interval:     24hour

    MAIN OUTPUT:   (Most recent)  13.10.21,  22.3 Degrees C
                      (Previous)  20.09.21,  23.3 Degrees C
                      (CalCheck)  24.12.21,  22.0 Degrees C
           (Days since last cal)  72

    ZERO:          (Most recent)  13.10.21
           (Days since last cal)  72





































    ------------------------------------------------------------------------
                    EXTERNALLY CALIBRATED INTERNAL REFERENCES
    ------------------------------------------------------------------------
        REFERENCE            Most Recent          Previous       Shift (ppm)
    6.5 V DC Reference          6.530143          6.530127              2.60
    13 V  DC Reference         13.061813         13.061780              2.53
    Resistance Reference       0.9999895         0.9999885              1.04
    1.0 Ohm Resistor           0.9996192         0.9996186              0.57
    1.9 Ohm Resistor           1.8999633         1.8999670             -1.98


    ------------------------------------------------------------------------
                            DC VOLTAGE OUTPUT SHIFTS
    ------------------------------------------------------------------------
    RANGE Point     Zero Shift       Full Scale Shift          Spec   Shift  
                                                              (+/-) (% spec)

    220 mV +FS    -0.00007 mV     0.00087 mV   3.93   ppm   9.91 ppm   39.68
           -FS    -0.00009 mV    -0.00088 mV  -4.02   ppm   9.91 ppm  -40.56

      2.2V +FS  -0.0000004  V   0.0000077  V   3.51   ppm   4.05 ppm   86.72
           -FS  -0.0000007  V  -0.0000074  V  -3.38   ppm   4.05 ppm  -83.47

       11V +FS    0.000000  V    0.000034  V   3.07   ppm   3.77 ppm   81.30
           -FS   -0.000000  V   -0.000026  V  -2.38   ppm   3.77 ppm  -63.20

       22V +FS    0.000000  V    0.000073  V   3.32   ppm   3.77 ppm   88.00
           -FS   -0.000000  V   -0.000058  V  -2.62   ppm   3.77 ppm  -69.49

      220V +FS     0.00002  V     0.00022  V   1.02   ppm   5.45 ppm   18.73
           -FS    -0.00000  V    -0.00036  V  -1.64   ppm   5.45 ppm  -30.02

     1100V +FS      0.0001  V     -0.0000  V  -0.02   ppm   7.55 ppm   -0.25
           -FS     -0.0000  V     -0.0007  V  -0.67   ppm   7.55 ppm   -8.86
































    ------------------------------------------------------------------------
                            AC VOLTAGE OUTPUT SHIFTS
    ------------------------------------------------------------------------
    RANGE        Point            Full Scale Shift            Spec   Shift  
                                                              (+/-) (% spec)

    2.2 mV      FS           0.000004 mV     0.0002 %       0.24 %      0.08
             20.00  kHz      0.000004 mV     0.0002 %       0.24 %      0.07
             50.00  kHz      0.000004 mV     0.0002 %       0.26 %      0.07
            100.00  kHz      0.000005 mV     0.0002 %       0.44 %      0.05
            119.99  kHz      0.000010 mV     0.0005 %       0.79 %      0.06
            0.1200  MHz      0.000012 mV     0.0006 %       0.79 %      0.07
            0.2000  MHz      0.000020 mV     0.0009 %       0.79 %      0.12
            0.3000  MHz      0.000055 mV     0.0025 %       0.79 %      0.32
            0.4000  MHz      0.000038 mV     0.0017 %       1.51 %      0.11
            0.5000  MHz      0.000038 mV     0.0017 %       1.51 %      0.11
            0.6000  MHz      0.000053 mV     0.0024 %       1.66 %      0.14
            0.7000  MHz      0.000067 mV     0.0030 %       1.66 %      0.18
            0.8000  MHz      0.000082 mV     0.0037 %       1.66 %      0.22
            0.9000  MHz      0.000099 mV     0.0045 %       1.66 %      0.27
            1.0000  MHz      0.000122 mV     0.0055 %       1.66 %      0.33
            1.1000  MHz      0.000153 mV     0.0069 %    NO SPEC        0.00
            1.1999  MHz      0.000184 mV     0.0084 %    NO SPEC        0.00

     22 mV      FS            0.00007 mV     2.95   ppm   372.73 ppm    0.79
             20.00  kHz       0.00005 mV     2.15   ppm   372.73 ppm    0.58
             50.00  kHz       0.00011 mV     5.02   ppm   612.73 ppm    0.82
            100.00  kHz       0.00008 mV     0.0004 %       0.12 %      0.30
            119.99  kHz       0.00010 mV     0.0005 %       0.18 %      0.26
            0.1200  MHz       0.00019 mV     0.0009 %       0.18 %      0.48
            0.2000  MHz       0.00030 mV     0.0014 %       0.18 %      0.77
            0.3000  MHz       0.00041 mV     0.0019 %       0.18 %      1.06
            0.4000  MHz       0.00022 mV     0.0010 %       0.29 %      0.34
            0.5000  MHz       0.00023 mV     0.0011 %       0.29 %      0.37
            0.6000  MHz       0.00031 mV     0.0014 %       0.44 %      0.32
            0.7000  MHz       0.00041 mV     0.0019 %       0.44 %      0.43
            0.8000  MHz       0.00133 mV     0.0060 %       0.44 %      1.38
            0.9000  MHz       0.00071 mV     0.0032 %       0.44 %      0.74
            1.0000  MHz       0.00073 mV     0.0033 %       0.44 %      0.76
            1.1000  MHz       0.00124 mV     0.0056 %    NO SPEC        0.00
            1.1999  MHz       0.00124 mV     0.0057 %    NO SPEC        0.00

    220 mV      FS             0.0006 mV     2.55   ppm   140.45 ppm    1.81
             20.00  kHz        0.0005 mV     2.44   ppm   140.45 ppm    1.74
             50.00  kHz        0.0006 mV     2.59   ppm   345.45 ppm    0.75
            100.00  kHz        0.0006 mV     2.76   ppm   886.36 ppm    0.31
            119.99  kHz        0.0011 mV     0.0005 %       0.11 %      0.48
            0.1200  MHz        0.0014 mV     0.0006 %       0.11 %      0.58
            0.2000  MHz        0.0021 mV     0.0010 %       0.11 %      0.91
            0.3000  MHz        0.0057 mV     0.0026 %       0.11 %      2.39
            0.4000  MHz        0.0039 mV     0.0018 %       0.17 %      1.05
            0.5000  MHz        0.0039 mV     0.0018 %       0.17 %      1.07
            0.6000  MHz        0.0054 mV     0.0025 %       0.35 %      0.71
            0.7000  MHz        0.0068 mV     0.0031 %       0.35 %      0.90
            0.8000  MHz        0.0083 mV     0.0038 %       0.35 %      1.10
            0.9000  MHz        0.0100 mV     0.0046 %       0.35 %      1.32
            1.0000  MHz        0.0123 mV     0.0056 %       0.35 %      1.62
            1.1000  MHz        0.0154 mV     0.0070 %    NO SPEC        0.00
            1.1999  MHz        0.0185 mV     0.0084 %    NO SPEC        0.00







      2.2V      FS           0.000004  V     2.01   ppm    73.18 ppm    2.75
             20.00  kHz      0.000004  V     1.92   ppm    73.18 ppm    2.62
             50.00  kHz      0.000005  V     2.12   ppm   129.09 ppm    1.64
            100.00  kHz      0.000005  V     2.22   ppm   266.36 ppm    0.83
            119.99  kHz      0.000010  V     4.64   ppm   468.18 ppm    0.99
            0.1200  MHz      0.000012  V     5.68   ppm   468.18 ppm    1.21
            0.2000  MHz      0.000020  V     9.19   ppm   468.18 ppm    1.96
            0.3000  MHz      0.000056  V    25.26   ppm   468.18 ppm    5.40
            0.4000  MHz      0.000038  V     0.0017 %       0.12 %      1.46
            0.5000  MHz      0.000038  V     0.0017 %       0.12 %      1.48
            0.6000  MHz      0.000053  V     0.0024 %       0.25 %      0.99
            0.7000  MHz      0.000067  V     0.0031 %       0.25 %      1.24
            0.8000  MHz      0.000082  V     0.0037 %       0.25 %      1.52
            0.9000  MHz      0.000099  V     0.0045 %       0.25 %      1.83
            1.0000  MHz      0.000122  V     0.0055 %       0.25 %      2.26
            1.1000  MHz      0.000153  V     0.0070 %    NO SPEC        0.00
            1.1999  MHz      0.000184  V     0.0084 %    NO SPEC        0.00

       22V      FS            0.00007  V     3.07   ppm    73.18 ppm    4.19
             20.00  kHz       0.00005  V     2.16   ppm    73.18 ppm    2.95
             50.00  kHz       0.00011  V     5.13   ppm   129.09 ppm    3.98
            100.00  kHz       0.00008  V     3.67   ppm   248.18 ppm    1.48
            119.99  kHz       0.00011  V     4.81   ppm   577.27 ppm    0.83
            0.1200  MHz       0.00019  V     8.73   ppm   577.27 ppm    1.51
            0.2000  MHz       0.00030  V    13.82   ppm   577.27 ppm    2.39
            0.3000  MHz       0.00042  V    18.87   ppm   577.27 ppm    3.27
            0.4000  MHz       0.00022  V     0.0010 %       0.14 %      0.70
            0.5000  MHz       0.00024  V     0.0011 %       0.14 %      0.76
            0.6000  MHz       0.00031  V     0.0014 %       0.30 %      0.47
            0.7000  MHz       0.00041  V     0.0019 %       0.30 %      0.63
            0.8000  MHz       0.00133  V     0.0060 %       0.30 %      2.01
            0.9000  MHz       0.00071  V     0.0032 %       0.30 %      1.07
            1.0000  MHz       0.00073  V     0.0033 %       0.30 %      1.11
            1.1000  MHz       0.00124  V     0.0056 %    NO SPEC        0.00
            1.1999  MHz       0.00125  V     0.0057 %    NO SPEC        0.00

      220V      FS             0.0005  V     2.06   ppm    79.55 ppm    2.59
             5.000  kHz       -0.0000  V    -0.09   ppm    79.55 ppm   -0.11
            10.000  kHz       -0.0002  V    -0.86   ppm    79.55 ppm   -1.08
             20.00  kHz        0.0011  V     5.10   ppm    79.55 ppm    6.41
             50.00  kHz        0.0004  V     1.97   ppm   218.18 ppm    0.90
            100.00  kHz        0.0026  V    11.79   ppm   545.45 ppm    2.16
            119.99  kHz        0.0029  V     0.0013 %       0.20 %      0.66
            0.1200  MHz        0.0011  V     0.0005 %       0.20 %      0.24
            0.2000  MHz        0.0061  V     0.0028 %       0.20 %      1.38
            0.3000  MHz        0.0121  V     0.0055 %       0.20 %      2.74
            0.4000  MHz        0.0161  V     0.0073 %       0.55 %      1.33
            0.5000  MHz        0.0223  V     0.0101 %       0.55 %      1.84
            0.6000  MHz        0.0284  V     0.0129 %       1.30 %      0.99
            0.7000  MHz        0.0303  V     0.0138 %       1.30 %      1.06
            0.8000  MHz        0.0470  V     0.0214 %       1.30 %      1.64
            0.9000  MHz        0.0587  V     0.0267 %       1.30 %      2.05
            1.0000  MHz        0.0735  V     0.0334 %       1.30 %      2.57

     1100V      FS              0.001  V     0.64   ppm    78.64 ppm    0.81
            0.3000  kHz         0.000  V     0.05   ppm    78.64 ppm    0.07
            0.5000  kHz         0.003  V     3.13   ppm    78.64 ppm    3.98
            0.7000  kHz        -0.001  V    -0.60   ppm    78.64 ppm   -0.77
            1.0000  kHz         0.001  V     0.90   ppm    78.64 ppm    1.14







    ------------------------------------------------------------------------
                            DC CURRENT OUTPUT SHIFTS
    ------------------------------------------------------------------------
    RANGE Point     Zero Shift       Full Scale Shift          Spec   Shift  
                                                              (+/-) (% spec)

    220 uA +FS     -0.0001 uA      0.0008 uA   3.66   ppm  90.45 ppm    4.04
           -FS     -0.0001 uA     -0.0008 uA  -3.72   ppm  90.45 ppm   -4.12

    2.2 mA +FS   -0.000001 mA    0.000009 mA   4.05   ppm  49.55 ppm    8.17
           -FS   -0.000002 mA   -0.000011 mA  -4.78   ppm  49.55 ppm   -9.65

     22 mA +FS    -0.00001 mA     0.00006 mA   2.87   ppm  49.55 ppm    5.80
           -FS    -0.00001 mA    -0.00007 mA  -3.04   ppm  49.55 ppm   -6.14

    220 mA +FS     -0.0001 mA      0.0001 mA   0.27   ppm  69.23 ppm    0.39
           -FS     -0.0001 mA     -0.0001 mA  -0.30   ppm  69.23 ppm   -0.44

      2.2A +FS    0.000001  A    0.000008  A   3.57   ppm 137.04 ppm    2.61
           -FS    0.000000  A   -0.000005  A  -2.44   ppm 137.04 ppm   -1.78














































    ------------------------------------------------------------------------
                            AC CURRENT OUTPUT SHIFTS
    ------------------------------------------------------------------------
    RANGE        Point            Full Scale Shift            Spec   Shift  
                                                              (+/-) (% spec)

    220 uA      FS              0.001 uA     3.80   ppm   210.91 ppm    1.80
            0.5000  kHz         0.001 uA     3.64   ppm   210.91 ppm    1.73
            1.0000  kHz         0.001 uA     3.45   ppm   210.91 ppm    1.63
             2.000  kHz         0.001 uA     4.08   ppm   727.27 ppm    0.56
             5.000  kHz         0.000 uA     0.64   ppm   727.27 ppm    0.09
             7.000  kHz         0.000 uA     0.0001 %       0.20 %      0.07
            10.000  kHz         0.001 uA     0.0003 %       0.20 %      0.18

    2.2 mA      FS            0.00001 mA     4.41   ppm   138.18 ppm    3.19
            0.5000  kHz       0.00000 mA     1.83   ppm   138.18 ppm    1.33
            1.0000  kHz       0.00001 mA     4.24   ppm   138.18 ppm    3.07
             2.000  kHz       0.00001 mA     3.28   ppm   727.27 ppm    0.45
             5.000  kHz       0.00001 mA     4.73   ppm   727.27 ppm    0.65
             7.000  kHz       0.00001 mA     0.0003 %       0.20 %      0.16
            10.000  kHz       0.00001 mA     0.0003 %       0.20 %      0.17

     22 mA      FS             0.0001 mA     2.97   ppm   138.18 ppm    2.15
            0.5000  kHz        0.0000 mA     0.51   ppm   138.18 ppm    0.37
            1.0000  kHz        0.0001 mA     2.48   ppm   138.18 ppm    1.80
             2.000  kHz        0.0001 mA     2.50   ppm   727.27 ppm    0.34
             5.000  kHz        0.0000 mA     1.17   ppm   727.27 ppm    0.16
             7.000  kHz        0.0001 mA     0.0003 %       0.20 %      0.13
            10.000  kHz        0.0000 mA     0.0000 %       0.20 %      0.02

    220 mA      FS              0.000 mA     0.35   ppm   138.18 ppm    0.25
            0.5000  kHz         0.000 mA     0.06   ppm   138.18 ppm    0.04
            1.0000  kHz         0.000 mA     1.93   ppm   138.18 ppm    1.40
             2.000  kHz        -0.000 mA    -1.98   ppm   727.27 ppm   -0.27
             5.000  kHz        -0.000 mA    -1.08   ppm   727.27 ppm   -0.15
             7.000  kHz        -0.000 mA    -0.0001 %       0.20 %     -0.04
            10.000  kHz         0.000 mA     0.0000 %       0.20 %      0.01

      2.2A      FS            0.00001  A     3.06   ppm   618.18 ppm    0.49
            0.5000  kHz       0.00000  A     0.53   ppm   618.18 ppm    0.09
            1.0000  kHz       0.00001  A     2.58   ppm   618.18 ppm    0.42
             2.000  kHz       0.00001  A     2.62   ppm   745.45 ppm    0.35
             5.000  kHz       0.00000  A     1.23   ppm   745.45 ppm    0.17
             7.000  kHz       0.00001  A     0.0003 %       0.81 %      0.03
            10.000  kHz       0.00000  A     0.0001 %       0.81 %      0.01





















    ------------------------------------------------------------------------
                            RESISTANCE OUTPUT SHIFTS
    ------------------------------------------------------------------------
            Point             Full Scale Shift                Spec   Shift  
                                                              (+/-) (% spec)

     0.0000000  Ohm      0.0000000  Ohm   0.00   Ohm         0.00 Ohm    0.00
     0.9996186  Ohm      0.0000006  Ohm   0.57   ppm        85.00 ppm    0.67
     1.8999670  Ohm     -0.0000038  Ohm  -1.98   ppm        85.00 ppm   -2.33
     10.000257  Ohm       0.000026  Ohm   2.60   ppm        26.00 ppm   10.01
     19.003568  Ohm       0.000042  Ohm   2.19   ppm        24.00 ppm    9.13
     100.00457  Ohm        0.00014  Ohm   1.40   ppm        15.00 ppm    9.33
     190.00151  Ohm        0.00013  Ohm   0.69   ppm        15.00 ppm    4.63
     0.9999409 kOhm      0.0000011 kOhm   1.13   ppm        11.00 ppm   10.25
     1.8998987 kOhm      0.0000023 kOhm   1.23   ppm        11.00 ppm   11.19
     10.000392 kOhm       0.000007 kOhm   0.67   ppm         9.00 ppm    7.45
     18.999610 kOhm       0.000020 kOhm   1.07   ppm         9.00 ppm   11.91
      99.99816 kOhm        0.00011 kOhm   1.06   ppm        11.00 ppm    9.67
     189.99361 kOhm        0.00020 kOhm   1.06   ppm        11.00 ppm    9.62
     0.9999046 MOhm      0.0000001 MOhm   0.10   ppm        16.00 ppm    0.60
     1.8998489 MOhm      0.0000010 MOhm   0.54   ppm        17.00 ppm    3.17
      9.998568 MOhm      -0.000008 MOhm  -0.75   ppm        33.00 ppm   -2.28
     18.999551 MOhm       0.000048 MOhm   2.53   ppm        43.00 ppm    5.88
     100.00777 MOhm       -0.00033 MOhm  -3.34   ppm       110.00 ppm   -3.04







































