=~=~=~=~=~=~=~=~=~=~=~= PuTTY log 2021.07.28 10:08:17 =~=~=~=~=~=~=~=~=~=~=~=



    ------------------------------------------------------------------------
    JOHN FLUKE MFG. CO., INC.     S/N 4670009        5700A CALIBRATION CHECK
    PRINTED ON 28.07.21 AT  5:53:36 5700A  S/N 4670009
    ------------------------------------------------------------------------
    ------------------------------------------------------------------------
                                MODULES PRESENT
    ------------------------------------------------------------------------
    Software Revision JA*
    Switching Matrix
    DC Volt Module  
    AC Volt Module  
    220V Module     
    1100V/2A Module 
    Current Module  
    Ohms Module     
    Hires Osc Module
    Rear Panel      
    ------------------------------------------------------------------------
                   ARTIFACT CALIBRATION DATES AND TEMPERATURES
    ------------------------------------------------------------------------
    Specification Interval:     24hour

    MAIN OUTPUT:   (Most recent)  19.07.21,  24.0 Degrees C
                      (Previous)  15.07.21,  26.1 Degrees C
                      (CalCheck)  28.07.21,  24.0 Degrees C
           (Days since last cal)  9

    ZERO:          (Most recent)  19.07.21
           (Days since last cal)  9





































    ------------------------------------------------------------------------
                    EXTERNALLY CALIBRATED INTERNAL REFERENCES
    ------------------------------------------------------------------------
        REFERENCE            Most Recent          Previous       Shift (ppm)
    6.5 V DC Reference          6.529897          6.529893              0.67
    13 V  DC Reference         13.061316         13.061313              0.20
    Resistance Reference       0.9999843         0.9999867             -2.44
    1.0 Ohm Resistor           0.9996209         0.9996818            -60.92
    1.9 Ohm Resistor           1.8999864         1.9004352           -236.18


    ------------------------------------------------------------------------
                            DC VOLTAGE OUTPUT SHIFTS
    ------------------------------------------------------------------------
    RANGE Point     Zero Shift       Full Scale Shift          Spec   Shift  
                                                              (+/-) (% spec)

    220 mV +FS    -0.00001 mV     0.00016 mV   0.71   ppm   9.91 ppm    7.14
           -FS     0.00000 mV    -0.00016 mV  -0.73   ppm   9.91 ppm   -7.41

      2.2V +FS   0.0000003  V   0.0000012  V   0.56   ppm   4.05 ppm   13.88
           -FS   0.0000004  V  -0.0000005  V  -0.24   ppm   4.05 ppm   -5.88

       11V +FS    0.000000  V    0.000004  V   0.40   ppm   3.77 ppm   10.56
           -FS   -0.000000  V   -0.000004  V  -0.40   ppm   3.77 ppm  -10.62

       22V +FS    0.000000  V   -0.000001  V  -0.02   ppm   3.77 ppm   -0.61
           -FS   -0.000000  V    0.000001  V   0.03   ppm   3.77 ppm    0.71

      220V +FS    -0.00001  V     0.00002  V   0.11   ppm   5.45 ppm    1.98
           -FS    -0.00000  V    -0.00002  V  -0.10   ppm   5.45 ppm   -1.90

     1100V +FS     -0.0000  V      0.0004  V   0.38   ppm   7.55 ppm    4.99
           -FS     -0.0000  V     -0.0004  V  -0.37   ppm   7.55 ppm   -4.94
































    ------------------------------------------------------------------------
                            AC VOLTAGE OUTPUT SHIFTS
    ------------------------------------------------------------------------
    RANGE        Point            Full Scale Shift            Spec   Shift  
                                                              (+/-) (% spec)

    2.2 mV      FS           0.000007 mV     0.0003 %       0.24 %      0.14
             20.00  kHz      0.000011 mV     0.0005 %       0.24 %      0.21
             50.00  kHz      0.000009 mV     0.0004 %       0.26 %      0.16
            100.00  kHz      0.000015 mV     0.0007 %       0.44 %      0.15
            119.99  kHz      0.000019 mV     0.0008 %       0.79 %      0.11
            0.1200  MHz      0.000020 mV     0.0009 %       0.79 %      0.12
            0.2000  MHz      0.000030 mV     0.0013 %       0.79 %      0.17
            0.3000  MHz      0.000035 mV     0.0016 %       0.79 %      0.20
            0.4000  MHz      0.000041 mV     0.0019 %       1.51 %      0.12
            0.5000  MHz      0.000046 mV     0.0021 %       1.51 %      0.14
            0.6000  MHz      0.000054 mV     0.0025 %       1.66 %      0.15
            0.7000  MHz      0.000060 mV     0.0027 %       1.66 %      0.16
            0.8000  MHz      0.000065 mV     0.0030 %       1.66 %      0.18
            0.9000  MHz      0.000072 mV     0.0033 %       1.66 %      0.20
            1.0000  MHz      0.000116 mV     0.0053 %       1.66 %      0.32
            1.1000  MHz      0.000118 mV     0.0054 %    NO SPEC        0.00
            1.1999  MHz      0.000131 mV     0.0060 %    NO SPEC        0.00

     22 mV      FS            0.00009 mV     4.17   ppm   372.73 ppm    1.12
             20.00  kHz       0.00013 mV     6.00   ppm   372.73 ppm    1.61
             50.00  kHz       0.00019 mV     8.63   ppm   612.73 ppm    1.41
            100.00  kHz       0.00015 mV     0.0007 %       0.12 %      0.60
            119.99  kHz       0.00016 mV     0.0007 %       0.18 %      0.42
            0.1200  MHz       0.00014 mV     0.0006 %       0.18 %      0.36
            0.2000  MHz       0.00031 mV     0.0014 %       0.18 %      0.78
            0.3000  MHz       0.00080 mV     0.0037 %       0.18 %      2.05
            0.4000  MHz       0.00065 mV     0.0030 %       0.29 %      1.04
            0.5000  MHz       0.00074 mV     0.0034 %       0.29 %      1.17
            0.6000  MHz       0.00091 mV     0.0041 %       0.44 %      0.95
            0.7000  MHz       0.00105 mV     0.0048 %       0.44 %      1.09
            0.8000  MHz       0.00117 mV     0.0053 %       0.44 %      1.22
            0.9000  MHz       0.00149 mV     0.0068 %       0.44 %      1.55
            1.0000  MHz       0.00063 mV     0.0029 %       0.44 %      0.66
            1.1000  MHz       0.00203 mV     0.0092 %    NO SPEC        0.00
            1.1999  MHz       0.00213 mV     0.0097 %    NO SPEC        0.00

    220 mV      FS            -0.0001 mV    -0.25   ppm   140.45 ppm   -0.17
             20.00  kHz        0.0004 mV     1.61   ppm   140.45 ppm    1.14
             50.00  kHz        0.0002 mV     0.83   ppm   345.45 ppm    0.24
            100.00  kHz        0.0007 mV     3.29   ppm   886.36 ppm    0.37
            119.99  kHz        0.0011 mV     0.0005 %       0.11 %      0.46
            0.1200  MHz        0.0013 mV     0.0006 %       0.11 %      0.53
            0.2000  MHz        0.0022 mV     0.0010 %       0.11 %      0.93
            0.3000  MHz        0.0027 mV     0.0012 %       0.11 %      1.16
            0.4000  MHz        0.0033 mV     0.0015 %       0.17 %      0.90
            0.5000  MHz        0.0038 mV     0.0017 %       0.17 %      1.03
            0.6000  MHz        0.0047 mV     0.0021 %       0.35 %      0.61
            0.7000  MHz        0.0052 mV     0.0024 %       0.35 %      0.69
            0.8000  MHz        0.0058 mV     0.0026 %       0.35 %      0.76
            0.9000  MHz        0.0064 mV     0.0029 %       0.35 %      0.84
            1.0000  MHz        0.0109 mV     0.0049 %       0.35 %      1.43
            1.1000  MHz        0.0111 mV     0.0050 %    NO SPEC        0.00
            1.1999  MHz        0.0124 mV     0.0056 %    NO SPEC        0.00







      2.2V      FS          -0.000001  V    -0.58   ppm    73.18 ppm   -0.79
             20.00  kHz      0.000003  V     1.27   ppm    73.18 ppm    1.73
             50.00  kHz      0.000001  V     0.47   ppm   129.09 ppm    0.36
            100.00  kHz      0.000006  V     2.95   ppm   266.36 ppm    1.11
            119.99  kHz      0.000010  V     4.63   ppm   468.18 ppm    0.99
            0.1200  MHz      0.000012  V     5.43   ppm   468.18 ppm    1.16
            0.2000  MHz      0.000021  V     9.66   ppm   468.18 ppm    2.06
            0.3000  MHz      0.000027  V    12.13   ppm   468.18 ppm    2.59
            0.4000  MHz      0.000033  V     0.0015 %       0.12 %      1.25
            0.5000  MHz      0.000037  V     0.0017 %       0.12 %      1.44
            0.6000  MHz      0.000046  V     0.0021 %       0.25 %      0.85
            0.7000  MHz      0.000051  V     0.0023 %       0.25 %      0.95
            0.8000  MHz      0.000057  V     0.0026 %       0.25 %      1.06
            0.9000  MHz      0.000063  V     0.0029 %       0.25 %      1.17
            1.0000  MHz      0.000108  V     0.0049 %       0.25 %      2.00
            1.1000  MHz      0.000110  V     0.0050 %    NO SPEC        0.00
            1.1999  MHz      0.000123  V     0.0056 %    NO SPEC        0.00

       22V      FS            0.00001  V     0.38   ppm    73.18 ppm    0.52
             20.00  kHz       0.00005  V     2.20   ppm    73.18 ppm    3.01
             50.00  kHz       0.00011  V     4.84   ppm   129.09 ppm    3.75
            100.00  kHz       0.00007  V     3.19   ppm   248.18 ppm    1.28
            119.99  kHz       0.00008  V     3.66   ppm   577.27 ppm    0.63
            0.1200  MHz       0.00006  V     2.56   ppm   577.27 ppm    0.44
            0.2000  MHz       0.00022  V    10.15   ppm   577.27 ppm    1.76
            0.3000  MHz       0.00072  V    32.69   ppm   577.27 ppm    5.66
            0.4000  MHz       0.00057  V     0.0026 %       0.14 %      1.81
            0.5000  MHz       0.00065  V     0.0030 %       0.14 %      2.09
            0.6000  MHz       0.00082  V     0.0037 %       0.30 %      1.25
            0.7000  MHz       0.00096  V     0.0044 %       0.30 %      1.45
            0.8000  MHz       0.00109  V     0.0050 %       0.30 %      1.65
            0.9000  MHz       0.00140  V     0.0064 %       0.30 %      2.12
            1.0000  MHz       0.00055  V     0.0025 %       0.30 %      0.83
            1.1000  MHz       0.00195  V     0.0089 %    NO SPEC        0.00
            1.1999  MHz       0.00204  V     0.0093 %    NO SPEC        0.00

      220V      FS            -0.0001  V    -0.60   ppm    79.55 ppm   -0.76
             5.000  kHz        0.0007  V     3.22   ppm    79.55 ppm    4.05
            10.000  kHz       -0.0001  V    -0.61   ppm    79.55 ppm   -0.76
             20.00  kHz        0.0009  V     4.11   ppm    79.55 ppm    5.17
             50.00  kHz        0.0008  V     3.43   ppm   218.18 ppm    1.57
            100.00  kHz        0.0040  V    18.40   ppm   545.45 ppm    3.37
            119.99  kHz        0.0034  V     0.0015 %       0.20 %      0.77
            0.1200  MHz        0.0030  V     0.0014 %       0.20 %      0.69
            0.2000  MHz        0.0095  V     0.0043 %       0.20 %      2.16
            0.3000  MHz        0.0173  V     0.0079 %       0.20 %      3.94
            0.4000  MHz        0.0293  V     0.0133 %       0.55 %      2.42
            0.5000  MHz        0.0433  V     0.0197 %       0.55 %      3.58
            0.6000  MHz        0.0459  V     0.0208 %       1.30 %      1.60
            0.7000  MHz        0.0712  V     0.0324 %       1.30 %      2.49
            0.8000  MHz        0.0872  V     0.0396 %       1.30 %      3.05
            0.9000  MHz        0.1036  V     0.0471 %       1.30 %      3.62
            1.0000  MHz        0.1285  V     0.0584 %       1.30 %      4.49

     1100V      FS              0.000  V     0.34   ppm    78.64 ppm    0.43
            0.3000  kHz         0.001  V     0.87   ppm    78.64 ppm    1.11
            0.5000  kHz        -0.002  V    -1.40   ppm    78.64 ppm   -1.78
            0.7000  kHz         0.001  V     0.74   ppm    78.64 ppm    0.94
            1.0000  kHz         0.002  V     2.05   ppm    78.64 ppm    2.61







    ------------------------------------------------------------------------
                            DC CURRENT OUTPUT SHIFTS
    ------------------------------------------------------------------------
    RANGE Point     Zero Shift       Full Scale Shift          Spec   Shift  
                                                              (+/-) (% spec)

    220 uA +FS     -0.0002 uA      0.0004 uA   1.97   ppm  90.45 ppm    2.18
           -FS     -0.0002 uA     -0.0008 uA  -3.70   ppm  90.45 ppm   -4.09

    2.2 mA +FS   -0.000002 mA    0.000004 mA   1.85   ppm  49.55 ppm    3.73
           -FS   -0.000002 mA   -0.000008 mA  -3.60   ppm  49.55 ppm   -7.26

     22 mA +FS    -0.00001 mA     0.00003 mA   1.56   ppm  49.55 ppm    3.16
           -FS    -0.00001 mA    -0.00006 mA  -2.72   ppm  49.55 ppm   -5.49

    220 mA +FS     -0.0001 mA      0.0001 mA   0.60   ppm  69.23 ppm    0.87
           -FS     -0.0001 mA     -0.0004 mA  -1.83   ppm  69.23 ppm   -2.65

      2.2A +FS   -0.000012  A   -0.000009  A  -4.22   ppm 137.04 ppm   -3.08
           -FS   -0.000012  A   -0.000014  A  -6.33   ppm 137.04 ppm   -4.62














































    ------------------------------------------------------------------------
                            AC CURRENT OUTPUT SHIFTS
    ------------------------------------------------------------------------
    RANGE        Point            Full Scale Shift            Spec   Shift  
                                                              (+/-) (% spec)

    220 uA      FS              0.001 uA     3.23   ppm   210.91 ppm    1.53
            0.5000  kHz         0.001 uA     3.01   ppm   210.91 ppm    1.43
            1.0000  kHz         0.001 uA     4.88   ppm   210.91 ppm    2.31
             2.000  kHz         0.001 uA     3.73   ppm   727.27 ppm    0.51
             5.000  kHz         0.000 uA     0.97   ppm   727.27 ppm    0.13
             7.000  kHz        -0.001 uA    -0.0003 %       0.20 %     -0.15
            10.000  kHz        -0.001 uA    -0.0005 %       0.20 %     -0.28

    2.2 mA      FS            0.00001 mA     3.11   ppm   138.18 ppm    2.25
            0.5000  kHz       0.00000 mA     1.90   ppm   138.18 ppm    1.38
            1.0000  kHz       0.00001 mA     3.50   ppm   138.18 ppm    2.54
             2.000  kHz       0.00001 mA     2.35   ppm   727.27 ppm    0.32
             5.000  kHz       0.00001 mA     3.46   ppm   727.27 ppm    0.48
             7.000  kHz       0.00000 mA     0.0001 %       0.20 %      0.04
            10.000  kHz       0.00001 mA     0.0003 %       0.20 %      0.16

     22 mA      FS             0.0001 mA     2.52   ppm   138.18 ppm    1.82
            0.5000  kHz        0.0000 mA     1.02   ppm   138.18 ppm    0.74
            1.0000  kHz        0.0000 mA     0.89   ppm   138.18 ppm    0.64
             2.000  kHz        0.0000 mA     2.05   ppm   727.27 ppm    0.28
             5.000  kHz        0.0000 mA     1.11   ppm   727.27 ppm    0.15
             7.000  kHz        0.0001 mA     0.0004 %       0.20 %      0.20
            10.000  kHz        0.0001 mA     0.0005 %       0.20 %      0.24

    220 mA      FS              0.000 mA     1.62   ppm   138.18 ppm    1.17
            0.5000  kHz         0.001 mA     3.53   ppm   138.18 ppm    2.56
            1.0000  kHz         0.000 mA     1.49   ppm   138.18 ppm    1.08
             2.000  kHz         0.000 mA     1.25   ppm   727.27 ppm    0.17
             5.000  kHz         0.000 mA     0.99   ppm   727.27 ppm    0.14
             7.000  kHz        -0.000 mA    -0.0002 %       0.20 %     -0.08
            10.000  kHz         0.000 mA     0.0001 %       0.20 %      0.07

      2.2A      FS            0.00000  A     1.46   ppm   618.18 ppm    0.24
            0.5000  kHz      -0.00000  A    -0.10   ppm   618.18 ppm   -0.02
            1.0000  kHz      -0.00000  A    -0.17   ppm   618.18 ppm   -0.03
             2.000  kHz       0.00000  A     0.98   ppm   745.45 ppm    0.13
             5.000  kHz       0.00000  A     0.02   ppm   745.45 ppm    0.00
             7.000  kHz       0.00001  A     0.0003 %       0.81 %      0.03
            10.000  kHz       0.00001  A     0.0004 %       0.81 %      0.04





















    ------------------------------------------------------------------------
                            RESISTANCE OUTPUT SHIFTS
    ------------------------------------------------------------------------
            Point             Full Scale Shift                Spec   Shift  
                                                              (+/-) (% spec)

     0.0000000  Ohm      0.0000000  Ohm   0.00   Ohm         0.00 Ohm    0.00
     0.9996818  Ohm     -0.0000609  Ohm -60.92   ppm        85.00 ppm  -71.67
     1.9004352  Ohm     -0.0004488  Ohm-236.18   ppm        85.00 ppm -277.86
     10.000235  Ohm      -0.000001  Ohm  -0.13   ppm        26.00 ppm   -0.52
     19.003518  Ohm      -0.000054  Ohm  -2.87   ppm        24.00 ppm  -11.94
     100.00447  Ohm       -0.00018  Ohm  -1.80   ppm        15.00 ppm  -12.02
     190.00124  Ohm       -0.00065  Ohm  -3.42   ppm        15.00 ppm  -22.80
     0.9999396 kOhm     -0.0000022 kOhm  -2.19   ppm        11.00 ppm  -19.94
     1.8998952 kOhm     -0.0000045 kOhm  -2.35   ppm        11.00 ppm  -21.37
     10.000378 kOhm      -0.000025 kOhm  -2.55   ppm         9.00 ppm  -28.28
     18.999570 kOhm      -0.000040 kOhm  -2.11   ppm         9.00 ppm  -23.45
      99.99796 kOhm       -0.00032 kOhm  -3.17   ppm        11.00 ppm  -28.79
     189.99306 kOhm       -0.00037 kOhm  -1.94   ppm        11.00 ppm  -17.61
     0.9999001 MOhm     -0.0000011 MOhm  -1.11   ppm        16.00 ppm   -6.94
     1.8998359 MOhm      0.0000045 MOhm   2.35   ppm        17.00 ppm   13.83
      9.998417 MOhm       0.000093 MOhm   9.28   ppm        33.00 ppm   28.11
     18.999113 MOhm       0.000339 MOhm  17.86   ppm        43.00 ppm   41.55
     100.00815 MOhm       -0.00086 MOhm  -8.60   ppm       110.00 ppm   -7.82







































