=~=~=~=~=~=~=~=~=~=~=~= PuTTY log 2021.07.29 09:15:45 =~=~=~=~=~=~=~=~=~=~=~=



    ------------------------------------------------------------------------
    JOHN FLUKE MFG. CO., INC.     S/N 4670009        5700A CALIBRATION CHECK
    PRINTED ON 29.07.21 AT  5:01:04 5700A  S/N 4670009
    ------------------------------------------------------------------------
    ------------------------------------------------------------------------
                                MODULES PRESENT
    ------------------------------------------------------------------------
    Software Revision JA*
    Switching Matrix
    DC Volt Module  
    AC Volt Module  
    220V Module     
    1100V/2A Module 
    Current Module  
    Ohms Module     
    Hires Osc Module
    Rear Panel      
    ------------------------------------------------------------------------
                   ARTIFACT CALIBRATION DATES AND TEMPERATURES
    ------------------------------------------------------------------------
    Specification Interval:     24hour

    MAIN OUTPUT:   (Most recent)  28.07.21,  24.0 Degrees C
                      (Previous)  28.07.21,  24.0 Degrees C
                      (CalCheck)  29.07.21,  23.0 Degrees C
           (Days since last cal)  1

    ZERO:          (Most recent)  28.07.21
           (Days since last cal)  1





































    ------------------------------------------------------------------------
                    EXTERNALLY CALIBRATED INTERNAL REFERENCES
    ------------------------------------------------------------------------
        REFERENCE            Most Recent          Previous       Shift (ppm)
    6.5 V DC Reference          6.529915          6.529915              0.00
    13 V  DC Reference         13.061350         13.061354             -0.32
    Resistance Reference       0.9999845         0.9999842              0.26
    1.0 Ohm Resistor           0.9996748         0.9996278             46.99
    1.9 Ohm Resistor           1.8999832         1.8999628             10.73


    ------------------------------------------------------------------------
                            DC VOLTAGE OUTPUT SHIFTS
    ------------------------------------------------------------------------
    RANGE Point     Zero Shift       Full Scale Shift          Spec   Shift  
                                                              (+/-) (% spec)

    220 mV +FS     0.00000 mV     0.00028 mV   1.29   ppm   9.91 ppm   13.01
           -FS     0.00000 mV    -0.00034 mV  -1.55   ppm   9.91 ppm  -15.62

      2.2V +FS   0.0000003  V   0.0000012  V   0.54   ppm   4.05 ppm   13.38
           -FS   0.0000003  V  -0.0000011  V  -0.50   ppm   4.05 ppm  -12.30

       11V +FS    0.000000  V    0.000000  V   0.00   ppm   3.77 ppm    0.04
           -FS    0.000000  V   -0.000003  V  -0.26   ppm   3.77 ppm   -6.89

       22V +FS   -0.000001  V   -0.000008  V  -0.35   ppm   3.77 ppm   -9.39
           -FS   -0.000000  V   -0.000000  V  -0.01   ppm   3.77 ppm   -0.13

      220V +FS     0.00004  V     0.00018  V   0.81   ppm   5.45 ppm   14.90
           -FS     0.00004  V    -0.00004  V  -0.17   ppm   5.45 ppm   -3.05

     1100V +FS     -0.0000  V      0.0003  V   0.26   ppm   7.55 ppm    3.44
           -FS     -0.0000  V     -0.0000  V   0.00   ppm   7.55 ppm   -0.02
































    ------------------------------------------------------------------------
                            AC VOLTAGE OUTPUT SHIFTS
    ------------------------------------------------------------------------
    RANGE        Point            Full Scale Shift            Spec   Shift  
                                                              (+/-) (% spec)

    2.2 mV      FS           0.000019 mV     0.0008 %       0.24 %      0.36
             20.00  kHz      0.000014 mV     0.0006 %       0.24 %      0.27
             50.00  kHz      0.000016 mV     0.0007 %       0.26 %      0.29
            100.00  kHz      0.000016 mV     0.0007 %       0.44 %      0.17
            119.99  kHz      0.000012 mV     0.0006 %       0.79 %      0.07
            0.1200  MHz      0.000009 mV     0.0004 %       0.79 %      0.05
            0.2000  MHz     -0.000004 mV    -0.0002 %       0.79 %     -0.03
            0.3000  MHz     -0.000044 mV    -0.0020 %       0.79 %     -0.25
            0.4000  MHz     -0.000056 mV    -0.0025 %       1.51 %     -0.17
            0.5000  MHz     -0.000037 mV    -0.0017 %       1.51 %     -0.11
            0.6000  MHz     -0.000058 mV    -0.0026 %       1.66 %     -0.16
            0.7000  MHz     -0.000077 mV    -0.0035 %       1.66 %     -0.21
            0.8000  MHz     -0.000105 mV    -0.0048 %       1.66 %     -0.29
            0.9000  MHz     -0.000130 mV    -0.0059 %       1.66 %     -0.35
            1.0000  MHz     -0.000163 mV    -0.0074 %       1.66 %     -0.44
            1.1000  MHz     -0.000202 mV    -0.0092 %    NO SPEC        0.00
            1.1999  MHz     -0.000244 mV    -0.0111 %    NO SPEC        0.00

     22 mV      FS            0.00019 mV     8.46   ppm   372.73 ppm    2.27
             20.00  kHz       0.00018 mV     8.35   ppm   372.73 ppm    2.24
             50.00  kHz       0.00017 mV     7.85   ppm   612.73 ppm    1.28
            100.00  kHz       0.00006 mV     0.0003 %       0.12 %      0.23
            119.99  kHz       0.00009 mV     0.0004 %       0.18 %      0.23
            0.1200  MHz       0.00002 mV     0.0001 %       0.18 %      0.04
            0.2000  MHz      -0.00026 mV    -0.0012 %       0.18 %     -0.68
            0.3000  MHz      -0.00034 mV    -0.0015 %       0.18 %     -0.87
            0.4000  MHz      -0.00020 mV    -0.0009 %       0.29 %     -0.32
            0.5000  MHz      -0.00032 mV    -0.0015 %       0.29 %     -0.51
            0.6000  MHz      -0.00051 mV    -0.0023 %       0.44 %     -0.53
            0.7000  MHz      -0.00069 mV    -0.0032 %       0.44 %     -0.72
            0.8000  MHz      -0.00132 mV    -0.0060 %       0.44 %     -1.37
            0.9000  MHz      -0.00053 mV    -0.0024 %       0.44 %     -0.55
            1.0000  MHz      -0.00174 mV    -0.0079 %       0.44 %     -1.82
            1.1000  MHz      -0.00223 mV    -0.0101 %    NO SPEC        0.00
            1.1999  MHz      -0.00222 mV    -0.0101 %    NO SPEC        0.00

    220 mV      FS             0.0002 mV     1.00   ppm   140.45 ppm    0.71
             20.00  kHz       -0.0002 mV    -1.03   ppm   140.45 ppm   -0.73
             50.00  kHz        0.0000 mV     0.02   ppm   345.45 ppm    0.01
            100.00  kHz       -0.0000 mV    -0.08   ppm   886.36 ppm   -0.01
            119.99  kHz       -0.0004 mV    -0.0002 %       0.11 %     -0.17
            0.1200  MHz       -0.0007 mV    -0.0003 %       0.11 %     -0.30
            0.2000  MHz       -0.0021 mV    -0.0009 %       0.11 %     -0.88
            0.3000  MHz       -0.0060 mV    -0.0027 %       0.11 %     -2.55
            0.4000  MHz       -0.0072 mV    -0.0033 %       0.17 %     -1.94
            0.5000  MHz       -0.0053 mV    -0.0024 %       0.17 %     -1.44
            0.6000  MHz       -0.0074 mV    -0.0034 %       0.35 %     -0.97
            0.7000  MHz       -0.0093 mV    -0.0042 %       0.35 %     -1.22
            0.8000  MHz       -0.0121 mV    -0.0055 %       0.35 %     -1.60
            0.9000  MHz       -0.0146 mV    -0.0066 %       0.35 %     -1.92
            1.0000  MHz       -0.0179 mV    -0.0081 %       0.35 %     -2.36
            1.1000  MHz       -0.0219 mV    -0.0099 %    NO SPEC        0.00
            1.1999  MHz       -0.0261 mV    -0.0119 %    NO SPEC        0.00







      2.2V      FS           0.000000  V     0.10   ppm    73.18 ppm    0.14
             20.00  kHz     -0.000004  V    -1.93   ppm    73.18 ppm   -2.64
             50.00  kHz     -0.000002  V    -0.88   ppm   129.09 ppm   -0.68
            100.00  kHz     -0.000002  V    -0.98   ppm   266.36 ppm   -0.37
            119.99  kHz     -0.000006  V    -2.75   ppm   468.18 ppm   -0.59
            0.1200  MHz     -0.000009  V    -4.08   ppm   468.18 ppm   -0.87
            0.2000  MHz     -0.000023  V   -10.39   ppm   468.18 ppm   -2.22
            0.3000  MHz     -0.000062  V   -28.29   ppm   468.18 ppm   -6.04
            0.4000  MHz     -0.000074  V    -0.0034 %       0.12 %     -2.84
            0.5000  MHz     -0.000055  V    -0.0025 %       0.12 %     -2.13
            0.6000  MHz     -0.000076  V    -0.0035 %       0.25 %     -1.41
            0.7000  MHz     -0.000095  V    -0.0043 %       0.25 %     -1.76
            0.8000  MHz     -0.000123  V    -0.0056 %       0.25 %     -2.28
            0.9000  MHz     -0.000148  V    -0.0067 %       0.25 %     -2.74
            1.0000  MHz     -0.000181  V    -0.0082 %       0.25 %     -3.36
            1.1000  MHz     -0.000221  V    -0.0100 %    NO SPEC        0.00
            1.1999  MHz     -0.000263  V    -0.0119 %    NO SPEC        0.00

       22V      FS            0.00000  V     0.10   ppm    73.18 ppm    0.14
             20.00  kHz      -0.00000  V    -0.01   ppm    73.18 ppm   -0.01
             50.00  kHz      -0.00001  V    -0.50   ppm   129.09 ppm   -0.39
            100.00  kHz      -0.00012  V    -5.67   ppm   248.18 ppm   -2.29
            119.99  kHz      -0.00009  V    -4.23   ppm   577.27 ppm   -0.73
            0.1200  MHz      -0.00017  V    -7.66   ppm   577.27 ppm   -1.33
            0.2000  MHz      -0.00045  V   -20.39   ppm   577.27 ppm   -3.53
            0.3000  MHz      -0.00052  V   -23.81   ppm   577.27 ppm   -4.12
            0.4000  MHz      -0.00038  V    -0.0017 %       0.14 %     -1.22
            0.5000  MHz      -0.00051  V    -0.0023 %       0.14 %     -1.62
            0.6000  MHz      -0.00069  V    -0.0031 %       0.30 %     -1.04
            0.7000  MHz      -0.00088  V    -0.0040 %       0.30 %     -1.32
            0.8000  MHz      -0.00150  V    -0.0068 %       0.30 %     -2.26
            0.9000  MHz      -0.00071  V    -0.0032 %       0.30 %     -1.07
            1.0000  MHz      -0.00193  V    -0.0088 %       0.30 %     -2.91
            1.1000  MHz      -0.00241  V    -0.0110 %    NO SPEC        0.00
            1.1999  MHz      -0.00240  V    -0.0109 %    NO SPEC        0.00

      220V      FS             0.0000  V     0.10   ppm    79.55 ppm    0.13
             5.000  kHz       -0.0000  V    -0.12   ppm    79.55 ppm   -0.15
            10.000  kHz       -0.0006  V    -2.59   ppm    79.55 ppm   -3.26
             20.00  kHz        0.0008  V     3.59   ppm    79.55 ppm    4.51
             50.00  kHz        0.0012  V     5.27   ppm   218.18 ppm    2.42
            100.00  kHz       -0.0005  V    -2.15   ppm   545.45 ppm   -0.39
            119.99  kHz        0.0022  V     0.0010 %       0.20 %      0.49
            0.1200  MHz       -0.0000  V     0.0000 %       0.20 %      0.00
            0.2000  MHz        0.0002  V     0.0001 %       0.20 %      0.05
            0.3000  MHz        0.0064  V     0.0029 %       0.20 %      1.45
            0.4000  MHz        0.0099  V     0.0045 %       0.55 %      0.82
            0.5000  MHz        0.0123  V     0.0056 %       0.55 %      1.02
            0.6000  MHz        0.0236  V     0.0107 %       1.30 %      0.83
            0.7000  MHz        0.0365  V     0.0166 %       1.30 %      1.28
            0.8000  MHz        0.0246  V     0.0112 %       1.30 %      0.86
            0.9000  MHz        0.0451  V     0.0205 %       1.30 %      1.58
            1.0000  MHz        0.0478  V     0.0217 %       1.30 %      1.67

     1100V      FS              0.000  V     0.20   ppm    78.64 ppm    0.26
            0.3000  kHz        -0.004  V    -3.56   ppm    78.64 ppm   -4.53
            0.5000  kHz         0.002  V     2.19   ppm    78.64 ppm    2.78
            0.7000  kHz         0.002  V     2.08   ppm    78.64 ppm    2.65
            1.0000  kHz        -0.002  V    -1.67   ppm    78.64 ppm   -2.13







    ------------------------------------------------------------------------
                            DC CURRENT OUTPUT SHIFTS
    ------------------------------------------------------------------------
    RANGE Point     Zero Shift       Full Scale Shift          Spec   Shift  
                                                              (+/-) (% spec)

    220 uA +FS      0.0002 uA      0.0002 uA   0.75   ppm  90.45 ppm    0.83
           -FS      0.0002 uA      0.0002 uA   0.99   ppm  90.45 ppm    1.09

    2.2 mA +FS    0.000000 mA   -0.000003 mA  -1.31   ppm  49.55 ppm   -2.64
           -FS    0.000000 mA    0.000003 mA   1.37   ppm  49.55 ppm    2.76

     22 mA +FS    -0.00001 mA    -0.00008 mA  -3.62   ppm  49.55 ppm   -7.30
           -FS    -0.00001 mA     0.00006 mA   2.70   ppm  49.55 ppm    5.45

    220 mA +FS     -0.0001 mA     -0.0008 mA  -3.45   ppm  69.23 ppm   -4.98
           -FS     -0.0001 mA      0.0005 mA   2.34   ppm  69.23 ppm    3.38

      2.2A +FS   -0.000000  A   -0.000014  A  -6.31   ppm 137.04 ppm   -4.61
           -FS   -0.000000  A    0.000013  A   5.91   ppm 137.04 ppm    4.31














































    ------------------------------------------------------------------------
                            AC CURRENT OUTPUT SHIFTS
    ------------------------------------------------------------------------
    RANGE        Point            Full Scale Shift            Spec   Shift  
                                                              (+/-) (% spec)

    220 uA      FS              0.000 uA     0.16   ppm   210.91 ppm    0.08
            0.5000  kHz         0.000 uA     2.01   ppm   210.91 ppm    0.95
            1.0000  kHz        -0.000 uA    -1.88   ppm   210.91 ppm   -0.89
             2.000  kHz         0.000 uA     1.27   ppm   727.27 ppm    0.17
             5.000  kHz         0.001 uA     5.11   ppm   727.27 ppm    0.70
             7.000  kHz         0.001 uA     0.0004 %       0.20 %      0.18
            10.000  kHz         0.002 uA     0.0008 %       0.20 %      0.39

    2.2 mA      FS           -0.00000 mA    -1.06   ppm   138.18 ppm   -0.77
            0.5000  kHz      -0.00001 mA    -3.57   ppm   138.18 ppm   -2.59
            1.0000  kHz      -0.00001 mA    -2.87   ppm   138.18 ppm   -2.07
             2.000  kHz      -0.00000 mA    -0.25   ppm   727.27 ppm   -0.03
             5.000  kHz      -0.00000 mA    -1.94   ppm   727.27 ppm   -0.27
             7.000  kHz       0.00000 mA     0.0002 %       0.20 %      0.09
            10.000  kHz      -0.00000 mA    -0.0002 %       0.20 %     -0.09

     22 mA      FS            -0.0001 mA    -2.88   ppm   138.18 ppm   -2.09
            0.5000  kHz       -0.0001 mA    -5.17   ppm   138.18 ppm   -3.74
            1.0000  kHz        0.0000 mA     0.67   ppm   138.18 ppm    0.49
             2.000  kHz       -0.0001 mA    -2.38   ppm   727.27 ppm   -0.33
             5.000  kHz       -0.0001 mA    -6.08   ppm   727.27 ppm   -0.84
             7.000  kHz       -0.0000 mA    -0.0001 %       0.20 %     -0.03
            10.000  kHz       -0.0000 mA    -0.0002 %       0.20 %     -0.08

    220 mA      FS             -0.001 mA    -2.62   ppm   138.18 ppm   -1.89
            0.5000  kHz        -0.001 mA    -2.63   ppm   138.18 ppm   -1.91
            1.0000  kHz        -0.001 mA    -6.08   ppm   138.18 ppm   -4.40
             2.000  kHz        -0.002 mA    -7.97   ppm   727.27 ppm   -1.10
             5.000  kHz        -0.001 mA    -3.69   ppm   727.27 ppm   -0.51
             7.000  kHz        -0.002 mA    -0.0007 %       0.20 %     -0.36
            10.000  kHz        -0.001 mA    -0.0007 %       0.20 %     -0.34

      2.2A      FS           -0.00001  A    -5.83   ppm   618.18 ppm   -0.94
            0.5000  kHz      -0.00002  A    -8.12   ppm   618.18 ppm   -1.31
            1.0000  kHz      -0.00001  A    -2.28   ppm   618.18 ppm   -0.37
             2.000  kHz      -0.00001  A    -5.34   ppm   745.45 ppm   -0.72
             5.000  kHz      -0.00002  A    -9.03   ppm   745.45 ppm   -1.21
             7.000  kHz      -0.00001  A    -0.0004 %       0.81 %     -0.04
            10.000  kHz      -0.00001  A    -0.0005 %       0.81 %     -0.06





















    ------------------------------------------------------------------------
                            RESISTANCE OUTPUT SHIFTS
    ------------------------------------------------------------------------
            Point             Full Scale Shift                Spec   Shift  
                                                              (+/-) (% spec)

     0.0000000  Ohm      0.0000000  Ohm   0.00   Ohm         0.00 Ohm    0.00
     0.9996278  Ohm      0.0000470  Ohm  46.99   ppm        85.00 ppm   55.28
     1.8999628  Ohm      0.0000204  Ohm  10.73   ppm        85.00 ppm   12.62
     10.000206  Ohm       0.000010  Ohm   0.98   ppm        26.00 ppm    3.77
     19.003416  Ohm      -0.000004  Ohm  -0.23   ppm        24.00 ppm   -0.97
     100.00405  Ohm        0.00015  Ohm   1.46   ppm        15.00 ppm    9.71
     190.00048  Ohm       -0.00004  Ohm  -0.23   ppm        15.00 ppm   -1.55
     0.9999369 kOhm      0.0000005 kOhm   0.45   ppm        11.00 ppm    4.10
     1.8998924 kOhm     -0.0000004 kOhm  -0.23   ppm        11.00 ppm   -2.11
     10.000353 kOhm       0.000002 kOhm   0.24   ppm         9.00 ppm    2.71
     18.999543 kOhm      -0.000004 kOhm  -0.23   ppm         9.00 ppm   -2.57
      99.99776 kOhm        0.00001 kOhm   0.14   ppm        11.00 ppm    1.25
     189.99274 kOhm        0.00009 kOhm   0.45   ppm        11.00 ppm    4.13
     0.9998998 MOhm      0.0000011 MOhm   1.06   ppm        16.00 ppm    6.64
     1.8998386 MOhm      0.0000009 MOhm   0.47   ppm        17.00 ppm    2.78
      9.998532 MOhm      -0.000012 MOhm  -1.17   ppm        33.00 ppm   -3.55
     18.999421 MOhm       0.000041 MOhm   2.13   ppm        43.00 ppm    4.96
     100.00729 MOhm       -0.00007 MOhm  -0.66   ppm       110.00 ppm   -0.60







































