=~=~=~=~=~=~=~=~=~=~=~= PuTTY log 2021.08.01 09:26:04 =~=~=~=~=~=~=~=~=~=~=~=



    ------------------------------------------------------------------------
    JOHN FLUKE MFG. CO., INC.     S/N 4670009        5700A CALIBRATION CHECK
    PRINTED ON  1.08.21 AT  5:11:18 5700A  S/N 4670009
    ------------------------------------------------------------------------
    ------------------------------------------------------------------------
                                MODULES PRESENT
    ------------------------------------------------------------------------
    Software Revision JA*
    Switching Matrix
    DC Volt Module  
    AC Volt Module  
    220V Module     
    1100V/2A Module 
    Current Module  
    Ohms Module     
    Hires Osc Module
    Rear Panel      
    ------------------------------------------------------------------------
                   ARTIFACT CALIBRATION DATES AND TEMPERATURES
    ------------------------------------------------------------------------
    Specification Interval:     24hour

    MAIN OUTPUT:   (Most recent)  30.07.21,  22.0 Degrees C
                      (Previous)  29.07.21,  23.0 Degrees C
                      (CalCheck)   1.08.21,  23.0 Degrees C
           (Days since last cal)  2

    ZERO:          (Most recent)  30.07.21
           (Days since last cal)  2





































    ------------------------------------------------------------------------
                    EXTERNALLY CALIBRATED INTERNAL REFERENCES
    ------------------------------------------------------------------------
        REFERENCE            Most Recent          Previous       Shift (ppm)
    6.5 V DC Reference          6.529918          6.529918              0.00
    13 V  DC Reference         13.061353         13.061350              0.20
    Resistance Reference       0.9999845         0.9999844              0.05
    1.0 Ohm Resistor           0.9996794         0.9996246             54.81
    1.9 Ohm Resistor           1.8999834         1.8999896             -3.25


    ------------------------------------------------------------------------
                            DC VOLTAGE OUTPUT SHIFTS
    ------------------------------------------------------------------------
    RANGE Point     Zero Shift       Full Scale Shift          Spec   Shift  
                                                              (+/-) (% spec)

    220 mV +FS     0.00012 mV     0.00001 mV   0.05   ppm   9.91 ppm    0.50
           -FS     0.00012 mV     0.00057 mV   2.60   ppm   9.91 ppm   26.20

      2.2V +FS  -0.0000000  V  -0.0000012  V  -0.56   ppm   4.05 ppm  -13.74
           -FS  -0.0000001  V   0.0000045  V   2.05   ppm   4.05 ppm   50.71

       11V +FS    0.000000  V   -0.000000  V  -0.02   ppm   3.77 ppm   -0.50
           -FS   -0.000000  V    0.000017  V   1.51   ppm   3.77 ppm   40.07

       22V +FS    0.000000  V    0.000002  V   0.09   ppm   3.77 ppm    2.32
           -FS    0.000000  V   -0.000007  V  -0.32   ppm   3.77 ppm   -8.56

      220V +FS    -0.00000  V    -0.00027  V  -1.24   ppm   5.45 ppm  -22.76
           -FS    -0.00001  V    -0.00007  V  -0.30   ppm   5.45 ppm   -5.58

     1100V +FS      0.0001  V     -0.0016  V  -1.42   ppm   7.55 ppm  -18.78
           -FS      0.0001  V      0.0001  V   0.10   ppm   7.55 ppm    1.36
































    ------------------------------------------------------------------------
                            AC VOLTAGE OUTPUT SHIFTS
    ------------------------------------------------------------------------
    RANGE        Point            Full Scale Shift            Spec   Shift  
                                                              (+/-) (% spec)

    2.2 mV      FS           0.000001 mV     0.0000 %       0.24 %      0.02
             20.00  kHz      0.000004 mV     0.0002 %       0.24 %      0.08
             50.00  kHz     -0.000001 mV    -0.0001 %       0.26 %     -0.03
            100.00  kHz     -0.000003 mV    -0.0001 %       0.44 %     -0.03
            119.99  kHz     -0.000002 mV    -0.0001 %       0.79 %     -0.01
            0.1200  MHz     -0.000004 mV    -0.0002 %       0.79 %     -0.02
            0.2000  MHz     -0.000005 mV    -0.0002 %       0.79 %     -0.03
            0.3000  MHz     -0.000011 mV    -0.0005 %       0.79 %     -0.06
            0.4000  MHz     -0.000000 mV     0.0000 %       1.51 %      0.00
            0.5000  MHz     -0.000003 mV    -0.0001 %       1.51 %     -0.01
            0.6000  MHz     -0.000004 mV    -0.0002 %       1.66 %     -0.01
            0.7000  MHz     -0.000007 mV    -0.0003 %       1.66 %     -0.02
            0.8000  MHz     -0.000009 mV    -0.0004 %       1.66 %     -0.03
            0.9000  MHz     -0.000010 mV    -0.0005 %       1.66 %     -0.03
            1.0000  MHz     -0.000012 mV    -0.0005 %       1.66 %     -0.03
            1.1000  MHz     -0.000016 mV    -0.0007 %    NO SPEC        0.00
            1.1999  MHz     -0.000021 mV    -0.0010 %    NO SPEC        0.00

     22 mV      FS            0.00001 mV     0.40   ppm   372.73 ppm    0.11
             20.00  kHz       0.00003 mV     1.43   ppm   372.73 ppm    0.38
             50.00  kHz       0.00004 mV     1.99   ppm   612.73 ppm    0.32
            100.00  kHz       0.00009 mV     0.0004 %       0.12 %      0.37
            119.99  kHz       0.00006 mV     0.0003 %       0.18 %      0.17
            0.1200  MHz       0.00010 mV     0.0004 %       0.18 %      0.24
            0.2000  MHz       0.00018 mV     0.0008 %       0.18 %      0.47
            0.3000  MHz       0.00006 mV     0.0003 %       0.18 %      0.16
            0.4000  MHz       0.00002 mV     0.0001 %       0.29 %      0.03
            0.5000  MHz       0.00005 mV     0.0002 %       0.29 %      0.08
            0.6000  MHz       0.00016 mV     0.0007 %       0.44 %      0.17
            0.7000  MHz       0.00017 mV     0.0008 %       0.44 %      0.17
            0.8000  MHz       0.00002 mV     0.0001 %       0.44 %      0.02
            0.9000  MHz       0.00016 mV     0.0007 %       0.44 %      0.17
            1.0000  MHz       0.00027 mV     0.0012 %       0.44 %      0.28
            1.1000  MHz       0.00043 mV     0.0019 %    NO SPEC        0.00
            1.1999  MHz       0.00042 mV     0.0019 %    NO SPEC        0.00

    220 mV      FS             0.0000 mV     0.03   ppm   140.45 ppm    0.02
             20.00  kHz        0.0003 mV     1.57   ppm   140.45 ppm    1.12
             50.00  kHz       -0.0002 mV    -0.98   ppm   345.45 ppm   -0.29
            100.00  kHz       -0.0003 mV    -1.50   ppm   886.36 ppm   -0.17
            119.99  kHz       -0.0003 mV    -0.0001 %       0.11 %     -0.12
            0.1200  MHz       -0.0004 mV    -0.0002 %       0.11 %     -0.18
            0.2000  MHz       -0.0006 mV    -0.0003 %       0.11 %     -0.26
            0.3000  MHz       -0.0012 mV    -0.0005 %       0.11 %     -0.50
            0.4000  MHz       -0.0001 mV    -0.0001 %       0.17 %     -0.03
            0.5000  MHz       -0.0004 mV    -0.0002 %       0.17 %     -0.10
            0.6000  MHz       -0.0005 mV    -0.0002 %       0.35 %     -0.07
            0.7000  MHz       -0.0008 mV    -0.0004 %       0.35 %     -0.10
            0.8000  MHz       -0.0010 mV    -0.0005 %       0.35 %     -0.13
            0.9000  MHz       -0.0011 mV    -0.0005 %       0.35 %     -0.14
            1.0000  MHz       -0.0012 mV    -0.0006 %       0.35 %     -0.16
            1.1000  MHz       -0.0017 mV    -0.0008 %    NO SPEC        0.00
            1.1999  MHz       -0.0022 mV    -0.0010 %    NO SPEC        0.00







      2.2V      FS           0.000000  V     0.00   ppm    73.18 ppm    0.01
             20.00  kHz      0.000003  V     1.54   ppm    73.18 ppm    2.10
             50.00  kHz     -0.000002  V    -1.06   ppm   129.09 ppm   -0.82
            100.00  kHz     -0.000003  V    -1.53   ppm   266.36 ppm   -0.57
            119.99  kHz     -0.000003  V    -1.32   ppm   468.18 ppm   -0.28
            0.1200  MHz     -0.000004  V    -1.99   ppm   468.18 ppm   -0.43
            0.2000  MHz     -0.000006  V    -2.77   ppm   468.18 ppm   -0.59
            0.3000  MHz     -0.000012  V    -5.48   ppm   468.18 ppm   -1.17
            0.4000  MHz     -0.000001  V    -0.0001 %       0.12 %     -0.05
            0.5000  MHz     -0.000004  V    -0.0002 %       0.12 %     -0.15
            0.6000  MHz     -0.000005  V    -0.0002 %       0.25 %     -0.10
            0.7000  MHz     -0.000008  V    -0.0004 %       0.25 %     -0.15
            0.8000  MHz     -0.000010  V    -0.0005 %       0.25 %     -0.19
            0.9000  MHz     -0.000011  V    -0.0005 %       0.25 %     -0.20
            1.0000  MHz     -0.000012  V    -0.0006 %       0.25 %     -0.23
            1.1000  MHz     -0.000017  V    -0.0008 %    NO SPEC        0.00
            1.1999  MHz     -0.000022  V    -0.0010 %    NO SPEC        0.00

       22V      FS            0.00000  V     0.05   ppm    73.18 ppm    0.07
             20.00  kHz       0.00002  V     1.07   ppm    73.18 ppm    1.46
             50.00  kHz       0.00004  V     1.64   ppm   129.09 ppm    1.27
            100.00  kHz       0.00009  V     3.90   ppm   248.18 ppm    1.57
            119.99  kHz       0.00006  V     2.60   ppm   577.27 ppm    0.45
            0.1200  MHz       0.00009  V     4.01   ppm   577.27 ppm    0.69
            0.2000  MHz       0.00018  V     8.08   ppm   577.27 ppm    1.40
            0.3000  MHz       0.00006  V     2.50   ppm   577.27 ppm    0.43
            0.4000  MHz       0.00001  V     0.0001 %       0.14 %      0.04
            0.5000  MHz       0.00004  V     0.0002 %       0.14 %      0.13
            0.6000  MHz       0.00015  V     0.0007 %       0.30 %      0.23
            0.7000  MHz       0.00016  V     0.0007 %       0.30 %      0.24
            0.8000  MHz       0.00001  V     0.0000 %       0.30 %      0.01
            0.9000  MHz       0.00015  V     0.0007 %       0.30 %      0.23
            1.0000  MHz       0.00026  V     0.0012 %       0.30 %      0.39
            1.1000  MHz       0.00042  V     0.0019 %    NO SPEC        0.00
            1.1999  MHz       0.00042  V     0.0019 %    NO SPEC        0.00

      220V      FS             0.0000  V     0.05   ppm    79.55 ppm    0.06
             5.000  kHz        0.0004  V     1.86   ppm    79.55 ppm    2.34
            10.000  kHz        0.0011  V     5.00   ppm    79.55 ppm    6.29
             20.00  kHz        0.0001  V     0.38   ppm    79.55 ppm    0.48
             50.00  kHz       -0.0011  V    -4.91   ppm   218.18 ppm   -2.25
            100.00  kHz       -0.0005  V    -2.50   ppm   545.45 ppm   -0.46
            119.99  kHz        0.0007  V     0.0003 %       0.20 %      0.17
            0.1200  MHz        0.0007  V     0.0003 %       0.20 %      0.15
            0.2000  MHz        0.0030  V     0.0014 %       0.20 %      0.69
            0.3000  MHz       -0.0001  V     0.0000 %       0.20 %     -0.02
            0.4000  MHz       -0.0029  V    -0.0013 %       0.55 %     -0.24
            0.5000  MHz       -0.0040  V    -0.0018 %       0.55 %     -0.33
            0.6000  MHz       -0.0014  V    -0.0006 %       1.30 %     -0.05
            0.7000  MHz       -0.0035  V    -0.0016 %       1.30 %     -0.12
            0.8000  MHz       -0.0106  V    -0.0048 %       1.30 %     -0.37
            0.9000  MHz       -0.0137  V    -0.0062 %       1.30 %     -0.48
            1.0000  MHz       -0.0175  V    -0.0080 %       1.30 %     -0.61

     1100V      FS              0.000  V     0.07   ppm    78.64 ppm    0.08
            0.3000  kHz        -0.002  V    -1.98   ppm    78.64 ppm   -2.52
            0.5000  kHz         0.000  V     0.02   ppm    78.64 ppm    0.02
            0.7000  kHz        -0.001  V    -0.62   ppm    78.64 ppm   -0.79
            1.0000  kHz         0.000  V     0.24   ppm    78.64 ppm    0.31







    ------------------------------------------------------------------------
                            DC CURRENT OUTPUT SHIFTS
    ------------------------------------------------------------------------
    RANGE Point     Zero Shift       Full Scale Shift          Spec   Shift  
                                                              (+/-) (% spec)

    220 uA +FS     -0.0001 uA     -0.0002 uA  -1.03   ppm  90.45 ppm   -1.14
           -FS     -0.0001 uA     -0.0001 uA  -0.33   ppm  90.45 ppm   -0.37

    2.2 mA +FS   -0.000000 mA   -0.000002 mA  -0.89   ppm  49.55 ppm   -1.80
           -FS   -0.000000 mA    0.000001 mA   0.28   ppm  49.55 ppm    0.57

     22 mA +FS    -0.00000 mA    -0.00002 mA  -1.04   ppm  49.55 ppm   -2.09
           -FS    -0.00000 mA     0.00001 mA   0.61   ppm  49.55 ppm    1.22

    220 mA +FS     -0.0000 mA     -0.0002 mA  -0.95   ppm  69.23 ppm   -1.37
           -FS     -0.0000 mA      0.0001 mA   0.33   ppm  69.23 ppm    0.47

      2.2A +FS   -0.000001  A   -0.000009  A  -4.04   ppm 137.04 ppm   -2.95
           -FS   -0.000001  A    0.000005  A   2.50   ppm 137.04 ppm    1.82














































    ------------------------------------------------------------------------
                            AC CURRENT OUTPUT SHIFTS
    ------------------------------------------------------------------------
    RANGE        Point            Full Scale Shift            Spec   Shift  
                                                              (+/-) (% spec)

    220 uA      FS             -0.000 uA    -0.51   ppm   210.91 ppm   -0.24
            0.5000  kHz        -0.000 uA    -0.62   ppm   210.91 ppm   -0.29
            1.0000  kHz         0.000 uA     1.78   ppm   210.91 ppm    0.85
             2.000  kHz        -0.000 uA    -0.88   ppm   727.27 ppm   -0.12
             5.000  kHz        -0.000 uA    -1.81   ppm   727.27 ppm   -0.25
             7.000  kHz        -0.000 uA    -0.0002 %       0.20 %     -0.09
            10.000  kHz        -0.000 uA    -0.0002 %       0.20 %     -0.09

    2.2 mA      FS           -0.00000 mA    -0.78   ppm   138.18 ppm   -0.56
            0.5000  kHz      -0.00001 mA    -3.21   ppm   138.18 ppm   -2.32
            1.0000  kHz       0.00000 mA     0.97   ppm   138.18 ppm    0.70
             2.000  kHz       0.00000 mA     0.99   ppm   727.27 ppm    0.14
             5.000  kHz      -0.00000 mA    -1.27   ppm   727.27 ppm   -0.17
             7.000  kHz      -0.00001 mA    -0.0003 %       0.20 %     -0.14
            10.000  kHz       0.00000 mA     0.0002 %       0.20 %      0.11

     22 mA      FS            -0.0000 mA    -1.03   ppm   138.18 ppm   -0.75
            0.5000  kHz       -0.0000 mA    -0.31   ppm   138.18 ppm   -0.23
            1.0000  kHz       -0.0000 mA    -1.73   ppm   138.18 ppm   -1.25
             2.000  kHz       -0.0000 mA    -1.03   ppm   727.27 ppm   -0.14
             5.000  kHz        0.0000 mA     2.05   ppm   727.27 ppm    0.28
             7.000  kHz       -0.0001 mA    -0.0004 %       0.20 %     -0.22
            10.000  kHz       -0.0000 mA    -0.0001 %       0.20 %     -0.03

    220 mA      FS             -0.000 mA    -0.79   ppm   138.18 ppm   -0.57
            0.5000  kHz         0.000 mA     2.19   ppm   138.18 ppm    1.59
            1.0000  kHz        -0.001 mA    -3.13   ppm   138.18 ppm   -2.26
             2.000  kHz        -0.000 mA    -0.57   ppm   727.27 ppm   -0.08
             5.000  kHz        -0.001 mA    -3.45   ppm   727.27 ppm   -0.47
             7.000  kHz        -0.000 mA    -0.0001 %       0.20 %     -0.05
            10.000  kHz        -0.000 mA     0.0000 %       0.20 %      0.00

      2.2A      FS           -0.00001  A    -3.41   ppm   618.18 ppm   -0.55
            0.5000  kHz      -0.00001  A    -2.83   ppm   618.18 ppm   -0.46
            1.0000  kHz      -0.00001  A    -4.13   ppm   618.18 ppm   -0.67
             2.000  kHz      -0.00001  A    -3.44   ppm   745.45 ppm   -0.46
             5.000  kHz      -0.00000  A    -0.40   ppm   745.45 ppm   -0.05
             7.000  kHz      -0.00001  A    -0.0007 %       0.81 %     -0.08
            10.000  kHz      -0.00001  A    -0.0003 %       0.81 %     -0.04





















    ------------------------------------------------------------------------
                            RESISTANCE OUTPUT SHIFTS
    ------------------------------------------------------------------------
            Point             Full Scale Shift                Spec   Shift  
                                                              (+/-) (% spec)

     0.0000000  Ohm      0.0000000  Ohm   0.00   Ohm         0.00 Ohm    0.00
     0.9996246  Ohm      0.0000548  Ohm  54.81   ppm        85.00 ppm   64.49
     1.8999896  Ohm     -0.0000062  Ohm  -3.25   ppm        85.00 ppm   -3.82
     10.000230  Ohm       0.000009  Ohm   0.87   ppm        26.00 ppm    3.33
     19.003431  Ohm       0.000072  Ohm   3.78   ppm        24.00 ppm   15.76
     100.00419  Ohm        0.00005  Ohm   0.54   ppm        15.00 ppm    3.63
     190.00062  Ohm        0.00010  Ohm   0.53   ppm        15.00 ppm    3.56
     0.9999371 kOhm     -0.0000003 kOhm  -0.35   ppm        11.00 ppm   -3.16
     1.8998908 kOhm      0.0000013 kOhm   0.66   ppm        11.00 ppm    6.04
     10.000352 kOhm       0.000003 kOhm   0.26   ppm         9.00 ppm    2.94
     18.999532 kOhm       0.000001 kOhm   0.05   ppm         9.00 ppm    0.60
      99.99774 kOhm       -0.00001 kOhm  -0.08   ppm        11.00 ppm   -0.76
     189.99294 kOhm       -0.00023 kOhm  -1.21   ppm        11.00 ppm  -11.02
     0.9998995 MOhm      0.0000008 MOhm   0.77   ppm        16.00 ppm    4.80
     1.8998423 MOhm     -0.0000023 MOhm  -1.19   ppm        17.00 ppm   -7.01
      9.998530 MOhm       0.000005 MOhm   0.48   ppm        33.00 ppm    1.45
     18.999494 MOhm      -0.000031 MOhm  -1.61   ppm        43.00 ppm   -3.75
     100.00730 MOhm       -0.00000 MOhm  -0.05   ppm       110.00 ppm   -0.04







































