=~=~=~=~=~=~=~=~=~=~=~= PuTTY log 2021.07.15 22:32:32 =~=~=~=~=~=~=~=~=~=~=~=



    ------------------------------------------------------------------------
    JOHN FLUKE MFG. CO., INC.     S/N 4670009        5700A CALIBRATION CHECK
    PRINTED ON 15.07.21 AT 18:16:52 5700A  S/N 4670009
    ------------------------------------------------------------------------
    ------------------------------------------------------------------------
                                MODULES PRESENT
    ------------------------------------------------------------------------
    Software Revision JA*
    Switching Matrix
    DC Volt Module  
    AC Volt Module  
    220V Module     
    1100V/2A Module 
    Current Module  
    Ohms Module     
    Hires Osc Module
    Rear Panel      
    ------------------------------------------------------------------------
                   ARTIFACT CALIBRATION DATES AND TEMPERATURES
    ------------------------------------------------------------------------
    Specification Interval:     24hour

    MAIN OUTPUT:   (Most recent)  16.05.21,  22.0 Degrees C
                      (Previous)   4.12.20,  21.4 Degrees C
                      (CalCheck)  15.07.21,  26.1 Degrees C
           (Days since last cal)  60

    ZERO:          (Most recent)  16.05.21
           (Days since last cal)  60





































    ------------------------------------------------------------------------
                    EXTERNALLY CALIBRATED INTERNAL REFERENCES
    ------------------------------------------------------------------------
        REFERENCE            Most Recent          Previous       Shift (ppm)
    6.5 V DC Reference          6.529890          6.529863              4.23
    13 V  DC Reference         13.061309         13.061245              4.90
    Resistance Reference       0.9999916         0.9999754             16.28
    1.0 Ohm Resistor           0.9996814         0.9996046             76.81
    1.9 Ohm Resistor           1.9002716         1.8999827            152.09


    ------------------------------------------------------------------------
                            DC VOLTAGE OUTPUT SHIFTS
    ------------------------------------------------------------------------
    RANGE Point     Zero Shift       Full Scale Shift          Spec   Shift  
                                                              (+/-) (% spec)

    220 mV +FS    -0.00072 mV     0.00057 mV   2.61   ppm   9.91 ppm   26.32
           -FS    -0.00075 mV    -0.00205 mV  -9.30   ppm   9.91 ppm  -93.89

      2.2V +FS  -0.0000015  V   0.0000106  V   4.84   ppm   4.05 ppm  119.65
           -FS  -0.0000018  V  -0.0000139  V  -6.31   ppm   4.05 ppm -155.89

       11V +FS    0.000000  V    0.000056  V   5.05   ppm   3.77 ppm  133.74
           -FS   -0.000001  V   -0.000056  V  -5.08   ppm   3.77 ppm -134.76

       22V +FS    0.000001  V    0.000183  V   8.30   ppm   3.77 ppm  220.13
           -FS   -0.000001  V   -0.000183  V  -8.33   ppm   3.77 ppm -220.73

      220V +FS    -0.00001  V     0.00126  V   5.74   ppm   5.45 ppm  105.19
           -FS    -0.00004  V    -0.00132  V  -5.99   ppm   5.45 ppm -109.83

     1100V +FS      0.0002  V      0.0017  V   1.52   ppm   7.55 ppm   20.18
           -FS      0.0001  V     -0.0014  V  -1.31   ppm   7.55 ppm  -17.31
































    ------------------------------------------------------------------------
                            AC VOLTAGE OUTPUT SHIFTS
    ------------------------------------------------------------------------
    RANGE        Point            Full Scale Shift            Spec   Shift  
                                                              (+/-) (% spec)

    2.2 mV      FS           0.000003 mV     0.0001 %       0.24 %      0.05
             20.00  kHz     -0.000003 mV    -0.0001 %       0.24 %     -0.06
             50.00  kHz     -0.000001 mV     0.0000 %       0.26 %     -0.02
            100.00  kHz     -0.000003 mV    -0.0001 %       0.44 %     -0.03
            119.99  kHz      0.000000 mV     0.0000 %       0.79 %      0.00
            0.1200  MHz      0.000012 mV     0.0005 %       0.79 %      0.07
            0.2000  MHz      0.000022 mV     0.0010 %       0.79 %      0.13
            0.3000  MHz      0.000064 mV     0.0029 %       0.79 %      0.37
            0.4000  MHz      0.000117 mV     0.0053 %       1.51 %      0.35
            0.5000  MHz      0.000175 mV     0.0079 %       1.51 %      0.52
            0.6000  MHz      0.000249 mV     0.0113 %       1.66 %      0.68
            0.7000  MHz      0.000326 mV     0.0148 %       1.66 %      0.89
            0.8000  MHz      0.000418 mV     0.0190 %       1.66 %      1.14
            0.9000  MHz      0.000546 mV     0.0248 %       1.66 %      1.49
            1.0000  MHz      0.000568 mV     0.0258 %       1.66 %      1.55
            1.1000  MHz      0.000721 mV     0.0328 %    NO SPEC        0.00
            1.1999  MHz      0.000859 mV     0.0390 %    NO SPEC        0.00

     22 mV      FS            0.00008 mV     3.71   ppm   372.73 ppm    1.00
             20.00  kHz       0.00002 mV     1.02   ppm   372.73 ppm    0.27
             50.00  kHz      -0.00004 mV    -1.68   ppm   612.73 ppm   -0.27
            100.00  kHz      -0.00019 mV    -0.0009 %       0.12 %     -0.74
            119.99  kHz      -0.00022 mV    -0.0010 %       0.18 %     -0.57
            0.1200  MHz      -0.00011 mV    -0.0005 %       0.18 %     -0.27
            0.2000  MHz      -0.00015 mV    -0.0007 %       0.18 %     -0.38
            0.3000  MHz       0.00014 mV     0.0006 %       0.18 %      0.35
            0.4000  MHz       0.00039 mV     0.0018 %       0.29 %      0.63
            0.5000  MHz       0.00136 mV     0.0062 %       0.29 %      2.15
            0.6000  MHz       0.00118 mV     0.0054 %       0.44 %      1.23
            0.7000  MHz       0.00181 mV     0.0082 %       0.44 %      1.88
            0.8000  MHz       0.00258 mV     0.0117 %       0.44 %      2.69
            0.9000  MHz       0.00393 mV     0.0179 %       0.44 %      4.10
            1.0000  MHz       0.00361 mV     0.0164 %       0.44 %      3.76
            1.1000  MHz       0.00594 mV     0.0270 %    NO SPEC        0.00
            1.1999  MHz       0.00691 mV     0.0314 %    NO SPEC        0.00

    220 mV      FS             0.0011 mV     4.85   ppm   140.45 ppm    3.45
             20.00  kHz        0.0005 mV     2.16   ppm   140.45 ppm    1.54
             50.00  kHz        0.0007 mV     3.11   ppm   345.45 ppm    0.90
            100.00  kHz        0.0005 mV     2.40   ppm   886.36 ppm    0.27
            119.99  kHz        0.0008 mV     0.0004 %       0.11 %      0.35
            0.1200  MHz        0.0020 mV     0.0009 %       0.11 %      0.83
            0.2000  MHz        0.0030 mV     0.0014 %       0.11 %      1.28
            0.3000  MHz        0.0072 mV     0.0033 %       0.11 %      3.03
            0.4000  MHz        0.0125 mV     0.0057 %       0.17 %      3.37
            0.5000  MHz        0.0183 mV     0.0083 %       0.17 %      4.94
            0.6000  MHz        0.0257 mV     0.0117 %       0.35 %      3.38
            0.7000  MHz        0.0334 mV     0.0152 %       0.35 %      4.39
            0.8000  MHz        0.0426 mV     0.0194 %       0.35 %      5.61
            0.9000  MHz        0.0553 mV     0.0252 %       0.35 %      7.28
            1.0000  MHz        0.0576 mV     0.0262 %       0.35 %      7.57
            1.1000  MHz        0.0729 mV     0.0331 %    NO SPEC        0.00
            1.1999  MHz        0.0867 mV     0.0394 %    NO SPEC        0.00







      2.2V      FS           0.000010  V     4.46   ppm    73.18 ppm    6.10
             20.00  kHz      0.000004  V     1.78   ppm    73.18 ppm    2.43
             50.00  kHz      0.000006  V     2.72   ppm   129.09 ppm    2.11
            100.00  kHz      0.000004  V     2.02   ppm   266.36 ppm    0.76
            119.99  kHz      0.000008  V     3.43   ppm   468.18 ppm    0.73
            0.1200  MHz      0.000019  V     8.51   ppm   468.18 ppm    1.82
            0.2000  MHz      0.000029  V    13.39   ppm   468.18 ppm    2.86
            0.3000  MHz      0.000071  V    32.20   ppm   468.18 ppm    6.88
            0.4000  MHz      0.000124  V     0.0056 %       0.12 %      4.76
            0.5000  MHz      0.000182  V     0.0083 %       0.12 %      6.99
            0.6000  MHz      0.000256  V     0.0116 %       0.25 %      4.74
            0.7000  MHz      0.000333  V     0.0151 %       0.25 %      6.17
            0.8000  MHz      0.000425  V     0.0193 %       0.25 %      7.88
            0.9000  MHz      0.000553  V     0.0251 %       0.25 %     10.23
            1.0000  MHz      0.000575  V     0.0261 %       0.25 %     10.65
            1.1000  MHz      0.000728  V     0.0331 %    NO SPEC        0.00
            1.1999  MHz      0.000866  V     0.0394 %    NO SPEC        0.00

       22V      FS            0.00015  V     6.92   ppm    73.18 ppm    9.45
             20.00  kHz       0.00009  V     4.22   ppm    73.18 ppm    5.77
             50.00  kHz       0.00003  V     1.53   ppm   129.09 ppm    1.18
            100.00  kHz      -0.00012  V    -5.41   ppm   248.18 ppm   -2.18
            119.99  kHz      -0.00015  V    -6.97   ppm   577.27 ppm   -1.21
            0.1200  MHz      -0.00004  V    -1.63   ppm   577.27 ppm   -0.28
            0.2000  MHz      -0.00008  V    -3.59   ppm   577.27 ppm   -0.62
            0.3000  MHz       0.00021  V     9.38   ppm   577.27 ppm    1.63
            0.4000  MHz       0.00046  V     0.0021 %       0.14 %      1.48
            0.5000  MHz       0.00143  V     0.0065 %       0.14 %      4.55
            0.6000  MHz       0.00125  V     0.0057 %       0.30 %      1.89
            0.7000  MHz       0.00188  V     0.0085 %       0.30 %      2.84
            0.8000  MHz       0.00265  V     0.0121 %       0.30 %      4.01
            0.9000  MHz       0.00400  V     0.0182 %       0.30 %      6.05
            1.0000  MHz       0.00368  V     0.0167 %       0.30 %      5.56
            1.1000  MHz       0.00601  V     0.0273 %    NO SPEC        0.00
            1.1999  MHz       0.00698  V     0.0317 %    NO SPEC        0.00

      220V      FS             0.0010  V     4.46   ppm    79.55 ppm    5.61
             5.000  kHz        0.0010  V     4.46   ppm    79.55 ppm    5.61
            10.000  kHz        0.0014  V     6.26   ppm    79.55 ppm    7.87
             20.00  kHz        0.0016  V     7.27   ppm    79.55 ppm    9.14
             50.00  kHz        0.0055  V    24.80   ppm   218.18 ppm   11.37
            100.00  kHz        0.0127  V    57.94   ppm   545.45 ppm   10.62
            119.99  kHz        0.0179  V     0.0081 %       0.20 %      4.07
            0.1200  MHz        0.0156  V     0.0071 %       0.20 %      3.55
            0.2000  MHz        0.0384  V     0.0175 %       0.20 %      8.73
            0.3000  MHz        0.0809  V     0.0368 %       0.20 %     18.39
            0.4000  MHz        0.1374  V     0.0624 %       0.55 %     11.35
            0.5000  MHz        0.2045  V     0.0930 %       0.55 %     16.90
            0.6000  MHz        0.2497  V     0.1135 %       1.30 %      8.73
            0.7000  MHz        0.2323  V     0.1056 %       1.30 %      8.12
            0.8000  MHz        0.5456  V     0.2480 %       1.30 %     19.08
            0.9000  MHz        0.6930  V     0.3150 %       1.30 %     24.23
            1.0000  MHz        0.8748  V     0.3977 %       1.30 %     30.59

     1100V      FS              0.003  V     2.73   ppm    78.64 ppm    3.47
            0.3000  kHz         0.002  V     1.46   ppm    78.64 ppm    1.86
            0.5000  kHz         0.002  V     1.89   ppm    78.64 ppm    2.40
            0.7000  kHz         0.000  V     0.15   ppm    78.64 ppm    0.19
            1.0000  kHz         0.003  V     3.01   ppm    78.64 ppm    3.82







    ------------------------------------------------------------------------
                            DC CURRENT OUTPUT SHIFTS
    ------------------------------------------------------------------------
    RANGE Point     Zero Shift       Full Scale Shift          Spec   Shift  
                                                              (+/-) (% spec)

    220 uA +FS     -0.0004 uA     -0.0018 uA  -8.29   ppm  90.45 ppm   -9.17
           -FS     -0.0004 uA      0.0010 uA   4.41   ppm  90.45 ppm    4.88

    2.2 mA +FS   -0.000002 mA   -0.000020 mA  -9.29   ppm  49.55 ppm  -18.74
           -FS   -0.000002 mA    0.000016 mA   7.23   ppm  49.55 ppm   14.60

     22 mA +FS    -0.00001 mA    -0.00025 mA -11.57   ppm  49.55 ppm  -23.35
           -FS    -0.00001 mA     0.00024 mA  10.70   ppm  49.55 ppm   21.59

    220 mA +FS     -0.0001 mA     -0.0023 mA -10.25   ppm  69.23 ppm  -14.81
           -FS     -0.0001 mA      0.0020 mA   9.27   ppm  69.23 ppm   13.39

      2.2A +FS    0.000008  A   -0.000028  A -12.72   ppm 137.04 ppm   -9.29
           -FS    0.000007  A    0.000043  A  19.51   ppm 137.04 ppm   14.23














































    ------------------------------------------------------------------------
                            AC CURRENT OUTPUT SHIFTS
    ------------------------------------------------------------------------
    RANGE        Point            Full Scale Shift            Spec   Shift  
                                                              (+/-) (% spec)

    220 uA      FS             -0.002 uA    -7.75   ppm   210.91 ppm   -3.68
            0.5000  kHz        -0.001 uA    -4.59   ppm   210.91 ppm   -2.18
            1.0000  kHz        -0.001 uA    -4.37   ppm   210.91 ppm   -2.07
             2.000  kHz        -0.001 uA    -5.09   ppm   727.27 ppm   -0.70
             5.000  kHz        -0.001 uA    -4.33   ppm   727.27 ppm   -0.60
             7.000  kHz         0.000 uA     0.0002 %       0.20 %      0.09
            10.000  kHz         0.003 uA     0.0011 %       0.20 %      0.59

    2.2 mA      FS           -0.00002 mA    -9.66   ppm   138.18 ppm   -6.99
            0.5000  kHz      -0.00002 mA   -10.45   ppm   138.18 ppm   -7.57
            1.0000  kHz      -0.00003 mA   -12.15   ppm   138.18 ppm   -8.79
             2.000  kHz      -0.00002 mA    -8.94   ppm   727.27 ppm   -1.23
             5.000  kHz      -0.00003 mA   -14.16   ppm   727.27 ppm   -1.95
             7.000  kHz      -0.00002 mA    -0.0010 %       0.20 %     -0.53
            10.000  kHz      -0.00003 mA    -0.0013 %       0.20 %     -0.66

     22 mA      FS            -0.0003 mA   -12.53   ppm   138.18 ppm   -9.07
            0.5000  kHz       -0.0002 mA    -7.52   ppm   138.18 ppm   -5.44
            1.0000  kHz       -0.0002 mA   -11.03   ppm   138.18 ppm   -7.99
             2.000  kHz       -0.0003 mA   -12.28   ppm   727.27 ppm   -1.69
             5.000  kHz       -0.0003 mA   -13.98   ppm   727.27 ppm   -1.92
             7.000  kHz       -0.0003 mA    -0.0015 %       0.20 %     -0.78
            10.000  kHz       -0.0004 mA    -0.0017 %       0.20 %     -0.86

    220 mA      FS             -0.002 mA   -11.16   ppm   138.18 ppm   -8.08
            0.5000  kHz        -0.003 mA   -13.25   ppm   138.18 ppm   -9.59
            1.0000  kHz        -0.003 mA   -12.12   ppm   138.18 ppm   -8.77
             2.000  kHz        -0.003 mA   -12.76   ppm   727.27 ppm   -1.75
             5.000  kHz        -0.004 mA   -16.48   ppm   727.27 ppm   -2.27
             7.000  kHz        -0.002 mA    -0.0010 %       0.20 %     -0.49
            10.000  kHz        -0.002 mA    -0.0008 %       0.20 %     -0.40

      2.2A      FS           -0.00004  A   -17.51   ppm   618.18 ppm   -2.83
            0.5000  kHz      -0.00003  A   -12.50   ppm   618.18 ppm   -2.02
            1.0000  kHz      -0.00004  A   -16.02   ppm   618.18 ppm   -2.59
             2.000  kHz      -0.00004  A   -17.27   ppm   745.45 ppm   -2.32
             5.000  kHz      -0.00004  A   -18.97   ppm   745.45 ppm   -2.54
             7.000  kHz      -0.00004  A    -0.0020 %       0.81 %     -0.25
            10.000  kHz      -0.00005  A    -0.0022 %       0.81 %     -0.27





















    ------------------------------------------------------------------------
                            RESISTANCE OUTPUT SHIFTS
    ------------------------------------------------------------------------
            Point             Full Scale Shift                Spec   Shift  
                                                              (+/-) (% spec)

     0.0000000  Ohm      0.0000000  Ohm   0.00   Ohm         0.00 Ohm    0.00
     0.9996046  Ohm      0.0000768  Ohm  76.81   ppm        85.00 ppm   90.37
     1.8999827  Ohm      0.0002890  Ohm 152.09   ppm        85.00 ppm  178.93
     10.000099  Ohm       0.000191  Ohm  19.08   ppm        26.00 ppm   73.39
     19.003214  Ohm       0.000358  Ohm  18.84   ppm        24.00 ppm   78.51
     100.00323  Ohm        0.00181  Ohm  18.13   ppm        15.00 ppm  120.87
     189.99899  Ohm        0.00305  Ohm  16.05   ppm        15.00 ppm  107.02
     0.9999292 kOhm      0.0000151 kOhm  15.09   ppm        11.00 ppm  137.14
     1.8998732 kOhm      0.0000309 kOhm  16.26   ppm        11.00 ppm  147.81
     10.000267 kOhm       0.000159 kOhm  15.91   ppm         9.00 ppm  176.83
     18.999354 kOhm       0.000310 kOhm  16.31   ppm         9.00 ppm  181.22
      99.99675 kOhm        0.00172 kOhm  17.15   ppm        11.00 ppm  155.92
     189.99113 kOhm        0.00291 kOhm  15.30   ppm        11.00 ppm  139.09
     0.9998907 MOhm      0.0000136 MOhm  13.62   ppm        16.00 ppm   85.13
     1.8998245 MOhm      0.0000224 MOhm  11.80   ppm        17.00 ppm   69.40
      9.998431 MOhm      -0.000076 MOhm  -7.64   ppm        33.00 ppm  -23.15
     18.999363 MOhm      -0.000364 MOhm -19.18   ppm        43.00 ppm  -44.61
     100.00580 MOhm        0.00369 MOhm  36.89   ppm       110.00 ppm   33.54







































