=~=~=~=~=~=~=~=~=~=~=~= PuTTY log 2021.08.05 08:56:06 =~=~=~=~=~=~=~=~=~=~=~=



    ------------------------------------------------------------------------
    JOHN FLUKE MFG. CO., INC.     S/N 4670009        5700A CALIBRATION CHECK
    PRINTED ON  5.08.21 AT  4:41:14 5700A  S/N 4670009
    ------------------------------------------------------------------------
    ------------------------------------------------------------------------
                                MODULES PRESENT
    ------------------------------------------------------------------------
    Software Revision JA*
    Switching Matrix
    DC Volt Module  
    AC Volt Module  
    220V Module     
    1100V/2A Module 
    Current Module  
    Ohms Module     
    Hires Osc Module
    Rear Panel      
    ------------------------------------------------------------------------
                   ARTIFACT CALIBRATION DATES AND TEMPERATURES
    ------------------------------------------------------------------------
    Specification Interval:     24hour

    MAIN OUTPUT:   (Most recent)   4.08.21,  24.0 Degrees C
                      (Previous)   3.08.21,  24.0 Degrees C
                      (CalCheck)   5.08.21,  23.0 Degrees C
           (Days since last cal)  1

    ZERO:          (Most recent)   4.08.21
           (Days since last cal)  1





































    ------------------------------------------------------------------------
                    EXTERNALLY CALIBRATED INTERNAL REFERENCES
    ------------------------------------------------------------------------
        REFERENCE            Most Recent          Previous       Shift (ppm)
    6.5 V DC Reference          6.529902          6.529902              0.00
    13 V  DC Reference         13.061329         13.061325              0.26
    Resistance Reference       0.9999840         0.9999839              0.01
    1.0 Ohm Resistor           0.9996120         0.9996148             -2.77
    1.9 Ohm Resistor           1.8999564         1.8999618             -2.86


    ------------------------------------------------------------------------
                            DC VOLTAGE OUTPUT SHIFTS
    ------------------------------------------------------------------------
    RANGE Point     Zero Shift       Full Scale Shift          Spec   Shift  
                                                              (+/-) (% spec)

    220 mV +FS    -0.00000 mV    -0.00001 mV  -0.02   ppm   9.91 ppm   -0.24
           -FS     0.00000 mV     0.00002 mV   0.08   ppm   9.91 ppm    0.84

      2.2V +FS   0.0000002  V  -0.0000008  V  -0.35   ppm   4.05 ppm   -8.69
           -FS   0.0000003  V   0.0000014  V   0.66   ppm   4.05 ppm   16.23

       11V +FS    0.000000  V   -0.000000  V   0.00   ppm   3.77 ppm   -0.07
           -FS   -0.000000  V    0.000001  V   0.05   ppm   3.77 ppm    1.32

       22V +FS    0.000000  V   -0.000001  V  -0.04   ppm   3.77 ppm   -0.98
           -FS    0.000000  V    0.000006  V   0.26   ppm   3.77 ppm    6.91

      220V +FS    -0.00001  V    -0.00002  V  -0.07   ppm   5.45 ppm   -1.30
           -FS     0.00000  V     0.00001  V   0.03   ppm   5.45 ppm    0.50

     1100V +FS     -0.0000  V     -0.0001  V  -0.09   ppm   7.55 ppm   -1.14
           -FS      0.0000  V      0.0000  V   0.04   ppm   7.55 ppm    0.55
































    ------------------------------------------------------------------------
                            AC VOLTAGE OUTPUT SHIFTS
    ------------------------------------------------------------------------
    RANGE        Point            Full Scale Shift            Spec   Shift  
                                                              (+/-) (% spec)

    2.2 mV      FS          -0.000010 mV    -0.0004 %       0.24 %     -0.18
             20.00  kHz     -0.000011 mV    -0.0005 %       0.24 %     -0.21
             50.00  kHz     -0.000010 mV    -0.0004 %       0.26 %     -0.17
            100.00  kHz     -0.000009 mV    -0.0004 %       0.44 %     -0.09
            119.99  kHz     -0.000011 mV    -0.0005 %       0.79 %     -0.06
            0.1200  MHz     -0.000010 mV    -0.0005 %       0.79 %     -0.06
            0.2000  MHz     -0.000004 mV    -0.0002 %       0.79 %     -0.02
            0.3000  MHz     -0.000004 mV    -0.0002 %       0.79 %     -0.02
            0.4000  MHz     -0.000004 mV    -0.0002 %       1.51 %     -0.01
            0.5000  MHz     -0.000006 mV    -0.0003 %       1.51 %     -0.02
            0.6000  MHz     -0.000005 mV    -0.0002 %       1.66 %     -0.01
            0.7000  MHz      0.000003 mV     0.0002 %       1.66 %      0.01
            0.8000  MHz      0.000006 mV     0.0003 %       1.66 %      0.02
            0.9000  MHz      0.000012 mV     0.0006 %       1.66 %      0.03
            1.0000  MHz      0.000021 mV     0.0010 %       1.66 %      0.06
            1.1000  MHz      0.000019 mV     0.0009 %    NO SPEC        0.00
            1.1999  MHz      0.000029 mV     0.0013 %    NO SPEC        0.00

     22 mV      FS           -0.00010 mV    -4.40   ppm   372.73 ppm   -1.18
             20.00  kHz      -0.00009 mV    -3.89   ppm   372.73 ppm   -1.04
             50.00  kHz      -0.00001 mV    -0.23   ppm   612.73 ppm   -0.04
            100.00  kHz      -0.00007 mV    -0.0003 %       0.12 %     -0.26
            119.99  kHz      -0.00007 mV    -0.0003 %       0.18 %     -0.19
            0.1200  MHz      -0.00006 mV    -0.0003 %       0.18 %     -0.15
            0.2000  MHz      -0.00008 mV    -0.0004 %       0.18 %     -0.20
            0.3000  MHz      -0.00005 mV    -0.0002 %       0.18 %     -0.12
            0.4000  MHz      -0.00004 mV    -0.0002 %       0.29 %     -0.07
            0.5000  MHz      -0.00001 mV    -0.0001 %       0.29 %     -0.02
            0.6000  MHz      -0.00005 mV    -0.0002 %       0.44 %     -0.06
            0.7000  MHz      -0.00046 mV    -0.0021 %       0.44 %     -0.48
            0.8000  MHz       0.00012 mV     0.0005 %       0.44 %      0.12
            0.9000  MHz       0.00022 mV     0.0010 %       0.44 %      0.23
            1.0000  MHz      -0.00012 mV    -0.0005 %       0.44 %     -0.12
            1.1000  MHz       0.00029 mV     0.0013 %    NO SPEC        0.00
            1.1999  MHz       0.00038 mV     0.0017 %    NO SPEC        0.00

    220 mV      FS             0.0001 mV     0.48   ppm   140.45 ppm    0.34
             20.00  kHz       -0.0000 mV    -0.02   ppm   140.45 ppm   -0.01
             50.00  kHz        0.0001 mV     0.54   ppm   345.45 ppm    0.16
            100.00  kHz        0.0002 mV     0.79   ppm   886.36 ppm    0.09
            119.99  kHz        0.0000 mV     0.0000 %       0.11 %      0.01
            0.1200  MHz        0.0000 mV     0.0000 %       0.11 %      0.01
            0.2000  MHz        0.0007 mV     0.0003 %       0.11 %      0.29
            0.3000  MHz        0.0007 mV     0.0003 %       0.11 %      0.30
            0.4000  MHz        0.0007 mV     0.0003 %       0.17 %      0.18
            0.5000  MHz        0.0005 mV     0.0002 %       0.17 %      0.13
            0.6000  MHz        0.0006 mV     0.0003 %       0.35 %      0.08
            0.7000  MHz        0.0014 mV     0.0007 %       0.35 %      0.19
            0.8000  MHz        0.0017 mV     0.0008 %       0.35 %      0.22
            0.9000  MHz        0.0023 mV     0.0011 %       0.35 %      0.30
            1.0000  MHz        0.0032 mV     0.0014 %       0.35 %      0.42
            1.1000  MHz        0.0030 mV     0.0014 %    NO SPEC        0.00
            1.1999  MHz        0.0040 mV     0.0018 %    NO SPEC        0.00







      2.2V      FS           0.000000  V     0.08   ppm    73.18 ppm    0.11
             20.00  kHz     -0.000001  V    -0.50   ppm    73.18 ppm   -0.68
             50.00  kHz      0.000000  V     0.04   ppm   129.09 ppm    0.03
            100.00  kHz      0.000001  V     0.32   ppm   266.36 ppm    0.12
            119.99  kHz     -0.000001  V    -0.38   ppm   468.18 ppm   -0.08
            0.1200  MHz     -0.000001  V    -0.31   ppm   468.18 ppm   -0.07
            0.2000  MHz      0.000006  V     2.72   ppm   468.18 ppm    0.58
            0.3000  MHz      0.000006  V     2.72   ppm   468.18 ppm    0.58
            0.4000  MHz      0.000006  V     0.0003 %       0.12 %      0.21
            0.5000  MHz      0.000004  V     0.0002 %       0.12 %      0.14
            0.6000  MHz      0.000005  V     0.0002 %       0.25 %      0.09
            0.7000  MHz      0.000013  V     0.0006 %       0.25 %      0.25
            0.8000  MHz      0.000016  V     0.0007 %       0.25 %      0.29
            0.9000  MHz      0.000022  V     0.0010 %       0.25 %      0.41
            1.0000  MHz      0.000031  V     0.0014 %       0.25 %      0.57
            1.1000  MHz      0.000029  V     0.0013 %    NO SPEC        0.00
            1.1999  MHz      0.000039  V     0.0018 %    NO SPEC        0.00

       22V      FS            0.00000  V     0.05   ppm    73.18 ppm    0.06
             20.00  kHz       0.00001  V     0.55   ppm    73.18 ppm    0.75
             50.00  kHz       0.00009  V     4.22   ppm   129.09 ppm    3.27
            100.00  kHz       0.00003  V     1.36   ppm   248.18 ppm    0.55
            119.99  kHz       0.00002  V     0.99   ppm   577.27 ppm    0.17
            0.1200  MHz       0.00004  V     1.75   ppm   577.27 ppm    0.30
            0.2000  MHz       0.00002  V     0.80   ppm   577.27 ppm    0.14
            0.3000  MHz       0.00005  V     2.25   ppm   577.27 ppm    0.39
            0.4000  MHz       0.00006  V     0.0003 %       0.14 %      0.18
            0.5000  MHz       0.00008  V     0.0004 %       0.14 %      0.27
            0.6000  MHz       0.00004  V     0.0002 %       0.30 %      0.07
            0.7000  MHz      -0.00036  V    -0.0016 %       0.30 %     -0.55
            0.8000  MHz       0.00022  V     0.0010 %       0.30 %      0.33
            0.9000  MHz       0.00032  V     0.0015 %       0.30 %      0.48
            1.0000  MHz      -0.00002  V    -0.0001 %       0.30 %     -0.03
            1.1000  MHz       0.00039  V     0.0018 %    NO SPEC        0.00
            1.1999  MHz       0.00048  V     0.0022 %    NO SPEC        0.00

      220V      FS             0.0000  V     0.05   ppm    79.55 ppm    0.06
             5.000  kHz        0.0008  V     3.54   ppm    79.55 ppm    4.45
            10.000  kHz        0.0001  V     0.61   ppm    79.55 ppm    0.77
             20.00  kHz       -0.0000  V    -0.08   ppm    79.55 ppm   -0.10
             50.00  kHz       -0.0010  V    -4.58   ppm   218.18 ppm   -2.10
            100.00  kHz        0.0016  V     7.48   ppm   545.45 ppm    1.37
            119.99  kHz        0.0011  V     0.0005 %       0.20 %      0.25
            0.1200  MHz        0.0022  V     0.0010 %       0.20 %      0.50
            0.2000  MHz        0.0004  V     0.0002 %       0.20 %      0.10
            0.3000  MHz        0.0074  V     0.0034 %       0.20 %      1.69
            0.4000  MHz        0.0081  V     0.0037 %       0.55 %      0.67
            0.5000  MHz        0.0111  V     0.0050 %       0.55 %      0.91
            0.6000  MHz        0.0230  V     0.0105 %       1.30 %      0.81
            0.7000  MHz        0.0205  V     0.0093 %       1.30 %      0.72
            0.8000  MHz        0.0243  V     0.0111 %       1.30 %      0.85
            0.9000  MHz        0.0318  V     0.0145 %       1.30 %      1.11
            1.0000  MHz        0.0385  V     0.0175 %       1.30 %      1.35

     1100V      FS              0.000  V     0.06   ppm    78.64 ppm    0.08
            0.3000  kHz         0.000  V     0.21   ppm    78.64 ppm    0.26
            0.5000  kHz        -0.001  V    -0.62   ppm    78.64 ppm   -0.78
            0.7000  kHz         0.001  V     0.81   ppm    78.64 ppm    1.03
            1.0000  kHz        -0.003  V    -2.50   ppm    78.64 ppm   -3.18







    ------------------------------------------------------------------------
                            DC CURRENT OUTPUT SHIFTS
    ------------------------------------------------------------------------
    RANGE Point     Zero Shift       Full Scale Shift          Spec   Shift  
                                                              (+/-) (% spec)

    220 uA +FS      0.0002 uA      0.0000 uA   0.04   ppm  90.45 ppm    0.04
           -FS      0.0002 uA      0.0004 uA   1.71   ppm  90.45 ppm    1.90

    2.2 mA +FS   -0.000000 mA   -0.000002 mA  -0.70   ppm  49.55 ppm   -1.42
           -FS    0.000000 mA    0.000002 mA   0.92   ppm  49.55 ppm    1.85

     22 mA +FS    -0.00000 mA    -0.00001 mA  -0.45   ppm  49.55 ppm   -0.92
           -FS    -0.00000 mA     0.00001 mA   0.50   ppm  49.55 ppm    1.02

    220 mA +FS     -0.0000 mA     -0.0004 mA  -1.74   ppm  69.23 ppm   -2.51
           -FS     -0.0000 mA      0.0003 mA   1.57   ppm  69.23 ppm    2.26

      2.2A +FS   -0.000000  A   -0.000007  A  -3.00   ppm 137.04 ppm   -2.19
           -FS    0.000000  A    0.000007  A   3.20   ppm 137.04 ppm    2.34














































    ------------------------------------------------------------------------
                            AC CURRENT OUTPUT SHIFTS
    ------------------------------------------------------------------------
    RANGE        Point            Full Scale Shift            Spec   Shift  
                                                              (+/-) (% spec)

    220 uA      FS             -0.000 uA    -0.66   ppm   210.91 ppm   -0.31
            0.5000  kHz        -0.001 uA    -2.81   ppm   210.91 ppm   -1.33
            1.0000  kHz        -0.000 uA    -1.88   ppm   210.91 ppm   -0.89
             2.000  kHz         0.000 uA     0.37   ppm   727.27 ppm    0.05
             5.000  kHz        -0.001 uA    -3.23   ppm   727.27 ppm   -0.44
             7.000  kHz         0.000 uA     0.0001 %       0.20 %      0.04
            10.000  kHz        -0.000 uA    -0.0002 %       0.20 %     -0.11

    2.2 mA      FS           -0.00000 mA    -0.64   ppm   138.18 ppm   -0.47
            0.5000  kHz      -0.00001 mA    -2.77   ppm   138.18 ppm   -2.00
            1.0000  kHz       0.00000 mA     0.88   ppm   138.18 ppm    0.64
             2.000  kHz      -0.00000 mA    -2.17   ppm   727.27 ppm   -0.30
             5.000  kHz      -0.00001 mA    -2.35   ppm   727.27 ppm   -0.32
             7.000  kHz      -0.00000 mA    -0.0001 %       0.20 %     -0.07
            10.000  kHz      -0.00000 mA     0.0000 %       0.20 %     -0.01

     22 mA      FS            -0.0000 mA    -0.33   ppm   138.18 ppm   -0.24
            0.5000  kHz       -0.0000 mA    -0.43   ppm   138.18 ppm   -0.31
            1.0000  kHz       -0.0000 mA    -1.03   ppm   138.18 ppm   -0.75
             2.000  kHz        0.0001 mA     2.98   ppm   727.27 ppm    0.41
             5.000  kHz       -0.0000 mA    -0.12   ppm   727.27 ppm   -0.02
             7.000  kHz       -0.0000 mA    -0.0001 %       0.20 %     -0.03
            10.000  kHz        0.0001 mA     0.0004 %       0.20 %      0.19

    220 mA      FS             -0.000 mA    -1.46   ppm   138.18 ppm   -1.06
            0.5000  kHz         0.000 mA     1.45   ppm   138.18 ppm    1.05
            1.0000  kHz        -0.000 mA    -1.35   ppm   138.18 ppm   -0.98
             2.000  kHz        -0.000 mA    -0.42   ppm   727.27 ppm   -0.06
             5.000  kHz        -0.000 mA    -1.35   ppm   727.27 ppm   -0.19
             7.000  kHz         0.000 mA     0.0001 %       0.20 %      0.03
            10.000  kHz        -0.000 mA    -0.0001 %       0.20 %     -0.04

      2.2A      FS           -0.00001  A    -2.90   ppm   618.18 ppm   -0.47
            0.5000  kHz      -0.00001  A    -3.10   ppm   618.18 ppm   -0.50
            1.0000  kHz      -0.00001  A    -3.62   ppm   618.18 ppm   -0.58
             2.000  kHz       0.00000  A     0.38   ppm   745.45 ppm    0.05
             5.000  kHz      -0.00001  A    -2.74   ppm   745.45 ppm   -0.37
             7.000  kHz      -0.00001  A    -0.0003 %       0.81 %     -0.04
            10.000  kHz       0.00000  A     0.0001 %       0.81 %      0.01





















    ------------------------------------------------------------------------
                            RESISTANCE OUTPUT SHIFTS
    ------------------------------------------------------------------------
            Point             Full Scale Shift                Spec   Shift  
                                                              (+/-) (% spec)

     0.0000000  Ohm      0.0000000  Ohm   0.00   Ohm         0.00 Ohm    0.00
     0.9996148  Ohm     -0.0000028  Ohm  -2.77   ppm        85.00 ppm   -3.25
     1.8999618  Ohm     -0.0000054  Ohm  -2.86   ppm        85.00 ppm   -3.36
     10.000214  Ohm       0.000011  Ohm   1.10   ppm        26.00 ppm    4.25
     19.003438  Ohm       0.000012  Ohm   0.64   ppm        24.00 ppm    2.66
     100.00421  Ohm        0.00000  Ohm   0.01   ppm        15.00 ppm    0.07
     190.00055  Ohm        0.00018  Ohm   0.94   ppm        15.00 ppm    6.29
     0.9999364 kOhm      0.0000001 kOhm   0.09   ppm        11.00 ppm    0.85
     1.8998900 kOhm      0.0000004 kOhm   0.19   ppm        11.00 ppm    1.76
     10.000348 kOhm      -0.000000 kOhm  -0.05   ppm         9.00 ppm   -0.52
     18.999522 kOhm       0.000001 kOhm   0.05   ppm         9.00 ppm    0.52
      99.99767 kOhm       -0.00005 kOhm  -0.50   ppm        11.00 ppm   -4.51
     189.99274 kOhm       -0.00012 kOhm  -0.65   ppm        11.00 ppm   -5.90
     0.9998984 MOhm      0.0000004 MOhm   0.38   ppm        16.00 ppm    2.37
     1.8998382 MOhm      0.0000011 MOhm   0.58   ppm        17.00 ppm    3.39
      9.998490 MOhm       0.000018 MOhm   1.82   ppm        33.00 ppm    5.52
     18.999409 MOhm       0.000035 MOhm   1.86   ppm        43.00 ppm    4.32
     100.00744 MOhm        0.00007 MOhm   0.71   ppm       110.00 ppm    0.65







































