=~=~=~=~=~=~=~=~=~=~=~= PuTTY log 2022.09.11 00:09:33 =~=~=~=~=~=~=~=~=~=~=~=



    ------------------------------------------------------------------------
    JOHN FLUKE MFG. CO., INC.     S/N 4670009        5700A CALIBRATION CHECK
    PRINTED ON 10.09.22 AT 19:46:00 5700A  S/N 4670009
    ------------------------------------------------------------------------
    ------------------------------------------------------------------------
                                MODULES PRESENT
    ------------------------------------------------------------------------
    Software Revision JA*
    Switching Matrix
    DC Volt Module  
    AC Volt Module  
    220V Module     
    1100V/2A Module 
    Current Module  
    Ohms Module     
    Hires Osc Module
    Rear Panel      
    ------------------------------------------------------------------------
                   ARTIFACT CALIBRATION DATES AND TEMPERATURES
    ------------------------------------------------------------------------
    Specification Interval:     24hour

    MAIN OUTPUT:   (Most recent)   3.06.22,  23.0 Degrees C
                      (Previous)  24.12.21,  22.0 Degrees C
                      (CalCheck)  10.09.22,  23.0 Degrees C
           (Days since last cal)  99

    ZERO:          (Most recent)   3.06.22
           (Days since last cal)  99





































    ------------------------------------------------------------------------
                    EXTERNALLY CALIBRATED INTERNAL REFERENCES
    ------------------------------------------------------------------------

                     USED AS CHECK STANDARDS FOR THIS REPORT


    ------------------------------------------------------------------------
                            DC VOLTAGE OUTPUT SHIFTS
    ------------------------------------------------------------------------
    RANGE Point     Zero Shift       Full Scale Shift          Spec   Shift  
                                                              (+/-) (% spec)

    220 mV +FS     0.00001 mV     0.00061 mV   2.76   ppm   9.91 ppm   27.82
           -FS     0.00000 mV    -0.00061 mV  -2.78   ppm   9.91 ppm  -28.02

      2.2V +FS  -0.0000005  V  -0.0000004  V  -0.19   ppm   4.05 ppm   -4.57
           -FS  -0.0000006  V  -0.0000005  V  -0.25   ppm   4.05 ppm   -6.16

       11V +FS   -0.000000  V    0.000000  V   0.03   ppm   3.77 ppm    0.74
           -FS    0.000000  V   -0.000000  V  -0.04   ppm   3.77 ppm   -1.02

       22V +FS   -0.000001  V    0.000021  V   0.95   ppm   3.77 ppm   25.07
           -FS    0.000001  V   -0.000021  V  -0.95   ppm   3.77 ppm  -25.15

      220V +FS    -0.00002  V    -0.00027  V  -1.21   ppm   5.45 ppm  -22.26
           -FS    -0.00002  V     0.00021  V   0.96   ppm   5.45 ppm   17.52

     1100V +FS     -0.0001  V     -0.0001  V  -0.06   ppm   7.55 ppm   -0.82
           -FS     -0.0001  V     -0.0001  V  -0.11   ppm   7.55 ppm   -1.42




































    ------------------------------------------------------------------------
                            AC VOLTAGE OUTPUT SHIFTS
    ------------------------------------------------------------------------
    RANGE        Point            Full Scale Shift            Spec   Shift  
                                                              (+/-) (% spec)

    2.2 mV      FS           0.000013 mV     0.0006 %       0.24 %      0.25
             20.00  kHz      0.000012 mV     0.0005 %       0.24 %      0.23
             50.00  kHz      0.000003 mV     0.0001 %       0.26 %      0.05
            100.00  kHz     -0.000004 mV    -0.0002 %       0.44 %     -0.05
            119.99  kHz     -0.000009 mV    -0.0004 %       0.79 %     -0.05
            0.1200  MHz     -0.000017 mV    -0.0008 %       0.79 %     -0.10
            0.2000  MHz     -0.000033 mV    -0.0015 %       0.79 %     -0.19
            0.3000  MHz     -0.000065 mV    -0.0030 %       0.79 %     -0.37
            0.4000  MHz     -0.000060 mV    -0.0027 %       1.51 %     -0.18
            0.5000  MHz     -0.000041 mV    -0.0019 %       1.51 %     -0.12
            0.6000  MHz     -0.000053 mV    -0.0024 %       1.66 %     -0.15
            0.7000  MHz     -0.000063 mV    -0.0029 %       1.66 %     -0.17
            0.8000  MHz     -0.000080 mV    -0.0037 %       1.66 %     -0.22
            0.9000  MHz     -0.000072 mV    -0.0033 %       1.66 %     -0.20
            1.0000  MHz     -0.000133 mV    -0.0060 %       1.66 %     -0.36
            1.1000  MHz     -0.000145 mV    -0.0066 %    NO SPEC        0.00
            1.1999  MHz     -0.000170 mV    -0.0077 %    NO SPEC        0.00

     22 mV      FS            0.00009 mV     3.92   ppm   372.73 ppm    1.05
             20.00  kHz       0.00009 mV     3.88   ppm   372.73 ppm    1.04
             50.00  kHz       0.00001 mV     0.48   ppm   612.73 ppm    0.08
            100.00  kHz      -0.00010 mV    -0.0005 %       0.12 %     -0.40
            119.99  kHz      -0.00016 mV    -0.0007 %       0.18 %     -0.42
            0.1200  MHz      -0.00017 mV    -0.0008 %       0.18 %     -0.42
            0.2000  MHz       0.00012 mV     0.0006 %       0.18 %      0.31
            0.3000  MHz      -0.00070 mV    -0.0032 %       0.18 %     -1.80
            0.4000  MHz      -0.00040 mV    -0.0018 %       0.29 %     -0.64
            0.5000  MHz      -0.00109 mV    -0.0050 %       0.29 %     -1.73
            0.6000  MHz      -0.00059 mV    -0.0027 %       0.44 %     -0.62
            0.7000  MHz      -0.00068 mV    -0.0031 %       0.44 %     -0.71
            0.8000  MHz      -0.00085 mV    -0.0039 %       0.44 %     -0.89
            0.9000  MHz      -0.00045 mV    -0.0021 %       0.44 %     -0.47
            1.0000  MHz      -0.00133 mV    -0.0060 %       0.44 %     -1.38
            1.1000  MHz      -0.00173 mV    -0.0079 %    NO SPEC        0.00
            1.1999  MHz      -0.00144 mV    -0.0065 %    NO SPEC        0.00

    220 mV      FS             0.0012 mV     5.27   ppm   140.45 ppm    3.75
             20.00  kHz        0.0011 mV     4.87   ppm   140.45 ppm    3.47
             50.00  kHz        0.0001 mV     0.56   ppm   345.45 ppm    0.16
            100.00  kHz       -0.0006 mV    -2.74   ppm   886.36 ppm   -0.31
            119.99  kHz       -0.0011 mV    -0.0005 %       0.11 %     -0.46
            0.1200  MHz       -0.0018 mV    -0.0008 %       0.11 %     -0.75
            0.2000  MHz       -0.0035 mV    -0.0016 %       0.11 %     -1.47
            0.3000  MHz       -0.0067 mV    -0.0030 %       0.11 %     -2.82
            0.4000  MHz       -0.0062 mV    -0.0028 %       0.17 %     -1.68
            0.5000  MHz       -0.0042 mV    -0.0019 %       0.17 %     -1.14
            0.6000  MHz       -0.0055 mV    -0.0025 %       0.35 %     -0.72
            0.7000  MHz       -0.0065 mV    -0.0029 %       0.35 %     -0.85
            0.8000  MHz       -0.0082 mV    -0.0037 %       0.35 %     -1.08
            0.9000  MHz       -0.0073 mV    -0.0033 %       0.35 %     -0.96
            1.0000  MHz       -0.0134 mV    -0.0061 %       0.35 %     -1.77
            1.1000  MHz       -0.0147 mV    -0.0067 %    NO SPEC        0.00
            1.1999  MHz       -0.0171 mV    -0.0078 %    NO SPEC        0.00







      2.2V      FS           0.000006  V     2.53   ppm    73.18 ppm    3.46
             20.00  kHz      0.000005  V     2.14   ppm    73.18 ppm    2.93
             50.00  kHz     -0.000005  V    -2.13   ppm   129.09 ppm   -1.65
            100.00  kHz     -0.000012  V    -5.48   ppm   266.36 ppm   -2.06
            119.99  kHz     -0.000017  V    -7.66   ppm   468.18 ppm   -1.64
            0.1200  MHz     -0.000024  V   -10.88   ppm   468.18 ppm   -2.32
            0.2000  MHz     -0.000041  V   -18.60   ppm   468.18 ppm   -3.97
            0.3000  MHz     -0.000073  V   -33.02   ppm   468.18 ppm   -7.05
            0.4000  MHz     -0.000068  V    -0.0031 %       0.12 %     -2.62
            0.5000  MHz     -0.000048  V    -0.0022 %       0.12 %     -1.86
            0.6000  MHz     -0.000060  V    -0.0027 %       0.25 %     -1.12
            0.7000  MHz     -0.000071  V    -0.0032 %       0.25 %     -1.31
            0.8000  MHz     -0.000088  V    -0.0040 %       0.25 %     -1.63
            0.9000  MHz     -0.000079  V    -0.0036 %       0.25 %     -1.47
            1.0000  MHz     -0.000140  V    -0.0064 %       0.25 %     -2.60
            1.1000  MHz     -0.000153  V    -0.0070 %    NO SPEC        0.00
            1.1999  MHz     -0.000177  V    -0.0081 %    NO SPEC        0.00

       22V      FS            0.00001  V     0.54   ppm    73.18 ppm    0.74
             20.00  kHz       0.00001  V     0.52   ppm    73.18 ppm    0.71
             50.00  kHz      -0.00006  V    -2.89   ppm   129.09 ppm   -2.24
            100.00  kHz      -0.00018  V    -8.00   ppm   248.18 ppm   -3.22
            119.99  kHz      -0.00024  V   -10.81   ppm   577.27 ppm   -1.87
            0.1200  MHz      -0.00024  V   -10.93   ppm   577.27 ppm   -1.89
            0.2000  MHz       0.00005  V     2.17   ppm   577.27 ppm    0.38
            0.3000  MHz      -0.00078  V   -35.44   ppm   577.27 ppm   -6.14
            0.4000  MHz      -0.00048  V    -0.0022 %       0.14 %     -1.53
            0.5000  MHz      -0.00117  V    -0.0053 %       0.14 %     -3.72
            0.6000  MHz      -0.00066  V    -0.0030 %       0.30 %     -1.00
            0.7000  MHz      -0.00075  V    -0.0034 %       0.30 %     -1.14
            0.8000  MHz      -0.00093  V    -0.0042 %       0.30 %     -1.40
            0.9000  MHz      -0.00053  V    -0.0024 %       0.30 %     -0.80
            1.0000  MHz      -0.00140  V    -0.0064 %       0.30 %     -2.12
            1.1000  MHz      -0.00180  V    -0.0082 %    NO SPEC        0.00
            1.1999  MHz      -0.00151  V    -0.0069 %    NO SPEC        0.00

      220V      FS             0.0005  V     2.48   ppm    79.55 ppm    3.12
             5.000  kHz        0.0005  V     2.24   ppm    79.55 ppm    2.82
            10.000  kHz        0.0017  V     7.87   ppm    79.55 ppm    9.89
             20.00  kHz        0.0002  V     0.92   ppm    79.55 ppm    1.15
             50.00  kHz       -0.0005  V    -2.33   ppm   218.18 ppm   -1.07
            100.00  kHz       -0.0017  V    -7.89   ppm   545.45 ppm   -1.45
            119.99  kHz       -0.0025  V    -0.0011 %       0.20 %     -0.57
            0.1200  MHz       -0.0055  V    -0.0025 %       0.20 %     -1.26
            0.2000  MHz       -0.0061  V    -0.0028 %       0.20 %     -1.38
            0.3000  MHz       -0.0215  V    -0.0098 %       0.20 %     -4.89
            0.4000  MHz       -0.0397  V    -0.0180 %       0.55 %     -3.28
            0.5000  MHz       -0.0576  V    -0.0262 %       0.55 %     -4.76
            0.6000  MHz       -0.0828  V    -0.0377 %       1.30 %     -2.90
            0.7000  MHz       -0.1095  V    -0.0498 %       1.30 %     -3.83
            0.8000  MHz       -0.1120  V    -0.0509 %       1.30 %     -3.92
            0.9000  MHz       -0.1439  V    -0.0654 %       1.30 %     -5.03
            1.0000  MHz       -0.1733  V    -0.0788 %       1.30 %     -6.06

     1100V      FS              0.001  V     1.12   ppm    78.64 ppm    1.43
            0.3000  kHz         0.000  V     0.23   ppm    78.64 ppm    0.29
            0.5000  kHz        -0.002  V    -2.12   ppm    78.64 ppm   -2.70
            0.7000  kHz        -0.001  V    -1.04   ppm    78.64 ppm   -1.32
            1.0000  kHz        -0.001  V    -1.36   ppm    78.64 ppm   -1.73







    ------------------------------------------------------------------------
                            DC CURRENT OUTPUT SHIFTS
    ------------------------------------------------------------------------
    RANGE Point     Zero Shift       Full Scale Shift          Spec   Shift  
                                                              (+/-) (% spec)

    220 uA +FS      0.0009 uA      0.0013 uA   5.75   ppm  90.45 ppm    6.35
           -FS      0.0009 uA      0.0006 uA   2.80   ppm  90.45 ppm    3.09

    2.2 mA +FS    0.000003 mA    0.000000 mA   0.10   ppm  49.55 ppm    0.20
           -FS    0.000003 mA    0.000006 mA   2.53   ppm  49.55 ppm    5.11

     22 mA +FS     0.00002 mA    -0.00002 mA  -0.78   ppm  49.55 ppm   -1.58
           -FS     0.00002 mA     0.00005 mA   2.31   ppm  49.55 ppm    4.67

    220 mA +FS      0.0002 mA      0.0005 mA   2.29   ppm  69.23 ppm    3.30
           -FS      0.0002 mA     -0.0002 mA  -0.75   ppm  69.23 ppm   -1.09

      2.2A +FS    0.000004  A   -0.000004  A  -1.62   ppm 137.04 ppm   -1.18
           -FS    0.000004  A    0.000011  A   5.19   ppm 137.04 ppm    3.79














































    ------------------------------------------------------------------------
                            AC CURRENT OUTPUT SHIFTS
    ------------------------------------------------------------------------
    RANGE        Point            Full Scale Shift            Spec   Shift  
                                                              (+/-) (% spec)

    220 uA      FS              0.000 uA     1.05   ppm   210.91 ppm    0.50
            0.5000  kHz        -0.001 uA    -3.31   ppm   210.91 ppm   -1.57
            1.0000  kHz         0.000 uA     0.99   ppm   210.91 ppm    0.47
             2.000  kHz         0.000 uA     0.28   ppm   727.27 ppm    0.04
             5.000  kHz         0.001 uA     3.41   ppm   727.27 ppm    0.47
             7.000  kHz         0.002 uA     0.0010 %       0.20 %      0.51
            10.000  kHz         0.004 uA     0.0017 %       0.20 %      0.86

    2.2 mA      FS           -0.00000 mA    -1.58   ppm   138.18 ppm   -1.14
            0.5000  kHz      -0.00000 mA    -2.06   ppm   138.18 ppm   -1.49
            1.0000  kHz      -0.00000 mA    -1.40   ppm   138.18 ppm   -1.01
             2.000  kHz      -0.00000 mA    -1.65   ppm   727.27 ppm   -0.23
             5.000  kHz      -0.00001 mA    -3.43   ppm   727.27 ppm   -0.47
             7.000  kHz      -0.00000 mA    -0.0001 %       0.20 %     -0.03
            10.000  kHz      -0.00000 mA    -0.0002 %       0.20 %     -0.10

     22 mA      FS            -0.0000 mA    -1.99   ppm   138.18 ppm   -1.44
            0.5000  kHz       -0.0001 mA    -3.39   ppm   138.18 ppm   -2.46
            1.0000  kHz       -0.0001 mA    -2.32   ppm   138.18 ppm   -1.68
             2.000  kHz        0.0000 mA     0.55   ppm   727.27 ppm    0.08
             5.000  kHz        0.0000 mA     0.46   ppm   727.27 ppm    0.06
             7.000  kHz       -0.0001 mA    -0.0003 %       0.20 %     -0.14
            10.000  kHz       -0.0000 mA    -0.0002 %       0.20 %     -0.09

    220 mA      FS              0.000 mA     1.12   ppm   138.18 ppm    0.81
            0.5000  kHz        -0.000 mA    -0.37   ppm   138.18 ppm   -0.27
            1.0000  kHz         0.001 mA     3.97   ppm   138.18 ppm    2.87
             2.000  kHz        -0.000 mA    -1.18   ppm   727.27 ppm   -0.16
             5.000  kHz        -0.000 mA    -0.80   ppm   727.27 ppm   -0.11
             7.000  kHz        -0.000 mA    -0.0001 %       0.20 %     -0.07
            10.000  kHz        -0.001 mA    -0.0003 %       0.20 %     -0.16

      2.2A      FS           -0.00001  A    -3.78   ppm   618.18 ppm   -0.61
            0.5000  kHz      -0.00001  A    -5.24   ppm   618.18 ppm   -0.85
            1.0000  kHz      -0.00001  A    -4.20   ppm   618.18 ppm   -0.68
             2.000  kHz      -0.00000  A    -1.30   ppm   745.45 ppm   -0.17
             5.000  kHz      -0.00000  A    -1.36   ppm   745.45 ppm   -0.18
             7.000  kHz      -0.00001  A    -0.0005 %       0.81 %     -0.06
            10.000  kHz      -0.00001  A    -0.0004 %       0.81 %     -0.04





















    ------------------------------------------------------------------------
                            RESISTANCE OUTPUT SHIFTS
    ------------------------------------------------------------------------
            Point             Full Scale Shift                Spec   Shift  
                                                              (+/-) (% spec)

     0.0000000  Ohm      0.0000000  Ohm   0.00   Ohm         0.00 Ohm    0.00
     0.9996207  Ohm      0.0000000  Ohm   0.00   ppm        85.00 ppm    0.00
     1.8999705  Ohm      0.0000000  Ohm   0.00   ppm        85.00 ppm    0.00
     10.000307  Ohm      -0.000007  Ohm  -0.68   ppm        26.00 ppm   -2.61
     19.003689  Ohm      -0.000002  Ohm  -0.11   ppm        24.00 ppm   -0.47
     100.00490  Ohm       -0.00004  Ohm  -0.39   ppm        15.00 ppm   -2.60
     190.00210  Ohm        0.00003  Ohm   0.15   ppm        15.00 ppm    0.99
     0.9999422 kOhm     -0.0000005 kOhm  -0.51   ppm        11.00 ppm   -4.67
     1.8999031 kOhm     -0.0000018 kOhm  -0.93   ppm        11.00 ppm   -8.50
     10.000399 kOhm       0.000003 kOhm   0.27   ppm         9.00 ppm    3.01
     18.999631 kOhm       0.000002 kOhm   0.09   ppm         9.00 ppm    0.96
      99.99819 kOhm        0.00006 kOhm   0.60   ppm        11.00 ppm    5.47
     189.99360 kOhm        0.00014 kOhm   0.73   ppm        11.00 ppm    6.66
     0.9999049 MOhm     -0.0000008 MOhm  -0.78   ppm        16.00 ppm   -4.88
     1.8998463 MOhm      0.0000002 MOhm   0.10   ppm        17.00 ppm    0.60
      9.998563 MOhm      -0.000052 MOhm  -5.24   ppm        33.00 ppm  -15.87
     18.999517 MOhm      -0.000102 MOhm  -5.39   ppm        43.00 ppm  -12.54
     100.00765 MOhm        0.00207 MOhm  20.65   ppm       110.00 ppm   18.77







































