=~=~=~=~=~=~=~=~=~=~=~= PuTTY log 2022.06.06 08:57:21 =~=~=~=~=~=~=~=~=~=~=~=



    ------------------------------------------------------------------------
    JOHN FLUKE MFG. CO., INC.     S/N 4670009        5700A CALIBRATION CHECK
    PRINTED ON  6.06.22 AT  4:35:51 5700A  S/N 4670009
    ------------------------------------------------------------------------
    ------------------------------------------------------------------------
                                MODULES PRESENT
    ------------------------------------------------------------------------
    Software Revision JA*
    Switching Matrix
    DC Volt Module  
    AC Volt Module  
    220V Module     
    1100V/2A Module 
    Current Module  
    Ohms Module     
    Hires Osc Module
    Rear Panel      
    ------------------------------------------------------------------------
                   ARTIFACT CALIBRATION DATES AND TEMPERATURES
    ------------------------------------------------------------------------
    Specification Interval:     24hour

    MAIN OUTPUT:   (Most recent)   3.06.22,  23.0 Degrees C
                      (Previous)  24.12.21,  22.0 Degrees C
                      (CalCheck)   6.06.22,  23.0 Degrees C
           (Days since last cal)  3

    ZERO:          (Most recent)   3.06.22
           (Days since last cal)  3





































    ------------------------------------------------------------------------
                    EXTERNALLY CALIBRATED INTERNAL REFERENCES
    ------------------------------------------------------------------------

                     USED AS CHECK STANDARDS FOR THIS REPORT


    ------------------------------------------------------------------------
                            DC VOLTAGE OUTPUT SHIFTS
    ------------------------------------------------------------------------
    RANGE Point     Zero Shift       Full Scale Shift          Spec   Shift  
                                                              (+/-) (% spec)

    220 mV +FS    -0.00006 mV    -0.00015 mV  -0.68   ppm   9.91 ppm   -6.86
           -FS    -0.00004 mV     0.00005 mV   0.25   ppm   9.91 ppm    2.49

      2.2V +FS  -0.0000001  V  -0.0000001  V  -0.06   ppm   4.05 ppm   -1.54
           -FS   0.0000001  V   0.0000001  V   0.04   ppm   4.05 ppm    1.11

       11V +FS   -0.000001  V   -0.000001  V  -0.06   ppm   3.77 ppm   -1.65
           -FS    0.000001  V    0.000000  V   0.04   ppm   3.77 ppm    1.19

       22V +FS   -0.000002  V   -0.000014  V  -0.66   ppm   3.77 ppm  -17.42
           -FS    0.000001  V    0.000014  V   0.63   ppm   3.77 ppm   16.82

      220V +FS    -0.00004  V    -0.00015  V  -0.70   ppm   5.45 ppm  -12.83
           -FS    -0.00001  V     0.00011  V   0.49   ppm   5.45 ppm    8.97

     1100V +FS     -0.0001  V     -0.0001  V  -0.13   ppm   7.55 ppm   -1.78
           -FS     -0.0000  V     -0.0000  V  -0.03   ppm   7.55 ppm   -0.37




































    ------------------------------------------------------------------------
                            AC VOLTAGE OUTPUT SHIFTS
    ------------------------------------------------------------------------
    RANGE        Point            Full Scale Shift            Spec   Shift  
                                                              (+/-) (% spec)

    2.2 mV      FS           0.000008 mV     0.0003 %       0.24 %      0.14
             20.00  kHz      0.000010 mV     0.0005 %       0.24 %      0.19
             50.00  kHz      0.000003 mV     0.0002 %       0.26 %      0.06
            100.00  kHz      0.000004 mV     0.0002 %       0.44 %      0.04
            119.99  kHz      0.000004 mV     0.0002 %       0.79 %      0.02
            0.1200  MHz      0.000000 mV     0.0000 %       0.79 %      0.00
            0.2000  MHz     -0.000006 mV    -0.0003 %       0.79 %     -0.04
            0.3000  MHz     -0.000027 mV    -0.0012 %       0.79 %     -0.15
            0.4000  MHz     -0.000030 mV    -0.0014 %       1.51 %     -0.09
            0.5000  MHz     -0.000007 mV    -0.0003 %       1.51 %     -0.02
            0.6000  MHz     -0.000017 mV    -0.0008 %       1.66 %     -0.05
            0.7000  MHz     -0.000027 mV    -0.0012 %       1.66 %     -0.07
            0.8000  MHz     -0.000042 mV    -0.0019 %       1.66 %     -0.11
            0.9000  MHz     -0.000045 mV    -0.0020 %       1.66 %     -0.12
            1.0000  MHz     -0.000067 mV    -0.0031 %       1.66 %     -0.18
            1.1000  MHz     -0.000082 mV    -0.0037 %    NO SPEC        0.00
            1.1999  MHz     -0.000098 mV    -0.0045 %    NO SPEC        0.00

     22 mV      FS            0.00008 mV     3.43   ppm   372.73 ppm    0.92
             20.00  kHz       0.00017 mV     7.84   ppm   372.73 ppm    2.10
             50.00  kHz       0.00011 mV     4.97   ppm   612.73 ppm    0.81
            100.00  kHz       0.00000 mV     0.0000 %       0.12 %      0.00
            119.99  kHz       0.00003 mV     0.0001 %       0.18 %      0.07
            0.1200  MHz       0.00002 mV     0.0001 %       0.18 %      0.06
            0.2000  MHz       0.00001 mV     0.0000 %       0.18 %      0.01
            0.3000  MHz       0.00006 mV     0.0003 %       0.18 %      0.15
            0.4000  MHz       0.00009 mV     0.0004 %       0.29 %      0.14
            0.5000  MHz       0.00003 mV     0.0001 %       0.29 %      0.05
            0.6000  MHz      -0.00003 mV    -0.0002 %       0.44 %     -0.04
            0.7000  MHz      -0.00004 mV    -0.0002 %       0.44 %     -0.05
            0.8000  MHz      -0.00023 mV    -0.0011 %       0.44 %     -0.24
            0.9000  MHz      -0.00030 mV    -0.0014 %       0.44 %     -0.31
            1.0000  MHz       0.00001 mV     0.0000 %       0.44 %      0.01
            1.1000  MHz      -0.00064 mV    -0.0029 %    NO SPEC        0.00
            1.1999  MHz      -0.00053 mV    -0.0024 %    NO SPEC        0.00

    220 mV      FS            -0.0001 mV    -0.42   ppm   140.45 ppm   -0.30
             20.00  kHz        0.0001 mV     0.66   ppm   140.45 ppm    0.47
             50.00  kHz       -0.0005 mV    -2.34   ppm   345.45 ppm   -0.68
            100.00  kHz       -0.0005 mV    -2.12   ppm   886.36 ppm   -0.24
            119.99  kHz       -0.0005 mV    -0.0002 %       0.11 %     -0.21
            0.1200  MHz       -0.0008 mV    -0.0004 %       0.11 %     -0.35
            0.2000  MHz       -0.0015 mV    -0.0007 %       0.11 %     -0.62
            0.3000  MHz       -0.0035 mV    -0.0016 %       0.11 %     -1.49
            0.4000  MHz       -0.0038 mV    -0.0017 %       0.17 %     -1.03
            0.5000  MHz       -0.0015 mV    -0.0007 %       0.17 %     -0.41
            0.6000  MHz       -0.0026 mV    -0.0012 %       0.35 %     -0.34
            0.7000  MHz       -0.0035 mV    -0.0016 %       0.35 %     -0.46
            0.8000  MHz       -0.0050 mV    -0.0023 %       0.35 %     -0.66
            0.9000  MHz       -0.0053 mV    -0.0024 %       0.35 %     -0.70
            1.0000  MHz       -0.0076 mV    -0.0034 %       0.35 %     -1.00
            1.1000  MHz       -0.0090 mV    -0.0041 %    NO SPEC        0.00
            1.1999  MHz       -0.0107 mV    -0.0049 %    NO SPEC        0.00







      2.2V      FS          -0.000000  V    -0.01   ppm    73.18 ppm   -0.01
             20.00  kHz      0.000002  V     1.07   ppm    73.18 ppm    1.46
             50.00  kHz     -0.000004  V    -1.93   ppm   129.09 ppm   -1.50
            100.00  kHz     -0.000004  V    -1.71   ppm   266.36 ppm   -0.64
            119.99  kHz     -0.000004  V    -1.82   ppm   468.18 ppm   -0.39
            0.1200  MHz     -0.000007  V    -3.33   ppm   468.18 ppm   -0.71
            0.2000  MHz     -0.000014  V    -6.22   ppm   468.18 ppm   -1.33
            0.3000  MHz     -0.000034  V   -15.57   ppm   468.18 ppm   -3.33
            0.4000  MHz     -0.000037  V    -0.0017 %       0.12 %     -1.44
            0.5000  MHz     -0.000014  V    -0.0007 %       0.12 %     -0.55
            0.6000  MHz     -0.000025  V    -0.0011 %       0.25 %     -0.46
            0.7000  MHz     -0.000034  V    -0.0016 %       0.25 %     -0.64
            0.8000  MHz     -0.000050  V    -0.0023 %       0.25 %     -0.92
            0.9000  MHz     -0.000052  V    -0.0024 %       0.25 %     -0.97
            1.0000  MHz     -0.000075  V    -0.0034 %       0.25 %     -1.39
            1.1000  MHz     -0.000089  V    -0.0041 %    NO SPEC        0.00
            1.1999  MHz     -0.000106  V    -0.0048 %    NO SPEC        0.00

       22V      FS           -0.00000  V    -0.01   ppm    73.18 ppm   -0.01
             20.00  kHz       0.00010  V     4.40   ppm    73.18 ppm    6.02
             50.00  kHz       0.00003  V     1.53   ppm   129.09 ppm    1.18
            100.00  kHz      -0.00007  V    -3.38   ppm   248.18 ppm   -1.36
            119.99  kHz      -0.00005  V    -2.12   ppm   577.27 ppm   -0.37
            0.1200  MHz      -0.00005  V    -2.45   ppm   577.27 ppm   -0.42
            0.2000  MHz      -0.00007  V    -3.20   ppm   577.27 ppm   -0.55
            0.3000  MHz      -0.00002  V    -0.73   ppm   577.27 ppm   -0.13
            0.4000  MHz       0.00001  V     0.0001 %       0.14 %      0.04
            0.5000  MHz      -0.00005  V    -0.0002 %       0.14 %     -0.15
            0.6000  MHz      -0.00011  V    -0.0005 %       0.30 %     -0.17
            0.7000  MHz      -0.00012  V    -0.0005 %       0.30 %     -0.18
            0.8000  MHz      -0.00031  V    -0.0014 %       0.30 %     -0.47
            0.9000  MHz      -0.00037  V    -0.0017 %       0.30 %     -0.56
            1.0000  MHz      -0.00007  V    -0.0003 %       0.30 %     -0.10
            1.1000  MHz      -0.00071  V    -0.0032 %    NO SPEC        0.00
            1.1999  MHz      -0.00061  V    -0.0028 %    NO SPEC        0.00

      220V      FS            -0.0000  V    -0.01   ppm    79.55 ppm   -0.01
             5.000  kHz        0.0001  V     0.33   ppm    79.55 ppm    0.41
            10.000  kHz        0.0008  V     3.59   ppm    79.55 ppm    4.51
             20.00  kHz       -0.0005  V    -2.26   ppm    79.55 ppm   -2.84
             50.00  kHz       -0.0009  V    -4.17   ppm   218.18 ppm   -1.91
            100.00  kHz       -0.0015  V    -6.86   ppm   545.45 ppm   -1.26
            119.99  kHz       -0.0012  V    -0.0006 %       0.20 %     -0.28
            0.1200  MHz       -0.0044  V    -0.0020 %       0.20 %     -0.99
            0.2000  MHz       -0.0072  V    -0.0033 %       0.20 %     -1.63
            0.3000  MHz       -0.0104  V    -0.0047 %       0.20 %     -2.36
            0.4000  MHz       -0.0185  V    -0.0084 %       0.55 %     -1.53
            0.5000  MHz       -0.0259  V    -0.0118 %       0.55 %     -2.14
            0.6000  MHz       -0.0315  V    -0.0143 %       1.30 %     -1.10
            0.7000  MHz       -0.0383  V    -0.0174 %       1.30 %     -1.34
            0.8000  MHz       -0.0495  V    -0.0225 %       1.30 %     -1.73
            0.9000  MHz       -0.0642  V    -0.0292 %       1.30 %     -2.25
            1.0000  MHz       -0.0822  V    -0.0374 %       1.30 %     -2.87

     1100V      FS             -0.000  V    -0.02   ppm    78.64 ppm   -0.02
            0.3000  kHz        -0.000  V    -0.15   ppm    78.64 ppm   -0.19
            0.5000  kHz         0.001  V     0.48   ppm    78.64 ppm    0.61
            0.7000  kHz         0.001  V     1.16   ppm    78.64 ppm    1.48
            1.0000  kHz        -0.000  V    -0.41   ppm    78.64 ppm   -0.53







    ------------------------------------------------------------------------
                            DC CURRENT OUTPUT SHIFTS
    ------------------------------------------------------------------------
    RANGE Point     Zero Shift       Full Scale Shift          Spec   Shift  
                                                              (+/-) (% spec)

    220 uA +FS      0.0003 uA     -0.0002 uA  -0.74   ppm  90.45 ppm   -0.81
           -FS      0.0003 uA      0.0008 uA   3.50   ppm  90.45 ppm    3.87

    2.2 mA +FS    0.000001 mA   -0.000001 mA  -0.40   ppm  49.55 ppm   -0.82
           -FS    0.000001 mA    0.000004 mA   1.59   ppm  49.55 ppm    3.21

     22 mA +FS     0.00001 mA     0.00003 mA   1.41   ppm  49.55 ppm    2.84
           -FS     0.00001 mA    -0.00002 mA  -0.75   ppm  49.55 ppm   -1.52

    220 mA +FS      0.0001 mA      0.0005 mA   2.42   ppm  69.23 ppm    3.50
           -FS      0.0001 mA     -0.0004 mA  -1.61   ppm  69.23 ppm   -2.33

      2.2A +FS   -0.000003  A   -0.000000  A  -0.09   ppm 137.04 ppm   -0.07
           -FS   -0.000003  A   -0.000005  A  -2.47   ppm 137.04 ppm   -1.80














































    ------------------------------------------------------------------------
                            AC CURRENT OUTPUT SHIFTS
    ------------------------------------------------------------------------
    RANGE        Point            Full Scale Shift            Spec   Shift  
                                                              (+/-) (% spec)

    220 uA      FS             -0.000 uA    -1.48   ppm   210.91 ppm   -0.70
            0.5000  kHz        -0.001 uA    -4.75   ppm   210.91 ppm   -2.25
            1.0000  kHz        -0.001 uA    -3.90   ppm   210.91 ppm   -1.85
             2.000  kHz        -0.001 uA    -3.70   ppm   727.27 ppm   -0.51
             5.000  kHz        -0.001 uA    -2.45   ppm   727.27 ppm   -0.34
             7.000  kHz        -0.000 uA    -0.0001 %       0.20 %     -0.05
            10.000  kHz         0.001 uA     0.0003 %       0.20 %      0.14

    2.2 mA      FS           -0.00000 mA    -0.36   ppm   138.18 ppm   -0.26
            0.5000  kHz       0.00000 mA     1.12   ppm   138.18 ppm    0.81
            1.0000  kHz      -0.00001 mA    -2.62   ppm   138.18 ppm   -1.90
             2.000  kHz      -0.00000 mA    -0.71   ppm   727.27 ppm   -0.10
             5.000  kHz      -0.00001 mA    -3.24   ppm   727.27 ppm   -0.45
             7.000  kHz       0.00000 mA     0.0001 %       0.20 %      0.05
            10.000  kHz       0.00000 mA     0.0001 %       0.20 %      0.04

     22 mA      FS             0.0000 mA     1.72   ppm   138.18 ppm    1.24
            0.5000  kHz        0.0001 mA     2.39   ppm   138.18 ppm    1.73
            1.0000  kHz        0.0000 mA     2.08   ppm   138.18 ppm    1.50
             2.000  kHz        0.0000 mA     1.98   ppm   727.27 ppm    0.27
             5.000  kHz        0.0000 mA     1.34   ppm   727.27 ppm    0.18
             7.000  kHz        0.0001 mA     0.0004 %       0.20 %      0.22
            10.000  kHz        0.0000 mA     0.0001 %       0.20 %      0.07

    220 mA      FS              0.001 mA     2.66   ppm   138.18 ppm    1.92
            0.5000  kHz         0.001 mA     2.99   ppm   138.18 ppm    2.17
            1.0000  kHz         0.001 mA     3.32   ppm   138.18 ppm    2.40
             2.000  kHz         0.000 mA     1.59   ppm   727.27 ppm    0.22
             5.000  kHz         0.000 mA     2.04   ppm   727.27 ppm    0.28
             7.000  kHz         0.000 mA     0.0002 %       0.20 %      0.12
            10.000  kHz         0.000 mA     0.0000 %       0.20 %      0.01

      2.2A      FS            0.00000  A     1.83   ppm   618.18 ppm    0.30
            0.5000  kHz       0.00001  A     2.50   ppm   618.18 ppm    0.40
            1.0000  kHz       0.00000  A     2.19   ppm   618.18 ppm    0.35
             2.000  kHz       0.00000  A     2.09   ppm   745.45 ppm    0.28
             5.000  kHz       0.00000  A     1.46   ppm   745.45 ppm    0.20
             7.000  kHz       0.00001  A     0.0004 %       0.81 %      0.05
            10.000  kHz       0.00000  A     0.0002 %       0.81 %      0.02





















    ------------------------------------------------------------------------
                            RESISTANCE OUTPUT SHIFTS
    ------------------------------------------------------------------------
            Point             Full Scale Shift                Spec   Shift  
                                                              (+/-) (% spec)

     0.0000000  Ohm      0.0000000  Ohm   0.00   Ohm         0.00 Ohm    0.00
     0.9996207  Ohm      0.0000000  Ohm   0.00   ppm        85.00 ppm    0.00
     1.8999705  Ohm      0.0000000  Ohm   0.00   ppm        85.00 ppm    0.00
     10.000307  Ohm      -0.000021  Ohm  -2.14   ppm        26.00 ppm   -8.23
     19.003689  Ohm      -0.000071  Ohm  -3.76   ppm        24.00 ppm  -15.66
     100.00490  Ohm       -0.00014  Ohm  -1.45   ppm        15.00 ppm   -9.65
     190.00210  Ohm       -0.00030  Ohm  -1.58   ppm        15.00 ppm  -10.51
     0.9999422 kOhm     -0.0000003 kOhm  -0.31   ppm        11.00 ppm   -2.85
     1.8999031 kOhm     -0.0000005 kOhm  -0.28   ppm        11.00 ppm   -2.51
     10.000399 kOhm       0.000007 kOhm   0.74   ppm         9.00 ppm    8.25
     18.999631 kOhm       0.000012 kOhm   0.65   ppm         9.00 ppm    7.21
      99.99819 kOhm        0.00009 kOhm   0.88   ppm        11.00 ppm    8.01
     189.99360 kOhm        0.00025 kOhm   1.34   ppm        11.00 ppm   12.20
     0.9999049 MOhm     -0.0000004 MOhm  -0.40   ppm        16.00 ppm   -2.53
     1.8998463 MOhm      0.0000045 MOhm   2.35   ppm        17.00 ppm   13.82
      9.998563 MOhm      -0.000011 MOhm  -1.11   ppm        33.00 ppm   -3.37
     18.999517 MOhm       0.000052 MOhm   2.76   ppm        43.00 ppm    6.42
     100.00765 MOhm        0.00018 MOhm   1.79   ppm       110.00 ppm    1.63







































