=~=~=~=~=~=~=~=~=~=~=~= PuTTY log 2022.09.11 01:28:32 =~=~=~=~=~=~=~=~=~=~=~=



    ------------------------------------------------------------------------
    JOHN FLUKE MFG. CO., INC.                         5700 CALIBRATION CHECK
    PRINTED ON  9/11/22 AT  0:17:36 5700A  S/N 4835008
    ------------------------------------------------------------------------
    ------------------------------------------------------------------------
                                MODULES PRESENT
    ------------------------------------------------------------------------
    Switching Matrix
    DC Volt Module  
    AC Volt Module  
    220V Module     
    1100V/2A Module 
    Current Module  
    Ohms Module     
    Hires Osc Module
    Rear Panel      
    ------------------------------------------------------------------------
                        CALIBRATION DATES AND TEMPERATURES
    ------------------------------------------------------------------------
    Specification Interval:      90day

    MAIN OUTPUT:   (Most recent)   6/02/15,  23.2 Degrees C
                      (Previous)   2/05/13,  23.7 Degrees C
                      (CalCheck)   9/10/22,  23.2 Degrees C
           (Days since last cal)  2657

    ZERO:          (Most recent)   7/04/22
           (Days since last cal)  69






































    ------------------------------------------------------------------------
                    EXTERNALLY CALIBRATED INTERNAL REFERENCES
    ------------------------------------------------------------------------

                     USED AS CHECK STANDARDS FOR THIS REPORT


    ------------------------------------------------------------------------
                            DC VOLTAGE OUTPUT SHIFTS
    ------------------------------------------------------------------------
    RANGE Point     Zero Shift       Full Scale Shift          Spec   Shift  
                                                              (+/-) (% spec)

    220 mV +FS     0.00019 mV    -0.00016 mV  -0.72   ppm  10.41 ppm   -6.90
           -FS     0.00011 mV     0.00046 mV   2.10   ppm  10.41 ppm   20.22

      2.2V +FS   0.0000008  V   0.0000019  V   0.87   ppm   6.55 ppm   13.34
           -FS   0.0000000  V  -0.0000011  V  -0.48   ppm   6.55 ppm   -7.30

       11V +FS    0.000002  V   -0.000005  V  -0.44   ppm   5.36 ppm   -8.11
           -FS   -0.000002  V    0.000005  V   0.46   ppm   5.36 ppm    8.67

       22V +FS    0.000003  V   -0.000004  V  -0.18   ppm   5.36 ppm   -3.31
           -FS   -0.000003  V    0.000004  V   0.19   ppm   5.36 ppm    3.57

      220V +FS    -0.00000  V    -0.00029  V  -1.30   ppm   6.45 ppm  -20.10
           -FS    -0.00008  V     0.00021  V   0.94   ppm   6.45 ppm   14.54

     1100V +FS      0.0001  V     -0.0027  V  -2.49   ppm   8.55 ppm  -29.09
           -FS     -0.0003  V      0.0026  V   2.32   ppm   8.55 ppm   27.17




































    ------------------------------------------------------------------------
                            AC VOLTAGE OUTPUT SHIFTS
    ------------------------------------------------------------------------
    RANGE        Point            Full Scale Shift            Spec   Shift  
                                                              (+/-) (% spec)

    2.2 mV      FS           0.000048 mV     0.0022 %       0.24 %      0.92
             20.00  kHz      0.000046 mV     0.0021 %       0.24 %      0.88
             50.00  kHz      0.000038 mV     0.0017 %       0.26 %      0.65
            100.00  kHz      0.000032 mV     0.0015 %       0.45 %      0.32
            119.99  kHz      0.000029 mV     0.0013 %       0.80 %      0.16
            0.1200  MHz      0.000020 mV     0.0009 %       0.80 %      0.11
            0.2000  MHz     -0.000027 mV    -0.0012 %       0.80 %     -0.15
            0.3000  MHz      0.000013 mV     0.0006 %       0.80 %      0.07
            0.4000  MHz      0.000013 mV     0.0006 %       1.53 %      0.04
            0.5000  MHz      0.000008 mV     0.0004 %       1.53 %      0.02
            0.6000  MHz     -0.000003 mV    -0.0001 %       1.69 %     -0.01
            0.7000  MHz     -0.000005 mV    -0.0002 %       1.69 %     -0.01
            0.8000  MHz     -0.000013 mV    -0.0006 %       1.69 %     -0.04
            0.9000  MHz      0.000006 mV     0.0003 %       1.69 %      0.02
            1.0000  MHz     -0.000118 mV    -0.0054 %       1.69 %     -0.32
            1.1000  MHz     -0.000099 mV    -0.0045 %    NO SPEC        0.00
            1.1999  MHz     -0.000115 mV    -0.0052 %    NO SPEC        0.00

     22 mV      FS            0.00043 mV    19.72   ppm   382.73 ppm    5.15
             20.00  kHz       0.00035 mV    15.84   ppm   382.73 ppm    4.14
             50.00  kHz       0.00022 mV     9.79   ppm   642.73 ppm    1.52
            100.00  kHz       0.00003 mV     0.0001 %       0.13 %      0.09
            119.99  kHz      -0.00005 mV    -0.0002 %       0.19 %     -0.13
            0.1200  MHz       0.00001 mV     0.0000 %       0.19 %      0.01
            0.2000  MHz       0.00038 mV     0.0017 %       0.19 %      0.91
            0.3000  MHz      -0.00040 mV    -0.0018 %       0.19 %     -0.96
            0.4000  MHz      -0.00054 mV    -0.0025 %       0.31 %     -0.80
            0.5000  MHz      -0.00104 mV    -0.0047 %       0.31 %     -1.54
            0.6000  MHz      -0.00100 mV    -0.0045 %       0.47 %     -0.97
            0.7000  MHz      -0.00124 mV    -0.0057 %       0.47 %     -1.21
            0.8000  MHz      -0.00146 mV    -0.0066 %       0.47 %     -1.42
            0.9000  MHz      -0.00168 mV    -0.0076 %       0.47 %     -1.64
            1.0000  MHz      -0.00285 mV    -0.0130 %       0.47 %     -2.78
            1.1000  MHz      -0.00387 mV    -0.0176 %    NO SPEC        0.00
            1.1999  MHz      -0.00387 mV    -0.0176 %    NO SPEC        0.00

    220 mV      FS             0.0007 mV     3.09   ppm   145.45 ppm    2.12
             20.00  kHz        0.0005 mV     2.14   ppm   145.45 ppm    1.47
             50.00  kHz       -0.0004 mV    -1.82   ppm   375.45 ppm   -0.49
            100.00  kHz       -0.0009 mV    -4.15   ppm   936.36 ppm   -0.44
            119.99  kHz       -0.0013 mV    -0.0006 %       0.11 %     -0.51
            0.1200  MHz       -0.0021 mV    -0.0010 %       0.11 %     -0.85
            0.2000  MHz       -0.0068 mV    -0.0031 %       0.11 %     -2.72
            0.3000  MHz       -0.0028 mV    -0.0013 %       0.11 %     -1.13
            0.4000  MHz       -0.0029 mV    -0.0013 %       0.19 %     -0.70
            0.5000  MHz       -0.0034 mV    -0.0015 %       0.19 %     -0.81
            0.6000  MHz       -0.0044 mV    -0.0020 %       0.38 %     -0.53
            0.7000  MHz       -0.0047 mV    -0.0021 %       0.38 %     -0.57
            0.8000  MHz       -0.0055 mV    -0.0025 %       0.38 %     -0.66
            0.9000  MHz       -0.0036 mV    -0.0016 %       0.38 %     -0.43
            1.0000  MHz       -0.0159 mV    -0.0072 %       0.38 %     -1.93
            1.1000  MHz       -0.0140 mV    -0.0064 %    NO SPEC        0.00
            1.1999  MHz       -0.0157 mV    -0.0071 %    NO SPEC        0.00







      2.2V      FS          -0.000000  V    -0.02   ppm    78.18 ppm   -0.03
             20.00  kHz     -0.000002  V    -0.97   ppm    78.18 ppm   -1.24
             50.00  kHz     -0.000011  V    -4.94   ppm   139.09 ppm   -3.55
            100.00  kHz     -0.000016  V    -7.26   ppm   286.36 ppm   -2.54
            119.99  kHz     -0.000020  V    -8.88   ppm   508.18 ppm   -1.75
            0.1200  MHz     -0.000028  V   -12.82   ppm   508.18 ppm   -2.52
            0.2000  MHz     -0.000075  V   -34.06   ppm   508.18 ppm   -6.70
            0.3000  MHz     -0.000035  V   -16.01   ppm   508.18 ppm   -3.15
            0.4000  MHz     -0.000036  V    -0.0016 %       0.13 %     -1.27
            0.5000  MHz     -0.000041  V    -0.0018 %       0.13 %     -1.44
            0.6000  MHz     -0.000051  V    -0.0023 %       0.27 %     -0.87
            0.7000  MHz     -0.000054  V    -0.0024 %       0.27 %     -0.92
            0.8000  MHz     -0.000062  V    -0.0028 %       0.27 %     -1.06
            0.9000  MHz     -0.000043  V    -0.0019 %       0.27 %     -0.73
            1.0000  MHz     -0.000166  V    -0.0076 %       0.27 %     -2.85
            1.1000  MHz     -0.000147  V    -0.0067 %    NO SPEC        0.00
            1.1999  MHz     -0.000164  V    -0.0074 %    NO SPEC        0.00

       22V      FS           -0.00005  V    -2.29   ppm    78.18 ppm   -2.92
             20.00  kHz      -0.00014  V    -6.16   ppm    78.18 ppm   -7.88
             50.00  kHz      -0.00027  V   -12.21   ppm   139.09 ppm   -8.78
            100.00  kHz      -0.00046  V   -20.83   ppm   268.18 ppm   -7.77
            119.99  kHz      -0.00054  V   -24.49   ppm   627.27 ppm   -3.90
            0.1200  MHz      -0.00048  V   -21.73   ppm   627.27 ppm   -3.46
            0.2000  MHz      -0.00011  V    -4.93   ppm   627.27 ppm   -0.79
            0.3000  MHz      -0.00088  V   -40.09   ppm   627.27 ppm   -6.39
            0.4000  MHz      -0.00102  V    -0.0047 %       0.15 %     -3.05
            0.5000  MHz      -0.00152  V    -0.0069 %       0.15 %     -4.53
            0.6000  MHz      -0.00148  V    -0.0067 %       0.32 %     -2.10
            0.7000  MHz      -0.00173  V    -0.0079 %       0.32 %     -2.45
            0.8000  MHz      -0.00195  V    -0.0088 %       0.32 %     -2.76
            0.9000  MHz      -0.00217  V    -0.0098 %       0.32 %     -3.07
            1.0000  MHz      -0.00333  V    -0.0152 %       0.32 %     -4.72
            1.1000  MHz      -0.00435  V    -0.0198 %    NO SPEC        0.00
            1.1999  MHz      -0.00435  V    -0.0198 %    NO SPEC        0.00

      220V      FS             0.0010  V     4.65   ppm    84.55 ppm    5.50
             5.000  kHz        0.0000  V     0.10   ppm    84.55 ppm    0.11
            10.000  kHz        0.0013  V     6.10   ppm    84.55 ppm    7.21
             20.00  kHz       -0.0000  V    -0.13   ppm    84.55 ppm   -0.15
             50.00  kHz       -0.0020  V    -8.90   ppm   238.18 ppm   -3.74
            100.00  kHz       -0.0037  V   -17.01   ppm   595.45 ppm   -2.86
            119.99  kHz       -0.0033  V    -0.0015 %       0.20 %     -0.74
            0.1200  MHz       -0.0051  V    -0.0023 %       0.20 %     -1.16
            0.2000  MHz       -0.0173  V    -0.0079 %       0.20 %     -3.93
            0.3000  MHz       -0.0380  V    -0.0173 %       0.20 %     -8.63
            0.4000  MHz       -0.0703  V    -0.0319 %       0.57 %     -5.61
            0.5000  MHz       -0.1087  V    -0.0494 %       0.57 %     -8.67
            0.6000  MHz       -0.1825  V    -0.0830 %       1.35 %     -6.15
            0.7000  MHz       -0.2678  V    -0.1217 %       1.35 %     -9.02
            0.8000  MHz       -0.1910  V    -0.0868 %       1.35 %     -6.43
            0.9000  MHz       -0.2597  V    -0.1180 %       1.35 %     -8.74
            1.0000  MHz       -0.3343  V    -0.1519 %       1.35 %    -11.26

     1100V      FS             -0.004  V    -3.64   ppm    83.64 ppm   -4.35
            0.3000  kHz        -0.001  V    -0.61   ppm    83.64 ppm   -0.72
            0.5000  kHz        -0.006  V    -5.22   ppm    83.64 ppm   -6.24
            0.7000  kHz        -0.003  V    -2.57   ppm    83.64 ppm   -3.08
            1.0000  kHz        -0.009  V    -8.06   ppm    83.64 ppm   -9.64







    ------------------------------------------------------------------------
                            DC CURRENT OUTPUT SHIFTS
    ------------------------------------------------------------------------
    RANGE Point     Zero Shift       Full Scale Shift          Spec   Shift  
                                                              (+/-) (% spec)

    220 uA +FS      0.0013 uA      0.0030 uA  13.71   ppm  95.45 ppm   14.37
           -FS      0.0012 uA     -0.0006 uA  -2.58   ppm  95.45 ppm   -2.71

    2.2 mA +FS   -0.000001 mA    0.000007 mA   3.33   ppm  54.55 ppm    6.10
           -FS   -0.000002 mA   -0.000011 mA  -4.79   ppm  54.55 ppm   -8.78

     22 mA +FS    -0.00003 mA     0.00081 mA  37.00   ppm  54.55 ppm   67.83
           -FS    -0.00004 mA    -0.00088 mA -40.03   ppm  54.55 ppm  -73.39

    220 mA +FS     -0.0003 mA      0.0013 mA   5.77   ppm  64.55 ppm    8.94
           -FS     -0.0003 mA     -0.0019 mA  -8.64   ppm  64.55 ppm  -13.38

      2.2A +FS   -0.000004  A    0.000065  A  29.33   ppm  93.64 ppm   31.32
           -FS   -0.000004  A   -0.000073  A -32.98   ppm  93.64 ppm  -35.22














































    ------------------------------------------------------------------------
                            AC CURRENT OUTPUT SHIFTS
    ------------------------------------------------------------------------
    RANGE        Point            Full Scale Shift            Spec   Shift  
                                                              (+/-) (% spec)

    220 uA      FS              0.001 uA     6.05   ppm   230.91 ppm    2.62
            0.5000  kHz         0.001 uA     6.74   ppm   230.91 ppm    2.92
            1.0000  kHz         0.001 uA     5.88   ppm   230.91 ppm    2.55
             2.000  kHz         0.002 uA     8.49   ppm   827.27 ppm    1.03
             5.000  kHz         0.003 uA    12.58   ppm   827.27 ppm    1.52
             7.000  kHz         0.004 uA     0.0019 %       0.21 %      0.91
            10.000  kHz         0.008 uA     0.0037 %       0.21 %      1.78

    2.2 mA      FS            0.00000 mA     1.96   ppm   158.18 ppm    1.24
            0.5000  kHz      -0.00000 mA    -1.19   ppm   158.18 ppm   -0.76
            1.0000  kHz      -0.00000 mA    -0.41   ppm   158.18 ppm   -0.26
             2.000  kHz       0.00000 mA     2.00   ppm   827.27 ppm    0.24
             5.000  kHz       0.00001 mA     2.97   ppm   827.27 ppm    0.36
             7.000  kHz       0.00000 mA     0.0002 %       0.21 %      0.08
            10.000  kHz      -0.00000 mA     0.0000 %       0.21 %      0.00

     22 mA      FS             0.0008 mA    36.41   ppm   158.18 ppm   23.02
            0.5000  kHz        0.0008 mA    37.61   ppm   158.18 ppm   23.78
            1.0000  kHz        0.0008 mA    35.90   ppm   158.18 ppm   22.69
             2.000  kHz        0.0008 mA    37.02   ppm   827.27 ppm    4.47
             5.000  kHz        0.0008 mA    34.96   ppm   827.27 ppm    4.23
             7.000  kHz        0.0007 mA     0.0030 %       0.21 %      1.45
            10.000  kHz        0.0006 mA     0.0027 %       0.21 %      1.29

    220 mA      FS              0.001 mA     5.10   ppm   168.18 ppm    3.03
            0.5000  kHz         0.002 mA     7.41   ppm   168.18 ppm    4.40
            1.0000  kHz         0.002 mA     7.04   ppm   168.18 ppm    4.19
             2.000  kHz         0.001 mA     6.09   ppm   827.27 ppm    0.74
             5.000  kHz         0.001 mA     3.73   ppm   827.27 ppm    0.45
             7.000  kHz         0.001 mA     0.0004 %       0.21 %      0.18
            10.000  kHz        -0.001 mA    -0.0002 %       0.21 %     -0.11

      2.2A      FS            0.00006  A    29.06   ppm   668.18 ppm    4.35
            0.5000  kHz       0.00007  A    30.25   ppm   668.18 ppm    4.53
            1.0000  kHz       0.00006  A    28.54   ppm   668.18 ppm    4.27
             2.000  kHz       0.00007  A    29.66   ppm   795.45 ppm    3.73
             5.000  kHz       0.00006  A    27.60   ppm   795.45 ppm    3.47
             7.000  kHz       0.00005  A     0.0022 %       0.91 %      0.25
            10.000  kHz       0.00004  A     0.0019 %       0.91 %      0.21





















    ------------------------------------------------------------------------
                            RESISTANCE OUTPUT SHIFTS
    ------------------------------------------------------------------------
            Point             Full Scale Shift                Spec   Shift  
                                                              (+/-) (% spec)

     0.0000000  Ohm      0.0000000  Ohm   0.00   Ohm         0.00 Ohm    0.00
     1.0000984  Ohm      0.0000000  Ohm   0.00   ppm        95.00 ppm    0.00
     1.9002058  Ohm      0.0000000  Ohm   0.00   ppm        95.00 ppm    0.00
     10.000146  Ohm       0.000029  Ohm   2.95   ppm        28.00 ppm   10.52
     18.999275  Ohm       0.000064  Ohm   3.37   ppm        26.00 ppm   12.97
      99.99582  Ohm        0.00010  Ohm   0.97   ppm        17.00 ppm    5.70
     189.99456  Ohm       -0.00057  Ohm  -2.98   ppm        17.00 ppm  -17.53
     0.9999499 kOhm      0.0000006 kOhm   0.55   ppm        12.00 ppm    4.61
     1.8999268 kOhm     -0.0000132 kOhm  -6.93   ppm        12.00 ppm  -57.74
      9.998943 kOhm      -0.000024 kOhm  -2.42   ppm        11.00 ppm  -22.01
     19.000119 kOhm      -0.000076 kOhm  -4.00   ppm        11.00 ppm  -36.37
      99.99431 kOhm       -0.00018 kOhm  -1.83   ppm        13.00 ppm  -14.05
     190.00239 kOhm       -0.00111 kOhm  -5.83   ppm        13.00 ppm  -44.84
     0.9998858 MOhm     -0.0000044 MOhm  -4.36   ppm        18.00 ppm  -24.20
     1.8999218 MOhm     -0.0000189 MOhm  -9.95   ppm        19.00 ppm  -52.35
      9.998218 MOhm      -0.000366 MOhm -36.60   ppm        37.00 ppm  -98.92
     18.997454 MOhm      -0.000863 MOhm -45.41   ppm        47.00 ppm  -96.62
      99.98947 MOhm        0.00242 MOhm  24.17   ppm       120.00 ppm   20.14







































