=~=~=~=~=~=~=~=~=~=~=~= PuTTY log 2022.09.10 23:02:09 =~=~=~=~=~=~=~=~=~=~=~=



    ------------------------------------------------------------------------
    JOHN FLUKE MFG. CO., INC.                         5700 CALIBRATION CHECK
    PRINTED ON  9/10/22 AT 21:51:14 5700A  S/N 4835008
    ------------------------------------------------------------------------
    ------------------------------------------------------------------------
                                MODULES PRESENT
    ------------------------------------------------------------------------
    Switching Matrix
    DC Volt Module  
    AC Volt Module  
    220V Module     
    1100V/2A Module 
    Current Module  
    Ohms Module     
    Hires Osc Module
    Rear Panel      
    ------------------------------------------------------------------------
                        CALIBRATION DATES AND TEMPERATURES
    ------------------------------------------------------------------------
    Specification Interval:      90day

    MAIN OUTPUT:   (Most recent)   6/02/15,  23.2 Degrees C
                      (Previous)   2/05/13,  23.7 Degrees C
                      (CalCheck)   9/10/22,  23.0 Degrees C
           (Days since last cal)  2656

    ZERO:          (Most recent)   7/04/22
           (Days since last cal)  68






































    ------------------------------------------------------------------------
                    EXTERNALLY CALIBRATED INTERNAL REFERENCES
    ------------------------------------------------------------------------

                     USED AS CHECK STANDARDS FOR THIS REPORT


    ------------------------------------------------------------------------
                            DC VOLTAGE OUTPUT SHIFTS
    ------------------------------------------------------------------------
    RANGE Point     Zero Shift       Full Scale Shift          Spec   Shift  
                                                              (+/-) (% spec)

    220 mV +FS     0.00004 mV    -0.00063 mV  -2.87   ppm  10.41 ppm  -27.60
           -FS    -0.00005 mV     0.00062 mV   2.83   ppm  10.41 ppm   27.15

      2.2V +FS   0.0000009  V   0.0000021  V   0.96   ppm   6.55 ppm   14.65
           -FS   0.0000001  V  -0.0000011  V  -0.49   ppm   6.55 ppm   -7.50

       11V +FS    0.000002  V   -0.000003  V  -0.28   ppm   5.36 ppm   -5.15
           -FS   -0.000002  V    0.000003  V   0.23   ppm   5.36 ppm    4.26

       22V +FS    0.000004  V   -0.000002  V  -0.10   ppm   5.36 ppm   -1.86
           -FS   -0.000004  V    0.000003  V   0.12   ppm   5.36 ppm    2.32

      220V +FS     0.00002  V    -0.00053  V  -2.42   ppm   6.45 ppm  -37.57
           -FS    -0.00006  V     0.00050  V   2.26   ppm   6.45 ppm   34.97

     1100V +FS      0.0001  V     -0.0029  V  -2.64   ppm   8.55 ppm  -30.88
           -FS     -0.0003  V      0.0027  V   2.48   ppm   8.55 ppm   29.06




































    ------------------------------------------------------------------------
                            AC VOLTAGE OUTPUT SHIFTS
    ------------------------------------------------------------------------
    RANGE        Point            Full Scale Shift            Spec   Shift  
                                                              (+/-) (% spec)

    2.2 mV      FS           0.000051 mV     0.0023 %       0.24 %      0.98
             20.00  kHz      0.000047 mV     0.0021 %       0.24 %      0.90
             50.00  kHz      0.000044 mV     0.0020 %       0.26 %      0.76
            100.00  kHz      0.000038 mV     0.0017 %       0.45 %      0.38
            119.99  kHz      0.000042 mV     0.0019 %       0.80 %      0.24
            0.1200  MHz      0.000038 mV     0.0017 %       0.80 %      0.22
            0.2000  MHz     -0.000010 mV    -0.0004 %       0.80 %     -0.05
            0.3000  MHz      0.000040 mV     0.0018 %       0.80 %      0.23
            0.4000  MHz      0.000050 mV     0.0023 %       1.53 %      0.15
            0.5000  MHz      0.000063 mV     0.0029 %       1.53 %      0.19
            0.6000  MHz      0.000065 mV     0.0030 %       1.69 %      0.17
            0.7000  MHz      0.000083 mV     0.0038 %       1.69 %      0.22
            0.8000  MHz      0.000096 mV     0.0044 %       1.69 %      0.26
            0.9000  MHz      0.000137 mV     0.0062 %       1.69 %      0.37
            1.0000  MHz      0.000055 mV     0.0025 %       1.69 %      0.15
            1.1000  MHz      0.000090 mV     0.0041 %    NO SPEC        0.00
            1.1999  MHz      0.000106 mV     0.0048 %    NO SPEC        0.00

     22 mV      FS            0.00045 mV    20.61   ppm   382.73 ppm    5.39
             20.00  kHz       0.00039 mV    17.61   ppm   382.73 ppm    4.60
             50.00  kHz       0.00028 mV    12.60   ppm   642.73 ppm    1.96
            100.00  kHz       0.00011 mV     0.0005 %       0.13 %      0.40
            119.99  kHz       0.00005 mV     0.0002 %       0.19 %      0.12
            0.1200  MHz       0.00013 mV     0.0006 %       0.19 %      0.32
            0.2000  MHz       0.00055 mV     0.0025 %       0.19 %      1.32
            0.3000  MHz      -0.00012 mV    -0.0005 %       0.19 %     -0.28
            0.4000  MHz      -0.00009 mV    -0.0004 %       0.31 %     -0.13
            0.5000  MHz      -0.00045 mV    -0.0021 %       0.31 %     -0.67
            0.6000  MHz      -0.00023 mV    -0.0010 %       0.47 %     -0.22
            0.7000  MHz      -0.00030 mV    -0.0014 %       0.47 %     -0.29
            0.8000  MHz      -0.00031 mV    -0.0014 %       0.47 %     -0.30
            0.9000  MHz      -0.00031 mV    -0.0014 %       0.47 %     -0.31
            1.0000  MHz      -0.00117 mV    -0.0053 %       0.47 %     -1.14
            1.1000  MHz      -0.00139 mV    -0.0063 %    NO SPEC        0.00
            1.1999  MHz      -0.00123 mV    -0.0056 %    NO SPEC        0.00

    220 mV      FS             0.0003 mV     1.51   ppm   145.45 ppm    1.04
             20.00  kHz       -0.0001 mV    -0.45   ppm   145.45 ppm   -0.31
             50.00  kHz       -0.0004 mV    -1.73   ppm   375.45 ppm   -0.46
            100.00  kHz       -0.0011 mV    -4.85   ppm   936.36 ppm   -0.52
            119.99  kHz       -0.0006 mV    -0.0003 %       0.11 %     -0.26
            0.1200  MHz       -0.0010 mV    -0.0005 %       0.11 %     -0.41
            0.2000  MHz       -0.0058 mV    -0.0026 %       0.11 %     -2.31
            0.3000  MHz       -0.0008 mV    -0.0004 %       0.11 %     -0.33
            0.4000  MHz        0.0002 mV     0.0001 %       0.19 %      0.05
            0.5000  MHz        0.0015 mV     0.0007 %       0.19 %      0.36
            0.6000  MHz        0.0017 mV     0.0008 %       0.38 %      0.20
            0.7000  MHz        0.0034 mV     0.0016 %       0.38 %      0.42
            0.8000  MHz        0.0048 mV     0.0022 %       0.38 %      0.58
            0.9000  MHz        0.0089 mV     0.0040 %       0.38 %      1.08
            1.0000  MHz        0.0007 mV     0.0003 %       0.38 %      0.08
            1.1000  MHz        0.0042 mV     0.0019 %    NO SPEC        0.00
            1.1999  MHz        0.0058 mV     0.0026 %    NO SPEC        0.00







      2.2V      FS          -0.000000  V    -0.12   ppm    78.18 ppm   -0.15
             20.00  kHz     -0.000005  V    -2.07   ppm    78.18 ppm   -2.65
             50.00  kHz     -0.000007  V    -3.35   ppm   139.09 ppm   -2.41
            100.00  kHz     -0.000014  V    -6.47   ppm   286.36 ppm   -2.26
            119.99  kHz     -0.000010  V    -4.53   ppm   508.18 ppm   -0.89
            0.1200  MHz     -0.000014  V    -6.25   ppm   508.18 ppm   -1.23
            0.2000  MHz     -0.000061  V   -27.91   ppm   508.18 ppm   -5.49
            0.3000  MHz     -0.000012  V    -5.34   ppm   508.18 ppm   -1.05
            0.4000  MHz     -0.000002  V    -0.0001 %       0.13 %     -0.06
            0.5000  MHz      0.000011  V     0.0005 %       0.13 %      0.40
            0.6000  MHz      0.000013  V     0.0006 %       0.27 %      0.23
            0.7000  MHz      0.000031  V     0.0014 %       0.27 %      0.53
            0.8000  MHz      0.000044  V     0.0020 %       0.27 %      0.76
            0.9000  MHz      0.000085  V     0.0039 %       0.27 %      1.46
            1.0000  MHz      0.000003  V     0.0002 %       0.27 %      0.06
            1.1000  MHz      0.000038  V     0.0017 %    NO SPEC        0.00
            1.1999  MHz      0.000054  V     0.0025 %    NO SPEC        0.00

       22V      FS           -0.00006  V    -2.91   ppm    78.18 ppm   -3.72
             20.00  kHz      -0.00013  V    -5.91   ppm    78.18 ppm   -7.56
             50.00  kHz      -0.00024  V   -10.92   ppm   139.09 ppm   -7.85
            100.00  kHz      -0.00041  V   -18.46   ppm   268.18 ppm   -6.88
            119.99  kHz      -0.00047  V   -21.21   ppm   627.27 ppm   -3.38
            0.1200  MHz      -0.00039  V   -17.51   ppm   627.27 ppm   -2.79
            0.2000  MHz       0.00003  V     1.30   ppm   627.27 ppm    0.21
            0.3000  MHz      -0.00063  V   -28.78   ppm   627.27 ppm   -4.59
            0.4000  MHz      -0.00060  V    -0.0027 %       0.15 %     -1.80
            0.5000  MHz      -0.00097  V    -0.0044 %       0.15 %     -2.89
            0.6000  MHz      -0.00074  V    -0.0034 %       0.32 %     -1.05
            0.7000  MHz      -0.00082  V    -0.0037 %       0.32 %     -1.16
            0.8000  MHz      -0.00083  V    -0.0038 %       0.32 %     -1.17
            0.9000  MHz      -0.00083  V    -0.0038 %       0.32 %     -1.18
            1.0000  MHz      -0.00169  V    -0.0077 %       0.32 %     -2.39
            1.1000  MHz      -0.00191  V    -0.0087 %    NO SPEC        0.00
            1.1999  MHz      -0.00175  V    -0.0079 %    NO SPEC        0.00

      220V      FS             0.0018  V     8.00   ppm    84.55 ppm    9.46
             5.000  kHz        0.0017  V     7.55   ppm    84.55 ppm    8.93
            10.000  kHz        0.0023  V    10.66   ppm    84.55 ppm   12.61
             20.00  kHz        0.0003  V     1.33   ppm    84.55 ppm    1.57
             50.00  kHz       -0.0007  V    -3.34   ppm   238.18 ppm   -1.40
            100.00  kHz       -0.0014  V    -6.23   ppm   595.45 ppm   -1.05
            119.99  kHz       -0.0020  V    -0.0009 %       0.20 %     -0.45
            0.1200  MHz       -0.0037  V    -0.0017 %       0.20 %     -0.84
            0.2000  MHz       -0.0171  V    -0.0078 %       0.20 %     -3.90
            0.3000  MHz       -0.0338  V    -0.0154 %       0.20 %     -7.68
            0.4000  MHz       -0.0628  V    -0.0285 %       0.57 %     -5.01
            0.5000  MHz       -0.0965  V    -0.0439 %       0.57 %     -7.70
            0.6000  MHz       -0.1695  V    -0.0770 %       1.35 %     -5.71
            0.7000  MHz       -0.2459  V    -0.1118 %       1.35 %     -8.28
            0.8000  MHz       -0.1606  V    -0.0730 %       1.35 %     -5.41
            0.9000  MHz       -0.2234  V    -0.1016 %       1.35 %     -7.52
            1.0000  MHz       -0.2970  V    -0.1350 %       1.35 %    -10.00

     1100V      FS             -0.005  V    -4.90   ppm    83.64 ppm   -5.86
            0.3000  kHz        -0.005  V    -4.29   ppm    83.64 ppm   -5.13
            0.5000  kHz        -0.006  V    -5.84   ppm    83.64 ppm   -6.98
            0.7000  kHz        -0.006  V    -5.62   ppm    83.64 ppm   -6.73
            1.0000  kHz        -0.012  V   -11.09   ppm    83.64 ppm  -13.26







    ------------------------------------------------------------------------
                            DC CURRENT OUTPUT SHIFTS
    ------------------------------------------------------------------------
    RANGE Point     Zero Shift       Full Scale Shift          Spec   Shift  
                                                              (+/-) (% spec)

    220 uA +FS      0.0013 uA      0.0030 uA  13.64   ppm  95.45 ppm   14.29
           -FS      0.0012 uA     -0.0006 uA  -2.59   ppm  95.45 ppm   -2.72

    2.2 mA +FS   -0.000001 mA    0.000010 mA   4.39   ppm  54.55 ppm    8.05
           -FS   -0.000002 mA   -0.000012 mA  -5.38   ppm  54.55 ppm   -9.87

     22 mA +FS    -0.00003 mA     0.00086 mA  39.26   ppm  54.55 ppm   71.98
           -FS    -0.00003 mA    -0.00092 mA -41.92   ppm  54.55 ppm  -76.86

    220 mA +FS     -0.0003 mA      0.0020 mA   9.17   ppm  64.55 ppm   14.21
           -FS     -0.0003 mA     -0.0026 mA -11.91   ppm  64.55 ppm  -18.44

      2.2A +FS   -0.000004  A    0.000080  A  36.56   ppm  93.64 ppm   39.05
           -FS   -0.000005  A   -0.000089  A -40.47   ppm  93.64 ppm  -43.22














































    ------------------------------------------------------------------------
                            AC CURRENT OUTPUT SHIFTS
    ------------------------------------------------------------------------
    RANGE        Point            Full Scale Shift            Spec   Shift  
                                                              (+/-) (% spec)

    220 uA      FS              0.001 uA     5.32   ppm   230.91 ppm    2.30
            0.5000  kHz         0.001 uA     6.08   ppm   230.91 ppm    2.63
            1.0000  kHz         0.001 uA     4.89   ppm   230.91 ppm    2.12
             2.000  kHz         0.002 uA     7.88   ppm   827.27 ppm    0.95
             5.000  kHz         0.004 uA    16.90   ppm   827.27 ppm    2.04
             7.000  kHz         0.004 uA     0.0018 %       0.21 %      0.89
            10.000  kHz         0.007 uA     0.0032 %       0.21 %      1.56

    2.2 mA      FS            0.00000 mA     2.09   ppm   158.18 ppm    1.32
            0.5000  kHz      -0.00000 mA    -1.64   ppm   158.18 ppm   -1.04
            1.0000  kHz       0.00001 mA     2.60   ppm   158.18 ppm    1.65
             2.000  kHz       0.00000 mA     1.79   ppm   827.27 ppm    0.22
             5.000  kHz      -0.00000 mA    -0.09   ppm   827.27 ppm   -0.01
             7.000  kHz      -0.00001 mA    -0.0003 %       0.21 %     -0.13
            10.000  kHz      -0.00001 mA    -0.0002 %       0.21 %     -0.12

     22 mA      FS             0.0008 mA    37.80   ppm   158.18 ppm   23.89
            0.5000  kHz        0.0009 mA    38.67   ppm   158.18 ppm   24.45
            1.0000  kHz        0.0009 mA    38.83   ppm   158.18 ppm   24.55
             2.000  kHz        0.0008 mA    37.84   ppm   827.27 ppm    4.57
             5.000  kHz        0.0008 mA    35.12   ppm   827.27 ppm    4.25
             7.000  kHz        0.0007 mA     0.0031 %       0.21 %      1.53
            10.000  kHz        0.0006 mA     0.0026 %       0.21 %      1.26

    220 mA      FS              0.002 mA     7.74   ppm   168.18 ppm    4.60
            0.5000  kHz         0.002 mA     7.77   ppm   168.18 ppm    4.62
            1.0000  kHz         0.002 mA     7.63   ppm   168.18 ppm    4.53
             2.000  kHz         0.002 mA    10.10   ppm   827.27 ppm    1.22
             5.000  kHz         0.002 mA     7.33   ppm   827.27 ppm    0.89
             7.000  kHz         0.001 mA     0.0002 %       0.21 %      0.12
            10.000  kHz        -0.000 mA    -0.0001 %       0.21 %     -0.04

      2.2A      FS            0.00008  A    35.72   ppm   668.18 ppm    5.35
            0.5000  kHz       0.00008  A    36.60   ppm   668.18 ppm    5.48
            1.0000  kHz       0.00008  A    36.76   ppm   668.18 ppm    5.50
             2.000  kHz       0.00008  A    35.76   ppm   795.45 ppm    4.50
             5.000  kHz       0.00007  A    33.05   ppm   795.45 ppm    4.15
             7.000  kHz       0.00006  A     0.0029 %       0.91 %      0.32
            10.000  kHz       0.00005  A     0.0024 %       0.91 %      0.26





















    ------------------------------------------------------------------------
                            RESISTANCE OUTPUT SHIFTS
    ------------------------------------------------------------------------
            Point             Full Scale Shift                Spec   Shift  
                                                              (+/-) (% spec)

     0.0000000  Ohm      0.0000000  Ohm   0.00   Ohm         0.00 Ohm    0.00
     1.0000984  Ohm      0.0000000  Ohm   0.00   ppm        95.00 ppm    0.00
     1.9002058  Ohm      0.0000000  Ohm   0.00   ppm        95.00 ppm    0.00
     10.000146  Ohm       0.000001  Ohm   0.12   ppm        28.00 ppm    0.42
     18.999275  Ohm       0.000013  Ohm   0.70   ppm        26.00 ppm    2.68
      99.99582  Ohm       -0.00004  Ohm  -0.39   ppm        17.00 ppm   -2.32
     189.99456  Ohm       -0.00084  Ohm  -4.42   ppm        17.00 ppm  -26.01
     0.9999499 kOhm      0.0000001 kOhm   0.14   ppm        12.00 ppm    1.19
     1.8999268 kOhm     -0.0000144 kOhm  -7.55   ppm        12.00 ppm  -62.95
      9.998943 kOhm      -0.000025 kOhm  -2.49   ppm        11.00 ppm  -22.62
     19.000119 kOhm      -0.000067 kOhm  -3.52   ppm        11.00 ppm  -31.97
      99.99431 kOhm       -0.00009 kOhm  -0.92   ppm        13.00 ppm   -7.06
     190.00239 kOhm       -0.00083 kOhm  -4.37   ppm        13.00 ppm  -33.60
     0.9998858 MOhm     -0.0000014 MOhm  -1.37   ppm        18.00 ppm   -7.64
     1.8999218 MOhm     -0.0000114 MOhm  -5.98   ppm        19.00 ppm  -31.47
      9.998218 MOhm      -0.000255 MOhm -25.54   ppm        37.00 ppm  -69.02
     18.997454 MOhm      -0.000691 MOhm -36.35   ppm        47.00 ppm  -77.33
      99.98947 MOhm        0.00283 MOhm  28.31   ppm       120.00 ppm   23.59







































