=~=~=~=~=~=~=~=~=~=~=~= PuTTY log 2022.06.03 08:59:17 =~=~=~=~=~=~=~=~=~=~=~=



    ------------------------------------------------------------------------
    JOHN FLUKE MFG. CO., INC.     S/N 4670009        5700A CALIBRATION CHECK
    PRINTED ON  3.06.22 AT  4:37:49 5700A  S/N 4670009
    ------------------------------------------------------------------------
    ------------------------------------------------------------------------
                                MODULES PRESENT
    ------------------------------------------------------------------------
    Software Revision JA*
    Switching Matrix
    DC Volt Module  
    AC Volt Module  
    220V Module     
    1100V/2A Module 
    Current Module  
    Ohms Module     
    Hires Osc Module
    Rear Panel      
    ------------------------------------------------------------------------
                   ARTIFACT CALIBRATION DATES AND TEMPERATURES
    ------------------------------------------------------------------------
    Specification Interval:     24hour

    MAIN OUTPUT:   (Most recent)  24.12.21,  22.0 Degrees C
                      (Previous)  13.10.21,  22.3 Degrees C
                      (CalCheck)   3.06.22,  23.0 Degrees C
           (Days since last cal)  161

    ZERO:          (Most recent)   2.06.22
           (Days since last cal)  1





































    ------------------------------------------------------------------------
                    EXTERNALLY CALIBRATED INTERNAL REFERENCES
    ------------------------------------------------------------------------
        REFERENCE            Most Recent          Previous       Shift (ppm)
    6.5 V DC Reference          6.529922          6.530143            -33.98
    13 V  DC Reference         13.061369         13.061813            -33.99
    Resistance Reference       0.9999900         0.9999895              0.48
    1.0 Ohm Resistor           0.9996207         0.9996192              1.51
    1.9 Ohm Resistor           1.8999705         1.8999633              3.79


    ------------------------------------------------------------------------
                            DC VOLTAGE OUTPUT SHIFTS
    ------------------------------------------------------------------------
    RANGE Point     Zero Shift       Full Scale Shift          Spec   Shift  
                                                              (+/-) (% spec)

    220 mV +FS     0.00000 mV    -0.00783 mV -35.60   ppm   9.91 ppm -359.22
           -FS     0.00000 mV    -0.00822 mV -37.39   ppm   9.91 ppm -377.29

      2.2V +FS   0.0000000  V  -0.0000747  V -33.95   ppm   4.05 ppm -839.11
           -FS  -0.0000000  V  -0.0000859  V -39.05   ppm   4.05 ppm -965.18

       11V +FS    0.000001  V   -0.000373  V -33.95   ppm   3.77 ppm -899.81
           -FS   -0.000000  V   -0.000429  V -39.04   ppm   3.77 ppm-1034.91

       22V +FS    0.000001  V   -0.000744  V -33.81   ppm   3.77 ppm -896.20
           -FS   -0.000001  V   -0.000872  V -39.64   ppm   3.77 ppm-1050.70

      220V +FS     0.00001  V     0.00875  V  39.76   ppm   5.45 ppm  728.93
           -FS     0.00001  V     0.00736  V  33.46   ppm   5.45 ppm  613.50

     1100V +FS      0.0001  V      0.0452  V  41.10   ppm   7.55 ppm  544.71
           -FS      0.0001  V      0.0354  V  32.15   ppm   7.55 ppm  426.07
































    ------------------------------------------------------------------------
                            AC VOLTAGE OUTPUT SHIFTS
    ------------------------------------------------------------------------
    RANGE        Point            Full Scale Shift            Spec   Shift  
                                                              (+/-) (% spec)

    2.2 mV      FS          -0.000072 mV    -0.0033 %       0.24 %     -1.38
             20.00  kHz     -0.000074 mV    -0.0034 %       0.24 %     -1.41
             50.00  kHz     -0.000070 mV    -0.0032 %       0.26 %     -1.23
            100.00  kHz     -0.000073 mV    -0.0033 %       0.44 %     -0.75
            119.99  kHz     -0.000074 mV    -0.0033 %       0.79 %     -0.42
            0.1200  MHz     -0.000070 mV    -0.0032 %       0.79 %     -0.40
            0.2000  MHz     -0.000068 mV    -0.0031 %       0.79 %     -0.39
            0.3000  MHz     -0.000060 mV    -0.0027 %       0.79 %     -0.34
            0.4000  MHz     -0.000048 mV    -0.0022 %       1.51 %     -0.14
            0.5000  MHz     -0.000058 mV    -0.0026 %       1.51 %     -0.17
            0.6000  MHz     -0.000048 mV    -0.0022 %       1.66 %     -0.13
            0.7000  MHz     -0.000041 mV    -0.0018 %       1.66 %     -0.11
            0.8000  MHz     -0.000022 mV    -0.0010 %       1.66 %     -0.06
            0.9000  MHz     -0.000015 mV    -0.0007 %       1.66 %     -0.04
            1.0000  MHz     -0.000018 mV    -0.0008 %       1.66 %     -0.05
            1.1000  MHz     -0.000004 mV    -0.0002 %    NO SPEC        0.00
            1.1999  MHz      0.000011 mV     0.0005 %    NO SPEC        0.00

     22 mV      FS           -0.00072 mV   -32.71   ppm   372.73 ppm   -8.78
             20.00  kHz      -0.00073 mV   -33.04   ppm   372.73 ppm   -8.86
             50.00  kHz      -0.00080 mV   -36.27   ppm   612.73 ppm   -5.92
            100.00  kHz      -0.00080 mV    -0.0036 %       0.12 %     -3.13
            119.99  kHz      -0.00082 mV    -0.0037 %       0.18 %     -2.10
            0.1200  MHz      -0.00088 mV    -0.0040 %       0.18 %     -2.25
            0.2000  MHz      -0.00104 mV    -0.0047 %       0.18 %     -2.66
            0.3000  MHz      -0.00108 mV    -0.0049 %       0.18 %     -2.75
            0.4000  MHz      -0.00081 mV    -0.0037 %       0.29 %     -1.29
            0.5000  MHz      -0.00074 mV    -0.0034 %       0.29 %     -1.17
            0.6000  MHz      -0.00068 mV    -0.0031 %       0.44 %     -0.71
            0.7000  MHz      -0.00059 mV    -0.0027 %       0.44 %     -0.62
            0.8000  MHz      -0.00058 mV    -0.0026 %       0.44 %     -0.60
            0.9000  MHz      -0.00046 mV    -0.0021 %       0.44 %     -0.48
            1.0000  MHz      -0.00048 mV    -0.0022 %       0.44 %     -0.50
            1.1000  MHz      -0.00034 mV    -0.0015 %    NO SPEC        0.00
            1.1999  MHz      -0.00027 mV    -0.0012 %    NO SPEC        0.00

    220 mV      FS            -0.0075 mV   -33.91   ppm   140.45 ppm  -24.14
             20.00  kHz       -0.0077 mV   -34.82   ppm   140.45 ppm  -24.79
             50.00  kHz       -0.0073 mV   -33.29   ppm   345.45 ppm   -9.64
            100.00  kHz       -0.0076 mV   -34.54   ppm   886.36 ppm   -3.90
            119.99  kHz       -0.0076 mV    -0.0035 %       0.11 %     -3.22
            0.1200  MHz       -0.0073 mV    -0.0033 %       0.11 %     -3.08
            0.2000  MHz       -0.0071 mV    -0.0032 %       0.11 %     -2.99
            0.3000  MHz       -0.0062 mV    -0.0028 %       0.11 %     -2.63
            0.4000  MHz       -0.0051 mV    -0.0023 %       0.17 %     -1.38
            0.5000  MHz       -0.0061 mV    -0.0028 %       0.17 %     -1.64
            0.6000  MHz       -0.0050 mV    -0.0023 %       0.35 %     -0.66
            0.7000  MHz       -0.0043 mV    -0.0020 %       0.35 %     -0.57
            0.8000  MHz       -0.0025 mV    -0.0011 %       0.35 %     -0.33
            0.9000  MHz       -0.0017 mV    -0.0008 %       0.35 %     -0.23
            1.0000  MHz       -0.0021 mV    -0.0009 %       0.35 %     -0.27
            1.1000  MHz       -0.0006 mV    -0.0003 %    NO SPEC        0.00
            1.1999  MHz        0.0008 mV     0.0004 %    NO SPEC        0.00







      2.2V      FS          -0.000074  V   -33.79   ppm    73.18 ppm  -46.17
             20.00  kHz     -0.000076  V   -34.70   ppm    73.18 ppm  -47.42
             50.00  kHz     -0.000073  V   -33.23   ppm   129.09 ppm  -25.74
            100.00  kHz     -0.000076  V   -34.40   ppm   266.36 ppm  -12.92
            119.99  kHz     -0.000076  V   -34.64   ppm   468.18 ppm   -7.40
            0.1200  MHz     -0.000073  V   -33.00   ppm   468.18 ppm   -7.05
            0.2000  MHz     -0.000070  V   -32.02   ppm   468.18 ppm   -6.84
            0.3000  MHz     -0.000062  V   -28.13   ppm   468.18 ppm   -6.01
            0.4000  MHz     -0.000051  V    -0.0023 %       0.12 %     -1.95
            0.5000  MHz     -0.000060  V    -0.0027 %       0.12 %     -2.32
            0.6000  MHz     -0.000050  V    -0.0023 %       0.25 %     -0.93
            0.7000  MHz     -0.000043  V    -0.0020 %       0.25 %     -0.80
            0.8000  MHz     -0.000025  V    -0.0011 %       0.25 %     -0.46
            0.9000  MHz     -0.000017  V    -0.0008 %       0.25 %     -0.32
            1.0000  MHz     -0.000021  V    -0.0009 %       0.25 %     -0.38
            1.1000  MHz     -0.000006  V    -0.0003 %    NO SPEC        0.00
            1.1999  MHz      0.000009  V     0.0004 %    NO SPEC        0.00

       22V      FS           -0.00074  V   -33.84   ppm    73.18 ppm  -46.23
             20.00  kHz      -0.00075  V   -34.18   ppm    73.18 ppm  -46.71
             50.00  kHz      -0.00082  V   -37.40   ppm   129.09 ppm  -28.97
            100.00  kHz      -0.00083  V   -37.57   ppm   248.18 ppm  -15.14
            119.99  kHz      -0.00085  V   -38.53   ppm   577.27 ppm   -6.68
            0.1200  MHz      -0.00091  V   -41.29   ppm   577.27 ppm   -7.15
            0.2000  MHz      -0.00107  V   -48.51   ppm   577.27 ppm   -8.40
            0.3000  MHz      -0.00110  V   -50.08   ppm   577.27 ppm   -8.68
            0.4000  MHz      -0.00084  V    -0.0038 %       0.14 %     -2.68
            0.5000  MHz      -0.00076  V    -0.0035 %       0.14 %     -2.43
            0.6000  MHz      -0.00070  V    -0.0032 %       0.30 %     -1.06
            0.7000  MHz      -0.00062  V    -0.0028 %       0.30 %     -0.93
            0.8000  MHz      -0.00060  V    -0.0027 %       0.30 %     -0.91
            0.9000  MHz      -0.00049  V    -0.0022 %       0.30 %     -0.74
            1.0000  MHz      -0.00051  V    -0.0023 %       0.30 %     -0.77
            1.1000  MHz      -0.00037  V    -0.0017 %    NO SPEC        0.00
            1.1999  MHz      -0.00029  V    -0.0013 %    NO SPEC        0.00

      220V      FS            -0.0083  V   -37.92   ppm    79.55 ppm  -47.67
             5.000  kHz       -0.0080  V   -36.21   ppm    79.55 ppm  -45.53
            10.000  kHz       -0.0092  V   -41.63   ppm    79.55 ppm  -52.34
             20.00  kHz       -0.0086  V   -39.27   ppm    79.55 ppm  -49.37
             50.00  kHz       -0.0076  V   -34.56   ppm   218.18 ppm  -15.84
            100.00  kHz       -0.0068  V   -31.11   ppm   545.45 ppm   -5.70
            119.99  kHz       -0.0070  V    -0.0032 %       0.20 %     -1.58
            0.1200  MHz       -0.0066  V    -0.0030 %       0.20 %     -1.50
            0.2000  MHz       -0.0095  V    -0.0043 %       0.20 %     -2.15
            0.3000  MHz       -0.0082  V    -0.0037 %       0.20 %     -1.87
            0.4000  MHz       -0.0036  V    -0.0016 %       0.55 %     -0.30
            0.5000  MHz        0.0004  V     0.0002 %       0.55 %      0.03
            0.6000  MHz       -0.0021  V    -0.0010 %       1.30 %     -0.08
            0.7000  MHz       -0.0025  V    -0.0011 %       1.30 %     -0.09
            0.8000  MHz        0.0118  V     0.0053 %       1.30 %      0.41
            0.9000  MHz        0.0228  V     0.0104 %       1.30 %      0.80
            1.0000  MHz        0.0450  V     0.0205 %       1.30 %      1.57

     1100V      FS             -0.035  V   -31.86   ppm    78.64 ppm  -40.51
            0.3000  kHz        -0.033  V   -30.04   ppm    78.64 ppm  -38.20
            0.5000  kHz        -0.036  V   -33.05   ppm    78.64 ppm  -42.02
            0.7000  kHz        -0.036  V   -32.45   ppm    78.64 ppm  -41.26
            1.0000  kHz        -0.035  V   -32.06   ppm    78.64 ppm  -40.77







    ------------------------------------------------------------------------
                            DC CURRENT OUTPUT SHIFTS
    ------------------------------------------------------------------------
    RANGE Point     Zero Shift       Full Scale Shift          Spec   Shift  
                                                              (+/-) (% spec)

    220 uA +FS      0.0004 uA     -0.0070 uA -32.01   ppm  90.45 ppm  -35.39
           -FS      0.0004 uA     -0.0083 uA -37.69   ppm  90.45 ppm  -41.67

    2.2 mA +FS    0.000001 mA   -0.000075 mA -34.06   ppm  49.55 ppm  -68.74
           -FS    0.000001 mA   -0.000085 mA -38.73   ppm  49.55 ppm  -78.17

     22 mA +FS     0.00000 mA    -0.00078 mA -35.44   ppm  49.55 ppm  -71.53
           -FS     0.00000 mA    -0.00083 mA -37.76   ppm  49.55 ppm  -76.22

    220 mA +FS      0.0000 mA     -0.0079 mA -35.79   ppm  69.23 ppm  -51.69
           -FS      0.0000 mA     -0.0083 mA -37.53   ppm  69.23 ppm  -54.22

      2.2A +FS    0.000018  A   -0.000067  A -30.66   ppm 137.04 ppm  -22.37
           -FS    0.000018  A   -0.000059  A -26.62   ppm 137.04 ppm  -19.42














































    ------------------------------------------------------------------------
                            AC CURRENT OUTPUT SHIFTS
    ------------------------------------------------------------------------
    RANGE        Point            Full Scale Shift            Spec   Shift  
                                                              (+/-) (% spec)

    220 uA      FS             -0.007 uA   -33.93   ppm   210.91 ppm  -16.09
            0.5000  kHz        -0.007 uA   -30.96   ppm   210.91 ppm  -14.68
            1.0000  kHz        -0.007 uA   -33.15   ppm   210.91 ppm  -15.72
             2.000  kHz        -0.007 uA   -32.17   ppm   727.27 ppm   -4.42
             5.000  kHz        -0.007 uA   -32.16   ppm   727.27 ppm   -4.42
             7.000  kHz        -0.006 uA    -0.0029 %       0.20 %     -1.47
            10.000  kHz        -0.007 uA    -0.0030 %       0.20 %     -1.52

    2.2 mA      FS           -0.00008 mA   -34.46   ppm   138.18 ppm  -24.94
            0.5000  kHz      -0.00007 mA   -33.93   ppm   138.18 ppm  -24.55
            1.0000  kHz      -0.00008 mA   -36.07   ppm   138.18 ppm  -26.10
             2.000  kHz      -0.00008 mA   -34.55   ppm   727.27 ppm   -4.75
             5.000  kHz      -0.00007 mA   -31.82   ppm   727.27 ppm   -4.37
             7.000  kHz      -0.00007 mA    -0.0033 %       0.20 %     -1.71
            10.000  kHz      -0.00008 mA    -0.0035 %       0.20 %     -1.77

     22 mA      FS            -0.0008 mA   -35.67   ppm   138.18 ppm  -25.81
            0.5000  kHz       -0.0007 mA   -33.36   ppm   138.18 ppm  -24.14
            1.0000  kHz       -0.0008 mA   -35.03   ppm   138.18 ppm  -25.35
             2.000  kHz       -0.0008 mA   -36.17   ppm   727.27 ppm   -4.97
             5.000  kHz       -0.0008 mA   -37.32   ppm   727.27 ppm   -5.13
             7.000  kHz       -0.0008 mA    -0.0038 %       0.20 %     -1.92
            10.000  kHz       -0.0008 mA    -0.0037 %       0.20 %     -1.92

    220 mA      FS             -0.008 mA   -35.88   ppm   138.18 ppm  -25.97
            0.5000  kHz        -0.008 mA   -35.91   ppm   138.18 ppm  -25.99
            1.0000  kHz        -0.008 mA   -37.29   ppm   138.18 ppm  -26.99
             2.000  kHz        -0.007 mA   -33.67   ppm   727.27 ppm   -4.63
             5.000  kHz        -0.008 mA   -35.78   ppm   727.27 ppm   -4.92
             7.000  kHz        -0.008 mA    -0.0035 %       0.20 %     -1.81
            10.000  kHz        -0.008 mA    -0.0035 %       0.20 %     -1.81

      2.2A      FS           -0.00009  A   -38.80   ppm   618.18 ppm   -6.28
            0.5000  kHz      -0.00008  A   -36.68   ppm   618.18 ppm   -5.93
            1.0000  kHz      -0.00008  A   -38.18   ppm   618.18 ppm   -6.18
             2.000  kHz      -0.00009  A   -39.35   ppm   745.45 ppm   -5.28
             5.000  kHz      -0.00009  A   -40.54   ppm   745.45 ppm   -5.44
             7.000  kHz      -0.00009  A    -0.0041 %       0.81 %     -0.51
            10.000  kHz      -0.00009  A    -0.0041 %       0.81 %     -0.50





















    ------------------------------------------------------------------------
                            RESISTANCE OUTPUT SHIFTS
    ------------------------------------------------------------------------
            Point             Full Scale Shift                Spec   Shift  
                                                              (+/-) (% spec)

     0.0000000  Ohm      0.0000000  Ohm   0.00   Ohm         0.00 Ohm    0.00
     0.9996192  Ohm      0.0000015  Ohm   1.51   ppm        85.00 ppm    1.77
     1.8999633  Ohm      0.0000072  Ohm   3.79   ppm        85.00 ppm    4.46
     10.000283  Ohm       0.000024  Ohm   2.38   ppm        26.00 ppm    9.15
     19.003610  Ohm       0.000079  Ohm   4.17   ppm        24.00 ppm   17.36
     100.00471  Ohm        0.00020  Ohm   1.96   ppm        15.00 ppm   13.06
     190.00164  Ohm        0.00046  Ohm   2.44   ppm        15.00 ppm   16.23
     0.9999420 kOhm      0.0000002 kOhm   0.20   ppm        11.00 ppm    1.81
     1.8999010 kOhm      0.0000021 kOhm   1.09   ppm        11.00 ppm    9.88
     10.000399 kOhm      -0.000000 kOhm  -0.02   ppm         9.00 ppm   -0.18
     18.999631 kOhm       0.000000 kOhm   0.02   ppm         9.00 ppm    0.21
      99.99826 kOhm       -0.00007 kOhm  -0.67   ppm        11.00 ppm   -6.13
     189.99381 kOhm       -0.00022 kOhm  -1.15   ppm        11.00 ppm  -10.43
     0.9999047 MOhm      0.0000002 MOhm   0.21   ppm        16.00 ppm    1.32
     1.8998500 MOhm     -0.0000036 MOhm  -1.92   ppm        17.00 ppm  -11.29
      9.998561 MOhm       0.000002 MOhm   0.21   ppm        33.00 ppm    0.64
     18.999599 MOhm      -0.000082 MOhm  -4.32   ppm        43.00 ppm  -10.04
     100.00744 MOhm        0.00022 MOhm   2.16   ppm       110.00 ppm    1.96







































