=~=~=~=~=~=~=~=~=~=~=~= PuTTY log 2022.09.11 03:17:42 =~=~=~=~=~=~=~=~=~=~=~=



    ------------------------------------------------------------------------
    JOHN FLUKE MFG. CO., INC.     S/N 4670009        5700A CALIBRATION CHECK
    PRINTED ON 10.09.22 AT 22:54:08 5700A  S/N 4670009
    ------------------------------------------------------------------------
    ------------------------------------------------------------------------
                                MODULES PRESENT
    ------------------------------------------------------------------------
    Software Revision JA*
    Switching Matrix
    DC Volt Module  
    AC Volt Module  
    220V Module     
    1100V/2A Module 
    Current Module  
    Ohms Module     
    Hires Osc Module
    Rear Panel      
    ------------------------------------------------------------------------
                   ARTIFACT CALIBRATION DATES AND TEMPERATURES
    ------------------------------------------------------------------------
    Specification Interval:     24hour

    MAIN OUTPUT:   (Most recent)   3.06.22,  23.0 Degrees C
                      (Previous)  24.12.21,  22.0 Degrees C
                      (CalCheck)  10.09.22,  23.2 Degrees C
           (Days since last cal)  99

    ZERO:          (Most recent)  10.09.22
           (Days since last cal)  0





































    ------------------------------------------------------------------------
                    EXTERNALLY CALIBRATED INTERNAL REFERENCES
    ------------------------------------------------------------------------

                     USED AS CHECK STANDARDS FOR THIS REPORT


    ------------------------------------------------------------------------
                            DC VOLTAGE OUTPUT SHIFTS
    ------------------------------------------------------------------------
    RANGE Point     Zero Shift       Full Scale Shift          Spec   Shift  
                                                              (+/-) (% spec)

    220 mV +FS     0.00001 mV    -0.00022 mV  -0.98   ppm   9.91 ppm   -9.88
           -FS    -0.00000 mV     0.00021 mV   0.97   ppm   9.91 ppm    9.83

      2.2V +FS  -0.0000006  V  -0.0000005  V  -0.21   ppm   4.05 ppm   -5.22
           -FS  -0.0000007  V  -0.0000007  V  -0.31   ppm   4.05 ppm   -7.71

       11V +FS    0.000000  V    0.000001  V   0.05   ppm   3.77 ppm    1.38
           -FS    0.000000  V   -0.000001  V  -0.05   ppm   3.77 ppm   -1.33

       22V +FS   -0.000001  V    0.000027  V   1.25   ppm   3.77 ppm   33.09
           -FS    0.000001  V   -0.000027  V  -1.23   ppm   3.77 ppm  -32.71

      220V +FS    -0.00003  V    -0.00004  V  -0.16   ppm   5.45 ppm   -2.97
           -FS    -0.00004  V    -0.00004  V  -0.18   ppm   5.45 ppm   -3.31

     1100V +FS     -0.0000  V      0.0014  V   1.26   ppm   7.55 ppm   16.72
           -FS     -0.0001  V     -0.0016  V  -1.45   ppm   7.55 ppm  -19.25




































    ------------------------------------------------------------------------
                            AC VOLTAGE OUTPUT SHIFTS
    ------------------------------------------------------------------------
    RANGE        Point            Full Scale Shift            Spec   Shift  
                                                              (+/-) (% spec)

    2.2 mV      FS           0.000022 mV     0.0010 %       0.24 %      0.42
             20.00  kHz      0.000021 mV     0.0010 %       0.24 %      0.41
             50.00  kHz      0.000014 mV     0.0006 %       0.26 %      0.24
            100.00  kHz      0.000007 mV     0.0003 %       0.44 %      0.07
            119.99  kHz      0.000002 mV     0.0001 %       0.79 %      0.01
            0.1200  MHz     -0.000005 mV    -0.0002 %       0.79 %     -0.03
            0.2000  MHz     -0.000022 mV    -0.0010 %       0.79 %     -0.13
            0.3000  MHz     -0.000053 mV    -0.0024 %       0.79 %     -0.31
            0.4000  MHz     -0.000049 mV    -0.0022 %       1.51 %     -0.15
            0.5000  MHz     -0.000032 mV    -0.0014 %       1.51 %     -0.10
            0.6000  MHz     -0.000041 mV    -0.0019 %       1.66 %     -0.11
            0.7000  MHz     -0.000055 mV    -0.0025 %       1.66 %     -0.15
            0.8000  MHz     -0.000072 mV    -0.0033 %       1.66 %     -0.20
            0.9000  MHz     -0.000064 mV    -0.0029 %       1.66 %     -0.18
            1.0000  MHz     -0.000135 mV    -0.0062 %       1.66 %     -0.37
            1.1000  MHz     -0.000146 mV    -0.0066 %    NO SPEC        0.00
            1.1999  MHz     -0.000161 mV    -0.0073 %    NO SPEC        0.00

     22 mV      FS            0.00016 mV     7.49   ppm   372.73 ppm    2.01
             20.00  kHz       0.00012 mV     5.64   ppm   372.73 ppm    1.51
             50.00  kHz       0.00010 mV     4.43   ppm   612.73 ppm    0.72
            100.00  kHz      -0.00010 mV    -0.0005 %       0.12 %     -0.39
            119.99  kHz      -0.00018 mV    -0.0008 %       0.18 %     -0.45
            0.1200  MHz      -0.00022 mV    -0.0010 %       0.18 %     -0.57
            0.2000  MHz      -0.00006 mV    -0.0003 %       0.18 %     -0.16
            0.3000  MHz      -0.00089 mV    -0.0041 %       0.18 %     -2.28
            0.4000  MHz      -0.00037 mV    -0.0017 %       0.29 %     -0.58
            0.5000  MHz      -0.00040 mV    -0.0018 %       0.29 %     -0.64
            0.6000  MHz      -0.00054 mV    -0.0025 %       0.44 %     -0.57
            0.7000  MHz      -0.00056 mV    -0.0026 %       0.44 %     -0.59
            0.8000  MHz      -0.00080 mV    -0.0036 %       0.44 %     -0.83
            0.9000  MHz      -0.00042 mV    -0.0019 %       0.44 %     -0.44
            1.0000  MHz      -0.00127 mV    -0.0058 %       0.44 %     -1.32
            1.1000  MHz      -0.00177 mV    -0.0080 %    NO SPEC        0.00
            1.1999  MHz      -0.00156 mV    -0.0071 %    NO SPEC        0.00

    220 mV      FS             0.0009 mV     4.10   ppm   140.45 ppm    2.92
             20.00  kHz        0.0008 mV     3.76   ppm   140.45 ppm    2.68
             50.00  kHz        0.0001 mV     0.49   ppm   345.45 ppm    0.14
            100.00  kHz       -0.0006 mV    -2.70   ppm   886.36 ppm   -0.30
            119.99  kHz       -0.0011 mV    -0.0005 %       0.11 %     -0.46
            0.1200  MHz       -0.0017 mV    -0.0008 %       0.11 %     -0.74
            0.2000  MHz       -0.0035 mV    -0.0016 %       0.11 %     -1.48
            0.3000  MHz       -0.0066 mV    -0.0030 %       0.11 %     -2.79
            0.4000  MHz       -0.0062 mV    -0.0028 %       0.17 %     -1.67
            0.5000  MHz       -0.0045 mV    -0.0020 %       0.17 %     -1.20
            0.6000  MHz       -0.0054 mV    -0.0024 %       0.35 %     -0.71
            0.7000  MHz       -0.0068 mV    -0.0031 %       0.35 %     -0.89
            0.8000  MHz       -0.0085 mV    -0.0039 %       0.35 %     -1.12
            0.9000  MHz       -0.0077 mV    -0.0035 %       0.35 %     -1.01
            1.0000  MHz       -0.0148 mV    -0.0067 %       0.35 %     -1.95
            1.1000  MHz       -0.0159 mV    -0.0072 %    NO SPEC        0.00
            1.1999  MHz       -0.0174 mV    -0.0079 %    NO SPEC        0.00







      2.2V      FS           0.000007  V     2.95   ppm    73.18 ppm    4.04
             20.00  kHz      0.000006  V     2.62   ppm    73.18 ppm    3.58
             50.00  kHz     -0.000001  V    -0.62   ppm   129.09 ppm   -0.48
            100.00  kHz     -0.000008  V    -3.85   ppm   266.36 ppm   -1.45
            119.99  kHz     -0.000013  V    -6.09   ppm   468.18 ppm   -1.30
            0.1200  MHz     -0.000020  V    -9.10   ppm   468.18 ppm   -1.94
            0.2000  MHz     -0.000038  V   -17.09   ppm   468.18 ppm   -3.65
            0.3000  MHz     -0.000069  V   -31.16   ppm   468.18 ppm   -6.66
            0.4000  MHz     -0.000064  V    -0.0029 %       0.12 %     -2.47
            0.5000  MHz     -0.000047  V    -0.0021 %       0.12 %     -1.82
            0.6000  MHz     -0.000056  V    -0.0026 %       0.25 %     -1.04
            0.7000  MHz     -0.000070  V    -0.0032 %       0.25 %     -1.30
            0.8000  MHz     -0.000088  V    -0.0040 %       0.25 %     -1.62
            0.9000  MHz     -0.000080  V    -0.0036 %       0.25 %     -1.48
            1.0000  MHz     -0.000151  V    -0.0068 %       0.25 %     -2.79
            1.1000  MHz     -0.000161  V    -0.0073 %    NO SPEC        0.00
            1.1999  MHz     -0.000176  V    -0.0080 %    NO SPEC        0.00

       22V      FS            0.00001  V     0.57   ppm    73.18 ppm    0.77
             20.00  kHz      -0.00003  V    -1.28   ppm    73.18 ppm   -1.74
             50.00  kHz      -0.00005  V    -2.50   ppm   129.09 ppm   -1.94
            100.00  kHz      -0.00025  V   -11.52   ppm   248.18 ppm   -4.64
            119.99  kHz      -0.00033  V   -14.93   ppm   577.27 ppm   -2.59
            0.1200  MHz      -0.00038  V   -17.15   ppm   577.27 ppm   -2.97
            0.2000  MHz      -0.00022  V    -9.81   ppm   577.27 ppm   -1.70
            0.3000  MHz      -0.00105  V   -47.54   ppm   577.27 ppm   -8.23
            0.4000  MHz      -0.00052  V    -0.0024 %       0.14 %     -1.66
            0.5000  MHz      -0.00056  V    -0.0025 %       0.14 %     -1.77
            0.6000  MHz      -0.00070  V    -0.0032 %       0.30 %     -1.05
            0.7000  MHz      -0.00072  V    -0.0033 %       0.30 %     -1.08
            0.8000  MHz      -0.00095  V    -0.0043 %       0.30 %     -1.43
            0.9000  MHz      -0.00058  V    -0.0026 %       0.30 %     -0.87
            1.0000  MHz      -0.00142  V    -0.0065 %       0.30 %     -2.15
            1.1000  MHz      -0.00192  V    -0.0087 %    NO SPEC        0.00
            1.1999  MHz      -0.00171  V    -0.0078 %    NO SPEC        0.00

      220V      FS             0.0014  V     6.50   ppm    79.55 ppm    8.17
             5.000  kHz        0.0006  V     2.90   ppm    79.55 ppm    3.64
            10.000  kHz        0.0030  V    13.79   ppm    79.55 ppm   17.34
             20.00  kHz        0.0010  V     4.59   ppm    79.55 ppm    5.78
             50.00  kHz        0.0007  V     3.37   ppm   218.18 ppm    1.54
            100.00  kHz       -0.0022  V    -9.92   ppm   545.45 ppm   -1.82
            119.99  kHz       -0.0037  V    -0.0017 %       0.20 %     -0.83
            0.1200  MHz       -0.0057  V    -0.0026 %       0.20 %     -1.30
            0.2000  MHz       -0.0050  V    -0.0023 %       0.20 %     -1.13
            0.3000  MHz       -0.0221  V    -0.0100 %       0.20 %     -5.02
            0.4000  MHz       -0.0382  V    -0.0174 %       0.55 %     -3.16
            0.5000  MHz       -0.0556  V    -0.0253 %       0.55 %     -4.60
            0.6000  MHz       -0.0787  V    -0.0358 %       1.30 %     -2.75
            0.7000  MHz       -0.1069  V    -0.0486 %       1.30 %     -3.74
            0.8000  MHz       -0.1090  V    -0.0496 %       1.30 %     -3.81
            0.9000  MHz       -0.1384  V    -0.0629 %       1.30 %     -4.84
            1.0000  MHz       -0.1694  V    -0.0770 %       1.30 %     -5.92

     1100V      FS              0.003  V     2.48   ppm    78.64 ppm    3.15
            0.3000  kHz         0.004  V     3.73   ppm    78.64 ppm    4.74
            0.5000  kHz         0.002  V     1.81   ppm    78.64 ppm    2.30
            0.7000  kHz         0.002  V     1.99   ppm    78.64 ppm    2.53
            1.0000  kHz        -0.001  V    -0.55   ppm    78.64 ppm   -0.70







    ------------------------------------------------------------------------
                            DC CURRENT OUTPUT SHIFTS
    ------------------------------------------------------------------------
    RANGE Point     Zero Shift       Full Scale Shift          Spec   Shift  
                                                              (+/-) (% spec)

    220 uA +FS      0.0007 uA      0.0010 uA   4.71   ppm  90.45 ppm    5.21
           -FS      0.0007 uA      0.0005 uA   2.12   ppm  90.45 ppm    2.34

    2.2 mA +FS    0.000001 mA   -0.000002 mA  -0.84   ppm  49.55 ppm   -1.69
           -FS    0.000001 mA    0.000004 mA   1.70   ppm  49.55 ppm    3.42

     22 mA +FS    -0.00000 mA    -0.00002 mA  -1.07   ppm  49.55 ppm   -2.15
           -FS     0.00000 mA     0.00002 mA   1.02   ppm  49.55 ppm    2.07

    220 mA +FS     -0.0000 mA      0.0004 mA   1.88   ppm  69.23 ppm    2.71
           -FS      0.0000 mA     -0.0004 mA  -1.92   ppm  69.23 ppm   -2.77

      2.2A +FS    0.000003  A   -0.000001  A  -0.65   ppm 137.04 ppm   -0.47
           -FS    0.000003  A    0.000007  A   3.05   ppm 137.04 ppm    2.23














































    ------------------------------------------------------------------------
                            AC CURRENT OUTPUT SHIFTS
    ------------------------------------------------------------------------
    RANGE        Point            Full Scale Shift            Spec   Shift  
                                                              (+/-) (% spec)

    220 uA      FS              0.000 uA     0.61   ppm   210.91 ppm    0.29
            0.5000  kHz        -0.000 uA    -1.34   ppm   210.91 ppm   -0.63
            1.0000  kHz         0.000 uA     0.67   ppm   210.91 ppm    0.32
             2.000  kHz        -0.000 uA    -0.80   ppm   727.27 ppm   -0.11
             5.000  kHz         0.001 uA     4.48   ppm   727.27 ppm    0.62
             7.000  kHz         0.001 uA     0.0005 %       0.20 %      0.24
            10.000  kHz         0.004 uA     0.0017 %       0.20 %      0.86

    2.2 mA      FS           -0.00000 mA    -1.91   ppm   138.18 ppm   -1.38
            0.5000  kHz      -0.00001 mA    -4.17   ppm   138.18 ppm   -3.02
            1.0000  kHz      -0.00000 mA    -1.84   ppm   138.18 ppm   -1.33
             2.000  kHz      -0.00001 mA    -3.36   ppm   727.27 ppm   -0.46
             5.000  kHz      -0.00000 mA    -1.88   ppm   727.27 ppm   -0.26
             7.000  kHz      -0.00000 mA     0.0000 %       0.20 %     -0.02
            10.000  kHz      -0.00001 mA    -0.0005 %       0.20 %     -0.23

     22 mA      FS            -0.0000 mA    -1.67   ppm   138.18 ppm   -1.21
            0.5000  kHz       -0.0001 mA    -2.94   ppm   138.18 ppm   -2.13
            1.0000  kHz       -0.0000 mA    -1.79   ppm   138.18 ppm   -1.29
             2.000  kHz       -0.0000 mA    -0.94   ppm   727.27 ppm   -0.13
             5.000  kHz        0.0000 mA     0.67   ppm   727.27 ppm    0.09
             7.000  kHz       -0.0000 mA     0.0000 %       0.20 %     -0.01
            10.000  kHz       -0.0001 mA    -0.0005 %       0.20 %     -0.26

    220 mA      FS              0.000 mA     1.23   ppm   138.18 ppm    0.89
            0.5000  kHz         0.001 mA     2.37   ppm   138.18 ppm    1.71
            1.0000  kHz         0.000 mA     1.09   ppm   138.18 ppm    0.79
             2.000  kHz         0.000 mA     0.93   ppm   727.27 ppm    0.13
             5.000  kHz         0.001 mA     3.94   ppm   727.27 ppm    0.54
             7.000  kHz         0.000 mA     0.0002 %       0.20 %      0.09
            10.000  kHz         0.000 mA     0.0000 %       0.20 %      0.01

      2.2A      FS           -0.00001  A    -2.50   ppm   618.18 ppm   -0.40
            0.5000  kHz      -0.00001  A    -3.74   ppm   618.18 ppm   -0.60
            1.0000  kHz      -0.00001  A    -2.61   ppm   618.18 ppm   -0.42
             2.000  kHz      -0.00000  A    -1.74   ppm   745.45 ppm   -0.23
             5.000  kHz      -0.00000  A    -0.10   ppm   745.45 ppm   -0.01
             7.000  kHz      -0.00000  A    -0.0001 %       0.81 %     -0.01
            10.000  kHz      -0.00001  A    -0.0006 %       0.81 %     -0.07





















    ------------------------------------------------------------------------
                            RESISTANCE OUTPUT SHIFTS
    ------------------------------------------------------------------------
            Point             Full Scale Shift                Spec   Shift  
                                                              (+/-) (% spec)

     0.0000000  Ohm      0.0000000  Ohm   0.00   Ohm         0.00 Ohm    0.00
     0.9996207  Ohm      0.0000000  Ohm   0.00   ppm        85.00 ppm    0.00
     1.8999705  Ohm      0.0000000  Ohm   0.00   ppm        85.00 ppm    0.00
     10.000307  Ohm      -0.000013  Ohm  -1.31   ppm        26.00 ppm   -5.05
     19.003689  Ohm      -0.000045  Ohm  -2.39   ppm        24.00 ppm   -9.95
     100.00490  Ohm       -0.00005  Ohm  -0.49   ppm        15.00 ppm   -3.27
     190.00210  Ohm       -0.00004  Ohm  -0.22   ppm        15.00 ppm   -1.48
     0.9999422 kOhm     -0.0000003 kOhm  -0.26   ppm        11.00 ppm   -2.35
     1.8999031 kOhm     -0.0000017 kOhm  -0.91   ppm        11.00 ppm   -8.31
     10.000399 kOhm       0.000006 kOhm   0.60   ppm         9.00 ppm    6.64
     18.999631 kOhm       0.000000 kOhm   0.02   ppm         9.00 ppm    0.27
      99.99819 kOhm        0.00007 kOhm   0.68   ppm        11.00 ppm    6.15
     189.99360 kOhm        0.00011 kOhm   0.59   ppm        11.00 ppm    5.33
     0.9999049 MOhm     -0.0000005 MOhm  -0.50   ppm        16.00 ppm   -3.13
     1.8998463 MOhm      0.0000012 MOhm   0.62   ppm        17.00 ppm    3.66
      9.998563 MOhm      -0.000041 MOhm  -4.06   ppm        33.00 ppm  -12.30
     18.999517 MOhm      -0.000133 MOhm  -7.03   ppm        43.00 ppm  -16.34
     100.00765 MOhm        0.00196 MOhm  19.59   ppm       110.00 ppm   17.81







































