





    ------------------------------------------------------------------------

    JOHN FLUKE MFG. CO., INC.     S/N 4670009        5700A CALIBRATION CHECK

    PRINTED ON 19.10.24 AT 15:09:31 5700A  S/N 4670009

    ------------------------------------------------------------------------

    ------------------------------------------------------------------------

                                MODULES PRESENT

    ------------------------------------------------------------------------

    Software Revision JA*

    Switching Matrix

    DC Volt Module  

    AC Volt Module  

    220V Module     

    1100V/2A Module 

    Current Module  

    Ohms Module     

    Hires Osc Module

    Rear Panel      

    ------------------------------------------------------------------------

                   ARTIFACT CALIBRATION DATES AND TEMPERATURES

    ------------------------------------------------------------------------

    Specification Interval:     24hour



    MAIN OUTPUT:   (Most recent)  29.05.24,  23.0 Degrees C

                      (Previous)   3.06.22,  23.0 Degrees C

                      (CalCheck)  19.10.24,  23.0 Degrees C

           (Days since last cal)  143



    ZERO:          (Most recent)  29.05.24

           (Days since last cal)  143











































































    ------------------------------------------------------------------------

                    EXTERNALLY CALIBRATED INTERNAL REFERENCES

    ------------------------------------------------------------------------

        REFERENCE            Most Recent          Previous       Shift (ppm)

    6.5 V DC Reference          6.529913          6.529891              3.38

    13 V  DC Reference         13.061359         13.061308              3.93

    Resistance Reference       0.9999901         0.9999950             -4.89

    1.0 Ohm Resistor           0.9996275         0.9996126             14.90

    1.9 Ohm Resistor           1.8999778         1.8999505             14.38





    ------------------------------------------------------------------------

                            DC VOLTAGE OUTPUT SHIFTS

    ------------------------------------------------------------------------

    RANGE Point     Zero Shift       Full Scale Shift          Spec   Shift  

                                                              (+/-) (% spec)



    220 mV +FS    -0.00001 mV     0.00081 mV   3.69   ppm   9.91 ppm   37.22

           -FS     0.00000 mV    -0.00081 mV  -3.68   ppm   9.91 ppm  -37.17



      2.2V +FS   0.0000000  V   0.0000073  V   3.30   ppm   4.05 ppm   81.67

           -FS   0.0000001  V  -0.0000073  V  -3.30   ppm   4.05 ppm  -81.67



       11V +FS    0.000000  V    0.000041  V   3.69   ppm   3.77 ppm   97.84

           -FS   -0.000000  V   -0.000041  V  -3.69   ppm   3.77 ppm  -97.84



       22V +FS    0.000000  V    0.000077  V   3.48   ppm   3.77 ppm   92.25

           -FS    0.000001  V   -0.000076  V  -3.45   ppm   3.77 ppm  -91.50



      220V +FS    -0.00001  V     0.00094  V   4.28   ppm   5.45 ppm   78.51

           -FS     0.00000  V    -0.00094  V  -4.28   ppm   5.45 ppm  -78.44



     1100V +FS     -0.0000  V      0.0057  V   5.20   ppm   7.55 ppm   68.88

           -FS     -0.0000  V     -0.0057  V  -5.20   ppm   7.55 ppm  -68.85

































































    ------------------------------------------------------------------------

                            AC VOLTAGE OUTPUT SHIFTS

    ------------------------------------------------------------------------

    RANGE        Point            Full Scale Shift            Spec   Shift  

                                                              (+/-) (% spec)



    2.2 mV      FS           0.000004 mV     0.0002 %       0.24 %      0.07

             20.00  kHz      0.000005 mV     0.0002 %       0.24 %      0.10

             50.00  kHz      0.000002 mV     0.0001 %       0.26 %      0.03

            100.00  kHz      0.000004 mV     0.0002 %       0.44 %      0.04

            119.99  kHz      0.000005 mV     0.0002 %       0.79 %      0.03

            0.1200  MHz     -0.000004 mV    -0.0002 %       0.79 %     -0.03

            0.2000  MHz     -0.000002 mV    -0.0001 %       0.79 %     -0.01

            0.3000  MHz      0.000022 mV     0.0010 %       0.79 %      0.13

            0.4000  MHz     -0.000001 mV     0.0000 %       1.51 %      0.00

            0.5000  MHz     -0.000004 mV    -0.0002 %       1.51 %     -0.01

            0.6000  MHz      0.000003 mV     0.0002 %       1.66 %      0.01

            0.7000  MHz      0.000015 mV     0.0007 %       1.66 %      0.04

            0.8000  MHz      0.000029 mV     0.0013 %       1.66 %      0.08

            0.9000  MHz      0.000050 mV     0.0023 %       1.66 %      0.14

            1.0000  MHz      0.000058 mV     0.0027 %       1.66 %      0.16

            1.1000  MHz      0.000083 mV     0.0038 %    NO SPEC        0.00

            1.1999  MHz      0.000103 mV     0.0047 %    NO SPEC        0.00



     22 mV      FS            0.00006 mV     2.72   ppm   372.73 ppm    0.73

             20.00  kHz       0.00010 mV     4.68   ppm   372.73 ppm    1.26

             50.00  kHz       0.00009 mV     4.15   ppm   612.73 ppm    0.68

            100.00  kHz       0.00009 mV     0.0004 %       0.12 %      0.35

            119.99  kHz       0.00008 mV     0.0004 %       0.18 %      0.21

            0.1200  MHz       0.00001 mV     0.0000 %       0.18 %      0.02

            0.2000  MHz      -0.00007 mV    -0.0003 %       0.18 %     -0.19

            0.3000  MHz      -0.00016 mV    -0.0007 %       0.18 %     -0.40

            0.4000  MHz      -0.00014 mV    -0.0006 %       0.29 %     -0.22

            0.5000  MHz      -0.00014 mV    -0.0007 %       0.29 %     -0.23

            0.6000  MHz      -0.00010 mV    -0.0004 %       0.44 %     -0.10

            0.7000  MHz      -0.00010 mV    -0.0005 %       0.44 %     -0.10

            0.8000  MHz       0.00018 mV     0.0008 %       0.44 %      0.18

            0.9000  MHz       0.00015 mV     0.0007 %       0.44 %      0.15

            1.0000  MHz       0.00072 mV     0.0033 %       0.44 %      0.75

            1.1000  MHz       0.00031 mV     0.0014 %    NO SPEC        0.00

            1.1999  MHz       0.00031 mV     0.0014 %    NO SPEC        0.00



    220 mV      FS             0.0007 mV     2.96   ppm   140.45 ppm    2.11

             20.00  kHz        0.0008 mV     3.76   ppm   140.45 ppm    2.68

             50.00  kHz        0.0005 mV     2.26   ppm   345.45 ppm    0.66

            100.00  kHz        0.0007 mV     3.22   ppm   886.36 ppm    0.36

            119.99  kHz        0.0008 mV     0.0004 %       0.11 %      0.35

            0.1200  MHz       -0.0002 mV    -0.0001 %       0.11 %     -0.06

            0.2000  MHz        0.0001 mV     0.0000 %       0.11 %      0.04

            0.3000  MHz        0.0025 mV     0.0011 %       0.11 %      1.05

            0.4000  MHz        0.0002 mV     0.0001 %       0.17 %      0.06

            0.5000  MHz       -0.0001 mV    -0.0001 %       0.17 %     -0.03

            0.6000  MHz        0.0006 mV     0.0003 %       0.35 %      0.08

            0.7000  MHz        0.0018 mV     0.0008 %       0.35 %      0.24

            0.8000  MHz        0.0031 mV     0.0014 %       0.35 %      0.41

            0.9000  MHz        0.0053 mV     0.0024 %       0.35 %      0.70

            1.0000  MHz        0.0061 mV     0.0028 %       0.35 %      0.81

            1.1000  MHz        0.0086 mV     0.0039 %    NO SPEC        0.00

            1.1999  MHz        0.0106 mV     0.0048 %    NO SPEC        0.00















      2.2V      FS           0.000006  V     2.65   ppm    73.18 ppm    3.62

             20.00  kHz      0.000007  V     3.38   ppm    73.18 ppm    4.61

             50.00  kHz      0.000004  V     1.85   ppm   129.09 ppm    1.43

            100.00  kHz      0.000006  V     2.84   ppm   266.36 ppm    1.07

            119.99  kHz      0.000007  V     3.40   ppm   468.18 ppm    0.73

            0.1200  MHz     -0.000002  V    -1.06   ppm   468.18 ppm   -0.23

            0.2000  MHz      0.000000  V     0.09   ppm   468.18 ppm    0.02

            0.3000  MHz      0.000024  V    10.91   ppm   468.18 ppm    2.33

            0.4000  MHz      0.000001  V     0.0001 %       0.12 %      0.05

            0.5000  MHz     -0.000002  V    -0.0001 %       0.12 %     -0.08

            0.6000  MHz      0.000005  V     0.0002 %       0.25 %      0.10

            0.7000  MHz      0.000017  V     0.0008 %       0.25 %      0.32

            0.8000  MHz      0.000031  V     0.0014 %       0.25 %      0.57

            0.9000  MHz      0.000052  V     0.0024 %       0.25 %      0.97

            1.0000  MHz      0.000060  V     0.0027 %       0.25 %      1.12

            1.1000  MHz      0.000085  V     0.0039 %    NO SPEC        0.00

            1.1999  MHz      0.000105  V     0.0048 %    NO SPEC        0.00



       22V      FS            0.00008  V     3.65   ppm    73.18 ppm    4.98

             20.00  kHz       0.00012  V     5.60   ppm    73.18 ppm    7.65

             50.00  kHz       0.00011  V     5.15   ppm   129.09 ppm    3.99

            100.00  kHz       0.00011  V     5.08   ppm   248.18 ppm    2.05

            119.99  kHz       0.00011  V     4.81   ppm   577.27 ppm    0.83

            0.1200  MHz       0.00003  V     1.42   ppm   577.27 ppm    0.25

            0.2000  MHz      -0.00005  V    -2.41   ppm   577.27 ppm   -0.42

            0.3000  MHz      -0.00013  V    -6.10   ppm   577.27 ppm   -1.06

            0.4000  MHz      -0.00012  V    -0.0005 %       0.14 %     -0.38

            0.5000  MHz      -0.00012  V    -0.0006 %       0.14 %     -0.39

            0.6000  MHz      -0.00007  V    -0.0003 %       0.30 %     -0.11

            0.7000  MHz      -0.00008  V    -0.0004 %       0.30 %     -0.12

            0.8000  MHz       0.00020  V     0.0009 %       0.30 %      0.30

            0.9000  MHz       0.00017  V     0.0008 %       0.30 %      0.26

            1.0000  MHz       0.00074  V     0.0034 %       0.30 %      1.12

            1.1000  MHz       0.00034  V     0.0015 %    NO SPEC        0.00

            1.1999  MHz       0.00033  V     0.0015 %    NO SPEC        0.00



      220V      FS             0.0006  V     2.61   ppm    79.55 ppm    3.29

             5.000  kHz        0.0009  V     3.97   ppm    79.55 ppm    4.99

            10.000  kHz        0.0006  V     2.84   ppm    79.55 ppm    3.57

             20.00  kHz       -0.0005  V    -2.45   ppm    79.55 ppm   -3.08

             50.00  kHz        0.0012  V     5.41   ppm   218.18 ppm    2.48

            100.00  kHz        0.0016  V     7.13   ppm   545.45 ppm    1.31

            119.99  kHz        0.0042  V     0.0019 %       0.20 %      0.96

            0.1200  MHz        0.0033  V     0.0015 %       0.20 %      0.76

            0.2000  MHz        0.0072  V     0.0033 %       0.20 %      1.63

            0.3000  MHz        0.0114  V     0.0052 %       0.20 %      2.58

            0.4000  MHz        0.0173  V     0.0078 %       0.55 %      1.43

            0.5000  MHz        0.0261  V     0.0119 %       0.55 %      2.16

            0.6000  MHz        0.0312  V     0.0142 %       1.30 %      1.09

            0.7000  MHz        0.0401  V     0.0182 %       1.30 %      1.40

            0.8000  MHz        0.0565  V     0.0257 %       1.30 %      1.98

            0.9000  MHz        0.0665  V     0.0302 %       1.30 %      2.33

            1.0000  MHz        0.0862  V     0.0392 %       1.30 %      3.01



     1100V      FS              0.006  V     5.04   ppm    78.64 ppm    6.40

            0.3000  kHz         0.001  V     0.62   ppm    78.64 ppm    0.79

            0.5000  kHz         0.005  V     4.50   ppm    78.64 ppm    5.73

            0.7000  kHz         0.006  V     5.19   ppm    78.64 ppm    6.59

            1.0000  kHz         0.008  V     7.44   ppm    78.64 ppm    9.46















    ------------------------------------------------------------------------

                            DC CURRENT OUTPUT SHIFTS

    ------------------------------------------------------------------------

    RANGE Point     Zero Shift       Full Scale Shift          Spec   Shift  

                                                              (+/-) (% spec)



    220 uA +FS     -0.0004 uA      0.0018 uA   8.00   ppm  90.45 ppm    8.85

           -FS     -0.0004 uA     -0.0026 uA -11.62   ppm  90.45 ppm  -12.85



    2.2 mA +FS   -0.000001 mA    0.000016 mA   7.46   ppm  49.55 ppm   15.06

           -FS   -0.000001 mA   -0.000018 mA  -8.28   ppm  49.55 ppm  -16.72



     22 mA +FS    -0.00000 mA     0.00016 mA   7.36   ppm  49.55 ppm   14.86

           -FS    -0.00000 mA    -0.00017 mA  -7.69   ppm  49.55 ppm  -15.52



    220 mA +FS     -0.0000 mA      0.0021 mA   9.57   ppm  69.23 ppm   13.82

           -FS      0.0000 mA     -0.0021 mA  -9.57   ppm  69.23 ppm  -13.83



      2.2A +FS   -0.000002  A    0.000010  A   4.70   ppm 137.04 ppm    3.43

           -FS   -0.000002  A   -0.000015  A  -6.75   ppm 137.04 ppm   -4.92





























































































    ------------------------------------------------------------------------

                            AC CURRENT OUTPUT SHIFTS

    ------------------------------------------------------------------------

    RANGE        Point            Full Scale Shift            Spec   Shift  

                                                              (+/-) (% spec)



    220 uA      FS              0.002 uA     9.98   ppm   210.91 ppm    4.73

            0.5000  kHz         0.002 uA     7.29   ppm   210.91 ppm    3.46

            1.0000  kHz         0.002 uA     9.62   ppm   210.91 ppm    4.56

             2.000  kHz         0.002 uA     9.12   ppm   727.27 ppm    1.25

             5.000  kHz         0.003 uA    12.24   ppm   727.27 ppm    1.68

             7.000  kHz         0.002 uA     0.0008 %       0.20 %      0.43

            10.000  kHz         0.002 uA     0.0010 %       0.20 %      0.50



    2.2 mA      FS            0.00002 mA     8.03   ppm   138.18 ppm    5.81

            0.5000  kHz       0.00002 mA     7.26   ppm   138.18 ppm    5.26

            1.0000  kHz       0.00002 mA     6.98   ppm   138.18 ppm    5.05

             2.000  kHz       0.00002 mA    10.23   ppm   727.27 ppm    1.41

             5.000  kHz       0.00002 mA    11.25   ppm   727.27 ppm    1.55

             7.000  kHz       0.00001 mA     0.0006 %       0.20 %      0.30

            10.000  kHz       0.00002 mA     0.0008 %       0.20 %      0.39



     22 mA      FS             0.0002 mA     7.73   ppm   138.18 ppm    5.60

            0.5000  kHz        0.0002 mA     9.97   ppm   138.18 ppm    7.22

            1.0000  kHz        0.0002 mA     7.53   ppm   138.18 ppm    5.45

             2.000  kHz        0.0001 mA     3.26   ppm   727.27 ppm    0.45

             5.000  kHz        0.0001 mA     6.56   ppm   727.27 ppm    0.90

             7.000  kHz        0.0001 mA     0.0005 %       0.20 %      0.27

            10.000  kHz        0.0001 mA     0.0005 %       0.20 %      0.24



    220 mA      FS              0.002 mA     9.75   ppm   138.18 ppm    7.05

            0.5000  kHz         0.002 mA     9.42   ppm   138.18 ppm    6.82

            1.0000  kHz         0.002 mA    10.14   ppm   138.18 ppm    7.34

             2.000  kHz         0.002 mA     7.55   ppm   727.27 ppm    1.04

             5.000  kHz         0.001 mA     4.38   ppm   727.27 ppm    0.60

             7.000  kHz         0.002 mA     0.0009 %       0.20 %      0.44

            10.000  kHz         0.002 mA     0.0009 %       0.20 %      0.46



      2.2A      FS            0.00001  A     5.88   ppm   618.18 ppm    0.95

            0.5000  kHz       0.00002  A     8.16   ppm   618.18 ppm    1.32

            1.0000  kHz       0.00001  A     5.74   ppm   618.18 ppm    0.93

             2.000  kHz       0.00000  A     1.45   ppm   745.45 ppm    0.19

             5.000  kHz       0.00001  A     4.72   ppm   745.45 ppm    0.63

             7.000  kHz       0.00001  A     0.0004 %       0.81 %      0.04

            10.000  kHz       0.00001  A     0.0003 %       0.81 %      0.03











































    ------------------------------------------------------------------------

                            RESISTANCE OUTPUT SHIFTS

    ------------------------------------------------------------------------

            Point             Full Scale Shift                Spec   Shift  

                                                              (+/-) (% spec)



     0.0000000  Ohm      0.0000000  Ohm   0.00   Ohm         0.00 Ohm    0.00

     0.9996126  Ohm      0.0000149  Ohm  14.90   ppm        85.00 ppm   17.53

     1.8999505  Ohm      0.0000273  Ohm  14.38   ppm        85.00 ppm   16.92

     10.000352  Ohm      -0.000044  Ohm  -4.37   ppm        26.00 ppm  -16.81

     19.003878  Ohm      -0.000063  Ohm  -3.33   ppm        24.00 ppm  -13.88

     100.00534  Ohm       -0.00042  Ohm  -4.21   ppm        15.00 ppm  -28.05

     190.00323  Ohm       -0.00091  Ohm  -4.77   ppm        15.00 ppm  -31.81

     0.9999469 kOhm     -0.0000051 kOhm  -5.14   ppm        11.00 ppm  -46.68

     1.8999106 kOhm     -0.0000087 kOhm  -4.57   ppm        11.00 ppm  -41.53

     10.000453 kOhm      -0.000056 kOhm  -5.60   ppm         9.00 ppm  -62.24

     18.999722 kOhm      -0.000089 kOhm  -4.68   ppm         9.00 ppm  -52.04

      99.99875 kOhm       -0.00053 kOhm  -5.28   ppm        11.00 ppm  -48.03

     189.99466 kOhm       -0.00092 kOhm  -4.86   ppm        11.00 ppm  -44.20

     0.9999087 MOhm     -0.0000038 MOhm  -3.83   ppm        16.00 ppm  -23.97

     1.8998551 MOhm     -0.0000067 MOhm  -3.51   ppm        17.00 ppm  -20.65

      9.998564 MOhm      -0.000056 MOhm  -5.64   ppm        33.00 ppm  -17.10

     18.999500 MOhm      -0.000098 MOhm  -5.16   ppm        43.00 ppm  -11.99

     100.00939 MOhm        0.00012 MOhm   1.18   ppm       110.00 ppm    1.07















































































