=~=~=~=~=~=~=~=~=~=~=~= PuTTY log 2024.05.30 16:31:52 =~=~=~=~=~=~=~=~=~=~=~=
Cal after super fresh 10 DCV artifact cal


    ------------------------------------------------------------------------
    JOHN FLUKE MFG. CO., INC.     S/N 4670009        5700A CALIBRATION CHECK
    PRINTED ON 30.05.24 AT 11:54:26 5700A  S/N 4670009
    ------------------------------------------------------------------------
    ------------------------------------------------------------------------
                                MODULES PRESENT
    ------------------------------------------------------------------------
    Software Revision JA*
    Switching Matrix
    DC Volt Module  
    AC Volt Module  
    220V Module     
    1100V/2A Module 
    Current Module  
    Ohms Module     
    Hires Osc Module
    Rear Panel      
    ------------------------------------------------------------------------
                   ARTIFACT CALIBRATION DATES AND TEMPERATURES
    ------------------------------------------------------------------------
    Specification Interval:     24hour

    MAIN OUTPUT:   (Most recent)   3.06.22,  23.0 Degrees C
                      (Previous)  24.12.21,  22.0 Degrees C
                      (CalCheck)  29.05.24,  23.0 Degrees C
           (Days since last cal)  727

    ZERO:          (Most recent)  24.09.23
           (Days since last cal)  249





































    ------------------------------------------------------------------------
                    EXTERNALLY CALIBRATED INTERNAL REFERENCES
    ------------------------------------------------------------------------
        REFERENCE            Most Recent          Previous       Shift (ppm)
    6.5 V DC Reference          6.529891          6.529922             -4.74
    13 V  DC Reference         13.061308         13.061369             -4.69
    Resistance Reference       0.9999950         0.9999900              5.02
    1.0 Ohm Resistor           0.9996126         0.9996207             -8.09
    1.9 Ohm Resistor           1.8999505         1.8999705            -10.51


    ------------------------------------------------------------------------
                            DC VOLTAGE OUTPUT SHIFTS
    ------------------------------------------------------------------------
    RANGE Point     Zero Shift       Full Scale Shift          Spec   Shift  
                                                              (+/-) (% spec)

    220 mV +FS    -0.00030 mV    -0.00104 mV  -4.71   ppm   9.91 ppm  -47.55
           -FS    -0.00034 mV     0.00038 mV   1.72   ppm   9.91 ppm   17.34

      2.2V +FS  -0.0000010  V  -0.0000089  V  -4.02   ppm   4.05 ppm  -99.46
           -FS  -0.0000014  V   0.0000066  V   3.00   ppm   4.05 ppm   74.08

       11V +FS    0.000001  V   -0.000050  V  -4.53   ppm   3.77 ppm -120.00
           -FS   -0.000001  V    0.000050  V   4.52   ppm   3.77 ppm  119.81

       22V +FS   -0.000001  V   -0.000088  V  -4.01   ppm   3.77 ppm -106.22
           -FS   -0.000000  V    0.000092  V   4.17   ppm   3.77 ppm  110.62

      220V +FS     0.00003  V    -0.00122  V  -5.53   ppm   5.45 ppm -101.35
           -FS    -0.00001  V     0.00122  V   5.53   ppm   5.45 ppm  101.37

     1100V +FS      0.0001  V     -0.0050  V  -4.54   ppm   7.55 ppm  -60.16
           -FS     -0.0002  V      0.0048  V   4.39   ppm   7.55 ppm   58.23
































    ------------------------------------------------------------------------
                            AC VOLTAGE OUTPUT SHIFTS
    ------------------------------------------------------------------------
    RANGE        Point            Full Scale Shift            Spec   Shift  
                                                              (+/-) (% spec)

    2.2 mV      FS           0.000024 mV     0.0011 %       0.24 %      0.46
             20.00  kHz      0.000024 mV     0.0011 %       0.24 %      0.46
             50.00  kHz      0.000019 mV     0.0009 %       0.26 %      0.33
            100.00  kHz      0.000012 mV     0.0006 %       0.44 %      0.13
            119.99  kHz      0.000010 mV     0.0005 %       0.79 %      0.06
            0.1200  MHz      0.000016 mV     0.0007 %       0.79 %      0.09
            0.2000  MHz      0.000007 mV     0.0003 %       0.79 %      0.04
            0.3000  MHz     -0.000030 mV    -0.0014 %       0.79 %     -0.17
            0.4000  MHz     -0.000014 mV    -0.0006 %       1.51 %     -0.04
            0.5000  MHz      0.000008 mV     0.0003 %       1.51 %      0.02
            0.6000  MHz     -0.000008 mV    -0.0003 %       1.66 %     -0.02
            0.7000  MHz     -0.000027 mV    -0.0012 %       1.66 %     -0.07
            0.8000  MHz     -0.000052 mV    -0.0023 %       1.66 %     -0.14
            0.9000  MHz     -0.000069 mV    -0.0031 %       1.66 %     -0.19
            1.0000  MHz     -0.000131 mV    -0.0060 %       1.66 %     -0.36
            1.1000  MHz     -0.000163 mV    -0.0074 %    NO SPEC        0.00
            1.1999  MHz     -0.000207 mV    -0.0094 %    NO SPEC        0.00

     22 mV      FS            0.00019 mV     8.64   ppm   372.73 ppm    2.32
             20.00  kHz       0.00017 mV     7.79   ppm   372.73 ppm    2.09
             50.00  kHz       0.00013 mV     5.96   ppm   612.73 ppm    0.97
            100.00  kHz      -0.00003 mV    -0.0001 %       0.12 %     -0.11
            119.99  kHz      -0.00006 mV    -0.0003 %       0.18 %     -0.15
            0.1200  MHz       0.00002 mV     0.0001 %       0.18 %      0.06
            0.2000  MHz      -0.00022 mV    -0.0010 %       0.18 %     -0.56
            0.3000  MHz       0.00013 mV     0.0006 %       0.18 %      0.33
            0.4000  MHz       0.00012 mV     0.0005 %       0.29 %      0.18
            0.5000  MHz       0.00009 mV     0.0004 %       0.29 %      0.14
            0.6000  MHz      -0.00007 mV    -0.0003 %       0.44 %     -0.07
            0.7000  MHz      -0.00014 mV    -0.0006 %       0.44 %     -0.14
            0.8000  MHz      -0.00052 mV    -0.0024 %       0.44 %     -0.54
            0.9000  MHz      -0.00005 mV    -0.0002 %       0.44 %     -0.05
            1.0000  MHz      -0.00162 mV    -0.0074 %       0.44 %     -1.69
            1.1000  MHz      -0.00149 mV    -0.0068 %    NO SPEC        0.00
            1.1999  MHz      -0.00129 mV    -0.0059 %    NO SPEC        0.00

    220 mV      FS             0.0001 mV     0.44   ppm   140.45 ppm    0.32
             20.00  kHz        0.0000 mV     0.19   ppm   140.45 ppm    0.13
             50.00  kHz       -0.0004 mV    -2.03   ppm   345.45 ppm   -0.59
            100.00  kHz       -0.0011 mV    -4.99   ppm   886.36 ppm   -0.56
            119.99  kHz       -0.0013 mV    -0.0006 %       0.11 %     -0.55
            0.1200  MHz       -0.0007 mV    -0.0003 %       0.11 %     -0.29
            0.2000  MHz       -0.0016 mV    -0.0007 %       0.11 %     -0.68
            0.3000  MHz       -0.0053 mV    -0.0024 %       0.11 %     -2.25
            0.4000  MHz       -0.0037 mV    -0.0017 %       0.17 %     -0.99
            0.5000  MHz       -0.0016 mV    -0.0007 %       0.17 %     -0.42
            0.6000  MHz       -0.0031 mV    -0.0014 %       0.35 %     -0.41
            0.7000  MHz       -0.0050 mV    -0.0023 %       0.35 %     -0.66
            0.8000  MHz       -0.0075 mV    -0.0034 %       0.35 %     -0.98
            0.9000  MHz       -0.0092 mV    -0.0042 %       0.35 %     -1.21
            1.0000  MHz       -0.0155 mV    -0.0070 %       0.35 %     -2.04
            1.1000  MHz       -0.0187 mV    -0.0085 %    NO SPEC        0.00
            1.1999  MHz       -0.0230 mV    -0.0105 %    NO SPEC        0.00







      2.2V      FS          -0.000006  V    -2.81   ppm    73.18 ppm   -3.84
             20.00  kHz     -0.000006  V    -2.95   ppm    73.18 ppm   -4.03
             50.00  kHz     -0.000011  V    -5.12   ppm   129.09 ppm   -3.97
            100.00  kHz     -0.000018  V    -8.14   ppm   266.36 ppm   -3.06
            119.99  kHz     -0.000020  V    -9.04   ppm   468.18 ppm   -1.93
            0.1200  MHz     -0.000014  V    -6.33   ppm   468.18 ppm   -1.35
            0.2000  MHz     -0.000023  V   -10.46   ppm   468.18 ppm   -2.23
            0.3000  MHz     -0.000060  V   -27.32   ppm   468.18 ppm   -5.84
            0.4000  MHz     -0.000044  V    -0.0020 %       0.12 %     -1.68
            0.5000  MHz     -0.000023  V    -0.0010 %       0.12 %     -0.87
            0.6000  MHz     -0.000038  V    -0.0017 %       0.25 %     -0.70
            0.7000  MHz     -0.000057  V    -0.0026 %       0.25 %     -1.05
            0.8000  MHz     -0.000082  V    -0.0037 %       0.25 %     -1.51
            0.9000  MHz     -0.000099  V    -0.0045 %       0.25 %     -1.83
            1.0000  MHz     -0.000161  V    -0.0073 %       0.25 %     -2.99
            1.1000  MHz     -0.000194  V    -0.0088 %    NO SPEC        0.00
            1.1999  MHz     -0.000237  V    -0.0108 %    NO SPEC        0.00

       22V      FS           -0.00011  V    -5.02   ppm    73.18 ppm   -6.86
             20.00  kHz      -0.00013  V    -5.86   ppm    73.18 ppm   -8.00
             50.00  kHz      -0.00017  V    -7.81   ppm   129.09 ppm   -6.05
            100.00  kHz      -0.00033  V   -15.05   ppm   248.18 ppm   -6.07
            119.99  kHz      -0.00036  V   -16.38   ppm   577.27 ppm   -2.84
            0.1200  MHz      -0.00028  V   -12.69   ppm   577.27 ppm   -2.20
            0.2000  MHz      -0.00052  V   -23.74   ppm   577.27 ppm   -4.11
            0.3000  MHz      -0.00017  V    -7.92   ppm   577.27 ppm   -1.37
            0.4000  MHz      -0.00018  V    -0.0008 %       0.14 %     -0.59
            0.5000  MHz      -0.00021  V    -0.0010 %       0.14 %     -0.68
            0.6000  MHz      -0.00037  V    -0.0017 %       0.30 %     -0.56
            0.7000  MHz      -0.00044  V    -0.0020 %       0.30 %     -0.66
            0.8000  MHz      -0.00083  V    -0.0038 %       0.30 %     -1.25
            0.9000  MHz      -0.00035  V    -0.0016 %       0.30 %     -0.53
            1.0000  MHz      -0.00192  V    -0.0087 %       0.30 %     -2.90
            1.1000  MHz      -0.00179  V    -0.0081 %    NO SPEC        0.00
            1.1999  MHz      -0.00159  V    -0.0072 %    NO SPEC        0.00

      220V      FS            -0.0006  V    -2.75   ppm    79.55 ppm   -3.46
             5.000  kHz       -0.0015  V    -6.80   ppm    79.55 ppm   -8.55
            10.000  kHz        0.0007  V     3.19   ppm    79.55 ppm    4.01
             20.00  kHz       -0.0009  V    -4.10   ppm    79.55 ppm   -5.15
             50.00  kHz       -0.0017  V    -7.79   ppm   218.18 ppm   -3.57
            100.00  kHz       -0.0039  V   -17.95   ppm   545.45 ppm   -3.29
            119.99  kHz       -0.0064  V    -0.0029 %       0.20 %     -1.45
            0.1200  MHz       -0.0118  V    -0.0054 %       0.20 %     -2.68
            0.2000  MHz       -0.0168  V    -0.0076 %       0.20 %     -3.82
            0.3000  MHz       -0.0322  V    -0.0146 %       0.20 %     -7.31
            0.4000  MHz       -0.0519  V    -0.0236 %       0.55 %     -4.29
            0.5000  MHz       -0.0737  V    -0.0335 %       0.55 %     -6.09
            0.6000  MHz       -0.1000  V    -0.0455 %       1.30 %     -3.50
            0.7000  MHz       -0.1304  V    -0.0593 %       1.30 %     -4.56
            0.8000  MHz       -0.1385  V    -0.0629 %       1.30 %     -4.84
            0.9000  MHz       -0.1672  V    -0.0760 %       1.30 %     -5.85
            1.0000  MHz       -0.2025  V    -0.0920 %       1.30 %     -7.08

     1100V      FS             -0.005  V    -4.34   ppm    78.64 ppm   -5.52
            0.3000  kHz        -0.005  V    -4.37   ppm    78.64 ppm   -5.55
            0.5000  kHz        -0.007  V    -6.57   ppm    78.64 ppm   -8.35
            0.7000  kHz        -0.007  V    -6.06   ppm    78.64 ppm   -7.71
            1.0000  kHz        -0.008  V    -6.93   ppm    78.64 ppm   -8.81







    ------------------------------------------------------------------------
                            DC CURRENT OUTPUT SHIFTS
    ------------------------------------------------------------------------
    RANGE Point     Zero Shift       Full Scale Shift          Spec   Shift  
                                                              (+/-) (% spec)

    220 uA +FS      0.0008 uA     -0.0013 uA  -5.76   ppm  90.45 ppm   -6.36
           -FS      0.0008 uA      0.0030 uA  13.66   ppm  90.45 ppm   15.10

    2.2 mA +FS    0.000006 mA   -0.000017 mA  -7.79   ppm  49.55 ppm  -15.71
           -FS    0.000006 mA    0.000029 mA  13.06   ppm  49.55 ppm   26.36

     22 mA +FS     0.00005 mA    -0.00018 mA  -7.99   ppm  49.55 ppm  -16.12
           -FS     0.00004 mA     0.00027 mA  12.26   ppm  49.55 ppm   24.74

    220 mA +FS      0.0005 mA     -0.0019 mA  -8.54   ppm  69.23 ppm  -12.33
           -FS      0.0005 mA      0.0028 mA  12.81   ppm  69.23 ppm   18.50

      2.2A +FS    0.000010  A   -0.000020  A  -8.94   ppm 137.04 ppm   -6.53
           -FS    0.000010  A    0.000041  A  18.51   ppm 137.04 ppm   13.51














































    ------------------------------------------------------------------------
                            AC CURRENT OUTPUT SHIFTS
    ------------------------------------------------------------------------
    RANGE        Point            Full Scale Shift            Spec   Shift  
                                                              (+/-) (% spec)

    220 uA      FS             -0.002 uA   -10.59   ppm   210.91 ppm   -5.02
            0.5000  kHz        -0.002 uA   -10.42   ppm   210.91 ppm   -4.94
            1.0000  kHz        -0.002 uA   -10.92   ppm   210.91 ppm   -5.18
             2.000  kHz        -0.003 uA   -11.91   ppm   727.27 ppm   -1.64
             5.000  kHz        -0.002 uA    -8.90   ppm   727.27 ppm   -1.22
             7.000  kHz        -0.001 uA    -0.0006 %       0.20 %     -0.28
            10.000  kHz        -0.000 uA    -0.0001 %       0.20 %     -0.06

    2.2 mA      FS           -0.00003 mA   -11.38   ppm   138.18 ppm   -8.24
            0.5000  kHz      -0.00002 mA   -10.81   ppm   138.18 ppm   -7.82
            1.0000  kHz      -0.00003 mA   -11.52   ppm   138.18 ppm   -8.34
             2.000  kHz      -0.00003 mA   -12.13   ppm   727.27 ppm   -1.67
             5.000  kHz      -0.00003 mA   -13.97   ppm   727.27 ppm   -1.92
             7.000  kHz      -0.00003 mA    -0.0012 %       0.20 %     -0.61
            10.000  kHz      -0.00003 mA    -0.0012 %       0.20 %     -0.62

     22 mA      FS            -0.0002 mA   -11.06   ppm   138.18 ppm   -8.00
            0.5000  kHz       -0.0003 mA   -12.27   ppm   138.18 ppm   -8.88
            1.0000  kHz       -0.0003 mA   -11.89   ppm   138.18 ppm   -8.60
             2.000  kHz       -0.0002 mA    -7.24   ppm   727.27 ppm   -1.00
             5.000  kHz       -0.0002 mA    -9.24   ppm   727.27 ppm   -1.27
             7.000  kHz       -0.0002 mA    -0.0010 %       0.20 %     -0.52
            10.000  kHz       -0.0003 mA    -0.0012 %       0.20 %     -0.59

    220 mA      FS             -0.003 mA   -11.53   ppm   138.18 ppm   -8.34
            0.5000  kHz        -0.002 mA   -10.60   ppm   138.18 ppm   -7.67
            1.0000  kHz        -0.003 mA   -12.25   ppm   138.18 ppm   -8.87
             2.000  kHz        -0.002 mA   -11.00   ppm   727.27 ppm   -1.51
             5.000  kHz        -0.002 mA    -9.41   ppm   727.27 ppm   -1.29
             7.000  kHz        -0.003 mA    -0.0013 %       0.20 %     -0.65
            10.000  kHz        -0.003 mA    -0.0016 %       0.20 %     -0.81

      2.2A      FS           -0.00003  A   -14.63   ppm   618.18 ppm   -2.37
            0.5000  kHz      -0.00003  A   -15.90   ppm   618.18 ppm   -2.57
            1.0000  kHz      -0.00003  A   -15.44   ppm   618.18 ppm   -2.50
             2.000  kHz      -0.00002  A   -10.88   ppm   745.45 ppm   -1.46
             5.000  kHz      -0.00003  A   -12.84   ppm   745.45 ppm   -1.72
             7.000  kHz      -0.00003  A    -0.0014 %       0.81 %     -0.17
            10.000  kHz      -0.00003  A    -0.0015 %       0.81 %     -0.19





















    ------------------------------------------------------------------------
                            RESISTANCE OUTPUT SHIFTS
    ------------------------------------------------------------------------
            Point             Full Scale Shift                Spec   Shift  
                                                              (+/-) (% spec)

     0.0000000  Ohm      0.0000000  Ohm   0.00   Ohm         0.00 Ohm    0.00
     0.9996207  Ohm     -0.0000081  Ohm  -8.09   ppm        85.00 ppm   -9.51
     1.8999705  Ohm     -0.0000200  Ohm -10.51   ppm        85.00 ppm  -12.37
     10.000307  Ohm       0.000045  Ohm   4.47   ppm        26.00 ppm   17.19
     19.003689  Ohm       0.000189  Ohm   9.95   ppm        24.00 ppm   41.48
     100.00490  Ohm        0.00044  Ohm   4.35   ppm        15.00 ppm   29.02
     190.00210  Ohm        0.00113  Ohm   5.92   ppm        15.00 ppm   39.48
     0.9999422 kOhm      0.0000047 kOhm   4.66   ppm        11.00 ppm   42.40
     1.8999031 kOhm      0.0000075 kOhm   3.93   ppm        11.00 ppm   35.73
     10.000399 kOhm       0.000054 kOhm   5.37   ppm         9.00 ppm   59.65
     18.999631 kOhm       0.000091 kOhm   4.79   ppm         9.00 ppm   53.27
      99.99819 kOhm        0.00056 kOhm   5.55   ppm        11.00 ppm   50.49
     189.99360 kOhm        0.00106 kOhm   5.60   ppm        11.00 ppm   50.90
     0.9999049 MOhm      0.0000038 MOhm   3.79   ppm        16.00 ppm   23.68
     1.8998463 MOhm      0.0000088 MOhm   4.61   ppm        17.00 ppm   27.12
      9.998563 MOhm       0.000002 MOhm   0.17   ppm        33.00 ppm    0.51
     18.999517 MOhm      -0.000017 MOhm  -0.92   ppm        43.00 ppm   -2.14
     100.00765 MOhm        0.00174 MOhm  17.38   ppm       110.00 ppm   15.80







































